[INFO ] Logging to: /home/academic/toliu/af/autofolio_asc/train_out/SAT12-ALL_7/smac-output/autofolio/log-run1.txt
[INFO ] Version of SMAC is v2.08.00-master-731 (0e43c26c3d1f), running on OpenJDK 64-Bit Server VM (11.0.11) and Linux 4.15.0-143-generic (amd64) 
[INFO ] Call String: smac --scenarioFile train_out/SAT12-ALL_7/autofolio.scen --seed 1 --always-run-initial-config True --validation False --output-dir train_out/SAT12-ALL_7/smac-output 
[INFO ] SMAC started at: May 27, 2021, 9:40:38 PM. Minimizing mean runtime.
WARNING: An illegal reflective access operation has occurred
WARNING: Illegal reflective access by ca.ubc.cs.beta.aeatk.targetalgorithmevaluator.base.cli.CommandLineAlgorithmRun (file:/home/academic/toliu/af/autofolio_asc/configurators/smac-v2.08.00-master-731/lib/aeatk.jar) to field java.lang.ProcessImpl.pid
WARNING: Please consider reporting this to the maintainers of ca.ubc.cs.beta.aeatk.targetalgorithmevaluator.base.cli.CommandLineAlgorithmRun
WARNING: Use --illegal-access=warn to enable warnings of further illegal reflective access operations
WARNING: All illegal access operations will be denied in a future release
[INFO ] First incumbent: config 1 (internal ID: 0x000D), with mean runtime: 75.0; estimate based on 1 runs.
[INFO ] Sample call for new incumbent config 1 (internal ID: 0x000D): 
cd /home/academic/toliu/af/autofolio_asc/.; python wrappers/flexfolio/ff_wrapper.py train_out/SAT12-ALL_7/config_wrapper.json 5 0 1800.0 2147483647 -1 -@1:F:aspeed-opt 'no' -@1:approach 'CLASSVOTER' -@1:approx-weights 'None' -@1:aslib-dir 'autofolio_arff/train/SAT12-ALL_7' -@1:aspeed:time-limit '100' -@1:classifier 'RANDOMFOREST' -@1:impute 'mean' -@1:mem-limit '2048' -@1:normalize 'zscore' -@1:performance_trans 'None' -@1:separator 'W' -@1:solver 'selectors/flexfolio/src/flexfolio_train.py' -@1:voting:rf-criterion 'entropy' -@1:voting:rf-max_features 'sqrt' -@1:voting:rf-min_samples_leaf '10'  
[INFO ] Updated estimated mean runtime of the same incumbent: 74.5; estimate now based on 2 runs.
[INFO ] Incumbent changed to: config 2 (internal ID: 0x41B2), with mean runtime: 44.5; estimate based on 2 runs.
[INFO ] Sample call for new incumbent config 2 (internal ID: 0x41B2): 
cd /home/academic/toliu/af/autofolio_asc/.; python wrappers/flexfolio/ff_wrapper.py train_out/SAT12-ALL_7/config_wrapper.json 3 0 1800.0 2147483647 -1 -@1:F:aspeed-opt 'yes' -@1:F:concentrate 'yes' -@1:approach 'SBS' -@1:approx-weights 'nrmsd' -@1:aslib-dir 'autofolio_arff/train/SAT12-ALL_7' -@1:aspeed:time-limit '100' -@1:impute 'median' -@1:max-solver '36' -@1:mem-limit '2048' -@1:normalize 'dec' -@1:opt-mode '4' -@1:performance_trans 'None' -@1:separator 'W' -@1:solver 'selectors/flexfolio/src/flexfolio_train.py' -@1:time-pre-solvers '1'  
[INFO ] Updated estimated mean runtime of the same incumbent: 44.0; estimate now based on 3 runs.
[WARN ] Algorithm Run Result reported a runtime of 83.0 (secs) that exceeded it's cutoff time of 59.502600821080804 (secs) by 23.497399178919196 (secs). Next warning at 24.497399178919196 (secs)  
[WARN ] Algorithm Run Result reported wallclock time of 83.296 (secs) that exceeded it's cutoff time of 59.502600821080804 (secs) by 23.793399178919202 (secs). Next warning at 24.793399178919202 (secs)  
[INFO ] Updated estimated mean runtime of the same incumbent: 44.25; estimate now based on 4 runs.
[INFO ] Incumbent changed to: config 4 (internal ID: 0xA1C2), with mean runtime: 22.0; estimate based on 4 runs.
[INFO ] Sample call for new incumbent config 4 (internal ID: 0xA1C2): 
cd /home/academic/toliu/af/autofolio_asc/.; python wrappers/flexfolio/ff_wrapper.py train_out/SAT12-ALL_7/config_wrapper.json 3 0 1800.0 2147483647 -1 -@1:F:aspeed-opt 'no' -@1:approach 'SBS' -@1:approx-weights 'None' -@1:aslib-dir 'autofolio_arff/train/SAT12-ALL_7' -@1:aspeed:time-limit '100' -@1:impute 'none' -@1:mem-limit '2048' -@1:normalize 'zscore' -@1:performance_trans 'zscore' -@1:separator 'W' -@1:solver 'selectors/flexfolio/src/flexfolio_train.py'  
[INFO ] Updated estimated mean runtime of the same incumbent: 21.8; estimate now based on 5 runs.
[INFO ] Updated estimated mean runtime of the same incumbent: 21.833333333333332; estimate now based on 6 runs.
[INFO ] Incumbent changed to: config 5 (internal ID: 0x1321B), with mean runtime: 21.5; estimate based on 6 runs.
[INFO ] Sample call for new incumbent config 5 (internal ID: 0x1321B): 
cd /home/academic/toliu/af/autofolio_asc/.; python wrappers/flexfolio/ff_wrapper.py train_out/SAT12-ALL_7/config_wrapper.json 3 0 1800.0 2147483647 -1 -@1:F:aspeed-opt 'no' -@1:approach 'SBS' -@1:approx-weights 'None' -@1:aslib-dir 'autofolio_arff/train/SAT12-ALL_7' -@1:aspeed:time-limit '100' -@1:impute 'mean' -@1:mem-limit '2048' -@1:normalize 'none' -@1:performance_trans 'zscore' -@1:separator 'W' -@1:solver 'selectors/flexfolio/src/flexfolio_train.py'  
[INFO ] Updated estimated mean runtime of the same incumbent: 21.571428571428573; estimate now based on 7 runs.
[INFO ] Updated estimated mean runtime of the same incumbent: 21.625; estimate now based on 8 runs.
[INFO ] Updated estimated mean runtime of the same incumbent: 21.666666666666668; estimate now based on 9 runs.
[INFO ] Updated estimated mean runtime of the same incumbent: 21.7; estimate now based on 10 runs.
[INFO ] Incumbent changed to: config 16 (internal ID: 0x3B911), with mean runtime: 21.6; estimate based on 10 runs.
[INFO ] Sample call for new incumbent config 16 (internal ID: 0x3B911): 
cd /home/academic/toliu/af/autofolio_asc/.; python wrappers/flexfolio/ff_wrapper.py train_out/SAT12-ALL_7/config_wrapper.json 1 0 1800.0 2147483647 -1 -@1:F:aspeed-opt 'no' -@1:approach 'SBS' -@1:approx-weights 'nrmsd' -@1:aslib-dir 'autofolio_arff/train/SAT12-ALL_7' -@1:aspeed:time-limit '100' -@1:impute 'mean' -@1:mem-limit '2048' -@1:normalize 'dec' -@1:performance_trans 'None' -@1:separator 'W' -@1:solver 'selectors/flexfolio/src/flexfolio_train.py'  
[INFO ] Incumbent changed to: config 24 (internal ID: 0x59839), with mean runtime: 21.2; estimate based on 10 runs.
[INFO ] Sample call for new incumbent config 24 (internal ID: 0x59839): 
cd /home/academic/toliu/af/autofolio_asc/.; python wrappers/flexfolio/ff_wrapper.py train_out/SAT12-ALL_7/config_wrapper.json 1 0 1800.0 2147483647 -1 -@1:F:aspeed-opt 'no' -@1:approach 'SBS' -@1:approx-weights 'nrmsd' -@1:aslib-dir 'autofolio_arff/train/SAT12-ALL_7' -@1:aspeed:time-limit '100' -@1:impute 'none' -@1:mem-limit '2048' -@1:normalize 'dec' -@1:performance_trans 'zscore' -@1:separator 'W' -@1:solver 'selectors/flexfolio/src/flexfolio_train.py'  
[INFO ] Incumbent changed to: config 127 (internal ID: 0x24B01F), with mean runtime: 21.0; estimate based on 10 runs.
[INFO ] Sample call for new incumbent config 127 (internal ID: 0x24B01F): 
cd /home/academic/toliu/af/autofolio_asc/.; python wrappers/flexfolio/ff_wrapper.py train_out/SAT12-ALL_7/config_wrapper.json 1 0 1800.0 2147483647 -1 -@1:F:aspeed-opt 'no' -@1:approach 'SBS' -@1:approx-weights 'nrmsd' -@1:aslib-dir 'autofolio_arff/train/SAT12-ALL_7' -@1:aspeed:time-limit '100' -@1:impute 'none' -@1:mem-limit '2048' -@1:normalize 'linear' -@1:performance_trans 'log' -@1:separator 'W' -@1:solver 'selectors/flexfolio/src/flexfolio_train.py'  
[WARN ] Algorithm Run Result reported a runtime of 64.0 (secs) that exceeded it's cutoff time of 24.409100262793903 (secs) by 39.5908997372061 (secs). Next warning at 40.5908997372061 (secs)  
[WARN ] Algorithm Run Result reported wallclock time of 64.453 (secs) that exceeded it's cutoff time of 24.409100262793903 (secs) by 40.043899737206104 (secs). Next warning at 41.043899737206104 (secs)  
[WARN ] Algorithm Run Result reported a runtime of 69.0 (secs) that exceeded it's cutoff time of 28.302600065591935 (secs) by 40.69739993440807 (secs). Next warning at 41.69739993440807 (secs)  
[WARN ] Algorithm Run Result reported wallclock time of 69.932 (secs) that exceeded it's cutoff time of 28.302600065591935 (secs) by 41.62939993440807 (secs). Next warning at 42.62939993440807 (secs)  
[WARN ] Algorithm Run Result reported a runtime of 69.0 (secs) that exceeded it's cutoff time of 27.005200477662687 (secs) by 41.99479952233732 (secs). Next warning at 42.99479952233732 (secs)  
[WARN ] Algorithm Run Result reported wallclock time of 70.942 (secs) that exceeded it's cutoff time of 28.302600065591935 (secs) by 42.63939993440806 (secs). Next warning at 43.63939993440806 (secs)  
[WARN ] Algorithm Run Result reported a runtime of 72.0 (secs) that exceeded it's cutoff time of 28.302600065591935 (secs) by 43.69739993440807 (secs). Next warning at 44.69739993440807 (secs)  
[WARN ] Algorithm Run Result reported wallclock time of 72.336 (secs) that exceeded it's cutoff time of 28.302600065591935 (secs) by 44.03339993440807 (secs). Next warning at 45.03339993440807 (secs)  
[INFO ] 
=======================================================================================
SMAC has finished. Reason: wall-clock time limit (34633.06 s) has been reached.   
Total number of runs performed: 784, total configurations tried: 450.
Total CPU time used: 34256 s, total wallclock time used: 34633 s.
SMAC's final incumbent: config 127 (internal ID: 0x24B01F), with estimated mean runtime: 21.0, based on 10 run(s) on 10 training instance(s).
Sample call for this final incumbent:
cd /home/academic/toliu/af/autofolio_asc/.; python wrappers/flexfolio/ff_wrapper.py train_out/SAT12-ALL_7/config_wrapper.json 1 0 1800.0 2147483647 -1 -@1:F:aspeed-opt 'no' -@1:approach 'SBS' -@1:approx-weights 'nrmsd' -@1:aslib-dir 'autofolio_arff/train/SAT12-ALL_7' -@1:aspeed:time-limit '100' -@1:impute 'none' -@1:mem-limit '2048' -@1:normalize 'linear' -@1:performance_trans 'log' -@1:separator 'W' -@1:solver 'selectors/flexfolio/src/flexfolio_train.py'
=======================================================================================
[INFO ] 
----------------------------------------------------------------------------------------------------------------------------------------------------------------------------
Additional information about run 1 in:/home/academic/toliu/af/autofolio_asc/train_out/SAT12-ALL_7/smac-output/autofolio
----------------------------------------------------------------------------------------------------------------------------------------------------------------------------
