[INFO ] Logging to: /home/academic/toliu/af/autofolio_asc/train_out/TSP-LION2015_3/smac-output/autofolio/log-run1.txt
[INFO ] Version of SMAC is v2.08.00-master-731 (0e43c26c3d1f), running on OpenJDK 64-Bit Server VM (11.0.11) and Linux 4.15.0-143-generic (amd64) 
[INFO ] Call String: smac --scenarioFile train_out/TSP-LION2015_3/autofolio.scen --seed 1 --always-run-initial-config True --validation False --output-dir train_out/TSP-LION2015_3/smac-output 
[INFO ] Found previous run data in state output folder: /home/academic/toliu/af/autofolio_asc/train_out/TSP-LION2015_3/smac-output/autofolio , renamed to: old-state-state-run1-1622865222632
[INFO ] SMAC started at: Jun 5, 2021, 5:53:42 AM. Minimizing mean runtime.
WARNING: An illegal reflective access operation has occurred
WARNING: Illegal reflective access by ca.ubc.cs.beta.aeatk.targetalgorithmevaluator.base.cli.CommandLineAlgorithmRun (file:/home/academic/toliu/af/autofolio_asc/configurators/smac-v2.08.00-master-731/lib/aeatk.jar) to field java.lang.ProcessImpl.pid
WARNING: Please consider reporting this to the maintainers of ca.ubc.cs.beta.aeatk.targetalgorithmevaluator.base.cli.CommandLineAlgorithmRun
WARNING: Use --illegal-access=warn to enable warnings of further illegal reflective access operations
WARNING: All illegal access operations will be denied in a future release
[INFO ] First incumbent: config 1 (internal ID: 0x000D), with mean runtime: 9.0; estimate based on 1 runs.
[INFO ] Sample call for new incumbent config 1 (internal ID: 0x000D): 
cd /home/academic/toliu/af/autofolio_asc/.; python wrappers/flexfolio/ff_wrapper.py train_out/TSP-LION2015_3/config_wrapper.json 5 0 1800.0 2147483647 -1 -@1:F:aspeed-opt 'no' -@1:approach 'CLASSVOTER' -@1:approx-weights 'None' -@1:aslib-dir 'autofolio_arff/train/TSP-LION2015_3' -@1:aspeed:time-limit '100' -@1:classifier 'RANDOMFOREST' -@1:impute 'mean' -@1:mem-limit '2048' -@1:normalize 'zscore' -@1:performance_trans 'None' -@1:separator 'W' -@1:solver 'selectors/flexfolio/src/flexfolio_train.py' -@1:voting:rf-criterion 'entropy' -@1:voting:rf-max_features 'sqrt' -@1:voting:rf-min_samples_leaf '10'  
[INFO ] Updated estimated mean runtime of the same incumbent: 9.0; estimate now based on 2 runs.
[INFO ] Updated estimated mean runtime of the same incumbent: 9.0; estimate now based on 3 runs.
[WARN ] Algorithm Run Result reported a runtime of 14.0 (secs) that exceeded it's cutoff time of 12.702600777494908 (secs) by 1.297399222505092 (secs). Next warning at 2.297399222505092 (secs)  
[INFO ] Updated estimated mean runtime of the same incumbent: 9.25; estimate now based on 4 runs.
[INFO ] Updated estimated mean runtime of the same incumbent: 9.4; estimate now based on 5 runs.
[WARN ] Algorithm Run Result reported a runtime of 15.0 (secs) that exceeded it's cutoff time of 6.203900024640561 (secs) by 8.79609997535944 (secs). Next warning at 9.79609997535944 (secs)  
[INFO ] Updated estimated mean runtime of the same incumbent: 9.5; estimate now based on 6 runs.
[INFO ] Updated estimated mean runtime of the same incumbent: 9.428571428571429; estimate now based on 7 runs.
[INFO ] Updated estimated mean runtime of the same incumbent: 9.5; estimate now based on 8 runs.
[INFO ] Incumbent changed to: config 7 (internal ID: 0x191DF), with mean runtime: 8.875; estimate based on 8 runs.
[INFO ] Sample call for new incumbent config 7 (internal ID: 0x191DF): 
cd /home/academic/toliu/af/autofolio_asc/.; python wrappers/flexfolio/ff_wrapper.py train_out/TSP-LION2015_3/config_wrapper.json 1 0 1800.0 2147483647 -1 -@1:F:aspeed-opt 'no' -@1:approach 'CLASSVOTER' -@1:approx-weights 'None' -@1:aslib-dir 'autofolio_arff/train/TSP-LION2015_3' -@1:aspeed:time-limit '100' -@1:classifier 'GRADIENTBOOSTING' -@1:impute 'mean' -@1:mem-limit '2048' -@1:normalize 'zscore' -@1:performance_trans 'log' -@1:separator 'W' -@1:solver 'selectors/flexfolio/src/flexfolio_train.py' -@1:voting:gb-max_depth '3' -@1:voting:gb-max_features 'sqrt' -@1:voting:gb-min_samples_leaf '30'  
[INFO ] Updated estimated mean runtime of the same incumbent: 8.88888888888889; estimate now based on 9 runs.
[INFO ] Updated estimated mean runtime of the same incumbent: 8.9; estimate now based on 10 runs.
[INFO ] Incumbent changed to: config 12 (internal ID: 0x2C9AE), with mean runtime: 6.3; estimate based on 10 runs.
[INFO ] Sample call for new incumbent config 12 (internal ID: 0x2C9AE): 
cd /home/academic/toliu/af/autofolio_asc/.; python wrappers/flexfolio/ff_wrapper.py train_out/TSP-LION2015_3/config_wrapper.json 1 0 1800.0 2147483647 -1 -@1:F:aspeed-opt 'no' -@1:approach 'SBS' -@1:approx-weights 'nrmsd' -@1:aslib-dir 'autofolio_arff/train/TSP-LION2015_3' -@1:aspeed:time-limit '100' -@1:impute 'mean' -@1:mem-limit '2048' -@1:normalize 'linear' -@1:performance_trans 'zscore' -@1:separator 'W' -@1:solver 'selectors/flexfolio/src/flexfolio_train.py'  
[INFO ] Incumbent changed to: config 22 (internal ID: 0x522AF), with mean runtime: 6.2; estimate based on 10 runs.
[INFO ] Sample call for new incumbent config 22 (internal ID: 0x522AF): 
cd /home/academic/toliu/af/autofolio_asc/.; python wrappers/flexfolio/ff_wrapper.py train_out/TSP-LION2015_3/config_wrapper.json 1 0 1800.0 2147483647 -1 -@1:F:aspeed-opt 'no' -@1:approach 'SBS' -@1:approx-weights 'nrmsd' -@1:aslib-dir 'autofolio_arff/train/TSP-LION2015_3' -@1:aspeed:time-limit '100' -@1:impute 'most_frequent' -@1:mem-limit '2048' -@1:normalize 'none' -@1:performance_trans 'zscore' -@1:separator 'W' -@1:solver 'selectors/flexfolio/src/flexfolio_train.py'  
[INFO ] Incumbent changed to: config 23 (internal ID: 0x52382), with mean runtime: 6.1; estimate based on 10 runs.
[INFO ] Sample call for new incumbent config 23 (internal ID: 0x52382): 
cd /home/academic/toliu/af/autofolio_asc/.; python wrappers/flexfolio/ff_wrapper.py train_out/TSP-LION2015_3/config_wrapper.json 1 0 1800.0 2147483647 -1 -@1:F:aspeed-opt 'no' -@1:approach 'SBS' -@1:approx-weights 'nrmsd' -@1:aslib-dir 'autofolio_arff/train/TSP-LION2015_3' -@1:aspeed:time-limit '100' -@1:impute 'median' -@1:mem-limit '2048' -@1:normalize 'none' -@1:performance_trans 'log' -@1:separator 'W' -@1:solver 'selectors/flexfolio/src/flexfolio_train.py'  
[INFO ] Incumbent changed to: config 29 (internal ID: 0x6B7B7), with mean runtime: 6.0; estimate based on 10 runs.
[INFO ] Sample call for new incumbent config 29 (internal ID: 0x6B7B7): 
cd /home/academic/toliu/af/autofolio_asc/.; python wrappers/flexfolio/ff_wrapper.py train_out/TSP-LION2015_3/config_wrapper.json 1 0 1800.0 2147483647 -1 -@1:F:aspeed-opt 'no' -@1:approach 'SBS' -@1:approx-weights 'max' -@1:aslib-dir 'autofolio_arff/train/TSP-LION2015_3' -@1:aspeed:time-limit '100' -@1:impute 'none' -@1:mem-limit '2048' -@1:normalize 'none' -@1:performance_trans 'zscore' -@1:separator 'W' -@1:solver 'selectors/flexfolio/src/flexfolio_train.py'  
[INFO ] Incumbent changed to: config 33 (internal ID: 0x2F0FF2), with mean runtime: 3.4; estimate based on 10 runs.
[INFO ] Sample call for new incumbent config 33 (internal ID: 0x2F0FF2): 
cd /home/academic/toliu/af/autofolio_asc/.; python wrappers/flexfolio/ff_wrapper.py train_out/TSP-LION2015_3/config_wrapper.json 1 0 1800.0 2147483647 -1 -@1:F:aspeed-opt 'no' -@1:approach 'SBS' -@1:approx-weights 'nrmsd' -@1:aslib-dir 'autofolio_arff/train/TSP-LION2015_3' -@1:aspeed:time-limit '100' -@1:impute 'none' -@1:mem-limit '2048' -@1:normalize 'none' -@1:performance_trans 'log' -@1:separator 'W' -@1:solver 'selectors/flexfolio/src/flexfolio_train.py'  
[INFO ] Incumbent changed to: config 200 (internal ID: 0x363C01), with mean runtime: 3.0; estimate based on 10 runs.
[INFO ] Sample call for new incumbent config 200 (internal ID: 0x363C01): 
cd /home/academic/toliu/af/autofolio_asc/.; python wrappers/flexfolio/ff_wrapper.py train_out/TSP-LION2015_3/config_wrapper.json 1 0 1800.0 2147483647 -1 -@1:F:aspeed-opt 'no' -@1:approach 'SBS' -@1:approx-weights 'nrmsd' -@1:aslib-dir 'autofolio_arff/train/TSP-LION2015_3' -@1:aspeed:time-limit '100' -@1:impute 'mean' -@1:mem-limit '2048' -@1:normalize 'none' -@1:performance_trans 'log' -@1:separator 'W' -@1:solver 'selectors/flexfolio/src/flexfolio_train.py'  
[WARN ] Killed run <Instance:8, Seed:-1, Config:0x5EF234E, Kappa:1.0078008364617825, Execution Config: 0x0001> at 10.29 for exceeding 10.0 times its cutoff time of 1.0078008364617825 (secs)
[INFO ] 
=======================================================================================
SMAC has finished. Reason: wall-clock time limit (34604.013 s) has been reached.   
Total number of runs performed: 4439, total configurations tried: 3270.
Total CPU time used: 32028 s, total wallclock time used: 34604 s.
SMAC's final incumbent: config 200 (internal ID: 0x363C01), with estimated mean runtime: 3.0, based on 10 run(s) on 10 training instance(s).
Sample call for this final incumbent:
cd /home/academic/toliu/af/autofolio_asc/.; python wrappers/flexfolio/ff_wrapper.py train_out/TSP-LION2015_3/config_wrapper.json 1 0 1800.0 2147483647 -1 -@1:F:aspeed-opt 'no' -@1:approach 'SBS' -@1:approx-weights 'nrmsd' -@1:aslib-dir 'autofolio_arff/train/TSP-LION2015_3' -@1:aspeed:time-limit '100' -@1:impute 'mean' -@1:mem-limit '2048' -@1:normalize 'none' -@1:performance_trans 'log' -@1:separator 'W' -@1:solver 'selectors/flexfolio/src/flexfolio_train.py'
=======================================================================================
[INFO ] 
----------------------------------------------------------------------------------------------------------------------------------------------------------------------------
Additional information about run 1 in:/home/academic/toliu/af/autofolio_asc/train_out/TSP-LION2015_3/smac-output/autofolio
----------------------------------------------------------------------------------------------------------------------------------------------------------------------------
