[INFO ] Logging to: /home/academic/toliu/af/autofolio_asc/train_out/TSP-LION2015_8/smac-output/autofolio/log-run1.txt
[INFO ] Version of SMAC is v2.08.00-master-731 (0e43c26c3d1f), running on OpenJDK 64-Bit Server VM (11.0.11) and Linux 4.15.0-143-generic (amd64) 
[INFO ] Call String: smac --scenarioFile train_out/TSP-LION2015_8/autofolio.scen --seed 1 --always-run-initial-config True --validation False --output-dir train_out/TSP-LION2015_8/smac-output 
[INFO ] Found previous run data in state output folder: /home/academic/toliu/af/autofolio_asc/train_out/TSP-LION2015_8/smac-output/autofolio , renamed to: old-state-state-run1-1622865016996
[INFO ] SMAC started at: Jun 5, 2021, 5:50:17 AM. Minimizing mean runtime.
WARNING: An illegal reflective access operation has occurred
WARNING: Illegal reflective access by ca.ubc.cs.beta.aeatk.targetalgorithmevaluator.base.cli.CommandLineAlgorithmRun (file:/home/academic/toliu/af/autofolio_asc/configurators/smac-v2.08.00-master-731/lib/aeatk.jar) to field java.lang.ProcessImpl.pid
WARNING: Please consider reporting this to the maintainers of ca.ubc.cs.beta.aeatk.targetalgorithmevaluator.base.cli.CommandLineAlgorithmRun
WARNING: Use --illegal-access=warn to enable warnings of further illegal reflective access operations
WARNING: All illegal access operations will be denied in a future release
[INFO ] First incumbent: config 1 (internal ID: 0x000D), with mean runtime: 9.0; estimate based on 1 runs.
[INFO ] Sample call for new incumbent config 1 (internal ID: 0x000D): 
cd /home/academic/toliu/af/autofolio_asc/.; python wrappers/flexfolio/ff_wrapper.py train_out/TSP-LION2015_8/config_wrapper.json 5 0 1800.0 2147483647 -1 -@1:F:aspeed-opt 'no' -@1:approach 'CLASSVOTER' -@1:approx-weights 'None' -@1:aslib-dir 'autofolio_arff/train/TSP-LION2015_8' -@1:aspeed:time-limit '100' -@1:classifier 'RANDOMFOREST' -@1:impute 'mean' -@1:mem-limit '2048' -@1:normalize 'zscore' -@1:performance_trans 'None' -@1:separator 'W' -@1:solver 'selectors/flexfolio/src/flexfolio_train.py' -@1:voting:rf-criterion 'entropy' -@1:voting:rf-max_features 'sqrt' -@1:voting:rf-min_samples_leaf '10'  
[INFO ] Updated estimated mean runtime of the same incumbent: 9.0; estimate now based on 2 runs.
[INFO ] Updated estimated mean runtime of the same incumbent: 9.0; estimate now based on 3 runs.
[INFO ] Updated estimated mean runtime of the same incumbent: 9.0; estimate now based on 4 runs.
[INFO ] Updated estimated mean runtime of the same incumbent: 9.0; estimate now based on 5 runs.
[WARN ] Algorithm Run Result reported a runtime of 15.0 (secs) that exceeded it's cutoff time of 7.50390060094297 (secs) by 7.49609939905703 (secs). Next warning at 8.49609939905703 (secs)  
[INFO ] Updated estimated mean runtime of the same incumbent: 9.166666666666666; estimate now based on 6 runs.
[INFO ] Updated estimated mean runtime of the same incumbent: 9.285714285714286; estimate now based on 7 runs.
[INFO ] Updated estimated mean runtime of the same incumbent: 9.375; estimate now based on 8 runs.
[INFO ] Updated estimated mean runtime of the same incumbent: 9.444444444444445; estimate now based on 9 runs.
[INFO ] Updated estimated mean runtime of the same incumbent: 9.4; estimate now based on 10 runs.
[INFO ] Incumbent changed to: config 12 (internal ID: 0x2C8E3), with mean runtime: 6.6; estimate based on 10 runs.
[INFO ] Sample call for new incumbent config 12 (internal ID: 0x2C8E3): 
cd /home/academic/toliu/af/autofolio_asc/.; python wrappers/flexfolio/ff_wrapper.py train_out/TSP-LION2015_8/config_wrapper.json 1 0 1800.0 2147483647 -1 -@1:F:aspeed-opt 'no' -@1:approach 'SBS' -@1:approx-weights 'nrmsd' -@1:aslib-dir 'autofolio_arff/train/TSP-LION2015_8' -@1:aspeed:time-limit '100' -@1:impute 'mean' -@1:mem-limit '2048' -@1:normalize 'linear' -@1:performance_trans 'zscore' -@1:separator 'W' -@1:solver 'selectors/flexfolio/src/flexfolio_train.py'  
[INFO ] Incumbent changed to: config 16 (internal ID: 0x3B94E), with mean runtime: 6.1; estimate based on 10 runs.
[INFO ] Sample call for new incumbent config 16 (internal ID: 0x3B94E): 
cd /home/academic/toliu/af/autofolio_asc/.; python wrappers/flexfolio/ff_wrapper.py train_out/TSP-LION2015_8/config_wrapper.json 1 0 1800.0 2147483647 -1 -@1:F:aspeed-opt 'no' -@1:approach 'SBS' -@1:approx-weights 'nrmsd' -@1:aslib-dir 'autofolio_arff/train/TSP-LION2015_8' -@1:aspeed:time-limit '100' -@1:impute 'mean' -@1:mem-limit '2048' -@1:normalize 'dec' -@1:performance_trans 'None' -@1:separator 'W' -@1:solver 'selectors/flexfolio/src/flexfolio_train.py'  
[INFO ] Incumbent changed to: config 48 (internal ID: 0xB6D6F), with mean runtime: 6.0; estimate based on 10 runs.
[INFO ] Sample call for new incumbent config 48 (internal ID: 0xB6D6F): 
cd /home/academic/toliu/af/autofolio_asc/.; python wrappers/flexfolio/ff_wrapper.py train_out/TSP-LION2015_8/config_wrapper.json 1 0 1800.0 2147483647 -1 -@1:F:aspeed-opt 'no' -@1:approach 'SBS' -@1:approx-weights 'nrmsd' -@1:aslib-dir 'autofolio_arff/train/TSP-LION2015_8' -@1:aspeed:time-limit '100' -@1:impute 'none' -@1:mem-limit '2048' -@1:normalize 'none' -@1:performance_trans 'log' -@1:separator 'W' -@1:solver 'selectors/flexfolio/src/flexfolio_train.py'  
[INFO ] Incumbent changed to: config 119 (internal ID: 0x3D6E8A), with mean runtime: 5.0; estimate based on 10 runs.
[INFO ] Sample call for new incumbent config 119 (internal ID: 0x3D6E8A): 
cd /home/academic/toliu/af/autofolio_asc/.; python wrappers/flexfolio/ff_wrapper.py train_out/TSP-LION2015_8/config_wrapper.json 1 0 1800.0 2147483647 -1 -@1:F:aspeed-opt 'no' -@1:approach 'SBS' -@1:approx-weights 'max' -@1:aslib-dir 'autofolio_arff/train/TSP-LION2015_8' -@1:aspeed:time-limit '100' -@1:impute 'mean' -@1:mem-limit '2048' -@1:normalize 'zscore' -@1:performance_trans 'None' -@1:separator 'W' -@1:solver 'selectors/flexfolio/src/flexfolio_train.py'  
[INFO ] Incumbent changed to: config 226 (internal ID: 0x3E1E97), with mean runtime: 3.2; estimate based on 10 runs.
[INFO ] Sample call for new incumbent config 226 (internal ID: 0x3E1E97): 
cd /home/academic/toliu/af/autofolio_asc/.; python wrappers/flexfolio/ff_wrapper.py train_out/TSP-LION2015_8/config_wrapper.json 1 0 1800.0 2147483647 -1 -@1:F:aspeed-opt 'no' -@1:approach 'SBS' -@1:approx-weights 'rmsd' -@1:aslib-dir 'autofolio_arff/train/TSP-LION2015_8' -@1:aspeed:time-limit '100' -@1:impute 'mean' -@1:mem-limit '2048' -@1:normalize 'dec' -@1:performance_trans 'log' -@1:separator 'W' -@1:solver 'selectors/flexfolio/src/flexfolio_train.py'  
[INFO ] Incumbent changed to: config 227 (internal ID: 0x3E521E), with mean runtime: 3.1; estimate based on 10 runs.
[INFO ] Sample call for new incumbent config 227 (internal ID: 0x3E521E): 
cd /home/academic/toliu/af/autofolio_asc/.; python wrappers/flexfolio/ff_wrapper.py train_out/TSP-LION2015_8/config_wrapper.json 1 0 1800.0 2147483647 -1 -@1:F:aspeed-opt 'no' -@1:approach 'SBS' -@1:approx-weights 'rmsd' -@1:aslib-dir 'autofolio_arff/train/TSP-LION2015_8' -@1:aspeed:time-limit '100' -@1:impute 'median' -@1:mem-limit '2048' -@1:normalize 'dec' -@1:performance_trans 'log' -@1:separator 'W' -@1:solver 'selectors/flexfolio/src/flexfolio_train.py'  
[INFO ] Incumbent changed to: config 411 (internal ID: 0x93B43A), with mean runtime: 3.0; estimate based on 10 runs.
[INFO ] Sample call for new incumbent config 411 (internal ID: 0x93B43A): 
cd /home/academic/toliu/af/autofolio_asc/.; python wrappers/flexfolio/ff_wrapper.py train_out/TSP-LION2015_8/config_wrapper.json 1 0 1800.0 2147483647 -1 -@1:F:aspeed-opt 'no' -@1:approach 'SBS' -@1:approx-weights 'max' -@1:aslib-dir 'autofolio_arff/train/TSP-LION2015_8' -@1:aspeed:time-limit '100' -@1:impute 'most_frequent' -@1:mem-limit '2048' -@1:normalize 'none' -@1:performance_trans 'zscore' -@1:separator 'W' -@1:solver 'selectors/flexfolio/src/flexfolio_train.py'  
[INFO ] 
=======================================================================================
SMAC has finished. Reason: wall-clock time limit (34639.416 s) has been reached.   
Total number of runs performed: 4448, total configurations tried: 3301.
Total CPU time used: 32143 s, total wallclock time used: 34639 s.
SMAC's final incumbent: config 411 (internal ID: 0x93B43A), with estimated mean runtime: 3.0, based on 10 run(s) on 10 training instance(s).
Sample call for this final incumbent:
cd /home/academic/toliu/af/autofolio_asc/.; python wrappers/flexfolio/ff_wrapper.py train_out/TSP-LION2015_8/config_wrapper.json 1 0 1800.0 2147483647 -1 -@1:F:aspeed-opt 'no' -@1:approach 'SBS' -@1:approx-weights 'max' -@1:aslib-dir 'autofolio_arff/train/TSP-LION2015_8' -@1:aspeed:time-limit '100' -@1:impute 'most_frequent' -@1:mem-limit '2048' -@1:normalize 'none' -@1:performance_trans 'zscore' -@1:separator 'W' -@1:solver 'selectors/flexfolio/src/flexfolio_train.py'
=======================================================================================
[INFO ] 
----------------------------------------------------------------------------------------------------------------------------------------------------------------------------
Additional information about run 1 in:/home/academic/toliu/af/autofolio_asc/train_out/TSP-LION2015_8/smac-output/autofolio
----------------------------------------------------------------------------------------------------------------------------------------------------------------------------
