[INFO ] Logging to: /home/academic/toliu/af/autofolio_asc/train_out/SAT18-EXP_9/smac-output/autofolio/log-run1.txt
[INFO ] Version of SMAC is v2.08.00-master-731 (0e43c26c3d1f), running on OpenJDK 64-Bit Server VM (11.0.11) and Linux 4.15.0-143-generic (amd64) 
[INFO ] Call String: smac --scenarioFile train_out/SAT18-EXP_9/autofolio.scen --seed 1 --always-run-initial-config True --validation False --output-dir train_out/SAT18-EXP_9/smac-output 
[INFO ] SMAC started at: May 30, 2021, 6:05:55 AM. Minimizing mean runtime.
WARNING: An illegal reflective access operation has occurred
WARNING: Illegal reflective access by ca.ubc.cs.beta.aeatk.targetalgorithmevaluator.base.cli.CommandLineAlgorithmRun (file:/home/academic/toliu/af/autofolio_asc/configurators/smac-v2.08.00-master-731/lib/aeatk.jar) to field java.lang.ProcessImpl.pid
WARNING: Please consider reporting this to the maintainers of ca.ubc.cs.beta.aeatk.targetalgorithmevaluator.base.cli.CommandLineAlgorithmRun
WARNING: Use --illegal-access=warn to enable warnings of further illegal reflective access operations
WARNING: All illegal access operations will be denied in a future release
[INFO ] First incumbent: config 1 (internal ID: 0x000D), with mean runtime: 33.0; estimate based on 1 runs.
[INFO ] Sample call for new incumbent config 1 (internal ID: 0x000D): 
cd /home/academic/toliu/af/autofolio_asc/.; python wrappers/flexfolio/ff_wrapper.py train_out/SAT18-EXP_9/config_wrapper.json 5 0 1800.0 2147483647 -1 -@1:F:aspeed-opt 'no' -@1:approach 'CLASSVOTER' -@1:approx-weights 'None' -@1:aslib-dir 'autofolio_arff/train/SAT18-EXP_9' -@1:aspeed:time-limit '100' -@1:classifier 'RANDOMFOREST' -@1:impute 'mean' -@1:mem-limit '2048' -@1:normalize 'zscore' -@1:performance_trans 'None' -@1:separator 'W' -@1:solver 'selectors/flexfolio/src/flexfolio_train.py' -@1:voting:rf-criterion 'entropy' -@1:voting:rf-max_features 'sqrt' -@1:voting:rf-min_samples_leaf '10'  
[INFO ] Updated estimated mean runtime of the same incumbent: 33.5; estimate now based on 2 runs.
[INFO ] Incumbent changed to: config 2 (internal ID: 0x41B2), with mean runtime: 6.0; estimate based on 2 runs.
[INFO ] Sample call for new incumbent config 2 (internal ID: 0x41B2): 
cd /home/academic/toliu/af/autofolio_asc/.; python wrappers/flexfolio/ff_wrapper.py train_out/SAT18-EXP_9/config_wrapper.json 3 0 1800.0 2147483647 -1 -@1:F:aspeed-opt 'yes' -@1:F:concentrate 'yes' -@1:approach 'SBS' -@1:approx-weights 'nrmsd' -@1:aslib-dir 'autofolio_arff/train/SAT18-EXP_9' -@1:aspeed:time-limit '100' -@1:impute 'median' -@1:max-solver '36' -@1:mem-limit '2048' -@1:normalize 'dec' -@1:opt-mode '4' -@1:performance_trans 'None' -@1:separator 'W' -@1:solver 'selectors/flexfolio/src/flexfolio_train.py' -@1:time-pre-solvers '1'  
[INFO ] Updated estimated mean runtime of the same incumbent: 6.0; estimate now based on 3 runs.
[WARN ] Algorithm Run Result reported a runtime of 13.0 (secs) that exceeded it's cutoff time of 8.802600138235093 (secs) by 4.197399861764907 (secs). Next warning at 5.197399861764907 (secs)  
[INFO ] Updated estimated mean runtime of the same incumbent: 6.0; estimate now based on 4 runs.
[INFO ] Incumbent changed to: config 4 (internal ID: 0xA1C2), with mean runtime: 3.0; estimate based on 4 runs.
[INFO ] Sample call for new incumbent config 4 (internal ID: 0xA1C2): 
cd /home/academic/toliu/af/autofolio_asc/.; python wrappers/flexfolio/ff_wrapper.py train_out/SAT18-EXP_9/config_wrapper.json 3 0 1800.0 2147483647 -1 -@1:F:aspeed-opt 'no' -@1:approach 'SBS' -@1:approx-weights 'None' -@1:aslib-dir 'autofolio_arff/train/SAT18-EXP_9' -@1:aspeed:time-limit '100' -@1:impute 'none' -@1:mem-limit '2048' -@1:normalize 'zscore' -@1:performance_trans 'zscore' -@1:separator 'W' -@1:solver 'selectors/flexfolio/src/flexfolio_train.py'  
[INFO ] Updated estimated mean runtime of the same incumbent: 3.0; estimate now based on 5 runs.
[INFO ] Updated estimated mean runtime of the same incumbent: 3.0; estimate now based on 6 runs.
[INFO ] Updated estimated mean runtime of the same incumbent: 3.0; estimate now based on 7 runs.
[INFO ] Updated estimated mean runtime of the same incumbent: 3.0; estimate now based on 8 runs.
[INFO ] Updated estimated mean runtime of the same incumbent: 3.0; estimate now based on 9 runs.
[INFO ] Updated estimated mean runtime of the same incumbent: 3.0; estimate now based on 10 runs.
[INFO ] Incumbent changed to: config 306 (internal ID: 0x4C99AC), with mean runtime: 1.0; estimate based on 10 runs.
[INFO ] Sample call for new incumbent config 306 (internal ID: 0x4C99AC): 
cd /home/academic/toliu/af/autofolio_asc/.; python wrappers/flexfolio/ff_wrapper.py train_out/SAT18-EXP_9/config_wrapper.json 1 0 1800.0 2147483647 -1 -@1:F:aspeed-opt 'no' -@1:approach 'SBS' -@1:approx-weights 'max' -@1:aslib-dir 'autofolio_arff/train/SAT18-EXP_9' -@1:aspeed:time-limit '100' -@1:impute 'none' -@1:mem-limit '2048' -@1:normalize 'none' -@1:performance_trans 'log' -@1:separator 'W' -@1:solver 'selectors/flexfolio/src/flexfolio_train.py'  
[WARN ] Killed run <Instance:9, Seed:-1, Config:0xAEF4E3, Kappa:1.0104007351875306, Execution Config: 0x0001> at 10.35 for exceeding 10.0 times its cutoff time of 1.0104007351875306 (secs)
[WARN ] Algorithm Run Result reported a runtime of 10.35 (secs) that exceeded it's cutoff time of 1.0104007351875306 (secs) by 9.339599264812469 (secs). Next warning at 10.339599264812469 (secs)  
[WARN ] Killed run <Instance:7, Seed:-1, Config:0x61391EB, Kappa:1.0143005832761527, Execution Config: 0x0001> at 10.309999 for exceeding 10.0 times its cutoff time of 1.0143005832761527 (secs)
[WARN ] Killed run <Instance:3, Seed:-1, Config:0x68DA6CF, Kappa:1.0104007351875306, Execution Config: 0x0001> at 10.25 for exceeding 10.0 times its cutoff time of 1.0104007351875306 (secs)
[WARN ] Killed run <Instance:5, Seed:-1, Config:0x7360891, Kappa:1.0143005832761527, Execution Config: 0x0001> at 10.809999 for exceeding 10.0 times its cutoff time of 1.0143005832761527 (secs)
[INFO ] 
=======================================================================================
SMAC has finished. Reason: wall-clock time limit (35319.488 s) has been reached.   
Total number of runs performed: 7481, total configurations tried: 5621.
Total CPU time used: 30519 s, total wallclock time used: 35319 s.
SMAC's final incumbent: config 306 (internal ID: 0x4C99AC), with estimated mean runtime: 1.0, based on 10 run(s) on 10 training instance(s).
Sample call for this final incumbent:
cd /home/academic/toliu/af/autofolio_asc/.; python wrappers/flexfolio/ff_wrapper.py train_out/SAT18-EXP_9/config_wrapper.json 1 0 1800.0 2147483647 -1 -@1:F:aspeed-opt 'no' -@1:approach 'SBS' -@1:approx-weights 'max' -@1:aslib-dir 'autofolio_arff/train/SAT18-EXP_9' -@1:aspeed:time-limit '100' -@1:impute 'none' -@1:mem-limit '2048' -@1:normalize 'none' -@1:performance_trans 'log' -@1:separator 'W' -@1:solver 'selectors/flexfolio/src/flexfolio_train.py'
=======================================================================================
[INFO ] 
----------------------------------------------------------------------------------------------------------------------------------------------------------------------------
Additional information about run 1 in:/home/academic/toliu/af/autofolio_asc/train_out/SAT18-EXP_9/smac-output/autofolio
----------------------------------------------------------------------------------------------------------------------------------------------------------------------------
