[INFO ] Logging to: /home/academic/toliu/af/autofolio_asc/train_out/SAT03-16_INDU_1/smac-output/autofolio/log-run1.txt
[INFO ] Version of SMAC is v2.08.00-master-731 (0e43c26c3d1f), running on OpenJDK 64-Bit Server VM (11.0.11) and Linux 4.15.0-143-generic (amd64) 
[INFO ] Call String: smac --scenarioFile train_out/SAT03-16_INDU_1/autofolio.scen --seed 1 --always-run-initial-config True --validation False --output-dir train_out/SAT03-16_INDU_1/smac-output 
[INFO ] SMAC started at: May 24, 2021, 7:46:40 PM. Minimizing mean runtime.
WARNING: An illegal reflective access operation has occurred
WARNING: Illegal reflective access by ca.ubc.cs.beta.aeatk.targetalgorithmevaluator.base.cli.CommandLineAlgorithmRun (file:/home/academic/toliu/af/autofolio_asc/configurators/smac-v2.08.00-master-731/lib/aeatk.jar) to field java.lang.ProcessImpl.pid
WARNING: Please consider reporting this to the maintainers of ca.ubc.cs.beta.aeatk.targetalgorithmevaluator.base.cli.CommandLineAlgorithmRun
WARNING: Use --illegal-access=warn to enable warnings of further illegal reflective access operations
WARNING: All illegal access operations will be denied in a future release
[INFO ] First incumbent: config 1 (internal ID: 0x000D), with mean runtime: 18.0; estimate based on 1 runs.
[INFO ] Sample call for new incumbent config 1 (internal ID: 0x000D): 
cd /home/academic/toliu/af/autofolio_asc/.; python wrappers/flexfolio/ff_wrapper.py train_out/SAT03-16_INDU_1/config_wrapper.json 5 0 1800.0 2147483647 -1 -@1:F:aspeed-opt 'no' -@1:approach 'CLASSVOTER' -@1:approx-weights 'None' -@1:aslib-dir 'autofolio_arff/train/SAT03-16_INDU_1' -@1:aspeed:time-limit '100' -@1:classifier 'RANDOMFOREST' -@1:impute 'mean' -@1:mem-limit '2048' -@1:normalize 'zscore' -@1:performance_trans 'None' -@1:separator 'W' -@1:solver 'selectors/flexfolio/src/flexfolio_train.py' -@1:voting:rf-criterion 'entropy' -@1:voting:rf-max_features 'sqrt' -@1:voting:rf-min_samples_leaf '10'  
[INFO ] Updated estimated mean runtime of the same incumbent: 18.0; estimate now based on 2 runs.
[INFO ] Incumbent changed to: config 2 (internal ID: 0x41B2), with mean runtime: 16.5; estimate based on 2 runs.
[INFO ] Sample call for new incumbent config 2 (internal ID: 0x41B2): 
cd /home/academic/toliu/af/autofolio_asc/.; python wrappers/flexfolio/ff_wrapper.py train_out/SAT03-16_INDU_1/config_wrapper.json 3 0 1800.0 2147483647 -1 -@1:F:aspeed-opt 'yes' -@1:F:concentrate 'yes' -@1:approach 'SBS' -@1:approx-weights 'nrmsd' -@1:aslib-dir 'autofolio_arff/train/SAT03-16_INDU_1' -@1:aspeed:time-limit '100' -@1:impute 'median' -@1:max-solver '36' -@1:mem-limit '2048' -@1:normalize 'dec' -@1:opt-mode '4' -@1:performance_trans 'None' -@1:separator 'W' -@1:solver 'selectors/flexfolio/src/flexfolio_train.py' -@1:time-pre-solvers '1'  
[INFO ] Updated estimated mean runtime of the same incumbent: 16.333333333333332; estimate now based on 3 runs.
[WARN ] Algorithm Run Result reported a runtime of 19.0 (secs) that exceeded it's cutoff time of 17.905200802135468 (secs) by 1.094799197864532 (secs). Next warning at 2.094799197864532 (secs)  
[WARN ] Algorithm Run Result reported a runtime of 31.0 (secs) that exceeded it's cutoff time of 21.802600453022126 (secs) by 9.197399546977874 (secs). Next warning at 10.197399546977874 (secs)  
[INFO ] Updated estimated mean runtime of the same incumbent: 16.25; estimate now based on 4 runs.
[WARN ] Algorithm Run Result reported wallclock time of 24.116 (secs) that exceeded it's cutoff time of 14.006500112238527 (secs) by 10.109499887761473 (secs). Next warning at 11.109499887761473 (secs)  
[INFO ] Incumbent changed to: config 4 (internal ID: 0xA1C2), with mean runtime: 7.75; estimate based on 4 runs.
[INFO ] Sample call for new incumbent config 4 (internal ID: 0xA1C2): 
cd /home/academic/toliu/af/autofolio_asc/.; python wrappers/flexfolio/ff_wrapper.py train_out/SAT03-16_INDU_1/config_wrapper.json 3 0 1800.0 2147483647 -1 -@1:F:aspeed-opt 'no' -@1:approach 'SBS' -@1:approx-weights 'None' -@1:aslib-dir 'autofolio_arff/train/SAT03-16_INDU_1' -@1:aspeed:time-limit '100' -@1:impute 'none' -@1:mem-limit '2048' -@1:normalize 'zscore' -@1:performance_trans 'zscore' -@1:separator 'W' -@1:solver 'selectors/flexfolio/src/flexfolio_train.py'  
[INFO ] Updated estimated mean runtime of the same incumbent: 7.8; estimate now based on 5 runs.
[INFO ] Updated estimated mean runtime of the same incumbent: 7.833333333333333; estimate now based on 6 runs.
[INFO ] Updated estimated mean runtime of the same incumbent: 7.857142857142857; estimate now based on 7 runs.
[INFO ] Updated estimated mean runtime of the same incumbent: 7.875; estimate now based on 8 runs.
[INFO ] Incumbent changed to: config 7 (internal ID: 0x19FE4), with mean runtime: 7.625; estimate based on 8 runs.
[INFO ] Sample call for new incumbent config 7 (internal ID: 0x19FE4): 
cd /home/academic/toliu/af/autofolio_asc/.; python wrappers/flexfolio/ff_wrapper.py train_out/SAT03-16_INDU_1/config_wrapper.json 1 0 1800.0 2147483647 -1 -@1:F:aspeed-opt 'no' -@1:approach 'SBS' -@1:approx-weights 'max' -@1:aslib-dir 'autofolio_arff/train/SAT03-16_INDU_1' -@1:aspeed:time-limit '100' -@1:impute 'none' -@1:mem-limit '2048' -@1:normalize 'linear' -@1:performance_trans 'zscore' -@1:separator 'W' -@1:solver 'selectors/flexfolio/src/flexfolio_train.py'  
[INFO ] Updated estimated mean runtime of the same incumbent: 7.666666666666667; estimate now based on 9 runs.
[INFO ] Updated estimated mean runtime of the same incumbent: 7.7; estimate now based on 10 runs.
[INFO ] Incumbent changed to: config 11 (internal ID: 0x28BA4), with mean runtime: 7.5; estimate based on 10 runs.
[INFO ] Sample call for new incumbent config 11 (internal ID: 0x28BA4): 
cd /home/academic/toliu/af/autofolio_asc/.; python wrappers/flexfolio/ff_wrapper.py train_out/SAT03-16_INDU_1/config_wrapper.json 1 0 1800.0 2147483647 -1 -@1:F:aspeed-opt 'no' -@1:approach 'SBS' -@1:approx-weights 'max' -@1:aslib-dir 'autofolio_arff/train/SAT03-16_INDU_1' -@1:aspeed:time-limit '100' -@1:impute 'none' -@1:mem-limit '2048' -@1:normalize 'linear' -@1:performance_trans 'log' -@1:separator 'W' -@1:solver 'selectors/flexfolio/src/flexfolio_train.py'  
[INFO ] Incumbent changed to: config 29 (internal ID: 0x6CE1B), with mean runtime: 7.0; estimate based on 10 runs.
[INFO ] Sample call for new incumbent config 29 (internal ID: 0x6CE1B): 
cd /home/academic/toliu/af/autofolio_asc/.; python wrappers/flexfolio/ff_wrapper.py train_out/SAT03-16_INDU_1/config_wrapper.json 1 0 1800.0 2147483647 -1 -@1:F:aspeed-opt 'no' -@1:approach 'SBS' -@1:approx-weights 'rmsd' -@1:aslib-dir 'autofolio_arff/train/SAT03-16_INDU_1' -@1:aspeed:time-limit '100' -@1:impute 'none' -@1:mem-limit '2048' -@1:normalize 'none' -@1:performance_trans 'log' -@1:separator 'W' -@1:solver 'selectors/flexfolio/src/flexfolio_train.py'  
[WARN ] Algorithm Run Result reported a runtime of 24.0 (secs) that exceeded it's cutoff time of 10.102600714537502 (secs) by 13.897399285462498 (secs). Next warning at 14.897399285462498 (secs)  
[WARN ] Algorithm Run Result reported wallclock time of 24.844 (secs) that exceeded it's cutoff time of 10.102600714537502 (secs) by 14.7413992854625 (secs). Next warning at 15.7413992854625 (secs)  
[WARN ] Algorithm Run Result reported wallclock time of 25.891 (secs) that exceeded it's cutoff time of 10.102600714537502 (secs) by 15.788399285462496 (secs). Next warning at 16.788399285462496 (secs)  
[WARN ] Algorithm Run Result reported a runtime of 23.0 (secs) that exceeded it's cutoff time of 7.513000246483088 (secs) by 15.486999753516912 (secs). Next warning at 16.486999753516912 (secs)  
[INFO ] 
=======================================================================================
SMAC has finished. Reason: wall-clock time limit (35268.507 s) has been reached.   
Total number of runs performed: 2424, total configurations tried: 1239.
Total CPU time used: 33984 s, total wallclock time used: 35269 s.
SMAC's final incumbent: config 29 (internal ID: 0x6CE1B), with estimated mean runtime: 7.0, based on 10 run(s) on 10 training instance(s).
Sample call for this final incumbent:
cd /home/academic/toliu/af/autofolio_asc/.; python wrappers/flexfolio/ff_wrapper.py train_out/SAT03-16_INDU_1/config_wrapper.json 1 0 1800.0 2147483647 -1 -@1:F:aspeed-opt 'no' -@1:approach 'SBS' -@1:approx-weights 'rmsd' -@1:aslib-dir 'autofolio_arff/train/SAT03-16_INDU_1' -@1:aspeed:time-limit '100' -@1:impute 'none' -@1:mem-limit '2048' -@1:normalize 'none' -@1:performance_trans 'log' -@1:separator 'W' -@1:solver 'selectors/flexfolio/src/flexfolio_train.py'
=======================================================================================
[INFO ] 
----------------------------------------------------------------------------------------------------------------------------------------------------------------------------
Additional information about run 1 in:/home/academic/toliu/af/autofolio_asc/train_out/SAT03-16_INDU_1/smac-output/autofolio
----------------------------------------------------------------------------------------------------------------------------------------------------------------------------
