[INFO ] Logging to: /home/academic/toliu/af/autofolio_asc/train_out/ASP-POTASSCO_6/smac-output/autofolio/log-run1.txt
[INFO ] Version of SMAC is v2.08.00-master-731 (0e43c26c3d1f), running on OpenJDK 64-Bit Server VM (11.0.11) and Linux 4.15.0-143-generic (amd64) 
[INFO ] Call String: smac --scenarioFile train_out/ASP-POTASSCO_6/autofolio.scen --seed 1 --always-run-initial-config True --validation False --output-dir train_out/ASP-POTASSCO_6/smac-output 
[INFO ] SMAC started at: Jun 2, 2021, 9:33:02 PM. Minimizing mean runtime.
WARNING: An illegal reflective access operation has occurred
WARNING: Illegal reflective access by ca.ubc.cs.beta.aeatk.targetalgorithmevaluator.base.cli.CommandLineAlgorithmRun (file:/home/academic/toliu/af/autofolio_asc/configurators/smac-v2.08.00-master-731/lib/aeatk.jar) to field java.lang.ProcessImpl.pid
WARNING: Please consider reporting this to the maintainers of ca.ubc.cs.beta.aeatk.targetalgorithmevaluator.base.cli.CommandLineAlgorithmRun
WARNING: Use --illegal-access=warn to enable warnings of further illegal reflective access operations
WARNING: All illegal access operations will be denied in a future release
[INFO ] First incumbent: config 1 (internal ID: 0x000D), with mean runtime: 11.0; estimate based on 1 runs.
[INFO ] Sample call for new incumbent config 1 (internal ID: 0x000D): 
cd /home/academic/toliu/af/autofolio_asc/.; python wrappers/flexfolio/ff_wrapper.py train_out/ASP-POTASSCO_6/config_wrapper.json 5 0 1800.0 2147483647 -1 -@1:F:aspeed-opt 'no' -@1:approach 'CLASSVOTER' -@1:approx-weights 'None' -@1:aslib-dir 'autofolio_arff/train/ASP-POTASSCO_6' -@1:aspeed:time-limit '100' -@1:classifier 'RANDOMFOREST' -@1:impute 'mean' -@1:mem-limit '2048' -@1:normalize 'zscore' -@1:performance_trans 'None' -@1:separator 'W' -@1:solver 'selectors/flexfolio/src/flexfolio_train.py' -@1:voting:rf-criterion 'entropy' -@1:voting:rf-max_features 'sqrt' -@1:voting:rf-min_samples_leaf '10'  
[INFO ] Updated estimated mean runtime of the same incumbent: 11.0; estimate now based on 2 runs.
[INFO ] Incumbent changed to: config 2 (internal ID: 0x41B2), with mean runtime: 8.0; estimate based on 2 runs.
[INFO ] Sample call for new incumbent config 2 (internal ID: 0x41B2): 
cd /home/academic/toliu/af/autofolio_asc/.; python wrappers/flexfolio/ff_wrapper.py train_out/ASP-POTASSCO_6/config_wrapper.json 3 0 1800.0 2147483647 -1 -@1:F:aspeed-opt 'yes' -@1:F:concentrate 'yes' -@1:approach 'SBS' -@1:approx-weights 'nrmsd' -@1:aslib-dir 'autofolio_arff/train/ASP-POTASSCO_6' -@1:aspeed:time-limit '100' -@1:impute 'median' -@1:max-solver '36' -@1:mem-limit '2048' -@1:normalize 'dec' -@1:opt-mode '4' -@1:performance_trans 'None' -@1:separator 'W' -@1:solver 'selectors/flexfolio/src/flexfolio_train.py' -@1:time-pre-solvers '1'  
[INFO ] Updated estimated mean runtime of the same incumbent: 8.0; estimate now based on 3 runs.
[WARN ] Algorithm Run Result reported a runtime of 9.0 (secs) that exceeded it's cutoff time of 3.6052010006934405 (secs) by 5.394798999306559 (secs). Next warning at 6.394798999306559 (secs)  
[INFO ] Updated estimated mean runtime of the same incumbent: 8.0; estimate now based on 4 runs.
[INFO ] Incumbent changed to: config 4 (internal ID: 0xA1C2), with mean runtime: 3.5; estimate based on 4 runs.
[INFO ] Sample call for new incumbent config 4 (internal ID: 0xA1C2): 
cd /home/academic/toliu/af/autofolio_asc/.; python wrappers/flexfolio/ff_wrapper.py train_out/ASP-POTASSCO_6/config_wrapper.json 3 0 1800.0 2147483647 -1 -@1:F:aspeed-opt 'no' -@1:approach 'SBS' -@1:approx-weights 'None' -@1:aslib-dir 'autofolio_arff/train/ASP-POTASSCO_6' -@1:aspeed:time-limit '100' -@1:impute 'none' -@1:mem-limit '2048' -@1:normalize 'zscore' -@1:performance_trans 'zscore' -@1:separator 'W' -@1:solver 'selectors/flexfolio/src/flexfolio_train.py'  
[INFO ] Updated estimated mean runtime of the same incumbent: 3.4; estimate now based on 5 runs.
[INFO ] Updated estimated mean runtime of the same incumbent: 3.3333333333333335; estimate now based on 6 runs.
[INFO ] Updated estimated mean runtime of the same incumbent: 3.4285714285714284; estimate now based on 7 runs.
[INFO ] Updated estimated mean runtime of the same incumbent: 3.375; estimate now based on 8 runs.
[INFO ] Updated estimated mean runtime of the same incumbent: 3.4444444444444446; estimate now based on 9 runs.
[INFO ] Updated estimated mean runtime of the same incumbent: 3.4; estimate now based on 10 runs.
[INFO ] Incumbent changed to: config 21 (internal ID: 0x4D56B), with mean runtime: 3.3; estimate based on 10 runs.
[INFO ] Sample call for new incumbent config 21 (internal ID: 0x4D56B): 
cd /home/academic/toliu/af/autofolio_asc/.; python wrappers/flexfolio/ff_wrapper.py train_out/ASP-POTASSCO_6/config_wrapper.json 1 0 1800.0 2147483647 -1 -@1:F:aspeed-opt 'no' -@1:approach 'SBS' -@1:approx-weights 'None' -@1:aslib-dir 'autofolio_arff/train/ASP-POTASSCO_6' -@1:aspeed:time-limit '100' -@1:impute 'none' -@1:mem-limit '2048' -@1:normalize 'none' -@1:performance_trans 'zscore' -@1:separator 'W' -@1:solver 'selectors/flexfolio/src/flexfolio_train.py'  
[INFO ] Incumbent changed to: config 25 (internal ID: 0x5986B), with mean runtime: 3.2; estimate based on 10 runs.
[INFO ] Sample call for new incumbent config 25 (internal ID: 0x5986B): 
cd /home/academic/toliu/af/autofolio_asc/.; python wrappers/flexfolio/ff_wrapper.py train_out/ASP-POTASSCO_6/config_wrapper.json 1 0 1800.0 2147483647 -1 -@1:F:aspeed-opt 'no' -@1:approach 'SBS' -@1:approx-weights 'max' -@1:aslib-dir 'autofolio_arff/train/ASP-POTASSCO_6' -@1:aspeed:time-limit '100' -@1:impute 'none' -@1:mem-limit '2048' -@1:normalize 'none' -@1:performance_trans 'zscore' -@1:separator 'W' -@1:solver 'selectors/flexfolio/src/flexfolio_train.py'  
[WARN ] Algorithm Run Result reported a runtime of 12.0 (secs) that exceeded it's cutoff time of 4.90260058862269 (secs) by 7.09739941137731 (secs). Next warning at 8.09739941137731 (secs)  
[WARN ] Algorithm Run Result reported a runtime of 11.0 (secs) that exceeded it's cutoff time of 2.305200424391031 (secs) by 8.694799575608968 (secs). Next warning at 9.694799575608968 (secs)  
[WARN ] Algorithm Run Result reported a runtime of 16.0 (secs) that exceeded it's cutoff time of 6.202600075277687 (secs) by 9.797399924722313 (secs). Next warning at 10.797399924722313 (secs)  
[WARN ] Configuration 161 (0x4E6867F) which has been selected to replace the current incumbent 25 (0x5986B) has 2 early censored runs. Future versions of SMAC will handle this case properly. For now we will simply repair the invariant manually by running all capped runs up to kappaMax. This warning can be safely ignored, it exists only so that this condition has some visibility (as SMAC could be improved by fixing this)
[INFO ] 
=======================================================================================
SMAC has finished. Reason: wall-clock time limit (35647.927 s) has been reached.   
Total number of runs performed: 3639, total configurations tried: 2670.
Total CPU time used: 33672 s, total wallclock time used: 35648 s.
SMAC's final incumbent: config 25 (internal ID: 0x5986B), with estimated mean runtime: 3.2, based on 10 run(s) on 10 training instance(s).
Sample call for this final incumbent:
cd /home/academic/toliu/af/autofolio_asc/.; python wrappers/flexfolio/ff_wrapper.py train_out/ASP-POTASSCO_6/config_wrapper.json 1 0 1800.0 2147483647 -1 -@1:F:aspeed-opt 'no' -@1:approach 'SBS' -@1:approx-weights 'max' -@1:aslib-dir 'autofolio_arff/train/ASP-POTASSCO_6' -@1:aspeed:time-limit '100' -@1:impute 'none' -@1:mem-limit '2048' -@1:normalize 'none' -@1:performance_trans 'zscore' -@1:separator 'W' -@1:solver 'selectors/flexfolio/src/flexfolio_train.py'
=======================================================================================
[INFO ] 
----------------------------------------------------------------------------------------------------------------------------------------------------------------------------
Additional information about run 1 in:/home/academic/toliu/af/autofolio_asc/train_out/ASP-POTASSCO_6/smac-output/autofolio
----------------------------------------------------------------------------------------------------------------------------------------------------------------------------
