[INFO ] Logging to: /home/academic/toliu/af/autofolio_asc/train_out/QBF-2016_9/smac-output/autofolio/log-run1.txt
[INFO ] Version of SMAC is v2.08.00-master-731 (0e43c26c3d1f), running on OpenJDK 64-Bit Server VM (11.0.11) and Linux 4.15.0-143-generic (amd64) 
[INFO ] Call String: smac --scenarioFile train_out/QBF-2016_9/autofolio.scen --seed 1 --always-run-initial-config True --validation False --output-dir train_out/QBF-2016_9/smac-output 
[INFO ] SMAC started at: May 29, 2021, 1:29:36 PM. Minimizing mean runtime.
WARNING: An illegal reflective access operation has occurred
WARNING: Illegal reflective access by ca.ubc.cs.beta.aeatk.targetalgorithmevaluator.base.cli.CommandLineAlgorithmRun (file:/home/academic/toliu/af/autofolio_asc/configurators/smac-v2.08.00-master-731/lib/aeatk.jar) to field java.lang.ProcessImpl.pid
WARNING: Please consider reporting this to the maintainers of ca.ubc.cs.beta.aeatk.targetalgorithmevaluator.base.cli.CommandLineAlgorithmRun
WARNING: Use --illegal-access=warn to enable warnings of further illegal reflective access operations
WARNING: All illegal access operations will be denied in a future release
[INFO ] First incumbent: config 1 (internal ID: 0x000D), with mean runtime: 21.0; estimate based on 1 runs.
[INFO ] Sample call for new incumbent config 1 (internal ID: 0x000D): 
cd /home/academic/toliu/af/autofolio_asc/.; python wrappers/flexfolio/ff_wrapper.py train_out/QBF-2016_9/config_wrapper.json 5 0 1800.0 2147483647 -1 -@1:F:aspeed-opt 'no' -@1:approach 'CLASSVOTER' -@1:approx-weights 'None' -@1:aslib-dir 'autofolio_arff/train/QBF-2016_9' -@1:aspeed:time-limit '100' -@1:classifier 'RANDOMFOREST' -@1:impute 'mean' -@1:mem-limit '2048' -@1:normalize 'zscore' -@1:performance_trans 'None' -@1:separator 'W' -@1:solver 'selectors/flexfolio/src/flexfolio_train.py' -@1:voting:rf-criterion 'entropy' -@1:voting:rf-max_features 'sqrt' -@1:voting:rf-min_samples_leaf '10'  
[INFO ] Updated estimated mean runtime of the same incumbent: 21.0; estimate now based on 2 runs.
[INFO ] Incumbent changed to: config 2 (internal ID: 0x41B2), with mean runtime: 7.0; estimate based on 2 runs.
[INFO ] Sample call for new incumbent config 2 (internal ID: 0x41B2): 
cd /home/academic/toliu/af/autofolio_asc/.; python wrappers/flexfolio/ff_wrapper.py train_out/QBF-2016_9/config_wrapper.json 3 0 1800.0 2147483647 -1 -@1:F:aspeed-opt 'yes' -@1:F:concentrate 'yes' -@1:approach 'SBS' -@1:approx-weights 'nrmsd' -@1:aslib-dir 'autofolio_arff/train/QBF-2016_9' -@1:aspeed:time-limit '100' -@1:impute 'median' -@1:max-solver '36' -@1:mem-limit '2048' -@1:normalize 'dec' -@1:opt-mode '4' -@1:performance_trans 'None' -@1:separator 'W' -@1:solver 'selectors/flexfolio/src/flexfolio_train.py' -@1:time-pre-solvers '1'  
[INFO ] Updated estimated mean runtime of the same incumbent: 7.0; estimate now based on 3 runs.
[WARN ] Algorithm Run Result reported a runtime of 16.0 (secs) that exceeded it's cutoff time of 10.102600714537502 (secs) by 5.897399285462498 (secs). Next warning at 6.897399285462498 (secs)  
[INFO ] Updated estimated mean runtime of the same incumbent: 7.25; estimate now based on 4 runs.
[INFO ] Incumbent changed to: config 4 (internal ID: 0xA1C2), with mean runtime: 3.5; estimate based on 4 runs.
[INFO ] Sample call for new incumbent config 4 (internal ID: 0xA1C2): 
cd /home/academic/toliu/af/autofolio_asc/.; python wrappers/flexfolio/ff_wrapper.py train_out/QBF-2016_9/config_wrapper.json 3 0 1800.0 2147483647 -1 -@1:F:aspeed-opt 'no' -@1:approach 'SBS' -@1:approx-weights 'None' -@1:aslib-dir 'autofolio_arff/train/QBF-2016_9' -@1:aspeed:time-limit '100' -@1:impute 'none' -@1:mem-limit '2048' -@1:normalize 'zscore' -@1:performance_trans 'zscore' -@1:separator 'W' -@1:solver 'selectors/flexfolio/src/flexfolio_train.py'  
[INFO ] Updated estimated mean runtime of the same incumbent: 3.4; estimate now based on 5 runs.
[INFO ] Updated estimated mean runtime of the same incumbent: 3.3333333333333335; estimate now based on 6 runs.
[INFO ] Updated estimated mean runtime of the same incumbent: 3.4285714285714284; estimate now based on 7 runs.
[INFO ] Updated estimated mean runtime of the same incumbent: 3.5; estimate now based on 8 runs.
[INFO ] Updated estimated mean runtime of the same incumbent: 3.5555555555555554; estimate now based on 9 runs.
[INFO ] Updated estimated mean runtime of the same incumbent: 3.5; estimate now based on 10 runs.
[INFO ] Incumbent changed to: config 11 (internal ID: 0x29A96), with mean runtime: 3.4; estimate based on 10 runs.
[INFO ] Sample call for new incumbent config 11 (internal ID: 0x29A96): 
cd /home/academic/toliu/af/autofolio_asc/.; python wrappers/flexfolio/ff_wrapper.py train_out/QBF-2016_9/config_wrapper.json 1 0 1800.0 2147483647 -1 -@1:F:aspeed-opt 'no' -@1:approach 'SBS' -@1:approx-weights 'None' -@1:aslib-dir 'autofolio_arff/train/QBF-2016_9' -@1:aspeed:time-limit '100' -@1:impute 'none' -@1:mem-limit '2048' -@1:normalize 'linear' -@1:performance_trans 'zscore' -@1:separator 'W' -@1:solver 'selectors/flexfolio/src/flexfolio_train.py'  
[INFO ] Incumbent changed to: config 21 (internal ID: 0x4A90C), with mean runtime: 3.3; estimate based on 10 runs.
[INFO ] Sample call for new incumbent config 21 (internal ID: 0x4A90C): 
cd /home/academic/toliu/af/autofolio_asc/.; python wrappers/flexfolio/ff_wrapper.py train_out/QBF-2016_9/config_wrapper.json 1 0 1800.0 2147483647 -1 -@1:F:aspeed-opt 'no' -@1:approach 'SBS' -@1:approx-weights 'None' -@1:aslib-dir 'autofolio_arff/train/QBF-2016_9' -@1:aspeed:time-limit '100' -@1:impute 'mean' -@1:mem-limit '2048' -@1:normalize 'linear' -@1:performance_trans 'None' -@1:separator 'W' -@1:solver 'selectors/flexfolio/src/flexfolio_train.py'  
[INFO ] Incumbent changed to: config 22 (internal ID: 0x5206F), with mean runtime: 3.2; estimate based on 10 runs.
[INFO ] Sample call for new incumbent config 22 (internal ID: 0x5206F): 
cd /home/academic/toliu/af/autofolio_asc/.; python wrappers/flexfolio/ff_wrapper.py train_out/QBF-2016_9/config_wrapper.json 1 0 1800.0 2147483647 -1 -@1:F:aspeed-opt 'no' -@1:approach 'SBS' -@1:approx-weights 'nrmsd' -@1:aslib-dir 'autofolio_arff/train/QBF-2016_9' -@1:aspeed:time-limit '100' -@1:impute 'most_frequent' -@1:mem-limit '2048' -@1:normalize 'none' -@1:performance_trans 'zscore' -@1:separator 'W' -@1:solver 'selectors/flexfolio/src/flexfolio_train.py'  
[INFO ] Incumbent changed to: config 163 (internal ID: 0x2D67EC), with mean runtime: 3.1; estimate based on 10 runs.
[INFO ] Sample call for new incumbent config 163 (internal ID: 0x2D67EC): 
cd /home/academic/toliu/af/autofolio_asc/.; python wrappers/flexfolio/ff_wrapper.py train_out/QBF-2016_9/config_wrapper.json 1 0 1800.0 2147483647 -1 -@1:F:aspeed-opt 'no' -@1:approach 'SBS' -@1:approx-weights 'nrmsd' -@1:aslib-dir 'autofolio_arff/train/QBF-2016_9' -@1:aspeed:time-limit '100' -@1:impute 'median' -@1:mem-limit '2048' -@1:normalize 'none' -@1:performance_trans 'None' -@1:separator 'W' -@1:solver 'selectors/flexfolio/src/flexfolio_train.py'  
[WARN ] Killed run <Instance:4, Seed:-1, Config:0xA5AC73, Kappa:1.0065008870989085, Execution Config: 0x0001> at 10.24 for exceeding 10.0 times its cutoff time of 1.0065008870989085 (secs)
[WARN ] Algorithm Run Result reported a runtime of 10.24 (secs) that exceeded it's cutoff time of 1.0065008870989085 (secs) by 9.233499112901091 (secs). Next warning at 10.233499112901091 (secs)  
[WARN ] Killed run <Instance:3, Seed:-1, Config:0x1D6B932, Kappa:1.0091007858246566, Execution Config: 0x0001> at 10.49 for exceeding 10.0 times its cutoff time of 1.0091007858246566 (secs)
[WARN ] Killed run <Instance:5, Seed:-1, Config:0x3702863, Kappa:1.0052009377360345, Execution Config: 0x0001> at 10.360001 for exceeding 10.0 times its cutoff time of 1.0052009377360345 (secs)
[INFO ] Incumbent changed to: config 2374 (internal ID: 0x473F950), with mean runtime: 3.0; estimate based on 10 runs.
[INFO ] Sample call for new incumbent config 2374 (internal ID: 0x473F950): 
cd /home/academic/toliu/af/autofolio_asc/.; python wrappers/flexfolio/ff_wrapper.py train_out/QBF-2016_9/config_wrapper.json 1 0 1800.0 2147483647 -1 -@1:F:aspeed-opt 'no' -@1:approach 'SBS' -@1:approx-weights 'rmsd' -@1:aslib-dir 'autofolio_arff/train/QBF-2016_9' -@1:aspeed:time-limit '100' -@1:impute 'median' -@1:mem-limit '2048' -@1:normalize 'dec' -@1:performance_trans 'None' -@1:separator 'W' -@1:solver 'selectors/flexfolio/src/flexfolio_train.py'  
[WARN ] Killed run <Instance:8, Seed:-1, Config:0x617A13D, Kappa:1.0078008364617825, Execution Config: 0x0001> at 10.48 for exceeding 10.0 times its cutoff time of 1.0078008364617825 (secs)
[INFO ] 
=======================================================================================
SMAC has finished. Reason: wall-clock time limit (35571.958 s) has been reached.   
Total number of runs performed: 4760, total configurations tried: 3480.
Total CPU time used: 33022 s, total wallclock time used: 35572 s.
SMAC's final incumbent: config 2374 (internal ID: 0x473F950), with estimated mean runtime: 3.0, based on 10 run(s) on 10 training instance(s).
Sample call for this final incumbent:
cd /home/academic/toliu/af/autofolio_asc/.; python wrappers/flexfolio/ff_wrapper.py train_out/QBF-2016_9/config_wrapper.json 1 0 1800.0 2147483647 -1 -@1:F:aspeed-opt 'no' -@1:approach 'SBS' -@1:approx-weights 'rmsd' -@1:aslib-dir 'autofolio_arff/train/QBF-2016_9' -@1:aspeed:time-limit '100' -@1:impute 'median' -@1:mem-limit '2048' -@1:normalize 'dec' -@1:performance_trans 'None' -@1:separator 'W' -@1:solver 'selectors/flexfolio/src/flexfolio_train.py'
=======================================================================================
[INFO ] 
----------------------------------------------------------------------------------------------------------------------------------------------------------------------------
Additional information about run 1 in:/home/academic/toliu/af/autofolio_asc/train_out/QBF-2016_9/smac-output/autofolio
----------------------------------------------------------------------------------------------------------------------------------------------------------------------------
