[INFO ] Logging to: /home/academic/toliu/af/autofolio_asc/train_out/GRAPHS-2015_10/smac-output/autofolio/log-run1.txt
[INFO ] Version of SMAC is v2.08.00-master-731 (0e43c26c3d1f), running on OpenJDK 64-Bit Server VM (11.0.11) and Linux 4.15.0-143-generic (amd64) 
[INFO ] Call String: smac --scenarioFile train_out/GRAPHS-2015_10/autofolio.scen --seed 1 --always-run-initial-config True --validation False --output-dir train_out/GRAPHS-2015_10/smac-output 
[INFO ] SMAC started at: Jun 3, 2021, 7:54:22 AM. Minimizing mean runtime.
WARNING: An illegal reflective access operation has occurred
WARNING: Illegal reflective access by ca.ubc.cs.beta.aeatk.targetalgorithmevaluator.base.cli.CommandLineAlgorithmRun (file:/home/academic/toliu/af/autofolio_asc/configurators/smac-v2.08.00-master-731/lib/aeatk.jar) to field java.lang.ProcessImpl.pid
WARNING: Please consider reporting this to the maintainers of ca.ubc.cs.beta.aeatk.targetalgorithmevaluator.base.cli.CommandLineAlgorithmRun
WARNING: Use --illegal-access=warn to enable warnings of further illegal reflective access operations
WARNING: All illegal access operations will be denied in a future release
[INFO ] First incumbent: config 1 (internal ID: 0x000D), with mean runtime: 27.0; estimate based on 1 runs.
[INFO ] Sample call for new incumbent config 1 (internal ID: 0x000D): 
cd /home/academic/toliu/af/autofolio_asc/.; python wrappers/flexfolio/ff_wrapper.py train_out/GRAPHS-2015_10/config_wrapper.json 5 0 1800.0 2147483647 -1 -@1:F:aspeed-opt 'no' -@1:approach 'CLASSVOTER' -@1:approx-weights 'None' -@1:aslib-dir 'autofolio_arff/train/GRAPHS-2015_10' -@1:aspeed:time-limit '100' -@1:classifier 'RANDOMFOREST' -@1:impute 'mean' -@1:mem-limit '2048' -@1:normalize 'zscore' -@1:performance_trans 'None' -@1:separator 'W' -@1:solver 'selectors/flexfolio/src/flexfolio_train.py' -@1:voting:rf-criterion 'entropy' -@1:voting:rf-max_features 'sqrt' -@1:voting:rf-min_samples_leaf '10'  
[INFO ] Updated estimated mean runtime of the same incumbent: 27.5; estimate now based on 2 runs.
[WARN ] Algorithm Run Result reported a runtime of 42.0 (secs) that exceeded it's cutoff time of 37.40260083076656 (secs) by 4.597399169233441 (secs). Next warning at 5.597399169233441 (secs)  
[INFO ] Updated estimated mean runtime of the same incumbent: 27.666666666666668; estimate now based on 3 runs.
[WARN ] Algorithm Run Result reported a runtime of 60.0 (secs) that exceeded it's cutoff time of 37.40260083076656 (secs) by 22.59739916923344 (secs). Next warning at 23.59739916923344 (secs)  
[WARN ] Algorithm Run Result reported wallclock time of 60.312 (secs) that exceeded it's cutoff time of 37.40260083076656 (secs) by 22.90939916923344 (secs). Next warning at 23.90939916923344 (secs)  
[INFO ] Updated estimated mean runtime of the same incumbent: 27.5; estimate now based on 4 runs.
[INFO ] Incumbent changed to: config 4 (internal ID: 0xA1C2), with mean runtime: 20.0; estimate based on 4 runs.
[INFO ] Sample call for new incumbent config 4 (internal ID: 0xA1C2): 
cd /home/academic/toliu/af/autofolio_asc/.; python wrappers/flexfolio/ff_wrapper.py train_out/GRAPHS-2015_10/config_wrapper.json 3 0 1800.0 2147483647 -1 -@1:F:aspeed-opt 'no' -@1:approach 'SBS' -@1:approx-weights 'None' -@1:aslib-dir 'autofolio_arff/train/GRAPHS-2015_10' -@1:aspeed:time-limit '100' -@1:impute 'none' -@1:mem-limit '2048' -@1:normalize 'zscore' -@1:performance_trans 'zscore' -@1:separator 'W' -@1:solver 'selectors/flexfolio/src/flexfolio_train.py'  
[INFO ] Updated estimated mean runtime of the same incumbent: 20.0; estimate now based on 5 runs.
[INFO ] Updated estimated mean runtime of the same incumbent: 20.166666666666668; estimate now based on 6 runs.
[INFO ] Updated estimated mean runtime of the same incumbent: 20.142857142857142; estimate now based on 7 runs.
[INFO ] Updated estimated mean runtime of the same incumbent: 20.125; estimate now based on 8 runs.
[INFO ] Updated estimated mean runtime of the same incumbent: 20.333333333333332; estimate now based on 9 runs.
[INFO ] Updated estimated mean runtime of the same incumbent: 20.3; estimate now based on 10 runs.
[WARN ] Algorithm Run Result reported a runtime of 51.0 (secs) that exceeded it's cutoff time of 27.00260057893694 (secs) by 23.99739942106306 (secs). Next warning at 24.99739942106306 (secs)  
[WARN ] Algorithm Run Result reported wallclock time of 51.537 (secs) that exceeded it's cutoff time of 27.00260057893694 (secs) by 24.53439942106306 (secs). Next warning at 25.53439942106306 (secs)  
[INFO ] Incumbent changed to: config 229 (internal ID: 0x456523), with mean runtime: 20.1; estimate based on 10 runs.
[INFO ] Sample call for new incumbent config 229 (internal ID: 0x456523): 
cd /home/academic/toliu/af/autofolio_asc/.; python wrappers/flexfolio/ff_wrapper.py train_out/GRAPHS-2015_10/config_wrapper.json 1 0 1800.0 2147483647 -1 -@1:F:aspeed-opt 'no' -@1:approach 'SBS' -@1:approx-weights 'None' -@1:aslib-dir 'autofolio_arff/train/GRAPHS-2015_10' -@1:aspeed:time-limit '100' -@1:impute 'median' -@1:mem-limit '2048' -@1:normalize 'none' -@1:performance_trans 'None' -@1:separator 'W' -@1:solver 'selectors/flexfolio/src/flexfolio_train.py'  
[INFO ] Incumbent changed to: config 536 (internal ID: 0x951FE9), with mean runtime: 19.9; estimate based on 10 runs.
[INFO ] Sample call for new incumbent config 536 (internal ID: 0x951FE9): 
cd /home/academic/toliu/af/autofolio_asc/.; python wrappers/flexfolio/ff_wrapper.py train_out/GRAPHS-2015_10/config_wrapper.json 1 0 1800.0 2147483647 -1 -@1:F:aspeed-opt 'no' -@1:approach 'SBS' -@1:approx-weights 'None' -@1:aslib-dir 'autofolio_arff/train/GRAPHS-2015_10' -@1:aspeed:time-limit '100' -@1:impute 'median' -@1:mem-limit '2048' -@1:normalize 'zscore' -@1:performance_trans 'None' -@1:separator 'W' -@1:solver 'selectors/flexfolio/src/flexfolio_train.py'  
[INFO ] Incumbent changed to: config 609 (internal ID: 0xA8DB26), with mean runtime: 19.8; estimate based on 10 runs.
[INFO ] Sample call for new incumbent config 609 (internal ID: 0xA8DB26): 
cd /home/academic/toliu/af/autofolio_asc/.; python wrappers/flexfolio/ff_wrapper.py train_out/GRAPHS-2015_10/config_wrapper.json 1 0 1800.0 2147483647 -1 -@1:F:aspeed-opt 'no' -@1:approach 'SBS' -@1:approx-weights 'max' -@1:aslib-dir 'autofolio_arff/train/GRAPHS-2015_10' -@1:aspeed:time-limit '100' -@1:impute 'median' -@1:mem-limit '2048' -@1:normalize 'linear' -@1:performance_trans 'None' -@1:separator 'W' -@1:solver 'selectors/flexfolio/src/flexfolio_train.py'  
[INFO ] Incumbent changed to: config 37 (internal ID: 0xC65219), with mean runtime: 19.4; estimate based on 10 runs.
[INFO ] Sample call for new incumbent config 37 (internal ID: 0xC65219): 
cd /home/academic/toliu/af/autofolio_asc/.; python wrappers/flexfolio/ff_wrapper.py train_out/GRAPHS-2015_10/config_wrapper.json 1 0 1800.0 2147483647 -1 -@1:F:aspeed-opt 'no' -@1:approach 'SBS' -@1:approx-weights 'rmsd' -@1:aslib-dir 'autofolio_arff/train/GRAPHS-2015_10' -@1:aspeed:time-limit '100' -@1:impute 'most_frequent' -@1:mem-limit '2048' -@1:normalize 'none' -@1:performance_trans 'None' -@1:separator 'W' -@1:solver 'selectors/flexfolio/src/flexfolio_train.py'  
[INFO ] Incumbent changed to: config 761 (internal ID: 0xD09EBE), with mean runtime: 16.1; estimate based on 10 runs.
[INFO ] Sample call for new incumbent config 761 (internal ID: 0xD09EBE): 
cd /home/academic/toliu/af/autofolio_asc/.; python wrappers/flexfolio/ff_wrapper.py train_out/GRAPHS-2015_10/config_wrapper.json 1 0 1800.0 2147483647 -1 -@1:F:aspeed-opt 'no' -@1:approach 'SBS' -@1:approx-weights 'rmsd' -@1:aslib-dir 'autofolio_arff/train/GRAPHS-2015_10' -@1:aspeed:time-limit '100' -@1:impute 'mean' -@1:mem-limit '2048' -@1:normalize 'none' -@1:performance_trans 'None' -@1:separator 'W' -@1:solver 'selectors/flexfolio/src/flexfolio_train.py'  
[INFO ] 
=======================================================================================
SMAC has finished. Reason: wall-clock time limit (35141.512 s) has been reached.   
Total number of runs performed: 1210, total configurations tried: 762.
Total CPU time used: 34558 s, total wallclock time used: 35142 s.
SMAC's final incumbent: config 761 (internal ID: 0xD09EBE), with estimated mean runtime: 16.1, based on 10 run(s) on 10 training instance(s).
Sample call for this final incumbent:
cd /home/academic/toliu/af/autofolio_asc/.; python wrappers/flexfolio/ff_wrapper.py train_out/GRAPHS-2015_10/config_wrapper.json 1 0 1800.0 2147483647 -1 -@1:F:aspeed-opt 'no' -@1:approach 'SBS' -@1:approx-weights 'rmsd' -@1:aslib-dir 'autofolio_arff/train/GRAPHS-2015_10' -@1:aspeed:time-limit '100' -@1:impute 'mean' -@1:mem-limit '2048' -@1:normalize 'none' -@1:performance_trans 'None' -@1:separator 'W' -@1:solver 'selectors/flexfolio/src/flexfolio_train.py'
=======================================================================================
[INFO ] 
----------------------------------------------------------------------------------------------------------------------------------------------------------------------------
Additional information about run 1 in:/home/academic/toliu/af/autofolio_asc/train_out/GRAPHS-2015_10/smac-output/autofolio
----------------------------------------------------------------------------------------------------------------------------------------------------------------------------
