[INFO ] Logging to: /home/academic/toliu/af/autofolio_asc/train_out/BNSL-2016_9/smac-output/autofolio/log-run1.txt
[INFO ] Version of SMAC is v2.08.00-master-731 (0e43c26c3d1f), running on OpenJDK 64-Bit Server VM (11.0.11) and Linux 4.15.0-143-generic (amd64) 
[INFO ] Call String: smac --scenarioFile train_out/BNSL-2016_9/autofolio.scen --seed 1 --always-run-initial-config True --validation False --output-dir train_out/BNSL-2016_9/smac-output 
[INFO ] SMAC started at: May 29, 2021, 7:56:41 PM. Minimizing mean runtime.
WARNING: An illegal reflective access operation has occurred
WARNING: Illegal reflective access by ca.ubc.cs.beta.aeatk.targetalgorithmevaluator.base.cli.CommandLineAlgorithmRun (file:/home/academic/toliu/af/autofolio_asc/configurators/smac-v2.08.00-master-731/lib/aeatk.jar) to field java.lang.ProcessImpl.pid
WARNING: Please consider reporting this to the maintainers of ca.ubc.cs.beta.aeatk.targetalgorithmevaluator.base.cli.CommandLineAlgorithmRun
WARNING: Use --illegal-access=warn to enable warnings of further illegal reflective access operations
WARNING: All illegal access operations will be denied in a future release
[INFO ] First incumbent: config 1 (internal ID: 0x000D), with mean runtime: 4.0; estimate based on 1 runs.
[INFO ] Sample call for new incumbent config 1 (internal ID: 0x000D): 
cd /home/academic/toliu/af/autofolio_asc/.; python wrappers/flexfolio/ff_wrapper.py train_out/BNSL-2016_9/config_wrapper.json 5 0 1800.0 2147483647 -1 -@1:F:aspeed-opt 'no' -@1:approach 'CLASSVOTER' -@1:approx-weights 'None' -@1:aslib-dir 'autofolio_arff/train/BNSL-2016_9' -@1:aspeed:time-limit '100' -@1:classifier 'RANDOMFOREST' -@1:impute 'mean' -@1:mem-limit '2048' -@1:normalize 'zscore' -@1:performance_trans 'None' -@1:separator 'W' -@1:solver 'selectors/flexfolio/src/flexfolio_train.py' -@1:voting:rf-criterion 'entropy' -@1:voting:rf-max_features 'sqrt' -@1:voting:rf-min_samples_leaf '10'  
[INFO ] Updated estimated mean runtime of the same incumbent: 4.0; estimate now based on 2 runs.
[INFO ] Incumbent changed to: config 2 (internal ID: 0x41B2), with mean runtime: 2.5; estimate based on 2 runs.
[INFO ] Sample call for new incumbent config 2 (internal ID: 0x41B2): 
cd /home/academic/toliu/af/autofolio_asc/.; python wrappers/flexfolio/ff_wrapper.py train_out/BNSL-2016_9/config_wrapper.json 3 0 1800.0 2147483647 -1 -@1:F:aspeed-opt 'yes' -@1:F:concentrate 'yes' -@1:approach 'SBS' -@1:approx-weights 'nrmsd' -@1:aslib-dir 'autofolio_arff/train/BNSL-2016_9' -@1:aspeed:time-limit '100' -@1:impute 'median' -@1:max-solver '36' -@1:mem-limit '2048' -@1:normalize 'dec' -@1:opt-mode '4' -@1:performance_trans 'None' -@1:separator 'W' -@1:solver 'selectors/flexfolio/src/flexfolio_train.py' -@1:time-pre-solvers '1'  
[INFO ] Updated estimated mean runtime of the same incumbent: 2.3333333333333335; estimate now based on 3 runs.
[WARN ] Algorithm Run Result reported a runtime of 6.0 (secs) that exceeded it's cutoff time of 3.60260001232028 (secs) by 2.39739998767972 (secs). Next warning at 3.39739998767972 (secs)  
[INFO ] Updated estimated mean runtime of the same incumbent: 2.5; estimate now based on 4 runs.
[INFO ] Incumbent changed to: config 4 (internal ID: 0xA1C2), with mean runtime: 1.0; estimate based on 4 runs.
[INFO ] Sample call for new incumbent config 4 (internal ID: 0xA1C2): 
cd /home/academic/toliu/af/autofolio_asc/.; python wrappers/flexfolio/ff_wrapper.py train_out/BNSL-2016_9/config_wrapper.json 3 0 1800.0 2147483647 -1 -@1:F:aspeed-opt 'no' -@1:approach 'SBS' -@1:approx-weights 'None' -@1:aslib-dir 'autofolio_arff/train/BNSL-2016_9' -@1:aspeed:time-limit '100' -@1:impute 'none' -@1:mem-limit '2048' -@1:normalize 'zscore' -@1:performance_trans 'zscore' -@1:separator 'W' -@1:solver 'selectors/flexfolio/src/flexfolio_train.py'  
[INFO ] Updated estimated mean runtime of the same incumbent: 1.0; estimate now based on 5 runs.
[INFO ] Updated estimated mean runtime of the same incumbent: 1.0; estimate now based on 6 runs.
[INFO ] Updated estimated mean runtime of the same incumbent: 1.0; estimate now based on 7 runs.
[INFO ] Updated estimated mean runtime of the same incumbent: 1.0; estimate now based on 8 runs.
[INFO ] Updated estimated mean runtime of the same incumbent: 1.0; estimate now based on 9 runs.
[INFO ] Updated estimated mean runtime of the same incumbent: 1.0; estimate now based on 10 runs.
[WARN ] Killed run <Instance:9, Seed:-1, Config:0x5C3716, Kappa:1.0039009883731604, Execution Config: 0x0001> at 10.34 for exceeding 10.0 times its cutoff time of 1.0039009883731604 (secs)
[WARN ] Algorithm Run Result reported a runtime of 10.34 (secs) that exceeded it's cutoff time of 1.0039009883731604 (secs) by 9.336099011626839 (secs). Next warning at 10.336099011626839 (secs)  
[WARN ] Killed run <Instance:10, Seed:-1, Config:0xC80D83, Kappa:1.0091007858246566, Execution Config: 0x0001> at 10.34 for exceeding 10.0 times its cutoff time of 1.0091007858246566 (secs)
[WARN ] Killed run <Instance:9, Seed:-1, Config:0xA44C6E, Kappa:1.0039009883731604, Execution Config: 0x0001> at 10.18 for exceeding 10.0 times its cutoff time of 1.0039009883731604 (secs)
[WARN ] Killed run <Instance:2, Seed:-1, Config:0xECC40A, Kappa:1.0039009883731604, Execution Config: 0x0001> at 10.19 for exceeding 10.0 times its cutoff time of 1.0039009883731604 (secs)
[WARN ] Killed run <Instance:5, Seed:-1, Config:0x120BF7A, Kappa:1.0039009883731604, Execution Config: 0x0001> at 10.44 for exceeding 10.0 times its cutoff time of 1.0039009883731604 (secs)
[WARN ] Killed run <Instance:5, Seed:-1, Config:0x120BF7A, Kappa:1.0039009883731604, Execution Config: 0x0001> at 10.44 for exceeding 10.0 times its cutoff time of 1.0039009883731604 (secs)
[WARN ] Killed run <Instance:9, Seed:-1, Config:0x194A6E6, Kappa:1.0039009883731604, Execution Config: 0x0001> at 10.04 for exceeding 10.0 times its cutoff time of 1.0039009883731604 (secs)
[WARN ] Killed run <Instance:2, Seed:-1, Config:0x12CCD49, Kappa:1.0039009883731604, Execution Config: 0x0001> at 10.17 for exceeding 10.0 times its cutoff time of 1.0039009883731604 (secs)
[WARN ] Killed run <Instance:2, Seed:-1, Config:0x206185F, Kappa:1.0039009883731604, Execution Config: 0x0001> at 10.3 for exceeding 10.0 times its cutoff time of 1.0039009883731604 (secs)
[WARN ] Killed run <Instance:9, Seed:-1, Config:0x2FF0468, Kappa:1.0039009883731604, Execution Config: 0x0001> at 10.29 for exceeding 10.0 times its cutoff time of 1.0039009883731604 (secs)
[WARN ] Killed run <Instance:3, Seed:-1, Config:0x2EFAD64, Kappa:1.0039009883731604, Execution Config: 0x0001> at 10.48 for exceeding 10.0 times its cutoff time of 1.0039009883731604 (secs)
[WARN ] Killed run <Instance:3, Seed:-1, Config:0x2EFAD64, Kappa:1.0039009883731604, Execution Config: 0x0001> at 10.48 for exceeding 10.0 times its cutoff time of 1.0039009883731604 (secs)
[WARN ] Killed run <Instance:8, Seed:-1, Config:0x3DE09D3, Kappa:1.0039009883731604, Execution Config: 0x0001> at 10.360001 for exceeding 10.0 times its cutoff time of 1.0039009883731604 (secs)
[INFO ] 
=======================================================================================
SMAC has finished. Reason: wall-clock time limit (35848.789 s) has been reached.   
Total number of runs performed: 7814, total configurations tried: 5500.
Total CPU time used: 30538 s, total wallclock time used: 35849 s.
SMAC's final incumbent: config 4 (internal ID: 0xA1C2), with estimated mean runtime: 1.0, based on 10 run(s) on 10 training instance(s).
Sample call for this final incumbent:
cd /home/academic/toliu/af/autofolio_asc/.; python wrappers/flexfolio/ff_wrapper.py train_out/BNSL-2016_9/config_wrapper.json 1 0 1800.0 2147483647 -1 -@1:F:aspeed-opt 'no' -@1:approach 'SBS' -@1:approx-weights 'None' -@1:aslib-dir 'autofolio_arff/train/BNSL-2016_9' -@1:aspeed:time-limit '100' -@1:impute 'none' -@1:mem-limit '2048' -@1:normalize 'zscore' -@1:performance_trans 'zscore' -@1:separator 'W' -@1:solver 'selectors/flexfolio/src/flexfolio_train.py'
=======================================================================================
[INFO ] 
----------------------------------------------------------------------------------------------------------------------------------------------------------------------------
Additional information about run 1 in:/home/academic/toliu/af/autofolio_asc/train_out/BNSL-2016_9/smac-output/autofolio
----------------------------------------------------------------------------------------------------------------------------------------------------------------------------
