[INFO ] Logging to: /home/academic/toliu/af/autofolio_asc/train_out/GRAPHS-2015_8/smac-output/autofolio/log-run1.txt
[INFO ] Version of SMAC is v2.08.00-master-731 (0e43c26c3d1f), running on OpenJDK 64-Bit Server VM (11.0.11) and Linux 4.15.0-143-generic (amd64) 
[INFO ] Call String: smac --scenarioFile train_out/GRAPHS-2015_8/autofolio.scen --seed 1 --always-run-initial-config True --validation False --output-dir train_out/GRAPHS-2015_8/smac-output 
[INFO ] SMAC started at: Jun 3, 2021, 7:39:46 AM. Minimizing mean runtime.
WARNING: An illegal reflective access operation has occurred
WARNING: Illegal reflective access by ca.ubc.cs.beta.aeatk.targetalgorithmevaluator.base.cli.CommandLineAlgorithmRun (file:/home/academic/toliu/af/autofolio_asc/configurators/smac-v2.08.00-master-731/lib/aeatk.jar) to field java.lang.ProcessImpl.pid
WARNING: Please consider reporting this to the maintainers of ca.ubc.cs.beta.aeatk.targetalgorithmevaluator.base.cli.CommandLineAlgorithmRun
WARNING: Use --illegal-access=warn to enable warnings of further illegal reflective access operations
WARNING: All illegal access operations will be denied in a future release
[INFO ] First incumbent: config 1 (internal ID: 0x000D), with mean runtime: 26.0; estimate based on 1 runs.
[INFO ] Sample call for new incumbent config 1 (internal ID: 0x000D): 
cd /home/academic/toliu/af/autofolio_asc/.; python wrappers/flexfolio/ff_wrapper.py train_out/GRAPHS-2015_8/config_wrapper.json 5 0 1800.0 2147483647 -1 -@1:F:aspeed-opt 'no' -@1:approach 'CLASSVOTER' -@1:approx-weights 'None' -@1:aslib-dir 'autofolio_arff/train/GRAPHS-2015_8' -@1:aspeed:time-limit '100' -@1:classifier 'RANDOMFOREST' -@1:impute 'mean' -@1:mem-limit '2048' -@1:normalize 'zscore' -@1:performance_trans 'None' -@1:separator 'W' -@1:solver 'selectors/flexfolio/src/flexfolio_train.py' -@1:voting:rf-criterion 'entropy' -@1:voting:rf-max_features 'sqrt' -@1:voting:rf-min_samples_leaf '10'  
[INFO ] Updated estimated mean runtime of the same incumbent: 26.0; estimate now based on 2 runs.
[WARN ] Algorithm Run Result reported a runtime of 40.0 (secs) that exceeded it's cutoff time of 34.80260076780915 (secs) by 5.197399232190847 (secs). Next warning at 6.197399232190847 (secs)  
[INFO ] Updated estimated mean runtime of the same incumbent: 26.0; estimate now based on 3 runs.
[WARN ] Algorithm Run Result reported a runtime of 56.0 (secs) that exceeded it's cutoff time of 34.80260076780915 (secs) by 21.197399232190847 (secs). Next warning at 22.197399232190847 (secs)  
[WARN ] Algorithm Run Result reported wallclock time of 56.591 (secs) that exceeded it's cutoff time of 34.80260076780915 (secs) by 21.788399232190848 (secs). Next warning at 22.788399232190848 (secs)  
[INFO ] Updated estimated mean runtime of the same incumbent: 26.25; estimate now based on 4 runs.
[INFO ] Incumbent changed to: config 4 (internal ID: 0xA1C2), with mean runtime: 20.0; estimate based on 4 runs.
[INFO ] Sample call for new incumbent config 4 (internal ID: 0xA1C2): 
cd /home/academic/toliu/af/autofolio_asc/.; python wrappers/flexfolio/ff_wrapper.py train_out/GRAPHS-2015_8/config_wrapper.json 3 0 1800.0 2147483647 -1 -@1:F:aspeed-opt 'no' -@1:approach 'SBS' -@1:approx-weights 'None' -@1:aslib-dir 'autofolio_arff/train/GRAPHS-2015_8' -@1:aspeed:time-limit '100' -@1:impute 'none' -@1:mem-limit '2048' -@1:normalize 'zscore' -@1:performance_trans 'zscore' -@1:separator 'W' -@1:solver 'selectors/flexfolio/src/flexfolio_train.py'  
[INFO ] Updated estimated mean runtime of the same incumbent: 20.0; estimate now based on 5 runs.
[INFO ] Updated estimated mean runtime of the same incumbent: 20.0; estimate now based on 6 runs.
[INFO ] Updated estimated mean runtime of the same incumbent: 20.0; estimate now based on 7 runs.
[INFO ] Updated estimated mean runtime of the same incumbent: 20.0; estimate now based on 8 runs.
[INFO ] Updated estimated mean runtime of the same incumbent: 20.0; estimate now based on 9 runs.
[INFO ] Updated estimated mean runtime of the same incumbent: 20.0; estimate now based on 10 runs.
[WARN ] Algorithm Run Result reported wallclock time of 42.035 (secs) that exceeded it's cutoff time of 19.214301023977995 (secs) by 22.820698976022 (secs). Next warning at 23.820698976022 (secs)  
[WARN ] Algorithm Run Result reported a runtime of 50.0 (secs) that exceeded it's cutoff time of 27.00260057893694 (secs) by 22.99739942106306 (secs). Next warning at 23.99739942106306 (secs)  
[WARN ] Algorithm Run Result reported wallclock time of 50.904 (secs) that exceeded it's cutoff time of 27.00260057893694 (secs) by 23.901399421063065 (secs). Next warning at 24.901399421063065 (secs)  
[INFO ] Incumbent changed to: config 154 (internal ID: 0x250614), with mean runtime: 19.9; estimate based on 10 runs.
[INFO ] Sample call for new incumbent config 154 (internal ID: 0x250614): 
cd /home/academic/toliu/af/autofolio_asc/.; python wrappers/flexfolio/ff_wrapper.py train_out/GRAPHS-2015_8/config_wrapper.json 1 0 1800.0 2147483647 -1 -@1:F:aspeed-opt 'no' -@1:approach 'SBS' -@1:approx-weights 'nrmsd' -@1:aslib-dir 'autofolio_arff/train/GRAPHS-2015_8' -@1:aspeed:time-limit '100' -@1:impute 'none' -@1:mem-limit '2048' -@1:normalize 'linear' -@1:performance_trans 'log' -@1:separator 'W' -@1:solver 'selectors/flexfolio/src/flexfolio_train.py'  
[INFO ] Incumbent changed to: config 170 (internal ID: 0x28C72D), with mean runtime: 19.7; estimate based on 10 runs.
[INFO ] Sample call for new incumbent config 170 (internal ID: 0x28C72D): 
cd /home/academic/toliu/af/autofolio_asc/.; python wrappers/flexfolio/ff_wrapper.py train_out/GRAPHS-2015_8/config_wrapper.json 1 0 1800.0 2147483647 -1 -@1:F:aspeed-opt 'no' -@1:approach 'SBS' -@1:approx-weights 'max' -@1:aslib-dir 'autofolio_arff/train/GRAPHS-2015_8' -@1:aspeed:time-limit '100' -@1:impute 'mean' -@1:mem-limit '2048' -@1:normalize 'dec' -@1:performance_trans 'zscore' -@1:separator 'W' -@1:solver 'selectors/flexfolio/src/flexfolio_train.py'  
[WARN ] Algorithm Run Result reported a runtime of 52.0 (secs) that exceeded it's cutoff time of 27.00260057893694 (secs) by 24.99739942106306 (secs). Next warning at 25.99739942106306 (secs)  
[WARN ] Algorithm Run Result reported wallclock time of 52.422 (secs) that exceeded it's cutoff time of 27.00260057893694 (secs) by 25.41939942106306 (secs). Next warning at 26.41939942106306 (secs)  
[INFO ] Incumbent changed to: config 552 (internal ID: 0x8A2AC4), with mean runtime: 19.4; estimate based on 10 runs.
[INFO ] Sample call for new incumbent config 552 (internal ID: 0x8A2AC4): 
cd /home/academic/toliu/af/autofolio_asc/.; python wrappers/flexfolio/ff_wrapper.py train_out/GRAPHS-2015_8/config_wrapper.json 1 0 1800.0 2147483647 -1 -@1:F:aspeed-opt 'no' -@1:approach 'SBS' -@1:approx-weights 'None' -@1:aslib-dir 'autofolio_arff/train/GRAPHS-2015_8' -@1:aspeed:time-limit '100' -@1:impute 'none' -@1:mem-limit '2048' -@1:normalize 'linear' -@1:performance_trans 'None' -@1:separator 'W' -@1:solver 'selectors/flexfolio/src/flexfolio_train.py'  
[INFO ] Incumbent changed to: config 631 (internal ID: 0x9F8D1A), with mean runtime: 19.3; estimate based on 10 runs.
[INFO ] Sample call for new incumbent config 631 (internal ID: 0x9F8D1A): 
cd /home/academic/toliu/af/autofolio_asc/.; python wrappers/flexfolio/ff_wrapper.py train_out/GRAPHS-2015_8/config_wrapper.json 1 0 1800.0 2147483647 -1 -@1:F:aspeed-opt 'no' -@1:approach 'SBS' -@1:approx-weights 'max' -@1:aslib-dir 'autofolio_arff/train/GRAPHS-2015_8' -@1:aspeed:time-limit '100' -@1:impute 'none' -@1:mem-limit '2048' -@1:normalize 'zscore' -@1:performance_trans 'log' -@1:separator 'W' -@1:solver 'selectors/flexfolio/src/flexfolio_train.py'  
[INFO ] Incumbent changed to: config 525 (internal ID: 0xCA6834), with mean runtime: 19.2; estimate based on 10 runs.
[INFO ] Sample call for new incumbent config 525 (internal ID: 0xCA6834): 
cd /home/academic/toliu/af/autofolio_asc/.; python wrappers/flexfolio/ff_wrapper.py train_out/GRAPHS-2015_8/config_wrapper.json 1 0 1800.0 2147483647 -1 -@1:F:aspeed-opt 'no' -@1:approach 'SBS' -@1:approx-weights 'nrmsd' -@1:aslib-dir 'autofolio_arff/train/GRAPHS-2015_8' -@1:aspeed:time-limit '100' -@1:impute 'none' -@1:mem-limit '2048' -@1:normalize 'linear' -@1:performance_trans 'zscore' -@1:separator 'W' -@1:solver 'selectors/flexfolio/src/flexfolio_train.py'  
[INFO ] 
=======================================================================================
SMAC has finished. Reason: wall-clock time limit (35190.029 s) has been reached.   
Total number of runs performed: 1246, total configurations tried: 810.
Total CPU time used: 34604 s, total wallclock time used: 35190 s.
SMAC's final incumbent: config 525 (internal ID: 0xCA6834), with estimated mean runtime: 19.2, based on 10 run(s) on 10 training instance(s).
Sample call for this final incumbent:
cd /home/academic/toliu/af/autofolio_asc/.; python wrappers/flexfolio/ff_wrapper.py train_out/GRAPHS-2015_8/config_wrapper.json 1 0 1800.0 2147483647 -1 -@1:F:aspeed-opt 'no' -@1:approach 'SBS' -@1:approx-weights 'nrmsd' -@1:aslib-dir 'autofolio_arff/train/GRAPHS-2015_8' -@1:aspeed:time-limit '100' -@1:impute 'none' -@1:mem-limit '2048' -@1:normalize 'linear' -@1:performance_trans 'zscore' -@1:separator 'W' -@1:solver 'selectors/flexfolio/src/flexfolio_train.py'
=======================================================================================
[INFO ] 
----------------------------------------------------------------------------------------------------------------------------------------------------------------------------
Additional information about run 1 in:/home/academic/toliu/af/autofolio_asc/train_out/GRAPHS-2015_8/smac-output/autofolio
----------------------------------------------------------------------------------------------------------------------------------------------------------------------------
