[INFO ] Logging to: /home/academic/toliu/af/autofolio_asc/train_out/BNSL-2016_8/smac-output/autofolio/log-run1.txt
[INFO ] Version of SMAC is v2.08.00-master-731 (0e43c26c3d1f), running on OpenJDK 64-Bit Server VM (11.0.11) and Linux 4.15.0-143-generic (amd64) 
[INFO ] Call String: smac --scenarioFile train_out/BNSL-2016_8/autofolio.scen --seed 1 --always-run-initial-config True --validation False --output-dir train_out/BNSL-2016_8/smac-output 
[INFO ] SMAC started at: May 28, 2021, 4:37:47 PM. Minimizing mean runtime.
WARNING: An illegal reflective access operation has occurred
WARNING: Illegal reflective access by ca.ubc.cs.beta.aeatk.targetalgorithmevaluator.base.cli.CommandLineAlgorithmRun (file:/home/academic/toliu/af/autofolio_asc/configurators/smac-v2.08.00-master-731/lib/aeatk.jar) to field java.lang.ProcessImpl.pid
WARNING: Please consider reporting this to the maintainers of ca.ubc.cs.beta.aeatk.targetalgorithmevaluator.base.cli.CommandLineAlgorithmRun
WARNING: Use --illegal-access=warn to enable warnings of further illegal reflective access operations
WARNING: All illegal access operations will be denied in a future release
[INFO ] First incumbent: config 1 (internal ID: 0x000D), with mean runtime: 4.0; estimate based on 1 runs.
[INFO ] Sample call for new incumbent config 1 (internal ID: 0x000D): 
cd /home/academic/toliu/af/autofolio_asc/.; python wrappers/flexfolio/ff_wrapper.py train_out/BNSL-2016_8/config_wrapper.json 5 0 1800.0 2147483647 -1 -@1:F:aspeed-opt 'no' -@1:approach 'CLASSVOTER' -@1:approx-weights 'None' -@1:aslib-dir 'autofolio_arff/train/BNSL-2016_8' -@1:aspeed:time-limit '100' -@1:classifier 'RANDOMFOREST' -@1:impute 'mean' -@1:mem-limit '2048' -@1:normalize 'zscore' -@1:performance_trans 'None' -@1:separator 'W' -@1:solver 'selectors/flexfolio/src/flexfolio_train.py' -@1:voting:rf-criterion 'entropy' -@1:voting:rf-max_features 'sqrt' -@1:voting:rf-min_samples_leaf '10'  
[INFO ] Updated estimated mean runtime of the same incumbent: 4.0; estimate now based on 2 runs.
[INFO ] Incumbent changed to: config 2 (internal ID: 0x41B2), with mean runtime: 3.0; estimate based on 2 runs.
[INFO ] Sample call for new incumbent config 2 (internal ID: 0x41B2): 
cd /home/academic/toliu/af/autofolio_asc/.; python wrappers/flexfolio/ff_wrapper.py train_out/BNSL-2016_8/config_wrapper.json 3 0 1800.0 2147483647 -1 -@1:F:aspeed-opt 'yes' -@1:F:concentrate 'yes' -@1:approach 'SBS' -@1:approx-weights 'nrmsd' -@1:aslib-dir 'autofolio_arff/train/BNSL-2016_8' -@1:aspeed:time-limit '100' -@1:impute 'median' -@1:max-solver '36' -@1:mem-limit '2048' -@1:normalize 'dec' -@1:opt-mode '4' -@1:performance_trans 'None' -@1:separator 'W' -@1:solver 'selectors/flexfolio/src/flexfolio_train.py' -@1:time-pre-solvers '1'  
[INFO ] Updated estimated mean runtime of the same incumbent: 3.0; estimate now based on 3 runs.
[WARN ] Algorithm Run Result reported a runtime of 5.0 (secs) that exceeded it's cutoff time of 2.305200424391031 (secs) by 2.694799575608969 (secs). Next warning at 3.694799575608969 (secs)  
[INFO ] Updated estimated mean runtime of the same incumbent: 3.0; estimate now based on 4 runs.
[INFO ] Incumbent changed to: config 4 (internal ID: 0xA1C2), with mean runtime: 1.0; estimate based on 4 runs.
[INFO ] Sample call for new incumbent config 4 (internal ID: 0xA1C2): 
cd /home/academic/toliu/af/autofolio_asc/.; python wrappers/flexfolio/ff_wrapper.py train_out/BNSL-2016_8/config_wrapper.json 3 0 1800.0 2147483647 -1 -@1:F:aspeed-opt 'no' -@1:approach 'SBS' -@1:approx-weights 'None' -@1:aslib-dir 'autofolio_arff/train/BNSL-2016_8' -@1:aspeed:time-limit '100' -@1:impute 'none' -@1:mem-limit '2048' -@1:normalize 'zscore' -@1:performance_trans 'zscore' -@1:separator 'W' -@1:solver 'selectors/flexfolio/src/flexfolio_train.py'  
[INFO ] Updated estimated mean runtime of the same incumbent: 1.0; estimate now based on 5 runs.
[INFO ] Updated estimated mean runtime of the same incumbent: 1.0; estimate now based on 6 runs.
[INFO ] Updated estimated mean runtime of the same incumbent: 1.0; estimate now based on 7 runs.
[INFO ] Updated estimated mean runtime of the same incumbent: 1.0; estimate now based on 8 runs.
[INFO ] Updated estimated mean runtime of the same incumbent: 1.0; estimate now based on 9 runs.
[INFO ] Updated estimated mean runtime of the same incumbent: 1.0; estimate now based on 10 runs.
[WARN ] Killed run <Instance:4, Seed:-1, Config:0xC6DA28, Kappa:1.0039009883731604, Execution Config: 0x0001> at 10.25 for exceeding 10.0 times its cutoff time of 1.0039009883731604 (secs)
[WARN ] Algorithm Run Result reported a runtime of 10.25 (secs) that exceeded it's cutoff time of 1.0039009883731604 (secs) by 9.24609901162684 (secs). Next warning at 10.24609901162684 (secs)  
[WARN ] Killed run <Instance:10, Seed:-1, Config:0x18FE9C3, Kappa:1.0039009883731604, Execution Config: 0x0001> at 10.33 for exceeding 10.0 times its cutoff time of 1.0039009883731604 (secs)
[WARN ] Killed run <Instance:7, Seed:-1, Config:0x246F0BF, Kappa:1.0039009883731604, Execution Config: 0x0001> at 10.1 for exceeding 10.0 times its cutoff time of 1.0039009883731604 (secs)
[WARN ] Killed run <Instance:7, Seed:-1, Config:0x246F0BF, Kappa:1.0039009883731604, Execution Config: 0x0001> at 10.1 for exceeding 10.0 times its cutoff time of 1.0039009883731604 (secs)
[WARN ] Killed run <Instance:9, Seed:-1, Config:0x2BCA8B5, Kappa:1.0091007858246566, Execution Config: 0x0001> at 10.33 for exceeding 10.0 times its cutoff time of 1.0091007858246566 (secs)
[WARN ] Killed run <Instance:6, Seed:-1, Config:0x337B2BB, Kappa:1.0052009377360345, Execution Config: 0x0001> at 10.190001 for exceeding 10.0 times its cutoff time of 1.0052009377360345 (secs)
[WARN ] Killed run <Instance:5, Seed:-1, Config:0x340F9C4, Kappa:1.0039009883731604, Execution Config: 0x0001> at 10.32 for exceeding 10.0 times its cutoff time of 1.0039009883731604 (secs)
[WARN ] Killed run <Instance:7, Seed:-1, Config:0x3BB3848, Kappa:1.0039009883731604, Execution Config: 0x0001> at 10.21 for exceeding 10.0 times its cutoff time of 1.0039009883731604 (secs)
[WARN ] Killed run <Instance:1, Seed:-1, Config:0x5137FDC, Kappa:1.0039009883731604, Execution Config: 0x0001> at 10.3 for exceeding 10.0 times its cutoff time of 1.0039009883731604 (secs)
[WARN ] Killed run <Instance:8, Seed:-1, Config:0x76491B1, Kappa:1.0039009883731604, Execution Config: 0x0001> at 10.25 for exceeding 10.0 times its cutoff time of 1.0039009883731604 (secs)
[INFO ] 
=======================================================================================
SMAC has finished. Reason: wall-clock time limit (35844.142 s) has been reached.   
Total number of runs performed: 8987, total configurations tried: 6383.
Total CPU time used: 31078 s, total wallclock time used: 35844 s.
SMAC's final incumbent: config 4 (internal ID: 0xA1C2), with estimated mean runtime: 1.0, based on 10 run(s) on 10 training instance(s).
Sample call for this final incumbent:
cd /home/academic/toliu/af/autofolio_asc/.; python wrappers/flexfolio/ff_wrapper.py train_out/BNSL-2016_8/config_wrapper.json 1 0 1800.0 2147483647 -1 -@1:F:aspeed-opt 'no' -@1:approach 'SBS' -@1:approx-weights 'None' -@1:aslib-dir 'autofolio_arff/train/BNSL-2016_8' -@1:aspeed:time-limit '100' -@1:impute 'none' -@1:mem-limit '2048' -@1:normalize 'zscore' -@1:performance_trans 'zscore' -@1:separator 'W' -@1:solver 'selectors/flexfolio/src/flexfolio_train.py'
=======================================================================================
[INFO ] 
----------------------------------------------------------------------------------------------------------------------------------------------------------------------------
Additional information about run 1 in:/home/academic/toliu/af/autofolio_asc/train_out/BNSL-2016_8/smac-output/autofolio
----------------------------------------------------------------------------------------------------------------------------------------------------------------------------
