[INFO ] Logging to: /home/academic/toliu/af/autofolio_asc/train_out/GRAPHS-2015_5/smac-output/autofolio/log-run1.txt
[INFO ] Version of SMAC is v2.08.00-master-731 (0e43c26c3d1f), running on OpenJDK 64-Bit Server VM (11.0.11) and Linux 4.15.0-143-generic (amd64) 
[INFO ] Call String: smac --scenarioFile train_out/GRAPHS-2015_5/autofolio.scen --seed 1 --always-run-initial-config True --validation False --output-dir train_out/GRAPHS-2015_5/smac-output 
[INFO ] SMAC started at: Jun 2, 2021, 9:41:19 PM. Minimizing mean runtime.
WARNING: An illegal reflective access operation has occurred
WARNING: Illegal reflective access by ca.ubc.cs.beta.aeatk.targetalgorithmevaluator.base.cli.CommandLineAlgorithmRun (file:/home/academic/toliu/af/autofolio_asc/configurators/smac-v2.08.00-master-731/lib/aeatk.jar) to field java.lang.ProcessImpl.pid
WARNING: Please consider reporting this to the maintainers of ca.ubc.cs.beta.aeatk.targetalgorithmevaluator.base.cli.CommandLineAlgorithmRun
WARNING: Use --illegal-access=warn to enable warnings of further illegal reflective access operations
WARNING: All illegal access operations will be denied in a future release
[INFO ] First incumbent: config 1 (internal ID: 0x000D), with mean runtime: 29.0; estimate based on 1 runs.
[INFO ] Sample call for new incumbent config 1 (internal ID: 0x000D): 
cd /home/academic/toliu/af/autofolio_asc/.; python wrappers/flexfolio/ff_wrapper.py train_out/GRAPHS-2015_5/config_wrapper.json 5 0 1800.0 2147483647 -1 -@1:F:aspeed-opt 'no' -@1:approach 'CLASSVOTER' -@1:approx-weights 'None' -@1:aslib-dir 'autofolio_arff/train/GRAPHS-2015_5' -@1:aspeed:time-limit '100' -@1:classifier 'RANDOMFOREST' -@1:impute 'mean' -@1:mem-limit '2048' -@1:normalize 'zscore' -@1:performance_trans 'None' -@1:separator 'W' -@1:solver 'selectors/flexfolio/src/flexfolio_train.py' -@1:voting:rf-criterion 'entropy' -@1:voting:rf-max_features 'sqrt' -@1:voting:rf-min_samples_leaf '10'  
[INFO ] Updated estimated mean runtime of the same incumbent: 29.0; estimate now based on 2 runs.
[WARN ] Algorithm Run Result reported a runtime of 47.0 (secs) that exceeded it's cutoff time of 38.702600317421556 (secs) by 8.297399682578444 (secs). Next warning at 9.297399682578444 (secs)  
[INFO ] Updated estimated mean runtime of the same incumbent: 29.333333333333332; estimate now based on 3 runs.
[WARN ] Algorithm Run Result reported a runtime of 63.0 (secs) that exceeded it's cutoff time of 38.702600317421556 (secs) by 24.297399682578444 (secs). Next warning at 25.297399682578444 (secs)  
[WARN ] Algorithm Run Result reported wallclock time of 63.523 (secs) that exceeded it's cutoff time of 38.702600317421556 (secs) by 24.820399682578447 (secs). Next warning at 25.820399682578447 (secs)  
[INFO ] Updated estimated mean runtime of the same incumbent: 29.5; estimate now based on 4 runs.
[INFO ] Incumbent changed to: config 4 (internal ID: 0xA1C2), with mean runtime: 22.75; estimate based on 4 runs.
[INFO ] Sample call for new incumbent config 4 (internal ID: 0xA1C2): 
cd /home/academic/toliu/af/autofolio_asc/.; python wrappers/flexfolio/ff_wrapper.py train_out/GRAPHS-2015_5/config_wrapper.json 3 0 1800.0 2147483647 -1 -@1:F:aspeed-opt 'no' -@1:approach 'SBS' -@1:approx-weights 'None' -@1:aslib-dir 'autofolio_arff/train/GRAPHS-2015_5' -@1:aspeed:time-limit '100' -@1:impute 'none' -@1:mem-limit '2048' -@1:normalize 'zscore' -@1:performance_trans 'zscore' -@1:separator 'W' -@1:solver 'selectors/flexfolio/src/flexfolio_train.py'  
[INFO ] Updated estimated mean runtime of the same incumbent: 23.0; estimate now based on 5 runs.
[INFO ] Updated estimated mean runtime of the same incumbent: 23.0; estimate now based on 6 runs.
[INFO ] Incumbent changed to: config 5 (internal ID: 0x11FE8), with mean runtime: 22.666666666666668; estimate based on 6 runs.
[INFO ] Sample call for new incumbent config 5 (internal ID: 0x11FE8): 
cd /home/academic/toliu/af/autofolio_asc/.; python wrappers/flexfolio/ff_wrapper.py train_out/GRAPHS-2015_5/config_wrapper.json 3 0 1800.0 2147483647 -1 -@1:F:aspeed-opt 'no' -@1:approach 'SBS' -@1:approx-weights 'None' -@1:aslib-dir 'autofolio_arff/train/GRAPHS-2015_5' -@1:aspeed:time-limit '100' -@1:impute 'none' -@1:mem-limit '2048' -@1:normalize 'none' -@1:performance_trans 'zscore' -@1:separator 'W' -@1:solver 'selectors/flexfolio/src/flexfolio_train.py'  
[INFO ] Updated estimated mean runtime of the same incumbent: 22.857142857142858; estimate now based on 7 runs.
[INFO ] Updated estimated mean runtime of the same incumbent: 23.0; estimate now based on 8 runs.
[INFO ] Updated estimated mean runtime of the same incumbent: 23.11111111111111; estimate now based on 9 runs.
[WARN ] Algorithm Run Result reported a runtime of 55.0 (secs) that exceeded it's cutoff time of 29.602600641894345 (secs) by 25.397399358105655 (secs). Next warning at 26.397399358105655 (secs)  
[WARN ] Algorithm Run Result reported wallclock time of 55.593 (secs) that exceeded it's cutoff time of 29.602600641894345 (secs) by 25.99039935810566 (secs). Next warning at 26.99039935810566 (secs)  
[INFO ] Updated estimated mean runtime of the same incumbent: 23.1; estimate now based on 10 runs.
[WARN ] Algorithm Run Result reported a runtime of 57.0 (secs) that exceeded it's cutoff time of 29.602600641894345 (secs) by 27.397399358105655 (secs). Next warning at 28.397399358105655 (secs)  
[WARN ] Algorithm Run Result reported wallclock time of 57.286 (secs) that exceeded it's cutoff time of 29.602600641894345 (secs) by 27.683399358105657 (secs). Next warning at 28.683399358105657 (secs)  
[INFO ] Incumbent changed to: config 115 (internal ID: 0x1B84C5), with mean runtime: 22.9; estimate based on 10 runs.
[INFO ] Sample call for new incumbent config 115 (internal ID: 0x1B84C5): 
cd /home/academic/toliu/af/autofolio_asc/.; python wrappers/flexfolio/ff_wrapper.py train_out/GRAPHS-2015_5/config_wrapper.json 1 0 1800.0 2147483647 -1 -@1:F:aspeed-opt 'no' -@1:approach 'SBS' -@1:approx-weights 'max' -@1:aslib-dir 'autofolio_arff/train/GRAPHS-2015_5' -@1:aspeed:time-limit '100' -@1:impute 'none' -@1:mem-limit '2048' -@1:normalize 'none' -@1:performance_trans 'zscore' -@1:separator 'W' -@1:solver 'selectors/flexfolio/src/flexfolio_train.py'  
[WARN ] Algorithm Run Result reported a runtime of 69.0 (secs) that exceeded it's cutoff time of 29.602600641894345 (secs) by 39.39739935810566 (secs). Next warning at 40.39739935810566 (secs)  
[WARN ] Algorithm Run Result reported wallclock time of 69.219 (secs) that exceeded it's cutoff time of 29.602600641894345 (secs) by 39.61639935810565 (secs). Next warning at 40.61639935810565 (secs)  
[WARN ] Algorithm Run Result reported wallclock time of 71.885 (secs) that exceeded it's cutoff time of 30.90260012854934 (secs) by 40.98239987145067 (secs). Next warning at 41.98239987145067 (secs)  
[WARN ] Algorithm Run Result reported a runtime of 72.0 (secs) that exceeded it's cutoff time of 29.602600641894345 (secs) by 42.39739935810566 (secs). Next warning at 43.39739935810566 (secs)  
[WARN ] Algorithm Run Result reported wallclock time of 72.552 (secs) that exceeded it's cutoff time of 29.602600641894345 (secs) by 42.949399358105666 (secs). Next warning at 43.949399358105666 (secs)  
[WARN ] Algorithm Run Result reported a runtime of 76.0 (secs) that exceeded it's cutoff time of 32.20260070485175 (secs) by 43.79739929514825 (secs). Next warning at 44.79739929514825 (secs)  
[WARN ] Algorithm Run Result reported wallclock time of 76.606 (secs) that exceeded it's cutoff time of 32.20260070485175 (secs) by 44.40339929514825 (secs). Next warning at 45.40339929514825 (secs)  
[INFO ] Incumbent changed to: config 152 (internal ID: 0xA27489), with mean runtime: 18.9; estimate based on 10 runs.
[INFO ] Sample call for new incumbent config 152 (internal ID: 0xA27489): 
cd /home/academic/toliu/af/autofolio_asc/.; python wrappers/flexfolio/ff_wrapper.py train_out/GRAPHS-2015_5/config_wrapper.json 1 0 1800.0 2147483647 -1 -@1:F:aspeed-opt 'no' -@1:approach 'SBS' -@1:approx-weights 'nrmsd' -@1:aslib-dir 'autofolio_arff/train/GRAPHS-2015_5' -@1:aspeed:time-limit '100' -@1:impute 'none' -@1:mem-limit '2048' -@1:normalize 'linear' -@1:performance_trans 'log' -@1:separator 'W' -@1:solver 'selectors/flexfolio/src/flexfolio_train.py'  
[INFO ] Incumbent changed to: config 506 (internal ID: 0xA2BA1E), with mean runtime: 17.8; estimate based on 10 runs.
[INFO ] Sample call for new incumbent config 506 (internal ID: 0xA2BA1E): 
cd /home/academic/toliu/af/autofolio_asc/.; python wrappers/flexfolio/ff_wrapper.py train_out/GRAPHS-2015_5/config_wrapper.json 1 0 1800.0 2147483647 -1 -@1:F:aspeed-opt 'no' -@1:approach 'SBS' -@1:approx-weights 'nrmsd' -@1:aslib-dir 'autofolio_arff/train/GRAPHS-2015_5' -@1:aspeed:time-limit '100' -@1:impute 'none' -@1:mem-limit '2048' -@1:normalize 'linear' -@1:performance_trans 'None' -@1:separator 'W' -@1:solver 'selectors/flexfolio/src/flexfolio_train.py'  
[INFO ] 
=======================================================================================
SMAC has finished. Reason: wall-clock time limit (35074.446 s) has been reached.   
Total number of runs performed: 742, total configurations tried: 509.
Total CPU time used: 34725 s, total wallclock time used: 35074 s.
SMAC's final incumbent: config 506 (internal ID: 0xA2BA1E), with estimated mean runtime: 17.8, based on 10 run(s) on 10 training instance(s).
Sample call for this final incumbent:
cd /home/academic/toliu/af/autofolio_asc/.; python wrappers/flexfolio/ff_wrapper.py train_out/GRAPHS-2015_5/config_wrapper.json 1 0 1800.0 2147483647 -1 -@1:F:aspeed-opt 'no' -@1:approach 'SBS' -@1:approx-weights 'nrmsd' -@1:aslib-dir 'autofolio_arff/train/GRAPHS-2015_5' -@1:aspeed:time-limit '100' -@1:impute 'none' -@1:mem-limit '2048' -@1:normalize 'linear' -@1:performance_trans 'None' -@1:separator 'W' -@1:solver 'selectors/flexfolio/src/flexfolio_train.py'
=======================================================================================
[INFO ] 
----------------------------------------------------------------------------------------------------------------------------------------------------------------------------
Additional information about run 1 in:/home/academic/toliu/af/autofolio_asc/train_out/GRAPHS-2015_5/smac-output/autofolio
----------------------------------------------------------------------------------------------------------------------------------------------------------------------------
