[INFO ] Logging to: /home/academic/toliu/af/autofolio_asc/train_out/SAT12-ALL_8/smac-output/autofolio/log-run1.txt
[INFO ] Version of SMAC is v2.08.00-master-731 (0e43c26c3d1f), running on OpenJDK 64-Bit Server VM (11.0.11) and Linux 4.15.0-143-generic (amd64) 
[INFO ] Call String: smac --scenarioFile train_out/SAT12-ALL_8/autofolio.scen --seed 1 --always-run-initial-config True --validation False --output-dir train_out/SAT12-ALL_8/smac-output 
[INFO ] SMAC started at: May 28, 2021, 5:41:07 PM. Minimizing mean runtime.
WARNING: An illegal reflective access operation has occurred
WARNING: Illegal reflective access by ca.ubc.cs.beta.aeatk.targetalgorithmevaluator.base.cli.CommandLineAlgorithmRun (file:/home/academic/toliu/af/autofolio_asc/configurators/smac-v2.08.00-master-731/lib/aeatk.jar) to field java.lang.ProcessImpl.pid
WARNING: Please consider reporting this to the maintainers of ca.ubc.cs.beta.aeatk.targetalgorithmevaluator.base.cli.CommandLineAlgorithmRun
WARNING: Use --illegal-access=warn to enable warnings of further illegal reflective access operations
WARNING: All illegal access operations will be denied in a future release
[INFO ] First incumbent: config 1 (internal ID: 0x000D), with mean runtime: 70.0; estimate based on 1 runs.
[INFO ] Sample call for new incumbent config 1 (internal ID: 0x000D): 
cd /home/academic/toliu/af/autofolio_asc/.; python wrappers/flexfolio/ff_wrapper.py train_out/SAT12-ALL_8/config_wrapper.json 5 0 1800.0 2147483647 -1 -@1:F:aspeed-opt 'no' -@1:approach 'CLASSVOTER' -@1:approx-weights 'None' -@1:aslib-dir 'autofolio_arff/train/SAT12-ALL_8' -@1:aspeed:time-limit '100' -@1:classifier 'RANDOMFOREST' -@1:impute 'mean' -@1:mem-limit '2048' -@1:normalize 'zscore' -@1:performance_trans 'None' -@1:separator 'W' -@1:solver 'selectors/flexfolio/src/flexfolio_train.py' -@1:voting:rf-criterion 'entropy' -@1:voting:rf-max_features 'sqrt' -@1:voting:rf-min_samples_leaf '10'  
[INFO ] Updated estimated mean runtime of the same incumbent: 69.5; estimate now based on 2 runs.
[INFO ] Incumbent changed to: config 2 (internal ID: 0x41B2), with mean runtime: 41.0; estimate based on 2 runs.
[INFO ] Sample call for new incumbent config 2 (internal ID: 0x41B2): 
cd /home/academic/toliu/af/autofolio_asc/.; python wrappers/flexfolio/ff_wrapper.py train_out/SAT12-ALL_8/config_wrapper.json 3 0 1800.0 2147483647 -1 -@1:F:aspeed-opt 'yes' -@1:F:concentrate 'yes' -@1:approach 'SBS' -@1:approx-weights 'nrmsd' -@1:aslib-dir 'autofolio_arff/train/SAT12-ALL_8' -@1:aspeed:time-limit '100' -@1:impute 'median' -@1:max-solver '36' -@1:mem-limit '2048' -@1:normalize 'dec' -@1:opt-mode '4' -@1:performance_trans 'None' -@1:separator 'W' -@1:solver 'selectors/flexfolio/src/flexfolio_train.py' -@1:time-pre-solvers '1'  
[INFO ] Updated estimated mean runtime of the same incumbent: 41.0; estimate now based on 3 runs.
[WARN ] Algorithm Run Result reported a runtime of 76.0 (secs) that exceeded it's cutoff time of 54.30260069516599 (secs) by 21.697399304834008 (secs). Next warning at 22.697399304834008 (secs)  
[WARN ] Algorithm Run Result reported wallclock time of 76.464 (secs) that exceeded it's cutoff time of 54.30260069516599 (secs) by 22.161399304834006 (secs). Next warning at 23.161399304834006 (secs)  
[INFO ] Updated estimated mean runtime of the same incumbent: 40.75; estimate now based on 4 runs.
[WARN ] Algorithm Run Result reported a runtime of 55.0 (secs) that exceeded it's cutoff time of 32.20650055294037 (secs) by 22.79349944705963 (secs). Next warning at 23.79349944705963 (secs)  
[INFO ] Incumbent changed to: config 4 (internal ID: 0xA1C2), with mean runtime: 20.25; estimate based on 4 runs.
[INFO ] Sample call for new incumbent config 4 (internal ID: 0xA1C2): 
cd /home/academic/toliu/af/autofolio_asc/.; python wrappers/flexfolio/ff_wrapper.py train_out/SAT12-ALL_8/config_wrapper.json 3 0 1800.0 2147483647 -1 -@1:F:aspeed-opt 'no' -@1:approach 'SBS' -@1:approx-weights 'None' -@1:aslib-dir 'autofolio_arff/train/SAT12-ALL_8' -@1:aspeed:time-limit '100' -@1:impute 'none' -@1:mem-limit '2048' -@1:normalize 'zscore' -@1:performance_trans 'zscore' -@1:separator 'W' -@1:solver 'selectors/flexfolio/src/flexfolio_train.py'  
[INFO ] Updated estimated mean runtime of the same incumbent: 20.2; estimate now based on 5 runs.
[INFO ] Updated estimated mean runtime of the same incumbent: 20.166666666666668; estimate now based on 6 runs.
[INFO ] Updated estimated mean runtime of the same incumbent: 20.142857142857142; estimate now based on 7 runs.
[INFO ] Updated estimated mean runtime of the same incumbent: 20.125; estimate now based on 8 runs.
[INFO ] Updated estimated mean runtime of the same incumbent: 20.11111111111111; estimate now based on 9 runs.
[INFO ] Updated estimated mean runtime of the same incumbent: 20.1; estimate now based on 10 runs.
[INFO ] Incumbent changed to: config 12 (internal ID: 0x2C8E0), with mean runtime: 20.0; estimate based on 10 runs.
[INFO ] Sample call for new incumbent config 12 (internal ID: 0x2C8E0): 
cd /home/academic/toliu/af/autofolio_asc/.; python wrappers/flexfolio/ff_wrapper.py train_out/SAT12-ALL_8/config_wrapper.json 1 0 1800.0 2147483647 -1 -@1:F:aspeed-opt 'no' -@1:approach 'SBS' -@1:approx-weights 'nrmsd' -@1:aslib-dir 'autofolio_arff/train/SAT12-ALL_8' -@1:aspeed:time-limit '100' -@1:impute 'mean' -@1:mem-limit '2048' -@1:normalize 'linear' -@1:performance_trans 'zscore' -@1:separator 'W' -@1:solver 'selectors/flexfolio/src/flexfolio_train.py'  
[WARN ] Algorithm Run Result reported wallclock time of 50.346 (secs) that exceeded it's cutoff time of 27.00260057893694 (secs) by 23.343399421063058 (secs). Next warning at 24.343399421063058 (secs)  
[INFO ] Incumbent changed to: config 107 (internal ID: 0x19DED7), with mean runtime: 19.9; estimate based on 10 runs.
[INFO ] Sample call for new incumbent config 107 (internal ID: 0x19DED7): 
cd /home/academic/toliu/af/autofolio_asc/.; python wrappers/flexfolio/ff_wrapper.py train_out/SAT12-ALL_8/config_wrapper.json 1 0 1800.0 2147483647 -1 -@1:F:aspeed-opt 'no' -@1:approach 'SBS' -@1:approx-weights 'nrmsd' -@1:aslib-dir 'autofolio_arff/train/SAT12-ALL_8' -@1:aspeed:time-limit '100' -@1:impute 'none' -@1:mem-limit '2048' -@1:normalize 'zscore' -@1:performance_trans 'log' -@1:separator 'W' -@1:solver 'selectors/flexfolio/src/flexfolio_train.py'  
[INFO ] Incumbent changed to: config 160 (internal ID: 0x2AFF30), with mean runtime: 19.8; estimate based on 10 runs.
[INFO ] Sample call for new incumbent config 160 (internal ID: 0x2AFF30): 
cd /home/academic/toliu/af/autofolio_asc/.; python wrappers/flexfolio/ff_wrapper.py train_out/SAT12-ALL_8/config_wrapper.json 1 0 1800.0 2147483647 -1 -@1:F:aspeed-opt 'no' -@1:approach 'SBS' -@1:approx-weights 'max' -@1:aslib-dir 'autofolio_arff/train/SAT12-ALL_8' -@1:aspeed:time-limit '100' -@1:impute 'none' -@1:mem-limit '2048' -@1:normalize 'none' -@1:performance_trans 'log' -@1:separator 'W' -@1:solver 'selectors/flexfolio/src/flexfolio_train.py'  
[INFO ] Incumbent changed to: config 287 (internal ID: 0x5141AE), with mean runtime: 19.7; estimate based on 10 runs.
[INFO ] Sample call for new incumbent config 287 (internal ID: 0x5141AE): 
cd /home/academic/toliu/af/autofolio_asc/.; python wrappers/flexfolio/ff_wrapper.py train_out/SAT12-ALL_8/config_wrapper.json 1 0 1800.0 2147483647 -1 -@1:F:aspeed-opt 'no' -@1:approach 'SBS' -@1:approx-weights 'None' -@1:aslib-dir 'autofolio_arff/train/SAT12-ALL_8' -@1:aspeed:time-limit '100' -@1:impute 'none' -@1:mem-limit '2048' -@1:normalize 'none' -@1:performance_trans 'None' -@1:separator 'W' -@1:solver 'selectors/flexfolio/src/flexfolio_train.py'  
[WARN ] Algorithm Run Result reported a runtime of 67.0 (secs) that exceeded it's cutoff time of 27.00260057893694 (secs) by 39.997399421063065 (secs). Next warning at 40.997399421063065 (secs)  
[WARN ] Algorithm Run Result reported wallclock time of 67.245 (secs) that exceeded it's cutoff time of 27.00260057893694 (secs) by 40.24239942106307 (secs). Next warning at 41.24239942106307 (secs)  
[WARN ] Algorithm Run Result reported wallclock time of 68.705 (secs) that exceeded it's cutoff time of 27.00260057893694 (secs) by 41.70239942106306 (secs). Next warning at 42.70239942106306 (secs)  
[INFO ] 
=======================================================================================
SMAC has finished. Reason: wall-clock time limit (34747.465 s) has been reached.   
Total number of runs performed: 1086, total configurations tried: 507.
Total CPU time used: 34205 s, total wallclock time used: 34747 s.
SMAC's final incumbent: config 287 (internal ID: 0x5141AE), with estimated mean runtime: 19.7, based on 10 run(s) on 10 training instance(s).
Sample call for this final incumbent:
cd /home/academic/toliu/af/autofolio_asc/.; python wrappers/flexfolio/ff_wrapper.py train_out/SAT12-ALL_8/config_wrapper.json 1 0 1800.0 2147483647 -1 -@1:F:aspeed-opt 'no' -@1:approach 'SBS' -@1:approx-weights 'None' -@1:aslib-dir 'autofolio_arff/train/SAT12-ALL_8' -@1:aspeed:time-limit '100' -@1:impute 'none' -@1:mem-limit '2048' -@1:normalize 'none' -@1:performance_trans 'None' -@1:separator 'W' -@1:solver 'selectors/flexfolio/src/flexfolio_train.py'
=======================================================================================
[INFO ] 
----------------------------------------------------------------------------------------------------------------------------------------------------------------------------
Additional information about run 1 in:/home/academic/toliu/af/autofolio_asc/train_out/SAT12-ALL_8/smac-output/autofolio
----------------------------------------------------------------------------------------------------------------------------------------------------------------------------
