[INFO ] Logging to: /home/academic/toliu/af/autofolio_asc/train_out/SAT12-ALL_9/smac-output/autofolio/log-run1.txt
[INFO ] Version of SMAC is v2.08.00-master-731 (0e43c26c3d1f), running on OpenJDK 64-Bit Server VM (11.0.11) and Linux 4.15.0-143-generic (amd64) 
[INFO ] Call String: smac --scenarioFile train_out/SAT12-ALL_9/autofolio.scen --seed 1 --always-run-initial-config True --validation False --output-dir train_out/SAT12-ALL_9/smac-output 
[INFO ] SMAC started at: May 29, 2021, 8:31:09 PM. Minimizing mean runtime.
WARNING: An illegal reflective access operation has occurred
WARNING: Illegal reflective access by ca.ubc.cs.beta.aeatk.targetalgorithmevaluator.base.cli.CommandLineAlgorithmRun (file:/home/academic/toliu/af/autofolio_asc/configurators/smac-v2.08.00-master-731/lib/aeatk.jar) to field java.lang.ProcessImpl.pid
WARNING: Please consider reporting this to the maintainers of ca.ubc.cs.beta.aeatk.targetalgorithmevaluator.base.cli.CommandLineAlgorithmRun
WARNING: Use --illegal-access=warn to enable warnings of further illegal reflective access operations
WARNING: All illegal access operations will be denied in a future release
[INFO ] First incumbent: config 1 (internal ID: 0x000D), with mean runtime: 66.0; estimate based on 1 runs.
[INFO ] Sample call for new incumbent config 1 (internal ID: 0x000D): 
cd /home/academic/toliu/af/autofolio_asc/.; python wrappers/flexfolio/ff_wrapper.py train_out/SAT12-ALL_9/config_wrapper.json 5 0 1800.0 2147483647 -1 -@1:F:aspeed-opt 'no' -@1:approach 'CLASSVOTER' -@1:approx-weights 'None' -@1:aslib-dir 'autofolio_arff/train/SAT12-ALL_9' -@1:aspeed:time-limit '100' -@1:classifier 'RANDOMFOREST' -@1:impute 'mean' -@1:mem-limit '2048' -@1:normalize 'zscore' -@1:performance_trans 'None' -@1:separator 'W' -@1:solver 'selectors/flexfolio/src/flexfolio_train.py' -@1:voting:rf-criterion 'entropy' -@1:voting:rf-max_features 'sqrt' -@1:voting:rf-min_samples_leaf '10'  
[INFO ] Updated estimated mean runtime of the same incumbent: 67.0; estimate now based on 2 runs.
[INFO ] Incumbent changed to: config 2 (internal ID: 0x41B2), with mean runtime: 40.0; estimate based on 2 runs.
[INFO ] Sample call for new incumbent config 2 (internal ID: 0x41B2): 
cd /home/academic/toliu/af/autofolio_asc/.; python wrappers/flexfolio/ff_wrapper.py train_out/SAT12-ALL_9/config_wrapper.json 3 0 1800.0 2147483647 -1 -@1:F:aspeed-opt 'yes' -@1:F:concentrate 'yes' -@1:approach 'SBS' -@1:approx-weights 'nrmsd' -@1:aslib-dir 'autofolio_arff/train/SAT12-ALL_9' -@1:aspeed:time-limit '100' -@1:impute 'median' -@1:max-solver '36' -@1:mem-limit '2048' -@1:normalize 'dec' -@1:opt-mode '4' -@1:performance_trans 'None' -@1:separator 'W' -@1:solver 'selectors/flexfolio/src/flexfolio_train.py' -@1:time-pre-solvers '1'  
[INFO ] Updated estimated mean runtime of the same incumbent: 40.0; estimate now based on 3 runs.
[WARN ] Algorithm Run Result reported a runtime of 74.0 (secs) that exceeded it's cutoff time of 53.00260011886358 (secs) by 20.997399881136417 (secs). Next warning at 21.997399881136417 (secs)  
[WARN ] Algorithm Run Result reported wallclock time of 74.963 (secs) that exceeded it's cutoff time of 53.00260011886358 (secs) by 21.96039988113641 (secs). Next warning at 22.96039988113641 (secs)  
[INFO ] Updated estimated mean runtime of the same incumbent: 39.75; estimate now based on 4 runs.
[INFO ] Incumbent changed to: config 4 (internal ID: 0xA1C2), with mean runtime: 19.5; estimate based on 4 runs.
[INFO ] Sample call for new incumbent config 4 (internal ID: 0xA1C2): 
cd /home/academic/toliu/af/autofolio_asc/.; python wrappers/flexfolio/ff_wrapper.py train_out/SAT12-ALL_9/config_wrapper.json 3 0 1800.0 2147483647 -1 -@1:F:aspeed-opt 'no' -@1:approach 'SBS' -@1:approx-weights 'None' -@1:aslib-dir 'autofolio_arff/train/SAT12-ALL_9' -@1:aspeed:time-limit '100' -@1:impute 'none' -@1:mem-limit '2048' -@1:normalize 'zscore' -@1:performance_trans 'zscore' -@1:separator 'W' -@1:solver 'selectors/flexfolio/src/flexfolio_train.py'  
[INFO ] Updated estimated mean runtime of the same incumbent: 19.4; estimate now based on 5 runs.
[INFO ] Updated estimated mean runtime of the same incumbent: 19.333333333333332; estimate now based on 6 runs.
[INFO ] Updated estimated mean runtime of the same incumbent: 19.285714285714285; estimate now based on 7 runs.
[INFO ] Updated estimated mean runtime of the same incumbent: 19.375; estimate now based on 8 runs.
[INFO ] Updated estimated mean runtime of the same incumbent: 19.444444444444443; estimate now based on 9 runs.
[INFO ] Updated estimated mean runtime of the same incumbent: 19.4; estimate now based on 10 runs.
[INFO ] Incumbent changed to: config 11 (internal ID: 0x2808F), with mean runtime: 19.2; estimate based on 10 runs.
[INFO ] Sample call for new incumbent config 11 (internal ID: 0x2808F): 
cd /home/academic/toliu/af/autofolio_asc/.; python wrappers/flexfolio/ff_wrapper.py train_out/SAT12-ALL_9/config_wrapper.json 1 0 1800.0 2147483647 -1 -@1:F:aspeed-opt 'no' -@1:approach 'SBS' -@1:approx-weights 'nrmsd' -@1:aslib-dir 'autofolio_arff/train/SAT12-ALL_9' -@1:aspeed:time-limit '100' -@1:impute 'none' -@1:mem-limit '2048' -@1:normalize 'dec' -@1:performance_trans 'zscore' -@1:separator 'W' -@1:solver 'selectors/flexfolio/src/flexfolio_train.py'  
[INFO ] Incumbent changed to: config 59 (internal ID: 0xE3C13), with mean runtime: 19.0; estimate based on 10 runs.
[INFO ] Sample call for new incumbent config 59 (internal ID: 0xE3C13): 
cd /home/academic/toliu/af/autofolio_asc/.; python wrappers/flexfolio/ff_wrapper.py train_out/SAT12-ALL_9/config_wrapper.json 1 0 1800.0 2147483647 -1 -@1:F:aspeed-opt 'no' -@1:approach 'SBS' -@1:approx-weights 'rmsd' -@1:aslib-dir 'autofolio_arff/train/SAT12-ALL_9' -@1:aspeed:time-limit '100' -@1:impute 'mean' -@1:mem-limit '2048' -@1:normalize 'none' -@1:performance_trans 'log' -@1:separator 'W' -@1:solver 'selectors/flexfolio/src/flexfolio_train.py'  
[INFO ] Incumbent changed to: config 64 (internal ID: 0xF62F8), with mean runtime: 18.9; estimate based on 10 runs.
[INFO ] Sample call for new incumbent config 64 (internal ID: 0xF62F8): 
cd /home/academic/toliu/af/autofolio_asc/.; python wrappers/flexfolio/ff_wrapper.py train_out/SAT12-ALL_9/config_wrapper.json 1 0 1800.0 2147483647 -1 -@1:F:aspeed-opt 'no' -@1:approach 'SBS' -@1:approx-weights 'rmsd' -@1:aslib-dir 'autofolio_arff/train/SAT12-ALL_9' -@1:aspeed:time-limit '100' -@1:impute 'mean' -@1:mem-limit '2048' -@1:normalize 'none' -@1:performance_trans 'zscore' -@1:separator 'W' -@1:solver 'selectors/flexfolio/src/flexfolio_train.py'  
[WARN ] Algorithm Run Result reported a runtime of 62.0 (secs) that exceeded it's cutoff time of 24.402600515979533 (secs) by 37.59739948402047 (secs). Next warning at 38.59739948402047 (secs)  
[WARN ] Algorithm Run Result reported wallclock time of 62.405 (secs) that exceeded it's cutoff time of 24.402600515979533 (secs) by 38.00239948402047 (secs). Next warning at 39.00239948402047 (secs)  
[WARN ] Algorithm Run Result reported a runtime of 62.0 (secs) that exceeded it's cutoff time of 23.10390097868741 (secs) by 38.896099021312594 (secs). Next warning at 39.896099021312594 (secs)  
[WARN ] Algorithm Run Result reported wallclock time of 62.544 (secs) that exceeded it's cutoff time of 23.10390097868741 (secs) by 39.44009902131259 (secs). Next warning at 40.44009902131259 (secs)  
[INFO ] 
=======================================================================================
SMAC has finished. Reason: wall-clock time limit (34801.345 s) has been reached.   
Total number of runs performed: 959, total configurations tried: 474.
Total CPU time used: 34297 s, total wallclock time used: 34801 s.
SMAC's final incumbent: config 64 (internal ID: 0xF62F8), with estimated mean runtime: 18.9, based on 10 run(s) on 10 training instance(s).
Sample call for this final incumbent:
cd /home/academic/toliu/af/autofolio_asc/.; python wrappers/flexfolio/ff_wrapper.py train_out/SAT12-ALL_9/config_wrapper.json 1 0 1800.0 2147483647 -1 -@1:F:aspeed-opt 'no' -@1:approach 'SBS' -@1:approx-weights 'rmsd' -@1:aslib-dir 'autofolio_arff/train/SAT12-ALL_9' -@1:aspeed:time-limit '100' -@1:impute 'mean' -@1:mem-limit '2048' -@1:normalize 'none' -@1:performance_trans 'zscore' -@1:separator 'W' -@1:solver 'selectors/flexfolio/src/flexfolio_train.py'
=======================================================================================
[INFO ] 
----------------------------------------------------------------------------------------------------------------------------------------------------------------------------
Additional information about run 1 in:/home/academic/toliu/af/autofolio_asc/train_out/SAT12-ALL_9/smac-output/autofolio
----------------------------------------------------------------------------------------------------------------------------------------------------------------------------
