[INFO ] Logging to: /home/academic/toliu/af/autofolio_asc/train_out/QBF-2016_6/smac-output/autofolio/log-run1.txt
[INFO ] Version of SMAC is v2.08.00-master-731 (0e43c26c3d1f), running on OpenJDK 64-Bit Server VM (11.0.11) and Linux 4.15.0-143-generic (amd64) 
[INFO ] Call String: smac --scenarioFile train_out/QBF-2016_6/autofolio.scen --seed 1 --always-run-initial-config True --validation False --output-dir train_out/QBF-2016_6/smac-output 
[INFO ] SMAC started at: May 27, 2021, 12:45:47 AM. Minimizing mean runtime.
WARNING: An illegal reflective access operation has occurred
WARNING: Illegal reflective access by ca.ubc.cs.beta.aeatk.targetalgorithmevaluator.base.cli.CommandLineAlgorithmRun (file:/home/academic/toliu/af/autofolio_asc/configurators/smac-v2.08.00-master-731/lib/aeatk.jar) to field java.lang.ProcessImpl.pid
WARNING: Please consider reporting this to the maintainers of ca.ubc.cs.beta.aeatk.targetalgorithmevaluator.base.cli.CommandLineAlgorithmRun
WARNING: Use --illegal-access=warn to enable warnings of further illegal reflective access operations
WARNING: All illegal access operations will be denied in a future release
[INFO ] First incumbent: config 1 (internal ID: 0x000D), with mean runtime: 37.0; estimate based on 1 runs.
[INFO ] Sample call for new incumbent config 1 (internal ID: 0x000D): 
cd /home/academic/toliu/af/autofolio_asc/.; python wrappers/flexfolio/ff_wrapper.py train_out/QBF-2016_6/config_wrapper.json 5 0 1800.0 2147483647 -1 -@1:F:aspeed-opt 'no' -@1:approach 'CLASSVOTER' -@1:approx-weights 'None' -@1:aslib-dir 'autofolio_arff/train/QBF-2016_6' -@1:aspeed:time-limit '100' -@1:classifier 'RANDOMFOREST' -@1:impute 'mean' -@1:mem-limit '2048' -@1:normalize 'zscore' -@1:performance_trans 'None' -@1:separator 'W' -@1:solver 'selectors/flexfolio/src/flexfolio_train.py' -@1:voting:rf-criterion 'entropy' -@1:voting:rf-max_features 'sqrt' -@1:voting:rf-min_samples_leaf '10'  
[INFO ] Updated estimated mean runtime of the same incumbent: 37.5; estimate now based on 2 runs.
[INFO ] Incumbent changed to: config 2 (internal ID: 0x41B2), with mean runtime: 15.0; estimate based on 2 runs.
[INFO ] Sample call for new incumbent config 2 (internal ID: 0x41B2): 
cd /home/academic/toliu/af/autofolio_asc/.; python wrappers/flexfolio/ff_wrapper.py train_out/QBF-2016_6/config_wrapper.json 3 0 1800.0 2147483647 -1 -@1:F:aspeed-opt 'yes' -@1:F:concentrate 'yes' -@1:approach 'SBS' -@1:approx-weights 'nrmsd' -@1:aslib-dir 'autofolio_arff/train/QBF-2016_6' -@1:aspeed:time-limit '100' -@1:impute 'median' -@1:max-solver '36' -@1:mem-limit '2048' -@1:normalize 'dec' -@1:opt-mode '4' -@1:performance_trans 'None' -@1:separator 'W' -@1:solver 'selectors/flexfolio/src/flexfolio_train.py' -@1:time-pre-solvers '1'  
[INFO ] Updated estimated mean runtime of the same incumbent: 15.0; estimate now based on 3 runs.
[WARN ] Algorithm Run Result reported a runtime of 29.0 (secs) that exceeded it's cutoff time of 20.502600966367126 (secs) by 8.497399033632874 (secs). Next warning at 9.497399033632874 (secs)  
[INFO ] Updated estimated mean runtime of the same incumbent: 15.25; estimate now based on 4 runs.
[INFO ] Incumbent changed to: config 4 (internal ID: 0xA1C2), with mean runtime: 7.0; estimate based on 4 runs.
[INFO ] Sample call for new incumbent config 4 (internal ID: 0xA1C2): 
cd /home/academic/toliu/af/autofolio_asc/.; python wrappers/flexfolio/ff_wrapper.py train_out/QBF-2016_6/config_wrapper.json 3 0 1800.0 2147483647 -1 -@1:F:aspeed-opt 'no' -@1:approach 'SBS' -@1:approx-weights 'None' -@1:aslib-dir 'autofolio_arff/train/QBF-2016_6' -@1:aspeed:time-limit '100' -@1:impute 'none' -@1:mem-limit '2048' -@1:normalize 'zscore' -@1:performance_trans 'zscore' -@1:separator 'W' -@1:solver 'selectors/flexfolio/src/flexfolio_train.py'  
[INFO ] Updated estimated mean runtime of the same incumbent: 7.0; estimate now based on 5 runs.
[INFO ] Updated estimated mean runtime of the same incumbent: 7.166666666666667; estimate now based on 6 runs.
[INFO ] Updated estimated mean runtime of the same incumbent: 7.285714285714286; estimate now based on 7 runs.
[INFO ] Updated estimated mean runtime of the same incumbent: 7.25; estimate now based on 8 runs.
[INFO ] Updated estimated mean runtime of the same incumbent: 7.222222222222222; estimate now based on 9 runs.
[INFO ] Updated estimated mean runtime of the same incumbent: 7.2; estimate now based on 10 runs.
[WARN ] Algorithm Run Result reported a runtime of 20.0 (secs) that exceeded it's cutoff time of 10.102600714537502 (secs) by 9.897399285462498 (secs). Next warning at 10.897399285462498 (secs)  
[INFO ] Incumbent changed to: config 12 (internal ID: 0x2C982), with mean runtime: 7.1; estimate based on 10 runs.
[INFO ] Sample call for new incumbent config 12 (internal ID: 0x2C982): 
cd /home/academic/toliu/af/autofolio_asc/.; python wrappers/flexfolio/ff_wrapper.py train_out/QBF-2016_6/config_wrapper.json 1 0 1800.0 2147483647 -1 -@1:F:aspeed-opt 'no' -@1:approach 'SBS' -@1:approx-weights 'nrmsd' -@1:aslib-dir 'autofolio_arff/train/QBF-2016_6' -@1:aspeed:time-limit '100' -@1:impute 'mean' -@1:mem-limit '2048' -@1:normalize 'linear' -@1:performance_trans 'zscore' -@1:separator 'W' -@1:solver 'selectors/flexfolio/src/flexfolio_train.py'  
[INFO ] Incumbent changed to: config 17 (internal ID: 0x3F8FE), with mean runtime: 7.0; estimate based on 10 runs.
[INFO ] Sample call for new incumbent config 17 (internal ID: 0x3F8FE): 
cd /home/academic/toliu/af/autofolio_asc/.; python wrappers/flexfolio/ff_wrapper.py train_out/QBF-2016_6/config_wrapper.json 1 0 1800.0 2147483647 -1 -@1:F:aspeed-opt 'no' -@1:approach 'SBS' -@1:approx-weights 'nrmsd' -@1:aslib-dir 'autofolio_arff/train/QBF-2016_6' -@1:aspeed:time-limit '100' -@1:impute 'none' -@1:mem-limit '2048' -@1:normalize 'none' -@1:performance_trans 'log' -@1:separator 'W' -@1:solver 'selectors/flexfolio/src/flexfolio_train.py'  
[WARN ] Algorithm Run Result reported wallclock time of 20.273 (secs) that exceeded it's cutoff time of 10.102600714537502 (secs) by 10.170399285462498 (secs). Next warning at 11.170399285462498 (secs)  
[INFO ] Incumbent changed to: config 27 (internal ID: 0x63CA7), with mean runtime: 6.9; estimate based on 10 runs.
[INFO ] Sample call for new incumbent config 27 (internal ID: 0x63CA7): 
cd /home/academic/toliu/af/autofolio_asc/.; python wrappers/flexfolio/ff_wrapper.py train_out/QBF-2016_6/config_wrapper.json 1 0 1800.0 2147483647 -1 -@1:F:aspeed-opt 'no' -@1:approach 'SBS' -@1:approx-weights 'nrmsd' -@1:aslib-dir 'autofolio_arff/train/QBF-2016_6' -@1:aspeed:time-limit '100' -@1:impute 'median' -@1:mem-limit '2048' -@1:normalize 'none' -@1:performance_trans 'None' -@1:separator 'W' -@1:solver 'selectors/flexfolio/src/flexfolio_train.py'  
[INFO ] Incumbent changed to: config 130 (internal ID: 0x22FDF7), with mean runtime: 6.4; estimate based on 10 runs.
[INFO ] Sample call for new incumbent config 130 (internal ID: 0x22FDF7): 
cd /home/academic/toliu/af/autofolio_asc/.; python wrappers/flexfolio/ff_wrapper.py train_out/QBF-2016_6/config_wrapper.json 1 0 1800.0 2147483647 -1 -@1:F:aspeed-opt 'no' -@1:approach 'SBS' -@1:approx-weights 'nrmsd' -@1:aslib-dir 'autofolio_arff/train/QBF-2016_6' -@1:aspeed:time-limit '100' -@1:impute 'none' -@1:mem-limit '2048' -@1:normalize 'dec' -@1:performance_trans 'log' -@1:separator 'W' -@1:solver 'selectors/flexfolio/src/flexfolio_train.py'  
[INFO ] Incumbent changed to: config 135 (internal ID: 0x19108FD), with mean runtime: 6.0; estimate based on 10 runs.
[INFO ] Sample call for new incumbent config 135 (internal ID: 0x19108FD): 
cd /home/academic/toliu/af/autofolio_asc/.; python wrappers/flexfolio/ff_wrapper.py train_out/QBF-2016_6/config_wrapper.json 1 0 1800.0 2147483647 -1 -@1:F:aspeed-opt 'no' -@1:approach 'SBS' -@1:approx-weights 'nrmsd' -@1:aslib-dir 'autofolio_arff/train/QBF-2016_6' -@1:aspeed:time-limit '100' -@1:impute 'none' -@1:mem-limit '2048' -@1:normalize 'linear' -@1:performance_trans 'log' -@1:separator 'W' -@1:solver 'selectors/flexfolio/src/flexfolio_train.py'  
[WARN ] Configuration 531 (0x2AD1961) which has been selected to replace the current incumbent 135 (0x19108FD) has 2 early censored runs. Future versions of SMAC will handle this case properly. For now we will simply repair the invariant manually by running all capped runs up to kappaMax. This warning can be safely ignored, it exists only so that this condition has some visibility (as SMAC could be improved by fixing this)
[INFO ] Incumbent changed to: config 531 (internal ID: 0x2AD1961), with mean runtime: 5.9; estimate based on 10 runs.
[INFO ] Sample call for new incumbent config 531 (internal ID: 0x2AD1961): 
cd /home/academic/toliu/af/autofolio_asc/.; python wrappers/flexfolio/ff_wrapper.py train_out/QBF-2016_6/config_wrapper.json 1 0 1800.0 2147483647 -1 -@1:F:aspeed-opt 'no' -@1:approach 'SBS' -@1:approx-weights 'rmsd' -@1:aslib-dir 'autofolio_arff/train/QBF-2016_6' -@1:aspeed:time-limit '100' -@1:impute 'mean' -@1:mem-limit '2048' -@1:normalize 'none' -@1:performance_trans 'None' -@1:separator 'W' -@1:solver 'selectors/flexfolio/src/flexfolio_train.py'  
[INFO ] 
=======================================================================================
SMAC has finished. Reason: wall-clock time limit (35253.64 s) has been reached.   
Total number of runs performed: 3428, total configurations tried: 1581.
Total CPU time used: 33190 s, total wallclock time used: 35254 s.
SMAC's final incumbent: config 531 (internal ID: 0x2AD1961), with estimated mean runtime: 5.9, based on 10 run(s) on 10 training instance(s).
Sample call for this final incumbent:
cd /home/academic/toliu/af/autofolio_asc/.; python wrappers/flexfolio/ff_wrapper.py train_out/QBF-2016_6/config_wrapper.json 1 0 1800.0 2147483647 -1 -@1:F:aspeed-opt 'no' -@1:approach 'SBS' -@1:approx-weights 'rmsd' -@1:aslib-dir 'autofolio_arff/train/QBF-2016_6' -@1:aspeed:time-limit '100' -@1:impute 'mean' -@1:mem-limit '2048' -@1:normalize 'none' -@1:performance_trans 'None' -@1:separator 'W' -@1:solver 'selectors/flexfolio/src/flexfolio_train.py'
=======================================================================================
[INFO ] 
----------------------------------------------------------------------------------------------------------------------------------------------------------------------------
Additional information about run 1 in:/home/academic/toliu/af/autofolio_asc/train_out/QBF-2016_6/smac-output/autofolio
----------------------------------------------------------------------------------------------------------------------------------------------------------------------------
