[INFO ] Logging to: /home/academic/toliu/af/autofolio_asc/train_out/CSP-Minizinc-Time-2016_10/smac-output/autofolio/log-run1.txt
[INFO ] Version of SMAC is v2.08.00-master-731 (0e43c26c3d1f), running on OpenJDK 64-Bit Server VM (11.0.11) and Linux 4.15.0-143-generic (amd64) 
[INFO ] Call String: smac --scenarioFile train_out/CSP-Minizinc-Time-2016_10/autofolio.scen --seed 1 --always-run-initial-config True --validation False --output-dir train_out/CSP-Minizinc-Time-2016_10/smac-output 
[INFO ] SMAC started at: May 30, 2021, 7:47:14 AM. Minimizing mean runtime.
WARNING: An illegal reflective access operation has occurred
WARNING: Illegal reflective access by ca.ubc.cs.beta.aeatk.targetalgorithmevaluator.base.cli.CommandLineAlgorithmRun (file:/home/academic/toliu/af/autofolio_asc/configurators/smac-v2.08.00-master-731/lib/aeatk.jar) to field java.lang.ProcessImpl.pid
WARNING: Please consider reporting this to the maintainers of ca.ubc.cs.beta.aeatk.targetalgorithmevaluator.base.cli.CommandLineAlgorithmRun
WARNING: Use --illegal-access=warn to enable warnings of further illegal reflective access operations
WARNING: All illegal access operations will be denied in a future release
[INFO ] First incumbent: config 1 (internal ID: 0x000D), with mean runtime: 3.0; estimate based on 1 runs.
[INFO ] Sample call for new incumbent config 1 (internal ID: 0x000D): 
cd /home/academic/toliu/af/autofolio_asc/.; python wrappers/flexfolio/ff_wrapper.py train_out/CSP-Minizinc-Time-2016_10/config_wrapper.json 5 0 1800.0 2147483647 -1 -@1:F:aspeed-opt 'no' -@1:approach 'CLASSVOTER' -@1:approx-weights 'None' -@1:aslib-dir 'autofolio_arff/train/CSP-Minizinc-Time-2016_10' -@1:aspeed:time-limit '100' -@1:classifier 'RANDOMFOREST' -@1:impute 'mean' -@1:mem-limit '2048' -@1:normalize 'zscore' -@1:performance_trans 'None' -@1:separator 'W' -@1:solver 'selectors/flexfolio/src/flexfolio_train.py' -@1:voting:rf-criterion 'entropy' -@1:voting:rf-max_features 'sqrt' -@1:voting:rf-min_samples_leaf '10'  
[INFO ] Updated estimated mean runtime of the same incumbent: 3.0; estimate now based on 2 runs.
[INFO ] Incumbent changed to: config 2 (internal ID: 0x41B2), with mean runtime: 0.0; estimate based on 2 runs.
[INFO ] Sample call for new incumbent config 2 (internal ID: 0x41B2): 
cd /home/academic/toliu/af/autofolio_asc/.; python wrappers/flexfolio/ff_wrapper.py train_out/CSP-Minizinc-Time-2016_10/config_wrapper.json 3 0 1800.0 2147483647 -1 -@1:F:aspeed-opt 'yes' -@1:F:concentrate 'yes' -@1:approach 'SBS' -@1:approx-weights 'nrmsd' -@1:aslib-dir 'autofolio_arff/train/CSP-Minizinc-Time-2016_10' -@1:aspeed:time-limit '100' -@1:impute 'median' -@1:max-solver '36' -@1:mem-limit '2048' -@1:normalize 'dec' -@1:opt-mode '4' -@1:performance_trans 'None' -@1:separator 'W' -@1:solver 'selectors/flexfolio/src/flexfolio_train.py' -@1:time-pre-solvers '1'  
[INFO ] Updated estimated mean runtime of the same incumbent: 0.0; estimate now based on 3 runs.
[INFO ] Updated estimated mean runtime of the same incumbent: 0.0; estimate now based on 4 runs.
[INFO ] Updated estimated mean runtime of the same incumbent: 0.0; estimate now based on 5 runs.
[INFO ] Updated estimated mean runtime of the same incumbent: 0.16666666666666669; estimate now based on 6 runs.
[INFO ] Updated estimated mean runtime of the same incumbent: 0.14285714285714288; estimate now based on 7 runs.
[WARN ] Algorithm Run Result reported a runtime of 3.0 (secs) that exceeded it's cutoff time of 1.0026010390102864 (secs) by 1.9973989609897136 (secs). Next warning at 2.9973989609897136 (secs)  
[INFO ] Updated estimated mean runtime of the same incumbent: 0.25; estimate now based on 8 runs.
[INFO ] Incumbent changed to: config 7 (internal ID: 0x18FB9), with mean runtime: 0.0; estimate based on 8 runs.
[INFO ] Sample call for new incumbent config 7 (internal ID: 0x18FB9): 
cd /home/academic/toliu/af/autofolio_asc/.; python wrappers/flexfolio/ff_wrapper.py train_out/CSP-Minizinc-Time-2016_10/config_wrapper.json 1 0 1800.0 2147483647 -1 -@1:F:aspeed-opt 'no' -@1:approach 'SBS' -@1:approx-weights 'nrmsd' -@1:aslib-dir 'autofolio_arff/train/CSP-Minizinc-Time-2016_10' -@1:aspeed:time-limit '100' -@1:impute 'median' -@1:mem-limit '2048' -@1:normalize 'linear' -@1:performance_trans 'log' -@1:separator 'W' -@1:solver 'selectors/flexfolio/src/flexfolio_train.py'  
[INFO ] Updated estimated mean runtime of the same incumbent: 0.0; estimate now based on 9 runs.
[INFO ] Updated estimated mean runtime of the same incumbent: 0.0; estimate now based on 10 runs.
[WARN ] Killed run <Instance:2, Seed:-1, Config:0x3C5C92, Kappa:1.0026010390102864, Execution Config: 0x0001> at 10.059999 for exceeding 10.0 times its cutoff time of 1.0026010390102864 (secs)
[WARN ] Algorithm Run Result reported a runtime of 10.059999 (secs) that exceeded it's cutoff time of 1.0026010390102864 (secs) by 9.057397960989713 (secs). Next warning at 10.057397960989713 (secs)  
[WARN ] Killed run <Instance:5, Seed:-1, Config:0x75CAC3, Kappa:1.0026010390102864, Execution Config: 0x0001> at 10.21 for exceeding 10.0 times its cutoff time of 1.0026010390102864 (secs)
[WARN ] Killed run <Instance:5, Seed:-1, Config:0xAEBF99, Kappa:1.0026010390102864, Execution Config: 0x0001> at 10.14 for exceeding 10.0 times its cutoff time of 1.0026010390102864 (secs)
[WARN ] Killed run <Instance:5, Seed:-1, Config:0xAF3533, Kappa:1.0026010390102864, Execution Config: 0x0001> at 10.61 for exceeding 10.0 times its cutoff time of 1.0026010390102864 (secs)
[WARN ] Killed run <Instance:10, Seed:-1, Config:0xE6B1C2, Kappa:1.0026010390102864, Execution Config: 0x0001> at 10.17 for exceeding 10.0 times its cutoff time of 1.0026010390102864 (secs)
[WARN ] Killed run <Instance:9, Seed:-1, Config:0x107C834, Kappa:1.0026010390102864, Execution Config: 0x0001> at 10.530001 for exceeding 10.0 times its cutoff time of 1.0026010390102864 (secs)
[WARN ] Killed run <Instance:6, Seed:-1, Config:0x149F2BC, Kappa:1.0026010390102864, Execution Config: 0x0001> at 10.21 for exceeding 10.0 times its cutoff time of 1.0026010390102864 (secs)
[WARN ] Killed run <Instance:3, Seed:-1, Config:0x159C87F, Kappa:1.0026010390102864, Execution Config: 0x0001> at 10.03 for exceeding 10.0 times its cutoff time of 1.0026010390102864 (secs)
[WARN ] Killed run <Instance:5, Seed:-1, Config:0x17CB437, Kappa:1.0026010390102864, Execution Config: 0x0001> at 10.09 for exceeding 10.0 times its cutoff time of 1.0026010390102864 (secs)
[WARN ] Killed run <Instance:1, Seed:-1, Config:0x1AD8735, Kappa:1.0026010390102864, Execution Config: 0x0001> at 10.73 for exceeding 10.0 times its cutoff time of 1.0026010390102864 (secs)
[WARN ] Killed run <Instance:6, Seed:-1, Config:0x2303494, Kappa:1.0026010390102864, Execution Config: 0x0001> at 10.76 for exceeding 10.0 times its cutoff time of 1.0026010390102864 (secs)
[WARN ] Killed run <Instance:6, Seed:-1, Config:0x2CB5461, Kappa:1.0026010390102864, Execution Config: 0x0001> at 10.440001 for exceeding 10.0 times its cutoff time of 1.0026010390102864 (secs)
[WARN ] Killed run <Instance:4, Seed:-1, Config:0x2D94291, Kappa:1.0026010390102864, Execution Config: 0x0001> at 10.75 for exceeding 10.0 times its cutoff time of 1.0026010390102864 (secs)
[WARN ] Killed run <Instance:9, Seed:-1, Config:0x34C55E3, Kappa:1.0026010390102864, Execution Config: 0x0001> at 10.27 for exceeding 10.0 times its cutoff time of 1.0026010390102864 (secs)
[WARN ] Killed run <Instance:2, Seed:-1, Config:0x36A7FFF, Kappa:1.0026010390102864, Execution Config: 0x0001> at 10.05 for exceeding 10.0 times its cutoff time of 1.0026010390102864 (secs)
[WARN ] Killed run <Instance:5, Seed:-1, Config:0x3A91F05, Kappa:1.0026010390102864, Execution Config: 0x0001> at 10.37 for exceeding 10.0 times its cutoff time of 1.0026010390102864 (secs)
[WARN ] Killed run <Instance:2, Seed:-1, Config:0x3D7F8FD, Kappa:1.0026010390102864, Execution Config: 0x0001> at 10.4 for exceeding 10.0 times its cutoff time of 1.0026010390102864 (secs)
[WARN ] Killed run <Instance:5, Seed:-1, Config:0x42B77BA, Kappa:1.0026010390102864, Execution Config: 0x0001> at 10.58 for exceeding 10.0 times its cutoff time of 1.0026010390102864 (secs)
[WARN ] Killed run <Instance:10, Seed:-1, Config:0x4370E5E, Kappa:1.0026010390102864, Execution Config: 0x0001> at 10.71 for exceeding 10.0 times its cutoff time of 1.0026010390102864 (secs)
[WARN ] Killed run <Instance:1, Seed:-1, Config:0x44395A5, Kappa:1.0026010390102864, Execution Config: 0x0001> at 10.77 for exceeding 10.0 times its cutoff time of 1.0026010390102864 (secs)
[WARN ] Killed run <Instance:8, Seed:-1, Config:0x461B65C, Kappa:1.0026010390102864, Execution Config: 0x0001> at 10.139999 for exceeding 10.0 times its cutoff time of 1.0026010390102864 (secs)
[WARN ] Killed run <Instance:10, Seed:-1, Config:0x4E9F656, Kappa:1.0026010390102864, Execution Config: 0x0001> at 10.42 for exceeding 10.0 times its cutoff time of 1.0026010390102864 (secs)
[WARN ] Killed run <Instance:10, Seed:-1, Config:0x51E5189, Kappa:1.0026010390102864, Execution Config: 0x0001> at 10.27 for exceeding 10.0 times its cutoff time of 1.0026010390102864 (secs)
[WARN ] Killed run <Instance:9, Seed:-1, Config:0x5505517, Kappa:1.0026010390102864, Execution Config: 0x0001> at 10.05 for exceeding 10.0 times its cutoff time of 1.0026010390102864 (secs)
[WARN ] Killed run <Instance:1, Seed:-1, Config:0x576CBFE, Kappa:1.0026010390102864, Execution Config: 0x0001> at 10.26 for exceeding 10.0 times its cutoff time of 1.0026010390102864 (secs)
[WARN ] Killed run <Instance:7, Seed:-1, Config:0x582D4B8, Kappa:1.0026010390102864, Execution Config: 0x0001> at 10.78 for exceeding 10.0 times its cutoff time of 1.0026010390102864 (secs)
[WARN ] Killed run <Instance:1, Seed:-1, Config:0x593814E, Kappa:1.0026010390102864, Execution Config: 0x0001> at 10.72 for exceeding 10.0 times its cutoff time of 1.0026010390102864 (secs)
[WARN ] Killed run <Instance:1, Seed:-1, Config:0x593814E, Kappa:1.0026010390102864, Execution Config: 0x0001> at 10.72 for exceeding 10.0 times its cutoff time of 1.0026010390102864 (secs)
[WARN ] Killed run <Instance:2, Seed:-1, Config:0x5AC8538, Kappa:1.0026010390102864, Execution Config: 0x0001> at 10.08 for exceeding 10.0 times its cutoff time of 1.0026010390102864 (secs)
[WARN ] Killed run <Instance:10, Seed:-1, Config:0x5AD72A4, Kappa:1.0026010390102864, Execution Config: 0x0001> at 10.4 for exceeding 10.0 times its cutoff time of 1.0026010390102864 (secs)
[WARN ] Killed run <Instance:10, Seed:-1, Config:0x5AD72A4, Kappa:1.0026010390102864, Execution Config: 0x0001> at 10.4 for exceeding 10.0 times its cutoff time of 1.0026010390102864 (secs)
[WARN ] Killed run <Instance:9, Seed:-1, Config:0x5AED6F0, Kappa:1.0026010390102864, Execution Config: 0x0001> at 10.84 for exceeding 10.0 times its cutoff time of 1.0026010390102864 (secs)
[INFO ] 
=======================================================================================
SMAC has finished. Reason: wall-clock time limit (35934.755 s) has been reached.   
Total number of runs performed: 30098, total configurations tried: 7034.
Total CPU time used: 14379 s, total wallclock time used: 35935 s.
SMAC's final incumbent: config 7 (internal ID: 0x18FB9), with estimated mean runtime: 0.0, based on 10 run(s) on 10 training instance(s).
Sample call for this final incumbent:
cd /home/academic/toliu/af/autofolio_asc/.; python wrappers/flexfolio/ff_wrapper.py train_out/CSP-Minizinc-Time-2016_10/config_wrapper.json 1 0 1800.0 2147483647 -1 -@1:F:aspeed-opt 'no' -@1:approach 'SBS' -@1:approx-weights 'nrmsd' -@1:aslib-dir 'autofolio_arff/train/CSP-Minizinc-Time-2016_10' -@1:aspeed:time-limit '100' -@1:impute 'median' -@1:mem-limit '2048' -@1:normalize 'linear' -@1:performance_trans 'log' -@1:separator 'W' -@1:solver 'selectors/flexfolio/src/flexfolio_train.py'
=======================================================================================
[INFO ] 
----------------------------------------------------------------------------------------------------------------------------------------------------------------------------
Additional information about run 1 in:/home/academic/toliu/af/autofolio_asc/train_out/CSP-Minizinc-Time-2016_10/smac-output/autofolio
----------------------------------------------------------------------------------------------------------------------------------------------------------------------------
