[INFO ] Logging to: /home/academic/toliu/af/autofolio_asc/train_out/TSP-LION2015_7/smac-output/autofolio/log-run1.txt
[INFO ] Version of SMAC is v2.08.00-master-731 (0e43c26c3d1f), running on OpenJDK 64-Bit Server VM (11.0.11) and Linux 4.15.0-143-generic (amd64) 
[INFO ] Call String: smac --scenarioFile train_out/TSP-LION2015_7/autofolio.scen --seed 1 --always-run-initial-config True --validation False --output-dir train_out/TSP-LION2015_7/smac-output 
[INFO ] SMAC started at: Jun 2, 2021, 9:33:00 PM. Minimizing mean runtime.
WARNING: An illegal reflective access operation has occurred
WARNING: Illegal reflective access by ca.ubc.cs.beta.aeatk.targetalgorithmevaluator.base.cli.CommandLineAlgorithmRun (file:/home/academic/toliu/af/autofolio_asc/configurators/smac-v2.08.00-master-731/lib/aeatk.jar) to field java.lang.ProcessImpl.pid
WARNING: Please consider reporting this to the maintainers of ca.ubc.cs.beta.aeatk.targetalgorithmevaluator.base.cli.CommandLineAlgorithmRun
WARNING: Use --illegal-access=warn to enable warnings of further illegal reflective access operations
WARNING: All illegal access operations will be denied in a future release
[ERROR] The following algorithm call failed: cd "/home/academic/toliu/af/autofolio_asc/." ;  python wrappers/flexfolio/ff_wrapper.py train_out/TSP-LION2015_7/config_wrapper.json 5 0 1800.0 2147483647 -1 -@1:F:aspeed-opt 'no' -@1:approach 'CLASSVOTER' -@1:approx-weights 'None' -@1:aslib-dir 'autofolio_arff/train/TSP-LION2015_7' -@1:aspeed:time-limit '100' -@1:classifier 'RANDOMFOREST' -@1:impute 'mean' -@1:mem-limit '2048' -@1:normalize 'zscore' -@1:performance_trans 'None' -@1:separator 'W' -@1:solver 'selectors/flexfolio/src/flexfolio_train.py' -@1:voting:rf-criterion 'entropy' -@1:voting:rf-max_features 'sqrt' -@1:voting:rf-min_samples_leaf '10'  
[ERROR] The last 5 lines of output we saw were:
[ERROR] > ./runsolver/runsolver -W 1800.0 -w /dev/null python wrappers/flexfolio/../../selectors/flexfolio/src/flexfolio_train.py --smac --model-dir train_out/TSP-LION2015_7/tmptJTJnB --test-set "(1;5)" --train-set "(1;0),(1;1),(1;2),(1;3),(1;4),(1;6),(1;7),(1;8),(1;9)" --normalize zscore --rf-min_samples_leaf 10 --approx-weights None --mem-limit 2048 --aslib-dir autofolio_arff/train/TSP-LION2015_7 --performance_trans None --rf-criterion entropy --time-limit 100 --impute mean --rf-max_features sqrt --approach CLASSVOTER --classifier RANDOMFOREST
[ERROR] > Timeout of claspfolio (or other problems)
[ERROR] > python wrappers/flexfolio/../../selectors/flexfolio/src/flexfolio_train.py --smac --model-dir train_out/TSP-LION2015_7/tmpqVFspx --preconf sbs --aslib-dir autofolio_arff/train/TSP-LION2015_7 --test-set "(1;5)" --train-set "(1;0),(1;1),(1;2),(1;3),(1;4),(1;6),(1;7),(1;8),(1;9)"
[ERROR] > Timeout of claspfolio (or other problems)
[ERROR] > Result for ParamILS: CRASHED, 8.000000, -1, 92233720368547758080.000000, -1, configuration crashed; runnning SBS
Error occurred while running SMAC
>Error Message:First Run Crashed : [<Instance:5, Seed:-1, Config:0x000D, Kappa:1800.0, Execution Config: 0x0001> ==> <CRASHED, 8.0, -1.0, 9.223372036854776E19, -1,configuration crashed; runnning SBS> W:(8.081)]
>Encountered Exception:TargetAlgorithmAbortException
>Error Log Location: /home/academic/toliu/af/autofolio_asc/train_out/TSP-LION2015_7/smac-output/autofolio/log-run1.txt
[ERROR] Message: First Run Crashed : [<Instance:5, Seed:-1, Config:0x000D, Kappa:1800.0, Execution Config: 0x0001> ==> <CRASHED, 8.0, -1.0, 9.223372036854776E19, -1,configuration crashed; runnning SBS> W:(8.081)]
[ERROR] We tried to call the target algorithm wrapper, but this call failed.
[ERROR] The problem is (most likely) somewhere in the wrapper or with the arguments to SMAC.
[ERROR] The easiest way to debug this problem is to manually execute the call we tried and see why it did not return the correct result
[ERROR] The required output of the wrapper is something like "Result for ParamILS: x,x,x,x,x".);
[INFO ] Exiting SMAC with failure. Log: /home/academic/toliu/af/autofolio_asc/train_out/TSP-LION2015_7/smac-output/autofolio/log-run1.txt
[INFO ] For a list of available commands use:  --help
[INFO ] The Quickstart guide at available at: http://www.cs.ubc.ca/labs/beta/Projects/SMAC/ or alternatively (doc/quickstart.html) gives simple examples for getting up and running.
[INFO ] The FAQ (doc/faq.pdf) contains commonly asked questions regarding troubleshooting, and usage.
[INFO ] The Manual (doc/manual.pdf) contains detailed information on file format semantics.
[INFO ] If you are stuck, please ask a question in the SMAC forum: https://groups.google.com/forum/#!forum/smac-forum
