[INFO ] Logging to: /home/academic/toliu/af/autofolio_asc/train_out/SAT03-16_INDU_3/smac-output/autofolio/log-run1.txt
[INFO ] Version of SMAC is v2.08.00-master-731 (0e43c26c3d1f), running on OpenJDK 64-Bit Server VM (11.0.11) and Linux 4.15.0-143-generic (amd64) 
[INFO ] Call String: smac --scenarioFile train_out/SAT03-16_INDU_3/autofolio.scen --seed 1 --always-run-initial-config True --validation False --output-dir train_out/SAT03-16_INDU_3/smac-output 
[INFO ] SMAC started at: May 25, 2021, 7:25:04 PM. Minimizing mean runtime.
WARNING: An illegal reflective access operation has occurred
WARNING: Illegal reflective access by ca.ubc.cs.beta.aeatk.targetalgorithmevaluator.base.cli.CommandLineAlgorithmRun (file:/home/academic/toliu/af/autofolio_asc/configurators/smac-v2.08.00-master-731/lib/aeatk.jar) to field java.lang.ProcessImpl.pid
WARNING: Please consider reporting this to the maintainers of ca.ubc.cs.beta.aeatk.targetalgorithmevaluator.base.cli.CommandLineAlgorithmRun
WARNING: Use --illegal-access=warn to enable warnings of further illegal reflective access operations
WARNING: All illegal access operations will be denied in a future release
[INFO ] First incumbent: config 1 (internal ID: 0x000D), with mean runtime: 18.0; estimate based on 1 runs.
[INFO ] Sample call for new incumbent config 1 (internal ID: 0x000D): 
cd /home/academic/toliu/af/autofolio_asc/.; python wrappers/flexfolio/ff_wrapper.py train_out/SAT03-16_INDU_3/config_wrapper.json 5 0 1800.0 2147483647 -1 -@1:F:aspeed-opt 'no' -@1:approach 'CLASSVOTER' -@1:approx-weights 'None' -@1:aslib-dir 'autofolio_arff/train/SAT03-16_INDU_3' -@1:aspeed:time-limit '100' -@1:classifier 'RANDOMFOREST' -@1:impute 'mean' -@1:mem-limit '2048' -@1:normalize 'zscore' -@1:performance_trans 'None' -@1:separator 'W' -@1:solver 'selectors/flexfolio/src/flexfolio_train.py' -@1:voting:rf-criterion 'entropy' -@1:voting:rf-max_features 'sqrt' -@1:voting:rf-min_samples_leaf '10'  
[INFO ] Updated estimated mean runtime of the same incumbent: 18.0; estimate now based on 2 runs.
[INFO ] Incumbent changed to: config 2 (internal ID: 0x41B2), with mean runtime: 16.0; estimate based on 2 runs.
[INFO ] Sample call for new incumbent config 2 (internal ID: 0x41B2): 
cd /home/academic/toliu/af/autofolio_asc/.; python wrappers/flexfolio/ff_wrapper.py train_out/SAT03-16_INDU_3/config_wrapper.json 3 0 1800.0 2147483647 -1 -@1:F:aspeed-opt 'yes' -@1:F:concentrate 'yes' -@1:approach 'SBS' -@1:approx-weights 'nrmsd' -@1:aslib-dir 'autofolio_arff/train/SAT03-16_INDU_3' -@1:aspeed:time-limit '100' -@1:impute 'median' -@1:max-solver '36' -@1:mem-limit '2048' -@1:normalize 'dec' -@1:opt-mode '4' -@1:performance_trans 'None' -@1:separator 'W' -@1:solver 'selectors/flexfolio/src/flexfolio_train.py' -@1:time-pre-solvers '1'  
[INFO ] Updated estimated mean runtime of the same incumbent: 16.333333333333332; estimate now based on 3 runs.
[WARN ] Algorithm Run Result reported a runtime of 27.0 (secs) that exceeded it's cutoff time of 17.905200802135468 (secs) by 9.094799197864532 (secs). Next warning at 10.094799197864532 (secs)  
[INFO ] Updated estimated mean runtime of the same incumbent: 16.5; estimate now based on 4 runs.
[WARN ] Algorithm Run Result reported wallclock time of 14.963 (secs) that exceeded it's cutoff time of 4.906500436711312 (secs) by 10.056499563288687 (secs). Next warning at 11.056499563288687 (secs)  
[INFO ] Incumbent changed to: config 4 (internal ID: 0xA1C2), with mean runtime: 8.0; estimate based on 4 runs.
[INFO ] Sample call for new incumbent config 4 (internal ID: 0xA1C2): 
cd /home/academic/toliu/af/autofolio_asc/.; python wrappers/flexfolio/ff_wrapper.py train_out/SAT03-16_INDU_3/config_wrapper.json 3 0 1800.0 2147483647 -1 -@1:F:aspeed-opt 'no' -@1:approach 'SBS' -@1:approx-weights 'None' -@1:aslib-dir 'autofolio_arff/train/SAT03-16_INDU_3' -@1:aspeed:time-limit '100' -@1:impute 'none' -@1:mem-limit '2048' -@1:normalize 'zscore' -@1:performance_trans 'zscore' -@1:separator 'W' -@1:solver 'selectors/flexfolio/src/flexfolio_train.py'  
[INFO ] Updated estimated mean runtime of the same incumbent: 8.0; estimate now based on 5 runs.
[INFO ] Updated estimated mean runtime of the same incumbent: 8.0; estimate now based on 6 runs.
[INFO ] Updated estimated mean runtime of the same incumbent: 8.0; estimate now based on 7 runs.
[INFO ] Updated estimated mean runtime of the same incumbent: 8.0; estimate now based on 8 runs.
[INFO ] Updated estimated mean runtime of the same incumbent: 8.0; estimate now based on 9 runs.
[INFO ] Updated estimated mean runtime of the same incumbent: 8.0; estimate now based on 10 runs.
[INFO ] Incumbent changed to: config 24 (internal ID: 0x59723), with mean runtime: 7.9; estimate based on 10 runs.
[INFO ] Sample call for new incumbent config 24 (internal ID: 0x59723): 
cd /home/academic/toliu/af/autofolio_asc/.; python wrappers/flexfolio/ff_wrapper.py train_out/SAT03-16_INDU_3/config_wrapper.json 1 0 1800.0 2147483647 -1 -@1:F:aspeed-opt 'no' -@1:approach 'SBS' -@1:approx-weights 'nrmsd' -@1:aslib-dir 'autofolio_arff/train/SAT03-16_INDU_3' -@1:aspeed:time-limit '100' -@1:impute 'none' -@1:mem-limit '2048' -@1:normalize 'dec' -@1:performance_trans 'zscore' -@1:separator 'W' -@1:solver 'selectors/flexfolio/src/flexfolio_train.py'  
[INFO ] Incumbent changed to: config 25 (internal ID: 0x5DC19), with mean runtime: 7.8; estimate based on 10 runs.
[INFO ] Sample call for new incumbent config 25 (internal ID: 0x5DC19): 
cd /home/academic/toliu/af/autofolio_asc/.; python wrappers/flexfolio/ff_wrapper.py train_out/SAT03-16_INDU_3/config_wrapper.json 1 0 1800.0 2147483647 -1 -@1:F:aspeed-opt 'no' -@1:approach 'SBS' -@1:approx-weights 'None' -@1:aslib-dir 'autofolio_arff/train/SAT03-16_INDU_3' -@1:aspeed:time-limit '100' -@1:impute 'mean' -@1:mem-limit '2048' -@1:normalize 'linear' -@1:performance_trans 'None' -@1:separator 'W' -@1:solver 'selectors/flexfolio/src/flexfolio_train.py'  
[WARN ] Algorithm Run Result reported a runtime of 22.0 (secs) that exceeded it's cutoff time of 11.402600201192499 (secs) by 10.597399798807501 (secs). Next warning at 11.597399798807501 (secs)  
[INFO ] Incumbent changed to: config 197 (internal ID: 0x381B23), with mean runtime: 7.7; estimate based on 10 runs.
[INFO ] Sample call for new incumbent config 197 (internal ID: 0x381B23): 
cd /home/academic/toliu/af/autofolio_asc/.; python wrappers/flexfolio/ff_wrapper.py train_out/SAT03-16_INDU_3/config_wrapper.json 1 0 1800.0 2147483647 -1 -@1:F:aspeed-opt 'no' -@1:approach 'SBS' -@1:approx-weights 'max' -@1:aslib-dir 'autofolio_arff/train/SAT03-16_INDU_3' -@1:aspeed:time-limit '100' -@1:impute 'none' -@1:mem-limit '2048' -@1:normalize 'none' -@1:performance_trans 'zscore' -@1:separator 'W' -@1:solver 'selectors/flexfolio/src/flexfolio_train.py'  
[INFO ] Incumbent changed to: config 214 (internal ID: 0x3E1CEE), with mean runtime: 7.6; estimate based on 10 runs.
[INFO ] Sample call for new incumbent config 214 (internal ID: 0x3E1CEE): 
cd /home/academic/toliu/af/autofolio_asc/.; python wrappers/flexfolio/ff_wrapper.py train_out/SAT03-16_INDU_3/config_wrapper.json 1 0 1800.0 2147483647 -1 -@1:F:aspeed-opt 'no' -@1:approach 'SBS' -@1:approx-weights 'rmsd' -@1:aslib-dir 'autofolio_arff/train/SAT03-16_INDU_3' -@1:aspeed:time-limit '100' -@1:impute 'mean' -@1:mem-limit '2048' -@1:normalize 'dec' -@1:performance_trans 'log' -@1:separator 'W' -@1:solver 'selectors/flexfolio/src/flexfolio_train.py'  
[INFO ] Incumbent changed to: config 555 (internal ID: 0xDAB12D), with mean runtime: 7.5; estimate based on 10 runs.
[INFO ] Sample call for new incumbent config 555 (internal ID: 0xDAB12D): 
cd /home/academic/toliu/af/autofolio_asc/.; python wrappers/flexfolio/ff_wrapper.py train_out/SAT03-16_INDU_3/config_wrapper.json 1 0 1800.0 2147483647 -1 -@1:F:aspeed-opt 'no' -@1:approach 'SBS' -@1:approx-weights 'None' -@1:aslib-dir 'autofolio_arff/train/SAT03-16_INDU_3' -@1:aspeed:time-limit '100' -@1:impute 'mean' -@1:mem-limit '2048' -@1:normalize 'none' -@1:performance_trans 'log' -@1:separator 'W' -@1:solver 'selectors/flexfolio/src/flexfolio_train.py'  
[INFO ] Incumbent changed to: config 251 (internal ID: 0xF1DD0A), with mean runtime: 7.4; estimate based on 10 runs.
[INFO ] Sample call for new incumbent config 251 (internal ID: 0xF1DD0A): 
cd /home/academic/toliu/af/autofolio_asc/.; python wrappers/flexfolio/ff_wrapper.py train_out/SAT03-16_INDU_3/config_wrapper.json 1 0 1800.0 2147483647 -1 -@1:F:aspeed-opt 'no' -@1:approach 'SBS' -@1:approx-weights 'max' -@1:aslib-dir 'autofolio_arff/train/SAT03-16_INDU_3' -@1:aspeed:time-limit '100' -@1:impute 'none' -@1:mem-limit '2048' -@1:normalize 'none' -@1:performance_trans 'log' -@1:separator 'W' -@1:solver 'selectors/flexfolio/src/flexfolio_train.py'  
[WARN ] Algorithm Run Result reported a runtime of 26.0 (secs) that exceeded it's cutoff time of 10.102600714537502 (secs) by 15.897399285462498 (secs). Next warning at 16.897399285462498 (secs)  
[WARN ] Algorithm Run Result reported wallclock time of 26.596 (secs) that exceeded it's cutoff time of 10.102600714537502 (secs) by 16.4933992854625 (secs). Next warning at 17.4933992854625 (secs)  
[INFO ] 
=======================================================================================
SMAC has finished. Reason: wall-clock time limit (35201.303 s) has been reached.   
Total number of runs performed: 2375, total configurations tried: 1153.
Total CPU time used: 34007 s, total wallclock time used: 35201 s.
SMAC's final incumbent: config 251 (internal ID: 0xF1DD0A), with estimated mean runtime: 7.4, based on 10 run(s) on 10 training instance(s).
Sample call for this final incumbent:
cd /home/academic/toliu/af/autofolio_asc/.; python wrappers/flexfolio/ff_wrapper.py train_out/SAT03-16_INDU_3/config_wrapper.json 1 0 1800.0 2147483647 -1 -@1:F:aspeed-opt 'no' -@1:approach 'SBS' -@1:approx-weights 'max' -@1:aslib-dir 'autofolio_arff/train/SAT03-16_INDU_3' -@1:aspeed:time-limit '100' -@1:impute 'none' -@1:mem-limit '2048' -@1:normalize 'none' -@1:performance_trans 'log' -@1:separator 'W' -@1:solver 'selectors/flexfolio/src/flexfolio_train.py'
=======================================================================================
[INFO ] 
----------------------------------------------------------------------------------------------------------------------------------------------------------------------------
Additional information about run 1 in:/home/academic/toliu/af/autofolio_asc/train_out/SAT03-16_INDU_3/smac-output/autofolio
----------------------------------------------------------------------------------------------------------------------------------------------------------------------------
