[INFO ] Logging to: /home/academic/toliu/af/autofolio_asc/train_out/CSP-Minizinc-Time-2016_4/smac-output/autofolio/log-run1.txt
[INFO ] Version of SMAC is v2.08.00-master-731 (0e43c26c3d1f), running on OpenJDK 64-Bit Server VM (11.0.11) and Linux 4.15.0-143-generic (amd64) 
[INFO ] Call String: smac --scenarioFile train_out/CSP-Minizinc-Time-2016_4/autofolio.scen --seed 1 --always-run-initial-config True --validation False --output-dir train_out/CSP-Minizinc-Time-2016_4/smac-output 
[INFO ] SMAC started at: May 26, 2021, 1:43:44 AM. Minimizing mean runtime.
WARNING: An illegal reflective access operation has occurred
WARNING: Illegal reflective access by ca.ubc.cs.beta.aeatk.targetalgorithmevaluator.base.cli.CommandLineAlgorithmRun (file:/home/academic/toliu/af/autofolio_asc/configurators/smac-v2.08.00-master-731/lib/aeatk.jar) to field java.lang.ProcessImpl.pid
WARNING: Please consider reporting this to the maintainers of ca.ubc.cs.beta.aeatk.targetalgorithmevaluator.base.cli.CommandLineAlgorithmRun
WARNING: Use --illegal-access=warn to enable warnings of further illegal reflective access operations
WARNING: All illegal access operations will be denied in a future release
[INFO ] First incumbent: config 1 (internal ID: 0x000D), with mean runtime: 6.0; estimate based on 1 runs.
[INFO ] Sample call for new incumbent config 1 (internal ID: 0x000D): 
cd /home/academic/toliu/af/autofolio_asc/.; python wrappers/flexfolio/ff_wrapper.py train_out/CSP-Minizinc-Time-2016_4/config_wrapper.json 5 0 1800.0 2147483647 -1 -@1:F:aspeed-opt 'no' -@1:approach 'CLASSVOTER' -@1:approx-weights 'None' -@1:aslib-dir 'autofolio_arff/train/CSP-Minizinc-Time-2016_4' -@1:aspeed:time-limit '100' -@1:classifier 'RANDOMFOREST' -@1:impute 'mean' -@1:mem-limit '2048' -@1:normalize 'zscore' -@1:performance_trans 'None' -@1:separator 'W' -@1:solver 'selectors/flexfolio/src/flexfolio_train.py' -@1:voting:rf-criterion 'entropy' -@1:voting:rf-max_features 'sqrt' -@1:voting:rf-min_samples_leaf '10'  
[INFO ] Updated estimated mean runtime of the same incumbent: 6.5; estimate now based on 2 runs.
[INFO ] Incumbent changed to: config 2 (internal ID: 0x41B2), with mean runtime: 2.0; estimate based on 2 runs.
[INFO ] Sample call for new incumbent config 2 (internal ID: 0x41B2): 
cd /home/academic/toliu/af/autofolio_asc/.; python wrappers/flexfolio/ff_wrapper.py train_out/CSP-Minizinc-Time-2016_4/config_wrapper.json 3 0 1800.0 2147483647 -1 -@1:F:aspeed-opt 'yes' -@1:F:concentrate 'yes' -@1:approach 'SBS' -@1:approx-weights 'nrmsd' -@1:aslib-dir 'autofolio_arff/train/CSP-Minizinc-Time-2016_4' -@1:aspeed:time-limit '100' -@1:impute 'median' -@1:max-solver '36' -@1:mem-limit '2048' -@1:normalize 'dec' -@1:opt-mode '4' -@1:performance_trans 'None' -@1:separator 'W' -@1:solver 'selectors/flexfolio/src/flexfolio_train.py' -@1:time-pre-solvers '1'  
[INFO ] Updated estimated mean runtime of the same incumbent: 2.0; estimate now based on 3 runs.
[INFO ] Updated estimated mean runtime of the same incumbent: 2.0; estimate now based on 4 runs.
[INFO ] Updated estimated mean runtime of the same incumbent: 2.0; estimate now based on 5 runs.
[INFO ] Updated estimated mean runtime of the same incumbent: 2.0; estimate now based on 6 runs.
[INFO ] Incumbent changed to: config 5 (internal ID: 0x1250B), with mean runtime: 1.0; estimate based on 6 runs.
[INFO ] Sample call for new incumbent config 5 (internal ID: 0x1250B): 
cd /home/academic/toliu/af/autofolio_asc/.; python wrappers/flexfolio/ff_wrapper.py train_out/CSP-Minizinc-Time-2016_4/config_wrapper.json 3 0 1800.0 2147483647 -1 -@1:F:aspeed-opt 'no' -@1:approach 'CLASSVOTER' -@1:approx-weights 'rmsd' -@1:aslib-dir 'autofolio_arff/train/CSP-Minizinc-Time-2016_4' -@1:aspeed:time-limit '100' -@1:classifier 'SVM' -@1:impute 'median' -@1:mem-limit '2048' -@1:normalize 'none' -@1:performance_trans 'None' -@1:separator 'W' -@1:solver 'selectors/flexfolio/src/flexfolio_train.py' -@1:voting:svm-C '30.418261466447845' -@1:voting:svm-gamma '0.006339593081633245'  
[INFO ] Updated estimated mean runtime of the same incumbent: 1.0; estimate now based on 7 runs.
[WARN ] Algorithm Run Result reported a runtime of 5.0 (secs) that exceeded it's cutoff time of 2.302600525665283 (secs) by 2.697399474334717 (secs). Next warning at 3.697399474334717 (secs)  
[INFO ] Updated estimated mean runtime of the same incumbent: 1.0; estimate now based on 8 runs.
[INFO ] Updated estimated mean runtime of the same incumbent: 1.0; estimate now based on 9 runs.
[INFO ] Updated estimated mean runtime of the same incumbent: 1.0; estimate now based on 10 runs.
[INFO ] Incumbent changed to: config 12 (internal ID: 0x2C944), with mean runtime: 0.9; estimate based on 10 runs.
[INFO ] Sample call for new incumbent config 12 (internal ID: 0x2C944): 
cd /home/academic/toliu/af/autofolio_asc/.; python wrappers/flexfolio/ff_wrapper.py train_out/CSP-Minizinc-Time-2016_4/config_wrapper.json 1 0 1800.0 2147483647 -1 -@1:F:aspeed-opt 'no' -@1:approach 'SBS' -@1:approx-weights 'nrmsd' -@1:aslib-dir 'autofolio_arff/train/CSP-Minizinc-Time-2016_4' -@1:aspeed:time-limit '100' -@1:impute 'mean' -@1:mem-limit '2048' -@1:normalize 'linear' -@1:performance_trans 'zscore' -@1:separator 'W' -@1:solver 'selectors/flexfolio/src/flexfolio_train.py'  
[INFO ] Incumbent changed to: config 147 (internal ID: 0x2C4F23), with mean runtime: 0.8; estimate based on 10 runs.
[INFO ] Sample call for new incumbent config 147 (internal ID: 0x2C4F23): 
cd /home/academic/toliu/af/autofolio_asc/.; python wrappers/flexfolio/ff_wrapper.py train_out/CSP-Minizinc-Time-2016_4/config_wrapper.json 1 0 1800.0 2147483647 -1 -@1:F:aspeed-opt 'no' -@1:approach 'SBS' -@1:approx-weights 'rmsd' -@1:aslib-dir 'autofolio_arff/train/CSP-Minizinc-Time-2016_4' -@1:aspeed:time-limit '100' -@1:impute 'median' -@1:mem-limit '2048' -@1:normalize 'dec' -@1:performance_trans 'zscore' -@1:separator 'W' -@1:solver 'selectors/flexfolio/src/flexfolio_train.py'  
[INFO ] Incumbent changed to: config 171 (internal ID: 0x359EB9), with mean runtime: 0.7; estimate based on 10 runs.
[INFO ] Sample call for new incumbent config 171 (internal ID: 0x359EB9): 
cd /home/academic/toliu/af/autofolio_asc/.; python wrappers/flexfolio/ff_wrapper.py train_out/CSP-Minizinc-Time-2016_4/config_wrapper.json 1 0 1800.0 2147483647 -1 -@1:F:aspeed-opt 'no' -@1:approach 'SBS' -@1:approx-weights 'None' -@1:aslib-dir 'autofolio_arff/train/CSP-Minizinc-Time-2016_4' -@1:aspeed:time-limit '100' -@1:impute 'median' -@1:mem-limit '2048' -@1:normalize 'dec' -@1:performance_trans 'log' -@1:separator 'W' -@1:solver 'selectors/flexfolio/src/flexfolio_train.py'  
[INFO ] Incumbent changed to: config 199 (internal ID: 0x4012FE), with mean runtime: 0.5; estimate based on 10 runs.
[INFO ] Sample call for new incumbent config 199 (internal ID: 0x4012FE): 
cd /home/academic/toliu/af/autofolio_asc/.; python wrappers/flexfolio/ff_wrapper.py train_out/CSP-Minizinc-Time-2016_4/config_wrapper.json 1 0 1800.0 2147483647 -1 -@1:F:aspeed-opt 'no' -@1:approach 'SBS' -@1:approx-weights 'None' -@1:aslib-dir 'autofolio_arff/train/CSP-Minizinc-Time-2016_4' -@1:aspeed:time-limit '100' -@1:impute 'mean' -@1:mem-limit '2048' -@1:normalize 'dec' -@1:performance_trans 'log' -@1:separator 'W' -@1:solver 'selectors/flexfolio/src/flexfolio_train.py'  
[INFO ] Incumbent changed to: config 4702 (internal ID: 0x6F2424F), with mean runtime: 0.0; estimate based on 10 runs.
[INFO ] Sample call for new incumbent config 4702 (internal ID: 0x6F2424F): 
cd /home/academic/toliu/af/autofolio_asc/.; python wrappers/flexfolio/ff_wrapper.py train_out/CSP-Minizinc-Time-2016_4/config_wrapper.json 1 0 1800.0 2147483647 -1 -@1:F:aspeed-opt 'no' -@1:approach 'CLASSVOTER' -@1:approx-weights 'nrmsd' -@1:aslib-dir 'autofolio_arff/train/CSP-Minizinc-Time-2016_4' -@1:aspeed:time-limit '100' -@1:classifier 'SVM' -@1:impute 'median' -@1:mem-limit '2048' -@1:normalize 'none' -@1:performance_trans 'zscore' -@1:separator 'W' -@1:solver 'selectors/flexfolio/src/flexfolio_train.py' -@1:voting:svm-C '15.358507746363681' -@1:voting:svm-gamma '0.7226363992723193'  
[INFO ] 
=======================================================================================
SMAC has finished. Reason: wall-clock time limit (35850.186 s) has been reached.   
Total number of runs performed: 20596, total configurations tried: 7072.
Total CPU time used: 21681 s, total wallclock time used: 35850 s.
SMAC's final incumbent: config 4702 (internal ID: 0x6F2424F), with estimated mean runtime: 0.0, based on 10 run(s) on 10 training instance(s).
Sample call for this final incumbent:
cd /home/academic/toliu/af/autofolio_asc/.; python wrappers/flexfolio/ff_wrapper.py train_out/CSP-Minizinc-Time-2016_4/config_wrapper.json 1 0 1800.0 2147483647 -1 -@1:F:aspeed-opt 'no' -@1:approach 'CLASSVOTER' -@1:approx-weights 'nrmsd' -@1:aslib-dir 'autofolio_arff/train/CSP-Minizinc-Time-2016_4' -@1:aspeed:time-limit '100' -@1:classifier 'SVM' -@1:impute 'median' -@1:mem-limit '2048' -@1:normalize 'none' -@1:performance_trans 'zscore' -@1:separator 'W' -@1:solver 'selectors/flexfolio/src/flexfolio_train.py' -@1:voting:svm-C '15.358507746363681' -@1:voting:svm-gamma '0.7226363992723193'
=======================================================================================
[INFO ] 
----------------------------------------------------------------------------------------------------------------------------------------------------------------------------
Additional information about run 1 in:/home/academic/toliu/af/autofolio_asc/train_out/CSP-Minizinc-Time-2016_4/smac-output/autofolio
----------------------------------------------------------------------------------------------------------------------------------------------------------------------------
