[INFO ] Logging to: /home/academic/toliu/af/autofolio_asc/train_out/BNSL-2016_6/smac-output/autofolio/log-run1.txt
[INFO ] Version of SMAC is v2.08.00-master-731 (0e43c26c3d1f), running on OpenJDK 64-Bit Server VM (11.0.11) and Linux 4.15.0-143-generic (amd64) 
[INFO ] Call String: smac --scenarioFile train_out/BNSL-2016_6/autofolio.scen --seed 1 --always-run-initial-config True --validation False --output-dir train_out/BNSL-2016_6/smac-output 
[INFO ] SMAC started at: May 27, 2021, 1:21:27 AM. Minimizing mean runtime.
WARNING: An illegal reflective access operation has occurred
WARNING: Illegal reflective access by ca.ubc.cs.beta.aeatk.targetalgorithmevaluator.base.cli.CommandLineAlgorithmRun (file:/home/academic/toliu/af/autofolio_asc/configurators/smac-v2.08.00-master-731/lib/aeatk.jar) to field java.lang.ProcessImpl.pid
WARNING: Please consider reporting this to the maintainers of ca.ubc.cs.beta.aeatk.targetalgorithmevaluator.base.cli.CommandLineAlgorithmRun
WARNING: Use --illegal-access=warn to enable warnings of further illegal reflective access operations
WARNING: All illegal access operations will be denied in a future release
[INFO ] First incumbent: config 1 (internal ID: 0x000D), with mean runtime: 7.0; estimate based on 1 runs.
[INFO ] Sample call for new incumbent config 1 (internal ID: 0x000D): 
cd /home/academic/toliu/af/autofolio_asc/.; python wrappers/flexfolio/ff_wrapper.py train_out/BNSL-2016_6/config_wrapper.json 5 0 1800.0 2147483647 -1 -@1:F:aspeed-opt 'no' -@1:approach 'CLASSVOTER' -@1:approx-weights 'None' -@1:aslib-dir 'autofolio_arff/train/BNSL-2016_6' -@1:aspeed:time-limit '100' -@1:classifier 'RANDOMFOREST' -@1:impute 'mean' -@1:mem-limit '2048' -@1:normalize 'zscore' -@1:performance_trans 'None' -@1:separator 'W' -@1:solver 'selectors/flexfolio/src/flexfolio_train.py' -@1:voting:rf-criterion 'entropy' -@1:voting:rf-max_features 'sqrt' -@1:voting:rf-min_samples_leaf '10'  
[INFO ] Updated estimated mean runtime of the same incumbent: 7.0; estimate now based on 2 runs.
[INFO ] Incumbent changed to: config 2 (internal ID: 0x41B2), with mean runtime: 6.0; estimate based on 2 runs.
[INFO ] Sample call for new incumbent config 2 (internal ID: 0x41B2): 
cd /home/academic/toliu/af/autofolio_asc/.; python wrappers/flexfolio/ff_wrapper.py train_out/BNSL-2016_6/config_wrapper.json 3 0 1800.0 2147483647 -1 -@1:F:aspeed-opt 'yes' -@1:F:concentrate 'yes' -@1:approach 'SBS' -@1:approx-weights 'nrmsd' -@1:aslib-dir 'autofolio_arff/train/BNSL-2016_6' -@1:aspeed:time-limit '100' -@1:impute 'median' -@1:max-solver '36' -@1:mem-limit '2048' -@1:normalize 'dec' -@1:opt-mode '4' -@1:performance_trans 'None' -@1:separator 'W' -@1:solver 'selectors/flexfolio/src/flexfolio_train.py' -@1:time-pre-solvers '1'  
[INFO ] Updated estimated mean runtime of the same incumbent: 5.666666666666667; estimate now based on 3 runs.
[WARN ] Algorithm Run Result reported a runtime of 8.0 (secs) that exceeded it's cutoff time of 4.905200487348438 (secs) by 3.094799512651562 (secs). Next warning at 4.094799512651562 (secs)  
[INFO ] Updated estimated mean runtime of the same incumbent: 5.75; estimate now based on 4 runs.
[INFO ] Incumbent changed to: config 4 (internal ID: 0xA1C2), with mean runtime: 2.0; estimate based on 4 runs.
[INFO ] Sample call for new incumbent config 4 (internal ID: 0xA1C2): 
cd /home/academic/toliu/af/autofolio_asc/.; python wrappers/flexfolio/ff_wrapper.py train_out/BNSL-2016_6/config_wrapper.json 3 0 1800.0 2147483647 -1 -@1:F:aspeed-opt 'no' -@1:approach 'SBS' -@1:approx-weights 'None' -@1:aslib-dir 'autofolio_arff/train/BNSL-2016_6' -@1:aspeed:time-limit '100' -@1:impute 'none' -@1:mem-limit '2048' -@1:normalize 'zscore' -@1:performance_trans 'zscore' -@1:separator 'W' -@1:solver 'selectors/flexfolio/src/flexfolio_train.py'  
[INFO ] Updated estimated mean runtime of the same incumbent: 2.0; estimate now based on 5 runs.
[INFO ] Updated estimated mean runtime of the same incumbent: 2.1666666666666665; estimate now based on 6 runs.
[INFO ] Updated estimated mean runtime of the same incumbent: 2.2857142857142856; estimate now based on 7 runs.
[WARN ] Algorithm Run Result reported a runtime of 8.0 (secs) that exceeded it's cutoff time of 3.60260001232028 (secs) by 4.397399987679719 (secs). Next warning at 5.397399987679719 (secs)  
[INFO ] Updated estimated mean runtime of the same incumbent: 2.25; estimate now based on 8 runs.
[INFO ] Updated estimated mean runtime of the same incumbent: 2.3333333333333335; estimate now based on 9 runs.
[INFO ] Updated estimated mean runtime of the same incumbent: 2.4; estimate now based on 10 runs.
[INFO ] Incumbent changed to: config 11 (internal ID: 0x29D5F), with mean runtime: 2.0; estimate based on 10 runs.
[INFO ] Sample call for new incumbent config 11 (internal ID: 0x29D5F): 
cd /home/academic/toliu/af/autofolio_asc/.; python wrappers/flexfolio/ff_wrapper.py train_out/BNSL-2016_6/config_wrapper.json 1 0 1800.0 2147483647 -1 -@1:F:aspeed-opt 'no' -@1:approach 'SBS' -@1:approx-weights 'None' -@1:aslib-dir 'autofolio_arff/train/BNSL-2016_6' -@1:aspeed:time-limit '100' -@1:impute 'none' -@1:mem-limit '2048' -@1:normalize 'none' -@1:performance_trans 'log' -@1:separator 'W' -@1:solver 'selectors/flexfolio/src/flexfolio_train.py'  
[WARN ] Configuration 362 (0x49661DB) which has been selected to replace the current incumbent 11 (0x29D5F) has 2 early censored runs. Future versions of SMAC will handle this case properly. For now we will simply repair the invariant manually by running all capped runs up to kappaMax. This warning can be safely ignored, it exists only so that this condition has some visibility (as SMAC could be improved by fixing this)
[INFO ] Incumbent changed to: config 362 (internal ID: 0x49661DB), with mean runtime: 1.7; estimate based on 10 runs.
[INFO ] Sample call for new incumbent config 362 (internal ID: 0x49661DB): 
cd /home/academic/toliu/af/autofolio_asc/.; python wrappers/flexfolio/ff_wrapper.py train_out/BNSL-2016_6/config_wrapper.json 1 0 1800.0 2147483647 -1 -@1:F:aspeed-opt 'no' -@1:approach 'SBS' -@1:approx-weights 'nrmsd' -@1:aslib-dir 'autofolio_arff/train/BNSL-2016_6' -@1:aspeed:time-limit '100' -@1:impute 'mean' -@1:mem-limit '2048' -@1:normalize 'dec' -@1:performance_trans 'log' -@1:separator 'W' -@1:solver 'selectors/flexfolio/src/flexfolio_train.py'  
[WARN ] Configuration 336 (0x49BFF67) which has been selected to replace the current incumbent 362 (0x49661DB) has 1 early censored runs. Future versions of SMAC will handle this case properly. For now we will simply repair the invariant manually by running all capped runs up to kappaMax. This warning can be safely ignored, it exists only so that this condition has some visibility (as SMAC could be improved by fixing this)
[INFO ] Incumbent changed to: config 336 (internal ID: 0x49BFF67), with mean runtime: 1.5; estimate based on 10 runs.
[INFO ] Sample call for new incumbent config 336 (internal ID: 0x49BFF67): 
cd /home/academic/toliu/af/autofolio_asc/.; python wrappers/flexfolio/ff_wrapper.py train_out/BNSL-2016_6/config_wrapper.json 1 0 1800.0 2147483647 -1 -@1:F:aspeed-opt 'no' -@1:approach 'SBS' -@1:approx-weights 'rmsd' -@1:aslib-dir 'autofolio_arff/train/BNSL-2016_6' -@1:aspeed:time-limit '100' -@1:impute 'most_frequent' -@1:mem-limit '2048' -@1:normalize 'zscore' -@1:performance_trans 'None' -@1:separator 'W' -@1:solver 'selectors/flexfolio/src/flexfolio_train.py'  
[WARN ] Configuration 1531 (0x4A28689) which has been selected to replace the current incumbent 336 (0x49BFF67) has 2 early censored runs. Future versions of SMAC will handle this case properly. For now we will simply repair the invariant manually by running all capped runs up to kappaMax. This warning can be safely ignored, it exists only so that this condition has some visibility (as SMAC could be improved by fixing this)
[INFO ] Incumbent changed to: config 1531 (internal ID: 0x4A28689), with mean runtime: 1.4; estimate based on 10 runs.
[INFO ] Sample call for new incumbent config 1531 (internal ID: 0x4A28689): 
cd /home/academic/toliu/af/autofolio_asc/.; python wrappers/flexfolio/ff_wrapper.py train_out/BNSL-2016_6/config_wrapper.json 1 0 1800.0 2147483647 -1 -@1:F:aspeed-opt 'no' -@1:approach 'SBS' -@1:approx-weights 'rmsd' -@1:aslib-dir 'autofolio_arff/train/BNSL-2016_6' -@1:aspeed:time-limit '100' -@1:impute 'none' -@1:mem-limit '2048' -@1:normalize 'none' -@1:performance_trans 'None' -@1:separator 'W' -@1:solver 'selectors/flexfolio/src/flexfolio_train.py'  
[INFO ] Incumbent changed to: config 2536 (internal ID: 0x4C52652), with mean runtime: 1.0; estimate based on 10 runs.
[INFO ] Sample call for new incumbent config 2536 (internal ID: 0x4C52652): 
cd /home/academic/toliu/af/autofolio_asc/.; python wrappers/flexfolio/ff_wrapper.py train_out/BNSL-2016_6/config_wrapper.json 1 0 1800.0 2147483647 -1 -@1:F:aspeed-opt 'no' -@1:approach 'SBS' -@1:approx-weights 'rmsd' -@1:aslib-dir 'autofolio_arff/train/BNSL-2016_6' -@1:aspeed:time-limit '100' -@1:impute 'none' -@1:mem-limit '2048' -@1:normalize 'zscore' -@1:performance_trans 'None' -@1:separator 'W' -@1:solver 'selectors/flexfolio/src/flexfolio_train.py'  
[WARN ] Killed run <Instance:6, Seed:-1, Config:0x6CCE201, Kappa:1.0039009883731604, Execution Config: 0x0001> at 10.23 for exceeding 10.0 times its cutoff time of 1.0039009883731604 (secs)
[WARN ] Killed run <Instance:6, Seed:-1, Config:0x6CCE201, Kappa:1.0039009883731604, Execution Config: 0x0001> at 10.23 for exceeding 10.0 times its cutoff time of 1.0039009883731604 (secs)
[WARN ] Algorithm Run Result reported a runtime of 10.23 (secs) that exceeded it's cutoff time of 1.0039009883731604 (secs) by 9.22609901162684 (secs). Next warning at 10.22609901162684 (secs)  
[INFO ] 
=======================================================================================
SMAC has finished. Reason: wall-clock time limit (35712.54 s) has been reached.   
Total number of runs performed: 6538, total configurations tried: 5041.
Total CPU time used: 32793 s, total wallclock time used: 35713 s.
SMAC's final incumbent: config 2536 (internal ID: 0x4C52652), with estimated mean runtime: 1.0, based on 10 run(s) on 10 training instance(s).
Sample call for this final incumbent:
cd /home/academic/toliu/af/autofolio_asc/.; python wrappers/flexfolio/ff_wrapper.py train_out/BNSL-2016_6/config_wrapper.json 1 0 1800.0 2147483647 -1 -@1:F:aspeed-opt 'no' -@1:approach 'SBS' -@1:approx-weights 'rmsd' -@1:aslib-dir 'autofolio_arff/train/BNSL-2016_6' -@1:aspeed:time-limit '100' -@1:impute 'none' -@1:mem-limit '2048' -@1:normalize 'zscore' -@1:performance_trans 'None' -@1:separator 'W' -@1:solver 'selectors/flexfolio/src/flexfolio_train.py'
=======================================================================================
[INFO ] 
----------------------------------------------------------------------------------------------------------------------------------------------------------------------------
Additional information about run 1 in:/home/academic/toliu/af/autofolio_asc/train_out/BNSL-2016_6/smac-output/autofolio
----------------------------------------------------------------------------------------------------------------------------------------------------------------------------
