[INFO ] Logging to: /home/academic/toliu/af/autofolio_asc/train_out/CPMP-2015_6/smac-output/autofolio/log-run1.txt
[INFO ] Version of SMAC is v2.08.00-master-731 (0e43c26c3d1f), running on OpenJDK 64-Bit Server VM (11.0.11) and Linux 4.15.0-143-generic (amd64) 
[INFO ] Call String: smac --scenarioFile train_out/CPMP-2015_6/autofolio.scen --seed 1 --always-run-initial-config True --validation False --output-dir train_out/CPMP-2015_6/smac-output 
[INFO ] Found previous run data in state output folder: /home/academic/toliu/af/autofolio_asc/train_out/CPMP-2015_6/smac-output/autofolio , renamed to: old-state-state-run1-1622946156973
[INFO ] SMAC started at: Jun 6, 2021, 4:22:37 AM. Minimizing mean runtime.
WARNING: An illegal reflective access operation has occurred
WARNING: Illegal reflective access by ca.ubc.cs.beta.aeatk.targetalgorithmevaluator.base.cli.CommandLineAlgorithmRun (file:/home/academic/toliu/af/autofolio_asc/configurators/smac-v2.08.00-master-731/lib/aeatk.jar) to field java.lang.ProcessImpl.pid
WARNING: Please consider reporting this to the maintainers of ca.ubc.cs.beta.aeatk.targetalgorithmevaluator.base.cli.CommandLineAlgorithmRun
WARNING: Use --illegal-access=warn to enable warnings of further illegal reflective access operations
WARNING: All illegal access operations will be denied in a future release
[INFO ] First incumbent: config 1 (internal ID: 0x000D), with mean runtime: 1.0; estimate based on 1 runs.
[INFO ] Sample call for new incumbent config 1 (internal ID: 0x000D): 
cd /home/academic/toliu/af/autofolio_asc/.; python wrappers/flexfolio/ff_wrapper.py train_out/CPMP-2015_6/config_wrapper.json 5 0 1800.0 2147483647 -1 -@1:F:aspeed-opt 'no' -@1:approach 'CLASSVOTER' -@1:approx-weights 'None' -@1:aslib-dir 'autofolio_arff/train/CPMP-2015_6' -@1:aspeed:time-limit '100' -@1:classifier 'RANDOMFOREST' -@1:impute 'mean' -@1:mem-limit '2048' -@1:normalize 'zscore' -@1:performance_trans 'None' -@1:separator 'W' -@1:solver 'selectors/flexfolio/src/flexfolio_train.py' -@1:voting:rf-criterion 'entropy' -@1:voting:rf-max_features 'sqrt' -@1:voting:rf-min_samples_leaf '10'  
[INFO ] Updated estimated mean runtime of the same incumbent: 1.0; estimate now based on 2 runs.
[INFO ] Updated estimated mean runtime of the same incumbent: 1.0; estimate now based on 3 runs.
[WARN ] Algorithm Run Result reported a runtime of 5.0 (secs) that exceeded it's cutoff time of 2.302600525665283 (secs) by 2.697399474334717 (secs). Next warning at 3.697399474334717 (secs)  
[INFO ] Updated estimated mean runtime of the same incumbent: 1.0; estimate now based on 4 runs.
[INFO ] Updated estimated mean runtime of the same incumbent: 1.0; estimate now based on 5 runs.
[INFO ] Updated estimated mean runtime of the same incumbent: 1.1666666666666667; estimate now based on 6 runs.
[INFO ] Updated estimated mean runtime of the same incumbent: 1.1428571428571428; estimate now based on 7 runs.
[INFO ] Updated estimated mean runtime of the same incumbent: 1.125; estimate now based on 8 runs.
[INFO ] Updated estimated mean runtime of the same incumbent: 1.1111111111111112; estimate now based on 9 runs.
[INFO ] Incumbent changed to: config 8 (internal ID: 0x1D87F), with mean runtime: 1.0; estimate based on 9 runs.
[INFO ] Sample call for new incumbent config 8 (internal ID: 0x1D87F): 
cd /home/academic/toliu/af/autofolio_asc/.; python wrappers/flexfolio/ff_wrapper.py train_out/CPMP-2015_6/config_wrapper.json 1 0 1800.0 2147483647 -1 -@1:F:aspeed-opt 'no' -@1:approach 'CLASSVOTER' -@1:approx-weights 'rmsd' -@1:aslib-dir 'autofolio_arff/train/CPMP-2015_6' -@1:aspeed:time-limit '100' -@1:classifier 'SVM' -@1:impute 'mean' -@1:mem-limit '2048' -@1:normalize 'zscore' -@1:performance_trans 'log' -@1:separator 'W' -@1:solver 'selectors/flexfolio/src/flexfolio_train.py' -@1:voting:svm-C '0.1905930500257477' -@1:voting:svm-gamma '0.03549754199112527'  
[INFO ] Updated estimated mean runtime of the same incumbent: 1.0; estimate now based on 10 runs.
[INFO ] Incumbent changed to: config 929 (internal ID: 0xE1A5E9), with mean runtime: 0.9; estimate based on 10 runs.
[INFO ] Sample call for new incumbent config 929 (internal ID: 0xE1A5E9): 
cd /home/academic/toliu/af/autofolio_asc/.; python wrappers/flexfolio/ff_wrapper.py train_out/CPMP-2015_6/config_wrapper.json 1 0 1800.0 2147483647 -1 -@1:F:aspeed-opt 'no' -@1:approach 'CLASSVOTER' -@1:approx-weights 'max' -@1:aslib-dir 'autofolio_arff/train/CPMP-2015_6' -@1:aspeed:time-limit '100' -@1:classifier 'GRADIENTBOOSTING' -@1:impute 'median' -@1:mem-limit '2048' -@1:normalize 'none' -@1:performance_trans 'None' -@1:separator 'W' -@1:solver 'selectors/flexfolio/src/flexfolio_train.py' -@1:voting:gb-max_depth '10' -@1:voting:gb-max_features 'sqrt' -@1:voting:gb-min_samples_leaf '51'  
[INFO ] Incumbent changed to: config 933 (internal ID: 0xE29621), with mean runtime: 0.8; estimate based on 10 runs.
[INFO ] Sample call for new incumbent config 933 (internal ID: 0xE29621): 
cd /home/academic/toliu/af/autofolio_asc/.; python wrappers/flexfolio/ff_wrapper.py train_out/CPMP-2015_6/config_wrapper.json 1 0 1800.0 2147483647 -1 -@1:F:aspeed-opt 'no' -@1:approach 'CLASSVOTER' -@1:approx-weights 'max' -@1:aslib-dir 'autofolio_arff/train/CPMP-2015_6' -@1:aspeed:time-limit '100' -@1:classifier 'GRADIENTBOOSTING' -@1:impute 'mean' -@1:mem-limit '2048' -@1:normalize 'none' -@1:performance_trans 'None' -@1:separator 'W' -@1:solver 'selectors/flexfolio/src/flexfolio_train.py' -@1:voting:gb-max_depth '10' -@1:voting:gb-max_features 'sqrt' -@1:voting:gb-min_samples_leaf '51'  
[INFO ] Incumbent changed to: config 935 (internal ID: 0xE34485), with mean runtime: 0.0; estimate based on 10 runs.
[INFO ] Sample call for new incumbent config 935 (internal ID: 0xE34485): 
cd /home/academic/toliu/af/autofolio_asc/.; python wrappers/flexfolio/ff_wrapper.py train_out/CPMP-2015_6/config_wrapper.json 1 0 1800.0 2147483647 -1 -@1:F:aspeed-opt 'no' -@1:approach 'CLASSVOTER' -@1:approx-weights 'rmsd' -@1:aslib-dir 'autofolio_arff/train/CPMP-2015_6' -@1:aspeed:time-limit '100' -@1:classifier 'SVM' -@1:impute 'median' -@1:mem-limit '2048' -@1:normalize 'zscore' -@1:performance_trans 'None' -@1:separator 'W' -@1:solver 'selectors/flexfolio/src/flexfolio_train.py' -@1:voting:svm-C '101.97457865578353' -@1:voting:svm-gamma '0.025699281016372602'  
[WARN ] Killed run <Instance:2, Seed:-1, Config:0x3D7743C, Kappa:1.0026010390102864, Execution Config: 0x0001> at 10.1 for exceeding 10.0 times its cutoff time of 1.0026010390102864 (secs)
[WARN ] Algorithm Run Result reported a runtime of 10.1 (secs) that exceeded it's cutoff time of 1.0026010390102864 (secs) by 9.097398960989713 (secs). Next warning at 10.097398960989713 (secs)  
[INFO ] 
=======================================================================================
SMAC has finished. Reason: wall-clock time limit (64758.703 s) has been reached.   
Total number of runs performed: 53175, total configurations tried: 8734.
Total CPU time used: 23462 s, total wallclock time used: 64759 s.
SMAC's final incumbent: config 935 (internal ID: 0xE34485), with estimated mean runtime: 0.0, based on 10 run(s) on 10 training instance(s).
Sample call for this final incumbent:
cd /home/academic/toliu/af/autofolio_asc/.; python wrappers/flexfolio/ff_wrapper.py train_out/CPMP-2015_6/config_wrapper.json 1 0 1800.0 2147483647 -1 -@1:F:aspeed-opt 'no' -@1:approach 'CLASSVOTER' -@1:approx-weights 'rmsd' -@1:aslib-dir 'autofolio_arff/train/CPMP-2015_6' -@1:aspeed:time-limit '100' -@1:classifier 'SVM' -@1:impute 'median' -@1:mem-limit '2048' -@1:normalize 'zscore' -@1:performance_trans 'None' -@1:separator 'W' -@1:solver 'selectors/flexfolio/src/flexfolio_train.py' -@1:voting:svm-C '101.97457865578353' -@1:voting:svm-gamma '0.025699281016372602'
=======================================================================================
[INFO ] 
----------------------------------------------------------------------------------------------------------------------------------------------------------------------------
Additional information about run 1 in:/home/academic/toliu/af/autofolio_asc/train_out/CPMP-2015_6/smac-output/autofolio
----------------------------------------------------------------------------------------------------------------------------------------------------------------------------
