[INFO ] Logging to: /home/academic/toliu/af/autofolio_asc/train_out/GRAPHS-2015_7/smac-output/autofolio/log-run1.txt
[INFO ] Version of SMAC is v2.08.00-master-731 (0e43c26c3d1f), running on OpenJDK 64-Bit Server VM (11.0.11) and Linux 4.15.0-143-generic (amd64) 
[INFO ] Call String: smac --scenarioFile train_out/GRAPHS-2015_7/autofolio.scen --seed 1 --always-run-initial-config True --validation False --output-dir train_out/GRAPHS-2015_7/smac-output 
[INFO ] SMAC started at: Jun 2, 2021, 9:49:45 PM. Minimizing mean runtime.
WARNING: An illegal reflective access operation has occurred
WARNING: Illegal reflective access by ca.ubc.cs.beta.aeatk.targetalgorithmevaluator.base.cli.CommandLineAlgorithmRun (file:/home/academic/toliu/af/autofolio_asc/configurators/smac-v2.08.00-master-731/lib/aeatk.jar) to field java.lang.ProcessImpl.pid
WARNING: Please consider reporting this to the maintainers of ca.ubc.cs.beta.aeatk.targetalgorithmevaluator.base.cli.CommandLineAlgorithmRun
WARNING: Use --illegal-access=warn to enable warnings of further illegal reflective access operations
WARNING: All illegal access operations will be denied in a future release
[INFO ] First incumbent: config 1 (internal ID: 0x000D), with mean runtime: 31.0; estimate based on 1 runs.
[INFO ] Sample call for new incumbent config 1 (internal ID: 0x000D): 
cd /home/academic/toliu/af/autofolio_asc/.; python wrappers/flexfolio/ff_wrapper.py train_out/GRAPHS-2015_7/config_wrapper.json 5 0 1800.0 2147483647 -1 -@1:F:aspeed-opt 'no' -@1:approach 'CLASSVOTER' -@1:approx-weights 'None' -@1:aslib-dir 'autofolio_arff/train/GRAPHS-2015_7' -@1:aspeed:time-limit '100' -@1:classifier 'RANDOMFOREST' -@1:impute 'mean' -@1:mem-limit '2048' -@1:normalize 'zscore' -@1:performance_trans 'None' -@1:separator 'W' -@1:solver 'selectors/flexfolio/src/flexfolio_train.py' -@1:voting:rf-criterion 'entropy' -@1:voting:rf-max_features 'sqrt' -@1:voting:rf-min_samples_leaf '10'  
[INFO ] Updated estimated mean runtime of the same incumbent: 30.5; estimate now based on 2 runs.
[WARN ] Algorithm Run Result reported a runtime of 48.0 (secs) that exceeded it's cutoff time of 40.002600893723965 (secs) by 7.997399106276035 (secs). Next warning at 8.997399106276035 (secs)  
[INFO ] Updated estimated mean runtime of the same incumbent: 30.333333333333332; estimate now based on 3 runs.
[WARN ] Algorithm Run Result reported a runtime of 66.0 (secs) that exceeded it's cutoff time of 40.002600893723965 (secs) by 25.997399106276035 (secs). Next warning at 26.997399106276035 (secs)  
[WARN ] Algorithm Run Result reported wallclock time of 66.171 (secs) that exceeded it's cutoff time of 40.002600893723965 (secs) by 26.16839910627604 (secs). Next warning at 27.16839910627604 (secs)  
[INFO ] Updated estimated mean runtime of the same incumbent: 30.5; estimate now based on 4 runs.
[INFO ] Incumbent changed to: config 4 (internal ID: 0xA1C2), with mean runtime: 23.75; estimate based on 4 runs.
[INFO ] Sample call for new incumbent config 4 (internal ID: 0xA1C2): 
cd /home/academic/toliu/af/autofolio_asc/.; python wrappers/flexfolio/ff_wrapper.py train_out/GRAPHS-2015_7/config_wrapper.json 3 0 1800.0 2147483647 -1 -@1:F:aspeed-opt 'no' -@1:approach 'SBS' -@1:approx-weights 'None' -@1:aslib-dir 'autofolio_arff/train/GRAPHS-2015_7' -@1:aspeed:time-limit '100' -@1:impute 'none' -@1:mem-limit '2048' -@1:normalize 'zscore' -@1:performance_trans 'zscore' -@1:separator 'W' -@1:solver 'selectors/flexfolio/src/flexfolio_train.py'  
[INFO ] Updated estimated mean runtime of the same incumbent: 24.0; estimate now based on 5 runs.
[INFO ] Updated estimated mean runtime of the same incumbent: 24.333333333333332; estimate now based on 6 runs.
[INFO ] Updated estimated mean runtime of the same incumbent: 24.285714285714285; estimate now based on 7 runs.
[INFO ] Updated estimated mean runtime of the same incumbent: 24.0; estimate now based on 8 runs.
[INFO ] Updated estimated mean runtime of the same incumbent: 24.22222222222222; estimate now based on 9 runs.
[INFO ] Updated estimated mean runtime of the same incumbent: 24.1; estimate now based on 10 runs.
[INFO ] Incumbent changed to: config 41 (internal ID: 0x9C77F), with mean runtime: 23.9; estimate based on 10 runs.
[INFO ] Sample call for new incumbent config 41 (internal ID: 0x9C77F): 
cd /home/academic/toliu/af/autofolio_asc/.; python wrappers/flexfolio/ff_wrapper.py train_out/GRAPHS-2015_7/config_wrapper.json 1 0 1800.0 2147483647 -1 -@1:F:aspeed-opt 'no' -@1:approach 'SBS' -@1:approx-weights 'None' -@1:aslib-dir 'autofolio_arff/train/GRAPHS-2015_7' -@1:aspeed:time-limit '100' -@1:impute 'mean' -@1:mem-limit '2048' -@1:normalize 'linear' -@1:performance_trans 'None' -@1:separator 'W' -@1:solver 'selectors/flexfolio/src/flexfolio_train.py'  
[INFO ] Incumbent changed to: config 59 (internal ID: 0xEAE35), with mean runtime: 23.1; estimate based on 10 runs.
[INFO ] Sample call for new incumbent config 59 (internal ID: 0xEAE35): 
cd /home/academic/toliu/af/autofolio_asc/.; python wrappers/flexfolio/ff_wrapper.py train_out/GRAPHS-2015_7/config_wrapper.json 1 0 1800.0 2147483647 -1 -@1:F:aspeed-opt 'no' -@1:approach 'SBS' -@1:approx-weights 'max' -@1:aslib-dir 'autofolio_arff/train/GRAPHS-2015_7' -@1:aspeed:time-limit '100' -@1:impute 'mean' -@1:mem-limit '2048' -@1:normalize 'none' -@1:performance_trans 'zscore' -@1:separator 'W' -@1:solver 'selectors/flexfolio/src/flexfolio_train.py'  
[WARN ] Algorithm Run Result reported a runtime of 59.0 (secs) that exceeded it's cutoff time of 30.90260012854934 (secs) by 28.09739987145066 (secs). Next warning at 29.09739987145066 (secs)  
[WARN ] Algorithm Run Result reported wallclock time of 59.074 (secs) that exceeded it's cutoff time of 30.90260012854934 (secs) by 28.171399871450657 (secs). Next warning at 29.171399871450657 (secs)  
[WARN ] Algorithm Run Result reported a runtime of 56.0 (secs) that exceeded it's cutoff time of 17.905200802135468 (secs) by 38.09479919786453 (secs). Next warning at 39.09479919786453 (secs)  
[WARN ] Algorithm Run Result reported wallclock time of 56.204 (secs) that exceeded it's cutoff time of 17.905200802135468 (secs) by 38.29879919786453 (secs). Next warning at 39.29879919786453 (secs)  
[WARN ] Algorithm Run Result reported a runtime of 70.0 (secs) that exceeded it's cutoff time of 30.90260012854934 (secs) by 39.09739987145066 (secs). Next warning at 40.09739987145066 (secs)  
[WARN ] Algorithm Run Result reported wallclock time of 70.833 (secs) that exceeded it's cutoff time of 30.90260012854934 (secs) by 39.93039987145066 (secs). Next warning at 40.93039987145066 (secs)  
[WARN ] Algorithm Run Result reported a runtime of 75.0 (secs) that exceeded it's cutoff time of 33.502600191506744 (secs) by 41.497399808493256 (secs). Next warning at 42.497399808493256 (secs)  
[WARN ] Algorithm Run Result reported wallclock time of 75.664 (secs) that exceeded it's cutoff time of 33.502600191506744 (secs) by 42.16139980849326 (secs). Next warning at 43.16139980849326 (secs)  
[INFO ] Incumbent changed to: config 442 (internal ID: 0x9FCCE5), with mean runtime: 22.7; estimate based on 10 runs.
[INFO ] Sample call for new incumbent config 442 (internal ID: 0x9FCCE5): 
cd /home/academic/toliu/af/autofolio_asc/.; python wrappers/flexfolio/ff_wrapper.py train_out/GRAPHS-2015_7/config_wrapper.json 1 0 1800.0 2147483647 -1 -@1:F:aspeed-opt 'no' -@1:approach 'CLASSVOTER' -@1:approx-weights 'None' -@1:aslib-dir 'autofolio_arff/train/GRAPHS-2015_7' -@1:aspeed:time-limit '100' -@1:classifier 'SVM' -@1:impute 'mean' -@1:mem-limit '2048' -@1:normalize 'zscore' -@1:performance_trans 'zscore' -@1:separator 'W' -@1:solver 'selectors/flexfolio/src/flexfolio_train.py' -@1:voting:svm-C '66.17840299845435' -@1:voting:svm-gamma '0.04385622656381695'  
[INFO ] 
=======================================================================================
SMAC has finished. Reason: wall-clock time limit (35067.026 s) has been reached.   
Total number of runs performed: 806, total configurations tried: 453.
Total CPU time used: 34700 s, total wallclock time used: 35067 s.
SMAC's final incumbent: config 442 (internal ID: 0x9FCCE5), with estimated mean runtime: 22.7, based on 10 run(s) on 10 training instance(s).
Sample call for this final incumbent:
cd /home/academic/toliu/af/autofolio_asc/.; python wrappers/flexfolio/ff_wrapper.py train_out/GRAPHS-2015_7/config_wrapper.json 1 0 1800.0 2147483647 -1 -@1:F:aspeed-opt 'no' -@1:approach 'CLASSVOTER' -@1:approx-weights 'None' -@1:aslib-dir 'autofolio_arff/train/GRAPHS-2015_7' -@1:aspeed:time-limit '100' -@1:classifier 'SVM' -@1:impute 'mean' -@1:mem-limit '2048' -@1:normalize 'zscore' -@1:performance_trans 'zscore' -@1:separator 'W' -@1:solver 'selectors/flexfolio/src/flexfolio_train.py' -@1:voting:svm-C '66.17840299845435' -@1:voting:svm-gamma '0.04385622656381695'
=======================================================================================
[INFO ] 
----------------------------------------------------------------------------------------------------------------------------------------------------------------------------
Additional information about run 1 in:/home/academic/toliu/af/autofolio_asc/train_out/GRAPHS-2015_7/smac-output/autofolio
----------------------------------------------------------------------------------------------------------------------------------------------------------------------------
