[INFO ] Logging to: /home/academic/toliu/af/autofolio_asc/train_out/MAXSAT-WPMS-2016_10/smac-output/autofolio/log-run1.txt
[INFO ] Version of SMAC is v2.08.00-master-731 (0e43c26c3d1f), running on OpenJDK 64-Bit Server VM (11.0.11) and Linux 4.15.0-143-generic (amd64) 
[INFO ] Call String: smac --scenarioFile train_out/MAXSAT-WPMS-2016_10/autofolio.scen --seed 1 --always-run-initial-config True --validation False --output-dir train_out/MAXSAT-WPMS-2016_10/smac-output 
[INFO ] SMAC started at: May 31, 2021, 3:50:17 AM. Minimizing mean runtime.
WARNING: An illegal reflective access operation has occurred
WARNING: Illegal reflective access by ca.ubc.cs.beta.aeatk.targetalgorithmevaluator.base.cli.CommandLineAlgorithmRun (file:/home/academic/toliu/af/autofolio_asc/configurators/smac-v2.08.00-master-731/lib/aeatk.jar) to field java.lang.ProcessImpl.pid
WARNING: Please consider reporting this to the maintainers of ca.ubc.cs.beta.aeatk.targetalgorithmevaluator.base.cli.CommandLineAlgorithmRun
WARNING: Use --illegal-access=warn to enable warnings of further illegal reflective access operations
WARNING: All illegal access operations will be denied in a future release
[INFO ] First incumbent: config 1 (internal ID: 0x000D), with mean runtime: 10.0; estimate based on 1 runs.
[INFO ] Sample call for new incumbent config 1 (internal ID: 0x000D): 
cd /home/academic/toliu/af/autofolio_asc/.; python wrappers/flexfolio/ff_wrapper.py train_out/MAXSAT-WPMS-2016_10/config_wrapper.json 5 0 1800.0 2147483647 -1 -@1:F:aspeed-opt 'no' -@1:approach 'CLASSVOTER' -@1:approx-weights 'None' -@1:aslib-dir 'autofolio_arff/train/MAXSAT-WPMS-2016_10' -@1:aspeed:time-limit '100' -@1:classifier 'RANDOMFOREST' -@1:impute 'mean' -@1:mem-limit '2048' -@1:normalize 'zscore' -@1:performance_trans 'None' -@1:separator 'W' -@1:solver 'selectors/flexfolio/src/flexfolio_train.py' -@1:voting:rf-criterion 'entropy' -@1:voting:rf-max_features 'sqrt' -@1:voting:rf-min_samples_leaf '10'  
[INFO ] Updated estimated mean runtime of the same incumbent: 10.5; estimate now based on 2 runs.
[INFO ] Incumbent changed to: config 2 (internal ID: 0x41B2), with mean runtime: 5.0; estimate based on 2 runs.
[INFO ] Sample call for new incumbent config 2 (internal ID: 0x41B2): 
cd /home/academic/toliu/af/autofolio_asc/.; python wrappers/flexfolio/ff_wrapper.py train_out/MAXSAT-WPMS-2016_10/config_wrapper.json 3 0 1800.0 2147483647 -1 -@1:F:aspeed-opt 'yes' -@1:F:concentrate 'yes' -@1:approach 'SBS' -@1:approx-weights 'nrmsd' -@1:aslib-dir 'autofolio_arff/train/MAXSAT-WPMS-2016_10' -@1:aspeed:time-limit '100' -@1:impute 'median' -@1:max-solver '36' -@1:mem-limit '2048' -@1:normalize 'dec' -@1:opt-mode '4' -@1:performance_trans 'None' -@1:separator 'W' -@1:solver 'selectors/flexfolio/src/flexfolio_train.py' -@1:time-pre-solvers '1'  
[INFO ] Updated estimated mean runtime of the same incumbent: 5.0; estimate now based on 3 runs.
[WARN ] Algorithm Run Result reported a runtime of 12.0 (secs) that exceeded it's cutoff time of 7.502600651580096 (secs) by 4.497399348419904 (secs). Next warning at 5.497399348419904 (secs)  
[INFO ] Updated estimated mean runtime of the same incumbent: 5.0; estimate now based on 4 runs.
[INFO ] Incumbent changed to: config 4 (internal ID: 0xA1C2), with mean runtime: 2.25; estimate based on 4 runs.
[INFO ] Sample call for new incumbent config 4 (internal ID: 0xA1C2): 
cd /home/academic/toliu/af/autofolio_asc/.; python wrappers/flexfolio/ff_wrapper.py train_out/MAXSAT-WPMS-2016_10/config_wrapper.json 3 0 1800.0 2147483647 -1 -@1:F:aspeed-opt 'no' -@1:approach 'SBS' -@1:approx-weights 'None' -@1:aslib-dir 'autofolio_arff/train/MAXSAT-WPMS-2016_10' -@1:aspeed:time-limit '100' -@1:impute 'none' -@1:mem-limit '2048' -@1:normalize 'zscore' -@1:performance_trans 'zscore' -@1:separator 'W' -@1:solver 'selectors/flexfolio/src/flexfolio_train.py'  
[INFO ] Updated estimated mean runtime of the same incumbent: 2.2; estimate now based on 5 runs.
[INFO ] Updated estimated mean runtime of the same incumbent: 2.1666666666666665; estimate now based on 6 runs.
[INFO ] Updated estimated mean runtime of the same incumbent: 2.142857142857143; estimate now based on 7 runs.
[INFO ] Updated estimated mean runtime of the same incumbent: 2.125; estimate now based on 8 runs.
[INFO ] Incumbent changed to: config 7 (internal ID: 0x1A002), with mean runtime: 2.0; estimate based on 8 runs.
[INFO ] Sample call for new incumbent config 7 (internal ID: 0x1A002): 
cd /home/academic/toliu/af/autofolio_asc/.; python wrappers/flexfolio/ff_wrapper.py train_out/MAXSAT-WPMS-2016_10/config_wrapper.json 1 0 1800.0 2147483647 -1 -@1:F:aspeed-opt 'no' -@1:approach 'SBS' -@1:approx-weights 'max' -@1:aslib-dir 'autofolio_arff/train/MAXSAT-WPMS-2016_10' -@1:aspeed:time-limit '100' -@1:impute 'none' -@1:mem-limit '2048' -@1:normalize 'linear' -@1:performance_trans 'zscore' -@1:separator 'W' -@1:solver 'selectors/flexfolio/src/flexfolio_train.py'  
[INFO ] Updated estimated mean runtime of the same incumbent: 2.0; estimate now based on 9 runs.
[INFO ] Updated estimated mean runtime of the same incumbent: 2.0; estimate now based on 10 runs.
[WARN ] Configuration 136 (0x21D2F77) which has been selected to replace the current incumbent 7 (0x1A002) has 2 early censored runs. Future versions of SMAC will handle this case properly. For now we will simply repair the invariant manually by running all capped runs up to kappaMax. This warning can be safely ignored, it exists only so that this condition has some visibility (as SMAC could be improved by fixing this)
[INFO ] Incumbent changed to: config 136 (internal ID: 0x21D2F77), with mean runtime: 1.8; estimate based on 10 runs.
[INFO ] Sample call for new incumbent config 136 (internal ID: 0x21D2F77): 
cd /home/academic/toliu/af/autofolio_asc/.; python wrappers/flexfolio/ff_wrapper.py train_out/MAXSAT-WPMS-2016_10/config_wrapper.json 1 0 1800.0 2147483647 -1 -@1:F:aspeed-opt 'no' -@1:approach 'SBS' -@1:approx-weights 'max' -@1:aslib-dir 'autofolio_arff/train/MAXSAT-WPMS-2016_10' -@1:aspeed:time-limit '100' -@1:impute 'none' -@1:mem-limit '2048' -@1:normalize 'dec' -@1:performance_trans 'zscore' -@1:separator 'W' -@1:solver 'selectors/flexfolio/src/flexfolio_train.py'  
[WARN ] Killed run <Instance:2, Seed:-1, Config:0x22D9554, Kappa:1.0143005832761527, Execution Config: 0x0001> at 10.46 for exceeding 10.0 times its cutoff time of 1.0143005832761527 (secs)
[WARN ] Algorithm Run Result reported a runtime of 10.46 (secs) that exceeded it's cutoff time of 1.0143005832761527 (secs) by 9.445699416723848 (secs). Next warning at 10.445699416723848 (secs)  
[WARN ] Killed run <Instance:9, Seed:-1, Config:0x24CE8BE, Kappa:1.0143005832761527, Execution Config: 0x0001> at 10.28 for exceeding 10.0 times its cutoff time of 1.0143005832761527 (secs)
[INFO ] Incumbent changed to: config 79 (internal ID: 0x273A7C7), with mean runtime: 1.5; estimate based on 10 runs.
[INFO ] Sample call for new incumbent config 79 (internal ID: 0x273A7C7): 
cd /home/academic/toliu/af/autofolio_asc/.; python wrappers/flexfolio/ff_wrapper.py train_out/MAXSAT-WPMS-2016_10/config_wrapper.json 1 0 1800.0 2147483647 -1 -@1:F:aspeed-opt 'no' -@1:approach 'SBS' -@1:approx-weights 'nrmsd' -@1:aslib-dir 'autofolio_arff/train/MAXSAT-WPMS-2016_10' -@1:aspeed:time-limit '100' -@1:impute 'mean' -@1:mem-limit '2048' -@1:normalize 'linear' -@1:performance_trans 'log' -@1:separator 'W' -@1:solver 'selectors/flexfolio/src/flexfolio_train.py'  
[WARN ] Killed run <Instance:10, Seed:-1, Config:0x2FE3B06, Kappa:1.0104007351875306, Execution Config: 0x0001> at 10.73 for exceeding 10.0 times its cutoff time of 1.0104007351875306 (secs)
[WARN ] Killed run <Instance:6, Seed:-1, Config:0x347D74C, Kappa:1.0052009377360345, Execution Config: 0x0001> at 10.09 for exceeding 10.0 times its cutoff time of 1.0052009377360345 (secs)
[WARN ] Killed run <Instance:6, Seed:-1, Config:0x42F4630, Kappa:1.0104007351875306, Execution Config: 0x0001> at 10.65 for exceeding 10.0 times its cutoff time of 1.0104007351875306 (secs)
[WARN ] Configuration 22 (0x55099CD) which has been selected to replace the current incumbent 79 (0x273A7C7) has 3 early censored runs. Future versions of SMAC will handle this case properly. For now we will simply repair the invariant manually by running all capped runs up to kappaMax. This warning can be safely ignored, it exists only so that this condition has some visibility (as SMAC could be improved by fixing this)
[WARN ] Configuration 60 (0x567CD5D) which has been selected to replace the current incumbent 79 (0x273A7C7) has 2 early censored runs. Future versions of SMAC will handle this case properly. For now we will simply repair the invariant manually by running all capped runs up to kappaMax. This warning can be safely ignored, it exists only so that this condition has some visibility (as SMAC could be improved by fixing this)
[WARN ] Configuration 453 (0x569A7F6) which has been selected to replace the current incumbent 79 (0x273A7C7) has 4 early censored runs. Future versions of SMAC will handle this case properly. For now we will simply repair the invariant manually by running all capped runs up to kappaMax. This warning can be safely ignored, it exists only so that this condition has some visibility (as SMAC could be improved by fixing this)
[WARN ] Killed run <Instance:8, Seed:-1, Config:0x6185368, Kappa:1.0052009377360345, Execution Config: 0x0001> at 10.34 for exceeding 10.0 times its cutoff time of 1.0052009377360345 (secs)
[WARN ] Killed run <Instance:9, Seed:-1, Config:0x703B30C, Kappa:1.0104007351875306, Execution Config: 0x0001> at 10.55 for exceeding 10.0 times its cutoff time of 1.0104007351875306 (secs)
[WARN ] Configuration 327 (0x7D862A0) which has been selected to replace the current incumbent 79 (0x273A7C7) has 3 early censored runs. Future versions of SMAC will handle this case properly. For now we will simply repair the invariant manually by running all capped runs up to kappaMax. This warning can be safely ignored, it exists only so that this condition has some visibility (as SMAC could be improved by fixing this)
[WARN ] Configuration 274 (0x7E55686) which has been selected to replace the current incumbent 79 (0x273A7C7) has 4 early censored runs. Future versions of SMAC will handle this case properly. For now we will simply repair the invariant manually by running all capped runs up to kappaMax. This warning can be safely ignored, it exists only so that this condition has some visibility (as SMAC could be improved by fixing this)
[WARN ] Killed run <Instance:1, Seed:-1, Config:0x7EB5B36, Kappa:1.0104007351875306, Execution Config: 0x0001> at 10.21 for exceeding 10.0 times its cutoff time of 1.0104007351875306 (secs)
[WARN ] Configuration 291 (0x809E456) which has been selected to replace the current incumbent 79 (0x273A7C7) has 5 early censored runs. Future versions of SMAC will handle this case properly. For now we will simply repair the invariant manually by running all capped runs up to kappaMax. This warning can be safely ignored, it exists only so that this condition has some visibility (as SMAC could be improved by fixing this)
[WARN ] Configuration 314 (0x81C663D) which has been selected to replace the current incumbent 79 (0x273A7C7) has 6 early censored runs. Future versions of SMAC will handle this case properly. For now we will simply repair the invariant manually by running all capped runs up to kappaMax. This warning can be safely ignored, it exists only so that this condition has some visibility (as SMAC could be improved by fixing this)
[INFO ] 
=======================================================================================
SMAC has finished. Reason: wall-clock time limit (35777.313 s) has been reached.   
Total number of runs performed: 8513, total configurations tried: 4624.
Total CPU time used: 29560 s, total wallclock time used: 35777 s.
SMAC's final incumbent: config 79 (internal ID: 0x273A7C7), with estimated mean runtime: 1.5, based on 10 run(s) on 10 training instance(s).
Sample call for this final incumbent:
cd /home/academic/toliu/af/autofolio_asc/.; python wrappers/flexfolio/ff_wrapper.py train_out/MAXSAT-WPMS-2016_10/config_wrapper.json 1 0 1800.0 2147483647 -1 -@1:F:aspeed-opt 'no' -@1:approach 'SBS' -@1:approx-weights 'nrmsd' -@1:aslib-dir 'autofolio_arff/train/MAXSAT-WPMS-2016_10' -@1:aspeed:time-limit '100' -@1:impute 'mean' -@1:mem-limit '2048' -@1:normalize 'linear' -@1:performance_trans 'log' -@1:separator 'W' -@1:solver 'selectors/flexfolio/src/flexfolio_train.py'
=======================================================================================
[INFO ] 
----------------------------------------------------------------------------------------------------------------------------------------------------------------------------
Additional information about run 1 in:/home/academic/toliu/af/autofolio_asc/train_out/MAXSAT-WPMS-2016_10/smac-output/autofolio
----------------------------------------------------------------------------------------------------------------------------------------------------------------------------
