[INFO ] Logging to: /home/academic/toliu/af/autofolio_asc/train_out/GLUHACK-2018_7/smac-output/autofolio/log-run1.txt
[INFO ] Version of SMAC is v2.08.00-master-731 (0e43c26c3d1f), running on OpenJDK 64-Bit Server VM (11.0.11) and Linux 4.15.0-143-generic (amd64) 
[INFO ] Call String: smac --scenarioFile train_out/GLUHACK-2018_7/autofolio.scen --seed 1 --always-run-initial-config True --validation False --output-dir train_out/GLUHACK-2018_7/smac-output 
[INFO ] SMAC started at: May 28, 2021, 5:43:34 AM. Minimizing mean runtime.
WARNING: An illegal reflective access operation has occurred
WARNING: Illegal reflective access by ca.ubc.cs.beta.aeatk.targetalgorithmevaluator.base.cli.CommandLineAlgorithmRun (file:/home/academic/toliu/af/autofolio_asc/configurators/smac-v2.08.00-master-731/lib/aeatk.jar) to field java.lang.ProcessImpl.pid
WARNING: Please consider reporting this to the maintainers of ca.ubc.cs.beta.aeatk.targetalgorithmevaluator.base.cli.CommandLineAlgorithmRun
WARNING: Use --illegal-access=warn to enable warnings of further illegal reflective access operations
WARNING: All illegal access operations will be denied in a future release
[INFO ] First incumbent: config 1 (internal ID: 0x000D), with mean runtime: 2.0; estimate based on 1 runs.
[INFO ] Sample call for new incumbent config 1 (internal ID: 0x000D): 
cd /home/academic/toliu/af/autofolio_asc/.; python wrappers/flexfolio/ff_wrapper.py train_out/GLUHACK-2018_7/config_wrapper.json 5 0 1800.0 2147483647 -1 -@1:F:aspeed-opt 'no' -@1:approach 'CLASSVOTER' -@1:approx-weights 'None' -@1:aslib-dir 'autofolio_arff/train/GLUHACK-2018_7' -@1:aspeed:time-limit '100' -@1:classifier 'RANDOMFOREST' -@1:impute 'mean' -@1:mem-limit '2048' -@1:normalize 'zscore' -@1:performance_trans 'None' -@1:separator 'W' -@1:solver 'selectors/flexfolio/src/flexfolio_train.py' -@1:voting:rf-criterion 'entropy' -@1:voting:rf-max_features 'sqrt' -@1:voting:rf-min_samples_leaf '10'  
[INFO ] Updated estimated mean runtime of the same incumbent: 2.0; estimate now based on 2 runs.
[INFO ] Updated estimated mean runtime of the same incumbent: 2.0; estimate now based on 3 runs.
[WARN ] Algorithm Run Result reported a runtime of 6.0 (secs) that exceeded it's cutoff time of 3.60260001232028 (secs) by 2.39739998767972 (secs). Next warning at 3.39739998767972 (secs)  
[INFO ] Updated estimated mean runtime of the same incumbent: 2.0; estimate now based on 4 runs.
[INFO ] Incumbent changed to: config 4 (internal ID: 0xA1C2), with mean runtime: 1.0; estimate based on 4 runs.
[INFO ] Sample call for new incumbent config 4 (internal ID: 0xA1C2): 
cd /home/academic/toliu/af/autofolio_asc/.; python wrappers/flexfolio/ff_wrapper.py train_out/GLUHACK-2018_7/config_wrapper.json 3 0 1800.0 2147483647 -1 -@1:F:aspeed-opt 'no' -@1:approach 'SBS' -@1:approx-weights 'None' -@1:aslib-dir 'autofolio_arff/train/GLUHACK-2018_7' -@1:aspeed:time-limit '100' -@1:impute 'none' -@1:mem-limit '2048' -@1:normalize 'zscore' -@1:performance_trans 'zscore' -@1:separator 'W' -@1:solver 'selectors/flexfolio/src/flexfolio_train.py'  
[INFO ] Updated estimated mean runtime of the same incumbent: 1.0; estimate now based on 5 runs.
[INFO ] Updated estimated mean runtime of the same incumbent: 1.0; estimate now based on 6 runs.
[INFO ] Updated estimated mean runtime of the same incumbent: 1.0; estimate now based on 7 runs.
[INFO ] Updated estimated mean runtime of the same incumbent: 1.0; estimate now based on 8 runs.
[INFO ] Updated estimated mean runtime of the same incumbent: 1.0; estimate now based on 9 runs.
[INFO ] Updated estimated mean runtime of the same incumbent: 1.0; estimate now based on 10 runs.
[INFO ] Incumbent changed to: config 259 (internal ID: 0x3DA74C), with mean runtime: 0.5; estimate based on 10 runs.
[INFO ] Sample call for new incumbent config 259 (internal ID: 0x3DA74C): 
cd /home/academic/toliu/af/autofolio_asc/.; python wrappers/flexfolio/ff_wrapper.py train_out/GLUHACK-2018_7/config_wrapper.json 1 0 1800.0 2147483647 -1 -@1:F:aspeed-opt 'no' -@1:approach 'SBS' -@1:approx-weights 'None' -@1:aslib-dir 'autofolio_arff/train/GLUHACK-2018_7' -@1:aspeed:time-limit '100' -@1:impute 'most_frequent' -@1:mem-limit '2048' -@1:normalize 'linear' -@1:performance_trans 'zscore' -@1:separator 'W' -@1:solver 'selectors/flexfolio/src/flexfolio_train.py'  
[INFO ] Incumbent changed to: config 301 (internal ID: 0x4CE2C8), with mean runtime: 0.4; estimate based on 10 runs.
[INFO ] Sample call for new incumbent config 301 (internal ID: 0x4CE2C8): 
cd /home/academic/toliu/af/autofolio_asc/.; python wrappers/flexfolio/ff_wrapper.py train_out/GLUHACK-2018_7/config_wrapper.json 1 0 1800.0 2147483647 -1 -@1:F:aspeed-opt 'no' -@1:approach 'SBS' -@1:approx-weights 'max' -@1:aslib-dir 'autofolio_arff/train/GLUHACK-2018_7' -@1:aspeed:time-limit '100' -@1:impute 'none' -@1:mem-limit '2048' -@1:normalize 'none' -@1:performance_trans 'log' -@1:separator 'W' -@1:solver 'selectors/flexfolio/src/flexfolio_train.py'  
[INFO ] Incumbent changed to: config 974 (internal ID: 0x177D251), with mean runtime: 0.0; estimate based on 10 runs.
[INFO ] Sample call for new incumbent config 974 (internal ID: 0x177D251): 
cd /home/academic/toliu/af/autofolio_asc/.; python wrappers/flexfolio/ff_wrapper.py train_out/GLUHACK-2018_7/config_wrapper.json 1 0 1800.0 2147483647 -1 -@1:F:aspeed-opt 'no' -@1:approach 'CLASSVOTER' -@1:approx-weights 'nrmsd' -@1:aslib-dir 'autofolio_arff/train/GLUHACK-2018_7' -@1:aspeed:time-limit '100' -@1:classifier 'SVM' -@1:impute 'none' -@1:mem-limit '2048' -@1:normalize 'linear' -@1:performance_trans 'zscore' -@1:separator 'W' -@1:solver 'selectors/flexfolio/src/flexfolio_train.py' -@1:voting:svm-C '6.738639117969912' -@1:voting:svm-gamma '0.023761443975968886'  
[WARN ] Killed run <Instance:5, Seed:-1, Config:0x1A0F210, Kappa:1.0026010390102864, Execution Config: 0x0001> at 10.17 for exceeding 10.0 times its cutoff time of 1.0026010390102864 (secs)
[WARN ] Algorithm Run Result reported a runtime of 10.17 (secs) that exceeded it's cutoff time of 1.0026010390102864 (secs) by 9.167398960989713 (secs). Next warning at 10.167398960989713 (secs)  
[WARN ] Killed run <Instance:2, Seed:-1, Config:0x1E9D583, Kappa:1.0026010390102864, Execution Config: 0x0001> at 10.28 for exceeding 10.0 times its cutoff time of 1.0026010390102864 (secs)
[WARN ] Killed run <Instance:6, Seed:-1, Config:0x1F0C564, Kappa:1.0026010390102864, Execution Config: 0x0001> at 10.360001 for exceeding 10.0 times its cutoff time of 1.0026010390102864 (secs)
[WARN ] Killed run <Instance:6, Seed:-1, Config:0x1F0C564, Kappa:1.0026010390102864, Execution Config: 0x0001> at 10.360001 for exceeding 10.0 times its cutoff time of 1.0026010390102864 (secs)
[WARN ] Killed run <Instance:5, Seed:-1, Config:0x251872E, Kappa:1.0026010390102864, Execution Config: 0x0001> at 10.1 for exceeding 10.0 times its cutoff time of 1.0026010390102864 (secs)
[WARN ] Killed run <Instance:4, Seed:-1, Config:0x265EA3F, Kappa:1.0026010390102864, Execution Config: 0x0001> at 10.200001 for exceeding 10.0 times its cutoff time of 1.0026010390102864 (secs)
[WARN ] Killed run <Instance:2, Seed:-1, Config:0x2B34B66, Kappa:1.0026010390102864, Execution Config: 0x0001> at 10.26 for exceeding 10.0 times its cutoff time of 1.0026010390102864 (secs)
[WARN ] Killed run <Instance:8, Seed:-1, Config:0x2EBD04A, Kappa:1.0026010390102864, Execution Config: 0x0001> at 10.32 for exceeding 10.0 times its cutoff time of 1.0026010390102864 (secs)
[WARN ] Killed run <Instance:8, Seed:-1, Config:0x2EBD04A, Kappa:1.0026010390102864, Execution Config: 0x0001> at 10.32 for exceeding 10.0 times its cutoff time of 1.0026010390102864 (secs)
[WARN ] Killed run <Instance:3, Seed:-1, Config:0x3DD2933, Kappa:1.0026010390102864, Execution Config: 0x0001> at 10.39 for exceeding 10.0 times its cutoff time of 1.0026010390102864 (secs)
[WARN ] Killed run <Instance:2, Seed:-1, Config:0x4283AFA, Kappa:1.0026010390102864, Execution Config: 0x0001> at 10.09 for exceeding 10.0 times its cutoff time of 1.0026010390102864 (secs)
[WARN ] Killed run <Instance:6, Seed:-1, Config:0x541EA92, Kappa:1.0026010390102864, Execution Config: 0x0001> at 10.360001 for exceeding 10.0 times its cutoff time of 1.0026010390102864 (secs)
[INFO ] 
=======================================================================================
SMAC has finished. Reason: wall-clock time limit (35947.678 s) has been reached.   
Total number of runs performed: 32019, total configurations tried: 5505.
Total CPU time used: 13601 s, total wallclock time used: 35948 s.
SMAC's final incumbent: config 974 (internal ID: 0x177D251), with estimated mean runtime: 0.0, based on 10 run(s) on 10 training instance(s).
Sample call for this final incumbent:
cd /home/academic/toliu/af/autofolio_asc/.; python wrappers/flexfolio/ff_wrapper.py train_out/GLUHACK-2018_7/config_wrapper.json 1 0 1800.0 2147483647 -1 -@1:F:aspeed-opt 'no' -@1:approach 'CLASSVOTER' -@1:approx-weights 'nrmsd' -@1:aslib-dir 'autofolio_arff/train/GLUHACK-2018_7' -@1:aspeed:time-limit '100' -@1:classifier 'SVM' -@1:impute 'none' -@1:mem-limit '2048' -@1:normalize 'linear' -@1:performance_trans 'zscore' -@1:separator 'W' -@1:solver 'selectors/flexfolio/src/flexfolio_train.py' -@1:voting:svm-C '6.738639117969912' -@1:voting:svm-gamma '0.023761443975968886'
=======================================================================================
[INFO ] 
----------------------------------------------------------------------------------------------------------------------------------------------------------------------------
Additional information about run 1 in:/home/academic/toliu/af/autofolio_asc/train_out/GLUHACK-2018_7/smac-output/autofolio
----------------------------------------------------------------------------------------------------------------------------------------------------------------------------
