[INFO ] Logging to: /home/academic/toliu/af/autofolio_asc/train_out/QBF-2016_3/smac-output/autofolio/log-run1.txt
[INFO ] Version of SMAC is v2.08.00-master-731 (0e43c26c3d1f), running on OpenJDK 64-Bit Server VM (11.0.11) and Linux 4.15.0-143-generic (amd64) 
[INFO ] Call String: smac --scenarioFile train_out/QBF-2016_3/autofolio.scen --seed 1 --always-run-initial-config True --validation False --output-dir train_out/QBF-2016_3/smac-output 
[INFO ] SMAC started at: May 25, 2021, 6:38:07 PM. Minimizing mean runtime.
WARNING: An illegal reflective access operation has occurred
WARNING: Illegal reflective access by ca.ubc.cs.beta.aeatk.targetalgorithmevaluator.base.cli.CommandLineAlgorithmRun (file:/home/academic/toliu/af/autofolio_asc/configurators/smac-v2.08.00-master-731/lib/aeatk.jar) to field java.lang.ProcessImpl.pid
WARNING: Please consider reporting this to the maintainers of ca.ubc.cs.beta.aeatk.targetalgorithmevaluator.base.cli.CommandLineAlgorithmRun
WARNING: Use --illegal-access=warn to enable warnings of further illegal reflective access operations
WARNING: All illegal access operations will be denied in a future release
[INFO ] First incumbent: config 1 (internal ID: 0x000D), with mean runtime: 29.0; estimate based on 1 runs.
[INFO ] Sample call for new incumbent config 1 (internal ID: 0x000D): 
cd /home/academic/toliu/af/autofolio_asc/.; python wrappers/flexfolio/ff_wrapper.py train_out/QBF-2016_3/config_wrapper.json 5 0 1800.0 2147483647 -1 -@1:F:aspeed-opt 'no' -@1:approach 'CLASSVOTER' -@1:approx-weights 'None' -@1:aslib-dir 'autofolio_arff/train/QBF-2016_3' -@1:aspeed:time-limit '100' -@1:classifier 'RANDOMFOREST' -@1:impute 'mean' -@1:mem-limit '2048' -@1:normalize 'zscore' -@1:performance_trans 'None' -@1:separator 'W' -@1:solver 'selectors/flexfolio/src/flexfolio_train.py' -@1:voting:rf-criterion 'entropy' -@1:voting:rf-max_features 'sqrt' -@1:voting:rf-min_samples_leaf '10'  
[INFO ] Updated estimated mean runtime of the same incumbent: 29.0; estimate now based on 2 runs.
[INFO ] Incumbent changed to: config 2 (internal ID: 0x41B2), with mean runtime: 10.0; estimate based on 2 runs.
[INFO ] Sample call for new incumbent config 2 (internal ID: 0x41B2): 
cd /home/academic/toliu/af/autofolio_asc/.; python wrappers/flexfolio/ff_wrapper.py train_out/QBF-2016_3/config_wrapper.json 3 0 1800.0 2147483647 -1 -@1:F:aspeed-opt 'yes' -@1:F:concentrate 'yes' -@1:approach 'SBS' -@1:approx-weights 'nrmsd' -@1:aslib-dir 'autofolio_arff/train/QBF-2016_3' -@1:aspeed:time-limit '100' -@1:impute 'median' -@1:max-solver '36' -@1:mem-limit '2048' -@1:normalize 'dec' -@1:opt-mode '4' -@1:performance_trans 'None' -@1:separator 'W' -@1:solver 'selectors/flexfolio/src/flexfolio_train.py' -@1:time-pre-solvers '1'  
[INFO ] Updated estimated mean runtime of the same incumbent: 10.0; estimate now based on 3 runs.
[WARN ] Algorithm Run Result reported a runtime of 21.0 (secs) that exceeded it's cutoff time of 14.002600264149905 (secs) by 6.997399735850095 (secs). Next warning at 7.997399735850095 (secs)  
[INFO ] Updated estimated mean runtime of the same incumbent: 10.25; estimate now based on 4 runs.
[INFO ] Incumbent changed to: config 4 (internal ID: 0xA1C2), with mean runtime: 5.0; estimate based on 4 runs.
[INFO ] Sample call for new incumbent config 4 (internal ID: 0xA1C2): 
cd /home/academic/toliu/af/autofolio_asc/.; python wrappers/flexfolio/ff_wrapper.py train_out/QBF-2016_3/config_wrapper.json 3 0 1800.0 2147483647 -1 -@1:F:aspeed-opt 'no' -@1:approach 'SBS' -@1:approx-weights 'None' -@1:aslib-dir 'autofolio_arff/train/QBF-2016_3' -@1:aspeed:time-limit '100' -@1:impute 'none' -@1:mem-limit '2048' -@1:normalize 'zscore' -@1:performance_trans 'zscore' -@1:separator 'W' -@1:solver 'selectors/flexfolio/src/flexfolio_train.py'  
[INFO ] Updated estimated mean runtime of the same incumbent: 5.0; estimate now based on 5 runs.
[INFO ] Updated estimated mean runtime of the same incumbent: 5.0; estimate now based on 6 runs.
[INFO ] Updated estimated mean runtime of the same incumbent: 5.0; estimate now based on 7 runs.
[INFO ] Updated estimated mean runtime of the same incumbent: 5.0; estimate now based on 8 runs.
[INFO ] Updated estimated mean runtime of the same incumbent: 5.0; estimate now based on 9 runs.
[INFO ] Updated estimated mean runtime of the same incumbent: 5.0; estimate now based on 10 runs.
[INFO ] Incumbent changed to: config 19 (internal ID: 0x4603D), with mean runtime: 4.8; estimate based on 10 runs.
[INFO ] Sample call for new incumbent config 19 (internal ID: 0x4603D): 
cd /home/academic/toliu/af/autofolio_asc/.; python wrappers/flexfolio/ff_wrapper.py train_out/QBF-2016_3/config_wrapper.json 1 0 1800.0 2147483647 -1 -@1:F:aspeed-opt 'no' -@1:approach 'SBS' -@1:approx-weights 'None' -@1:aslib-dir 'autofolio_arff/train/QBF-2016_3' -@1:aspeed:time-limit '100' -@1:impute 'mean' -@1:mem-limit '2048' -@1:normalize 'dec' -@1:performance_trans 'None' -@1:separator 'W' -@1:solver 'selectors/flexfolio/src/flexfolio_train.py'  
[INFO ] Incumbent changed to: config 88 (internal ID: 0x177275), with mean runtime: 4.7; estimate based on 10 runs.
[INFO ] Sample call for new incumbent config 88 (internal ID: 0x177275): 
cd /home/academic/toliu/af/autofolio_asc/.; python wrappers/flexfolio/ff_wrapper.py train_out/QBF-2016_3/config_wrapper.json 1 0 1800.0 2147483647 -1 -@1:F:aspeed-opt 'no' -@1:approach 'SBS' -@1:approx-weights 'None' -@1:aslib-dir 'autofolio_arff/train/QBF-2016_3' -@1:aspeed:time-limit '100' -@1:impute 'mean' -@1:mem-limit '2048' -@1:normalize 'dec' -@1:performance_trans 'zscore' -@1:separator 'W' -@1:solver 'selectors/flexfolio/src/flexfolio_train.py'  
[INFO ] Incumbent changed to: config 106 (internal ID: 0x1D0343), with mean runtime: 4.6; estimate based on 10 runs.
[INFO ] Sample call for new incumbent config 106 (internal ID: 0x1D0343): 
cd /home/academic/toliu/af/autofolio_asc/.; python wrappers/flexfolio/ff_wrapper.py train_out/QBF-2016_3/config_wrapper.json 1 0 1800.0 2147483647 -1 -@1:F:aspeed-opt 'no' -@1:approach 'SBS' -@1:approx-weights 'None' -@1:aslib-dir 'autofolio_arff/train/QBF-2016_3' -@1:aspeed:time-limit '100' -@1:impute 'none' -@1:mem-limit '2048' -@1:normalize 'linear' -@1:performance_trans 'log' -@1:separator 'W' -@1:solver 'selectors/flexfolio/src/flexfolio_train.py'  
[INFO ] Incumbent changed to: config 639 (internal ID: 0x10DA033), with mean runtime: 4.5; estimate based on 10 runs.
[INFO ] Sample call for new incumbent config 639 (internal ID: 0x10DA033): 
cd /home/academic/toliu/af/autofolio_asc/.; python wrappers/flexfolio/ff_wrapper.py train_out/QBF-2016_3/config_wrapper.json 1 0 1800.0 2147483647 -1 -@1:F:aspeed-opt 'no' -@1:approach 'SBS' -@1:approx-weights 'max' -@1:aslib-dir 'autofolio_arff/train/QBF-2016_3' -@1:aspeed:time-limit '100' -@1:impute 'mean' -@1:mem-limit '2048' -@1:normalize 'dec' -@1:performance_trans 'None' -@1:separator 'W' -@1:solver 'selectors/flexfolio/src/flexfolio_train.py'  
[INFO ] Incumbent changed to: config 778 (internal ID: 0x154644C), with mean runtime: 4.4; estimate based on 10 runs.
[INFO ] Sample call for new incumbent config 778 (internal ID: 0x154644C): 
cd /home/academic/toliu/af/autofolio_asc/.; python wrappers/flexfolio/ff_wrapper.py train_out/QBF-2016_3/config_wrapper.json 1 0 1800.0 2147483647 -1 -@1:F:aspeed-opt 'no' -@1:approach 'SBS' -@1:approx-weights 'None' -@1:aslib-dir 'autofolio_arff/train/QBF-2016_3' -@1:aspeed:time-limit '100' -@1:impute 'none' -@1:mem-limit '2048' -@1:normalize 'none' -@1:performance_trans 'zscore' -@1:separator 'W' -@1:solver 'selectors/flexfolio/src/flexfolio_train.py'  
[WARN ] Algorithm Run Result reported a runtime of 16.0 (secs) that exceeded it's cutoff time of 6.202600075277687 (secs) by 9.797399924722313 (secs). Next warning at 10.797399924722313 (secs)  
[WARN ] Algorithm Run Result reported wallclock time of 16.409 (secs) that exceeded it's cutoff time of 6.202600075277687 (secs) by 10.206399924722312 (secs). Next warning at 11.206399924722312 (secs)  
[WARN ] Algorithm Run Result reported wallclock time of 17.776 (secs) that exceeded it's cutoff time of 6.202600075277687 (secs) by 11.573399924722313 (secs). Next warning at 12.573399924722313 (secs)  
[WARN ] Algorithm Run Result reported a runtime of 12.0 (secs) that exceeded it's cutoff time of 1.0091007858246566 (secs) by 10.990899214175343 (secs). Next warning at 11.990899214175343 (secs)  
[INFO ] 
=======================================================================================
SMAC has finished. Reason: wall-clock time limit (35438.267 s) has been reached.   
Total number of runs performed: 3310, total configurations tried: 2095.
Total CPU time used: 33737 s, total wallclock time used: 35438 s.
SMAC's final incumbent: config 778 (internal ID: 0x154644C), with estimated mean runtime: 4.4, based on 10 run(s) on 10 training instance(s).
Sample call for this final incumbent:
cd /home/academic/toliu/af/autofolio_asc/.; python wrappers/flexfolio/ff_wrapper.py train_out/QBF-2016_3/config_wrapper.json 1 0 1800.0 2147483647 -1 -@1:F:aspeed-opt 'no' -@1:approach 'SBS' -@1:approx-weights 'None' -@1:aslib-dir 'autofolio_arff/train/QBF-2016_3' -@1:aspeed:time-limit '100' -@1:impute 'none' -@1:mem-limit '2048' -@1:normalize 'none' -@1:performance_trans 'zscore' -@1:separator 'W' -@1:solver 'selectors/flexfolio/src/flexfolio_train.py'
=======================================================================================
[INFO ] 
----------------------------------------------------------------------------------------------------------------------------------------------------------------------------
Additional information about run 1 in:/home/academic/toliu/af/autofolio_asc/train_out/QBF-2016_3/smac-output/autofolio
----------------------------------------------------------------------------------------------------------------------------------------------------------------------------
