[INFO ] Logging to: /home/academic/toliu/af/autofolio_asc/train_out/SAT12-ALL_2/smac-output/autofolio/log-run1.txt
[INFO ] Version of SMAC is v2.08.00-master-731 (0e43c26c3d1f), running on OpenJDK 64-Bit Server VM (11.0.11) and Linux 4.15.0-143-generic (amd64) 
[INFO ] Call String: smac --scenarioFile train_out/SAT12-ALL_2/autofolio.scen --seed 1 --always-run-initial-config True --validation False --output-dir train_out/SAT12-ALL_2/smac-output 
[INFO ] SMAC started at: May 25, 2021, 6:22:02 AM. Minimizing mean runtime.
WARNING: An illegal reflective access operation has occurred
WARNING: Illegal reflective access by ca.ubc.cs.beta.aeatk.targetalgorithmevaluator.base.cli.CommandLineAlgorithmRun (file:/home/academic/toliu/af/autofolio_asc/configurators/smac-v2.08.00-master-731/lib/aeatk.jar) to field java.lang.ProcessImpl.pid
WARNING: Please consider reporting this to the maintainers of ca.ubc.cs.beta.aeatk.targetalgorithmevaluator.base.cli.CommandLineAlgorithmRun
WARNING: Use --illegal-access=warn to enable warnings of further illegal reflective access operations
WARNING: All illegal access operations will be denied in a future release
[INFO ] First incumbent: config 1 (internal ID: 0x000D), with mean runtime: 132.0; estimate based on 1 runs.
[INFO ] Sample call for new incumbent config 1 (internal ID: 0x000D): 
cd /home/academic/toliu/af/autofolio_asc/.; python wrappers/flexfolio/ff_wrapper.py train_out/SAT12-ALL_2/config_wrapper.json 5 0 1800.0 2147483647 -1 -@1:F:aspeed-opt 'no' -@1:approach 'CLASSVOTER' -@1:approx-weights 'None' -@1:aslib-dir 'autofolio_arff/train/SAT12-ALL_2' -@1:aspeed:time-limit '100' -@1:classifier 'RANDOMFOREST' -@1:impute 'mean' -@1:mem-limit '2048' -@1:normalize 'zscore' -@1:performance_trans 'None' -@1:separator 'W' -@1:solver 'selectors/flexfolio/src/flexfolio_train.py' -@1:voting:rf-criterion 'entropy' -@1:voting:rf-max_features 'sqrt' -@1:voting:rf-min_samples_leaf '10'  
[INFO ] Updated estimated mean runtime of the same incumbent: 134.0; estimate now based on 2 runs.
[INFO ] Incumbent changed to: config 2 (internal ID: 0x41B2), with mean runtime: 90.0; estimate based on 2 runs.
[INFO ] Sample call for new incumbent config 2 (internal ID: 0x41B2): 
cd /home/academic/toliu/af/autofolio_asc/.; python wrappers/flexfolio/ff_wrapper.py train_out/SAT12-ALL_2/config_wrapper.json 3 0 1800.0 2147483647 -1 -@1:F:aspeed-opt 'yes' -@1:F:concentrate 'yes' -@1:approach 'SBS' -@1:approx-weights 'nrmsd' -@1:aslib-dir 'autofolio_arff/train/SAT12-ALL_2' -@1:aspeed:time-limit '100' -@1:impute 'median' -@1:max-solver '36' -@1:mem-limit '2048' -@1:normalize 'dec' -@1:opt-mode '4' -@1:performance_trans 'None' -@1:separator 'W' -@1:solver 'selectors/flexfolio/src/flexfolio_train.py' -@1:time-pre-solvers '1'  
[INFO ] Updated estimated mean runtime of the same incumbent: 90.0; estimate now based on 3 runs.
[WARN ] Algorithm Run Result reported a runtime of 49.0 (secs) that exceeded it's cutoff time of 3.6052010006934405 (secs) by 45.39479899930656 (secs). Next warning at 46.39479899930656 (secs)  
[WARN ] Algorithm Run Result reported wallclock time of 49.652 (secs) that exceeded it's cutoff time of 3.6052010006934405 (secs) by 46.04679899930656 (secs). Next warning at 47.04679899930656 (secs)  
[WARN ] Algorithm Run Result reported a runtime of 166.0 (secs) that exceeded it's cutoff time of 119.30260008980633 (secs) by 46.69739991019367 (secs). Next warning at 47.69739991019367 (secs)  
[INFO ] Updated estimated mean runtime of the same incumbent: 89.25; estimate now based on 4 runs.
[INFO ] Incumbent changed to: config 4 (internal ID: 0xA1C2), with mean runtime: 43.25; estimate based on 4 runs.
[INFO ] Sample call for new incumbent config 4 (internal ID: 0xA1C2): 
cd /home/academic/toliu/af/autofolio_asc/.; python wrappers/flexfolio/ff_wrapper.py train_out/SAT12-ALL_2/config_wrapper.json 3 0 1800.0 2147483647 -1 -@1:F:aspeed-opt 'no' -@1:approach 'SBS' -@1:approx-weights 'None' -@1:aslib-dir 'autofolio_arff/train/SAT12-ALL_2' -@1:aspeed:time-limit '100' -@1:impute 'none' -@1:mem-limit '2048' -@1:normalize 'zscore' -@1:performance_trans 'zscore' -@1:separator 'W' -@1:solver 'selectors/flexfolio/src/flexfolio_train.py'  
[INFO ] Updated estimated mean runtime of the same incumbent: 43.4; estimate now based on 5 runs.
[INFO ] Updated estimated mean runtime of the same incumbent: 43.5; estimate now based on 6 runs.
[INFO ] Updated estimated mean runtime of the same incumbent: 43.42857142857143; estimate now based on 7 runs.
[INFO ] Updated estimated mean runtime of the same incumbent: 43.25; estimate now based on 8 runs.
[INFO ] Updated estimated mean runtime of the same incumbent: 43.111111111111114; estimate now based on 9 runs.
[INFO ] Updated estimated mean runtime of the same incumbent: 42.9; estimate now based on 10 runs.
[INFO ] Incumbent changed to: config 9 (internal ID: 0x1D997), with mean runtime: 41.2; estimate based on 10 runs.
[INFO ] Sample call for new incumbent config 9 (internal ID: 0x1D997): 
cd /home/academic/toliu/af/autofolio_asc/.; python wrappers/flexfolio/ff_wrapper.py train_out/SAT12-ALL_2/config_wrapper.json 1 0 1800.0 2147483647 -1 -@1:F:aspeed-opt 'no' -@1:approach 'SBS' -@1:approx-weights 'None' -@1:aslib-dir 'autofolio_arff/train/SAT12-ALL_2' -@1:aspeed:time-limit '100' -@1:impute 'none' -@1:mem-limit '2048' -@1:normalize 'zscore' -@1:performance_trans 'log' -@1:separator 'W' -@1:solver 'selectors/flexfolio/src/flexfolio_train.py'  
[INFO ] Incumbent changed to: config 12 (internal ID: 0x2C971), with mean runtime: 40.9; estimate based on 10 runs.
[INFO ] Sample call for new incumbent config 12 (internal ID: 0x2C971): 
cd /home/academic/toliu/af/autofolio_asc/.; python wrappers/flexfolio/ff_wrapper.py train_out/SAT12-ALL_2/config_wrapper.json 1 0 1800.0 2147483647 -1 -@1:F:aspeed-opt 'no' -@1:approach 'SBS' -@1:approx-weights 'nrmsd' -@1:aslib-dir 'autofolio_arff/train/SAT12-ALL_2' -@1:aspeed:time-limit '100' -@1:impute 'mean' -@1:mem-limit '2048' -@1:normalize 'linear' -@1:performance_trans 'zscore' -@1:separator 'W' -@1:solver 'selectors/flexfolio/src/flexfolio_train.py'  
[INFO ] Incumbent changed to: config 13 (internal ID: 0x31202), with mean runtime: 34.7; estimate based on 10 runs.
[INFO ] Sample call for new incumbent config 13 (internal ID: 0x31202): 
cd /home/academic/toliu/af/autofolio_asc/.; python wrappers/flexfolio/ff_wrapper.py train_out/SAT12-ALL_2/config_wrapper.json 1 0 1800.0 2147483647 -1 -@1:F:aspeed-opt 'no' -@1:approach 'SBS' -@1:approx-weights 'nrmsd' -@1:aslib-dir 'autofolio_arff/train/SAT12-ALL_2' -@1:aspeed:time-limit '100' -@1:impute 'median' -@1:mem-limit '2048' -@1:normalize 'linear' -@1:performance_trans 'log' -@1:separator 'W' -@1:solver 'selectors/flexfolio/src/flexfolio_train.py'  
[INFO ] Incumbent changed to: config 15 (internal ID: 0x37C27), with mean runtime: 23.5; estimate based on 10 runs.
[INFO ] Sample call for new incumbent config 15 (internal ID: 0x37C27): 
cd /home/academic/toliu/af/autofolio_asc/.; python wrappers/flexfolio/ff_wrapper.py train_out/SAT12-ALL_2/config_wrapper.json 1 0 1800.0 2147483647 -1 -@1:F:aspeed-opt 'no' -@1:approach 'SBS' -@1:approx-weights 'max' -@1:aslib-dir 'autofolio_arff/train/SAT12-ALL_2' -@1:aspeed:time-limit '100' -@1:impute 'median' -@1:mem-limit '2048' -@1:normalize 'linear' -@1:performance_trans 'None' -@1:separator 'W' -@1:solver 'selectors/flexfolio/src/flexfolio_train.py'  
[INFO ] Incumbent changed to: config 23 (internal ID: 0x560F8), with mean runtime: 22.2; estimate based on 10 runs.
[INFO ] Sample call for new incumbent config 23 (internal ID: 0x560F8): 
cd /home/academic/toliu/af/autofolio_asc/.; python wrappers/flexfolio/ff_wrapper.py train_out/SAT12-ALL_2/config_wrapper.json 1 0 1800.0 2147483647 -1 -@1:F:aspeed-opt 'no' -@1:approach 'SBS' -@1:approx-weights 'max' -@1:aslib-dir 'autofolio_arff/train/SAT12-ALL_2' -@1:aspeed:time-limit '100' -@1:impute 'most_frequent' -@1:mem-limit '2048' -@1:normalize 'none' -@1:performance_trans 'log' -@1:separator 'W' -@1:solver 'selectors/flexfolio/src/flexfolio_train.py'  
[INFO ] Incumbent changed to: config 24 (internal ID: 0x59C2F), with mean runtime: 22.1; estimate based on 10 runs.
[INFO ] Sample call for new incumbent config 24 (internal ID: 0x59C2F): 
cd /home/academic/toliu/af/autofolio_asc/.; python wrappers/flexfolio/ff_wrapper.py train_out/SAT12-ALL_2/config_wrapper.json 1 0 1800.0 2147483647 -1 -@1:F:aspeed-opt 'no' -@1:approach 'SBS' -@1:approx-weights 'nrmsd' -@1:aslib-dir 'autofolio_arff/train/SAT12-ALL_2' -@1:aspeed:time-limit '100' -@1:impute 'none' -@1:mem-limit '2048' -@1:normalize 'dec' -@1:performance_trans 'zscore' -@1:separator 'W' -@1:solver 'selectors/flexfolio/src/flexfolio_train.py'  
[INFO ] Incumbent changed to: config 56 (internal ID: 0xD501E), with mean runtime: 21.9; estimate based on 10 runs.
[INFO ] Sample call for new incumbent config 56 (internal ID: 0xD501E): 
cd /home/academic/toliu/af/autofolio_asc/.; python wrappers/flexfolio/ff_wrapper.py train_out/SAT12-ALL_2/config_wrapper.json 1 0 1800.0 2147483647 -1 -@1:F:aspeed-opt 'no' -@1:approach 'SBS' -@1:approx-weights 'max' -@1:aslib-dir 'autofolio_arff/train/SAT12-ALL_2' -@1:aspeed:time-limit '100' -@1:impute 'mean' -@1:mem-limit '2048' -@1:normalize 'dec' -@1:performance_trans 'log' -@1:separator 'W' -@1:solver 'selectors/flexfolio/src/flexfolio_train.py'  
[INFO ] Incumbent changed to: config 155 (internal ID: 0x27542E), with mean runtime: 21.8; estimate based on 10 runs.
[INFO ] Sample call for new incumbent config 155 (internal ID: 0x27542E): 
cd /home/academic/toliu/af/autofolio_asc/.; python wrappers/flexfolio/ff_wrapper.py train_out/SAT12-ALL_2/config_wrapper.json 1 0 1800.0 2147483647 -1 -@1:F:aspeed-opt 'no' -@1:approach 'SBS' -@1:approx-weights 'nrmsd' -@1:aslib-dir 'autofolio_arff/train/SAT12-ALL_2' -@1:aspeed:time-limit '100' -@1:impute 'none' -@1:mem-limit '2048' -@1:normalize 'zscore' -@1:performance_trans 'zscore' -@1:separator 'W' -@1:solver 'selectors/flexfolio/src/flexfolio_train.py'  
[INFO ] Incumbent changed to: config 182 (internal ID: 0x2F31D6), with mean runtime: 21.7; estimate based on 10 runs.
[INFO ] Sample call for new incumbent config 182 (internal ID: 0x2F31D6): 
cd /home/academic/toliu/af/autofolio_asc/.; python wrappers/flexfolio/ff_wrapper.py train_out/SAT12-ALL_2/config_wrapper.json 1 0 1800.0 2147483647 -1 -@1:F:aspeed-opt 'no' -@1:approach 'SBS' -@1:approx-weights 'nrmsd' -@1:aslib-dir 'autofolio_arff/train/SAT12-ALL_2' -@1:aspeed:time-limit '100' -@1:impute 'median' -@1:mem-limit '2048' -@1:normalize 'zscore' -@1:performance_trans 'log' -@1:separator 'W' -@1:solver 'selectors/flexfolio/src/flexfolio_train.py'  
[INFO ] Incumbent changed to: config 145 (internal ID: 0x4CAFB4), with mean runtime: 21.5; estimate based on 10 runs.
[INFO ] Sample call for new incumbent config 145 (internal ID: 0x4CAFB4): 
cd /home/academic/toliu/af/autofolio_asc/.; python wrappers/flexfolio/ff_wrapper.py train_out/SAT12-ALL_2/config_wrapper.json 1 0 1800.0 2147483647 -1 -@1:F:aspeed-opt 'no' -@1:approach 'SBS' -@1:approx-weights 'nrmsd' -@1:aslib-dir 'autofolio_arff/train/SAT12-ALL_2' -@1:aspeed:time-limit '100' -@1:impute 'none' -@1:mem-limit '2048' -@1:normalize 'linear' -@1:performance_trans 'log' -@1:separator 'W' -@1:solver 'selectors/flexfolio/src/flexfolio_train.py'  
[INFO ] 
=======================================================================================
SMAC has finished. Reason: wall-clock time limit (33556.662 s) has been reached.   
Total number of runs performed: 1105, total configurations tried: 436.
Total CPU time used: 33051 s, total wallclock time used: 33557 s.
SMAC's final incumbent: config 145 (internal ID: 0x4CAFB4), with estimated mean runtime: 21.5, based on 10 run(s) on 10 training instance(s).
Sample call for this final incumbent:
cd /home/academic/toliu/af/autofolio_asc/.; python wrappers/flexfolio/ff_wrapper.py train_out/SAT12-ALL_2/config_wrapper.json 1 0 1800.0 2147483647 -1 -@1:F:aspeed-opt 'no' -@1:approach 'SBS' -@1:approx-weights 'nrmsd' -@1:aslib-dir 'autofolio_arff/train/SAT12-ALL_2' -@1:aspeed:time-limit '100' -@1:impute 'none' -@1:mem-limit '2048' -@1:normalize 'linear' -@1:performance_trans 'log' -@1:separator 'W' -@1:solver 'selectors/flexfolio/src/flexfolio_train.py'
=======================================================================================
[INFO ] 
----------------------------------------------------------------------------------------------------------------------------------------------------------------------------
Additional information about run 1 in:/home/academic/toliu/af/autofolio_asc/train_out/SAT12-ALL_2/smac-output/autofolio
----------------------------------------------------------------------------------------------------------------------------------------------------------------------------
