[INFO ] Logging to: /home/academic/toliu/af/autofolio_asc/train_out/CSP-Minizinc-Time-2016_8/smac-output/autofolio/log-run1.txt
[INFO ] Version of SMAC is v2.08.00-master-731 (0e43c26c3d1f), running on OpenJDK 64-Bit Server VM (11.0.11) and Linux 4.15.0-143-generic (amd64) 
[INFO ] Call String: smac --scenarioFile train_out/CSP-Minizinc-Time-2016_8/autofolio.scen --seed 1 --always-run-initial-config True --validation False --output-dir train_out/CSP-Minizinc-Time-2016_8/smac-output 
[INFO ] SMAC started at: May 28, 2021, 6:37:06 AM. Minimizing mean runtime.
WARNING: An illegal reflective access operation has occurred
WARNING: Illegal reflective access by ca.ubc.cs.beta.aeatk.targetalgorithmevaluator.base.cli.CommandLineAlgorithmRun (file:/home/academic/toliu/af/autofolio_asc/configurators/smac-v2.08.00-master-731/lib/aeatk.jar) to field java.lang.ProcessImpl.pid
WARNING: Please consider reporting this to the maintainers of ca.ubc.cs.beta.aeatk.targetalgorithmevaluator.base.cli.CommandLineAlgorithmRun
WARNING: Use --illegal-access=warn to enable warnings of further illegal reflective access operations
WARNING: All illegal access operations will be denied in a future release
[INFO ] First incumbent: config 1 (internal ID: 0x000D), with mean runtime: 6.0; estimate based on 1 runs.
[INFO ] Sample call for new incumbent config 1 (internal ID: 0x000D): 
cd /home/academic/toliu/af/autofolio_asc/.; python wrappers/flexfolio/ff_wrapper.py train_out/CSP-Minizinc-Time-2016_8/config_wrapper.json 5 0 1800.0 2147483647 -1 -@1:F:aspeed-opt 'no' -@1:approach 'CLASSVOTER' -@1:approx-weights 'None' -@1:aslib-dir 'autofolio_arff/train/CSP-Minizinc-Time-2016_8' -@1:aspeed:time-limit '100' -@1:classifier 'RANDOMFOREST' -@1:impute 'mean' -@1:mem-limit '2048' -@1:normalize 'zscore' -@1:performance_trans 'None' -@1:separator 'W' -@1:solver 'selectors/flexfolio/src/flexfolio_train.py' -@1:voting:rf-criterion 'entropy' -@1:voting:rf-max_features 'sqrt' -@1:voting:rf-min_samples_leaf '10'  
[INFO ] Updated estimated mean runtime of the same incumbent: 6.0; estimate now based on 2 runs.
[INFO ] Incumbent changed to: config 2 (internal ID: 0x41B2), with mean runtime: 2.0; estimate based on 2 runs.
[INFO ] Sample call for new incumbent config 2 (internal ID: 0x41B2): 
cd /home/academic/toliu/af/autofolio_asc/.; python wrappers/flexfolio/ff_wrapper.py train_out/CSP-Minizinc-Time-2016_8/config_wrapper.json 3 0 1800.0 2147483647 -1 -@1:F:aspeed-opt 'yes' -@1:F:concentrate 'yes' -@1:approach 'SBS' -@1:approx-weights 'nrmsd' -@1:aslib-dir 'autofolio_arff/train/CSP-Minizinc-Time-2016_8' -@1:aspeed:time-limit '100' -@1:impute 'median' -@1:max-solver '36' -@1:mem-limit '2048' -@1:normalize 'dec' -@1:opt-mode '4' -@1:performance_trans 'None' -@1:separator 'W' -@1:solver 'selectors/flexfolio/src/flexfolio_train.py' -@1:time-pre-solvers '1'  
[INFO ] Updated estimated mean runtime of the same incumbent: 2.0; estimate now based on 3 runs.
[INFO ] Incumbent changed to: config 3 (internal ID: 0x755C), with mean runtime: 1.6666666666666667; estimate based on 3 runs.
[INFO ] Sample call for new incumbent config 3 (internal ID: 0x755C): 
cd /home/academic/toliu/af/autofolio_asc/.; python wrappers/flexfolio/ff_wrapper.py train_out/CSP-Minizinc-Time-2016_8/config_wrapper.json 3 0 1800.0 2147483647 -1 -@1:F:aspeed-opt 'yes' -@1:F:concentrate 'no' -@1:approach 'CLASSVOTER' -@1:approx-weights 'None' -@1:aslib-dir 'autofolio_arff/train/CSP-Minizinc-Time-2016_8' -@1:aspeed:time-limit '100' -@1:classifier 'SVM' -@1:impute 'none' -@1:max-solver '69' -@1:mem-limit '2048' -@1:normalize 'linear' -@1:opt-mode '4' -@1:performance_trans 'None' -@1:separator 'W' -@1:solver 'selectors/flexfolio/src/flexfolio_train.py' -@1:time-pre-solvers '17' -@1:voting:svm-C '2.5963420995289663' -@1:voting:svm-gamma '0.6742444893376904'  
[INFO ] Updated estimated mean runtime of the same incumbent: 1.75; estimate now based on 4 runs.
[INFO ] Updated estimated mean runtime of the same incumbent: 1.8; estimate now based on 5 runs.
[INFO ] Updated estimated mean runtime of the same incumbent: 1.8333333333333333; estimate now based on 6 runs.
[INFO ] Incumbent changed to: config 5 (internal ID: 0x12E76), with mean runtime: 1.3333333333333333; estimate based on 6 runs.
[INFO ] Sample call for new incumbent config 5 (internal ID: 0x12E76): 
cd /home/academic/toliu/af/autofolio_asc/.; python wrappers/flexfolio/ff_wrapper.py train_out/CSP-Minizinc-Time-2016_8/config_wrapper.json 3 0 1800.0 2147483647 -1 -@1:F:aspeed-opt 'no' -@1:approach 'CLASSVOTER' -@1:approx-weights 'None' -@1:aslib-dir 'autofolio_arff/train/CSP-Minizinc-Time-2016_8' -@1:aspeed:time-limit '100' -@1:classifier 'RANDOMFOREST' -@1:impute 'none' -@1:mem-limit '2048' -@1:normalize 'zscore' -@1:performance_trans 'log' -@1:separator 'W' -@1:solver 'selectors/flexfolio/src/flexfolio_train.py' -@1:voting:rf-criterion 'entropy' -@1:voting:rf-max_features 'log2' -@1:voting:rf-min_samples_leaf '59'  
[INFO ] Updated estimated mean runtime of the same incumbent: 1.4285714285714286; estimate now based on 7 runs.
[WARN ] Algorithm Run Result reported a runtime of 6.0 (secs) that exceeded it's cutoff time of 3.60260001232028 (secs) by 2.39739998767972 (secs). Next warning at 3.39739998767972 (secs)  
[INFO ] Updated estimated mean runtime of the same incumbent: 1.5; estimate now based on 8 runs.
[INFO ] Incumbent changed to: config 7 (internal ID: 0x1AB1A), with mean runtime: 1.25; estimate based on 8 runs.
[INFO ] Sample call for new incumbent config 7 (internal ID: 0x1AB1A): 
cd /home/academic/toliu/af/autofolio_asc/.; python wrappers/flexfolio/ff_wrapper.py train_out/CSP-Minizinc-Time-2016_8/config_wrapper.json 1 0 1800.0 2147483647 -1 -@1:F:aspeed-opt 'no' -@1:approach 'SBS' -@1:approx-weights 'max' -@1:aslib-dir 'autofolio_arff/train/CSP-Minizinc-Time-2016_8' -@1:aspeed:time-limit '100' -@1:impute 'none' -@1:mem-limit '2048' -@1:normalize 'pca' -@1:pca-dims '10' -@1:performance_trans 'log' -@1:separator 'W' -@1:solver 'selectors/flexfolio/src/flexfolio_train.py'  
[INFO ] Updated estimated mean runtime of the same incumbent: 1.3333333333333333; estimate now based on 9 runs.
[INFO ] Incumbent changed to: config 8 (internal ID: 0x1D875), with mean runtime: 1.0; estimate based on 9 runs.
[INFO ] Sample call for new incumbent config 8 (internal ID: 0x1D875): 
cd /home/academic/toliu/af/autofolio_asc/.; python wrappers/flexfolio/ff_wrapper.py train_out/CSP-Minizinc-Time-2016_8/config_wrapper.json 1 0 1800.0 2147483647 -1 -@1:F:aspeed-opt 'no' -@1:approach 'CLASSVOTER' -@1:approx-weights 'rmsd' -@1:aslib-dir 'autofolio_arff/train/CSP-Minizinc-Time-2016_8' -@1:aspeed:time-limit '100' -@1:classifier 'SVM' -@1:impute 'mean' -@1:mem-limit '2048' -@1:normalize 'zscore' -@1:performance_trans 'log' -@1:separator 'W' -@1:solver 'selectors/flexfolio/src/flexfolio_train.py' -@1:voting:svm-C '0.1905930500257477' -@1:voting:svm-gamma '0.03549754199112527'  
[INFO ] Updated estimated mean runtime of the same incumbent: 1.0; estimate now based on 10 runs.
[INFO ] Incumbent changed to: config 13 (internal ID: 0x2F7EC), with mean runtime: 0.9; estimate based on 10 runs.
[INFO ] Sample call for new incumbent config 13 (internal ID: 0x2F7EC): 
cd /home/academic/toliu/af/autofolio_asc/.; python wrappers/flexfolio/ff_wrapper.py train_out/CSP-Minizinc-Time-2016_8/config_wrapper.json 1 0 1800.0 2147483647 -1 -@1:F:aspeed-opt 'no' -@1:approach 'SBS' -@1:approx-weights 'nrmsd' -@1:aslib-dir 'autofolio_arff/train/CSP-Minizinc-Time-2016_8' -@1:aspeed:time-limit '100' -@1:impute 'mean' -@1:mem-limit '2048' -@1:normalize 'zscore' -@1:performance_trans 'zscore' -@1:separator 'W' -@1:solver 'selectors/flexfolio/src/flexfolio_train.py'  
[INFO ] Incumbent changed to: config 17 (internal ID: 0x3FFCE), with mean runtime: 0.7; estimate based on 10 runs.
[INFO ] Sample call for new incumbent config 17 (internal ID: 0x3FFCE): 
cd /home/academic/toliu/af/autofolio_asc/.; python wrappers/flexfolio/ff_wrapper.py train_out/CSP-Minizinc-Time-2016_8/config_wrapper.json 1 0 1800.0 2147483647 -1 -@1:F:aspeed-opt 'no' -@1:approach 'SBS' -@1:approx-weights 'nrmsd' -@1:aslib-dir 'autofolio_arff/train/CSP-Minizinc-Time-2016_8' -@1:aspeed:time-limit '100' -@1:impute 'mean' -@1:mem-limit '2048' -@1:normalize 'zscore' -@1:performance_trans 'None' -@1:separator 'W' -@1:solver 'selectors/flexfolio/src/flexfolio_train.py'  
[INFO ] Incumbent changed to: config 111 (internal ID: 0x288E6C), with mean runtime: 0.6; estimate based on 10 runs.
[INFO ] Sample call for new incumbent config 111 (internal ID: 0x288E6C): 
cd /home/academic/toliu/af/autofolio_asc/.; python wrappers/flexfolio/ff_wrapper.py train_out/CSP-Minizinc-Time-2016_8/config_wrapper.json 1 0 1800.0 2147483647 -1 -@1:F:aspeed-opt 'no' -@1:approach 'SBS' -@1:approx-weights 'max' -@1:aslib-dir 'autofolio_arff/train/CSP-Minizinc-Time-2016_8' -@1:aspeed:time-limit '100' -@1:impute 'mean' -@1:mem-limit '2048' -@1:normalize 'dec' -@1:performance_trans 'zscore' -@1:separator 'W' -@1:solver 'selectors/flexfolio/src/flexfolio_train.py'  
[INFO ] Incumbent changed to: config 142 (internal ID: 0x38CA4D), with mean runtime: 0.5; estimate based on 10 runs.
[INFO ] Sample call for new incumbent config 142 (internal ID: 0x38CA4D): 
cd /home/academic/toliu/af/autofolio_asc/.; python wrappers/flexfolio/ff_wrapper.py train_out/CSP-Minizinc-Time-2016_8/config_wrapper.json 1 0 1800.0 2147483647 -1 -@1:F:aspeed-opt 'no' -@1:approach 'SBS' -@1:approx-weights 'max' -@1:aslib-dir 'autofolio_arff/train/CSP-Minizinc-Time-2016_8' -@1:aspeed:time-limit '100' -@1:impute 'mean' -@1:mem-limit '2048' -@1:normalize 'zscore' -@1:performance_trans 'zscore' -@1:separator 'W' -@1:solver 'selectors/flexfolio/src/flexfolio_train.py'  
[WARN ] Configuration 369 (0x9D5252) which has been selected to replace the current incumbent 142 (0x38CA4D) has 2 early censored runs. Future versions of SMAC will handle this case properly. For now we will simply repair the invariant manually by running all capped runs up to kappaMax. This warning can be safely ignored, it exists only so that this condition has some visibility (as SMAC could be improved by fixing this)
[INFO ] Incumbent changed to: config 141 (internal ID: 0xE1F56A), with mean runtime: 0.2; estimate based on 10 runs.
[INFO ] Sample call for new incumbent config 141 (internal ID: 0xE1F56A): 
cd /home/academic/toliu/af/autofolio_asc/.; python wrappers/flexfolio/ff_wrapper.py train_out/CSP-Minizinc-Time-2016_8/config_wrapper.json 1 0 1800.0 2147483647 -1 -@1:F:aspeed-opt 'no' -@1:approach 'SBS' -@1:approx-weights 'max' -@1:aslib-dir 'autofolio_arff/train/CSP-Minizinc-Time-2016_8' -@1:aspeed:time-limit '100' -@1:impute 'mean' -@1:mem-limit '2048' -@1:normalize 'none' -@1:performance_trans 'zscore' -@1:separator 'W' -@1:solver 'selectors/flexfolio/src/flexfolio_train.py'  
[INFO ] Incumbent changed to: config 572 (internal ID: 0xE3D193), with mean runtime: 0.0; estimate based on 10 runs.
[INFO ] Sample call for new incumbent config 572 (internal ID: 0xE3D193): 
cd /home/academic/toliu/af/autofolio_asc/.; python wrappers/flexfolio/ff_wrapper.py train_out/CSP-Minizinc-Time-2016_8/config_wrapper.json 1 0 1800.0 2147483647 -1 -@1:F:aspeed-opt 'no' -@1:approach 'SBS' -@1:approx-weights 'max' -@1:aslib-dir 'autofolio_arff/train/CSP-Minizinc-Time-2016_8' -@1:aspeed:time-limit '100' -@1:impute 'median' -@1:mem-limit '2048' -@1:normalize 'zscore' -@1:performance_trans 'None' -@1:separator 'W' -@1:solver 'selectors/flexfolio/src/flexfolio_train.py'  
[WARN ] Killed run <Instance:5, Seed:-1, Config:0x179CF31, Kappa:1.0026010390102864, Execution Config: 0x0001> at 10.16 for exceeding 10.0 times its cutoff time of 1.0026010390102864 (secs)
[WARN ] Algorithm Run Result reported a runtime of 10.16 (secs) that exceeded it's cutoff time of 1.0026010390102864 (secs) by 9.157398960989713 (secs). Next warning at 10.157398960989713 (secs)  
[WARN ] Killed run <Instance:4, Seed:-1, Config:0x43F2B4F, Kappa:1.0026010390102864, Execution Config: 0x0001> at 10.35 for exceeding 10.0 times its cutoff time of 1.0026010390102864 (secs)
[WARN ] Killed run <Instance:1, Seed:-1, Config:0x5966F3F, Kappa:1.0026010390102864, Execution Config: 0x0001> at 10.36 for exceeding 10.0 times its cutoff time of 1.0026010390102864 (secs)
[INFO ] 
=======================================================================================
SMAC has finished. Reason: wall-clock time limit (35876.029 s) has been reached.   
Total number of runs performed: 33889, total configurations tried: 5961.
Total CPU time used: 11921 s, total wallclock time used: 35876 s.
SMAC's final incumbent: config 572 (internal ID: 0xE3D193), with estimated mean runtime: 0.0, based on 10 run(s) on 10 training instance(s).
Sample call for this final incumbent:
cd /home/academic/toliu/af/autofolio_asc/.; python wrappers/flexfolio/ff_wrapper.py train_out/CSP-Minizinc-Time-2016_8/config_wrapper.json 1 0 1800.0 2147483647 -1 -@1:F:aspeed-opt 'no' -@1:approach 'SBS' -@1:approx-weights 'max' -@1:aslib-dir 'autofolio_arff/train/CSP-Minizinc-Time-2016_8' -@1:aspeed:time-limit '100' -@1:impute 'median' -@1:mem-limit '2048' -@1:normalize 'zscore' -@1:performance_trans 'None' -@1:separator 'W' -@1:solver 'selectors/flexfolio/src/flexfolio_train.py'
=======================================================================================
[INFO ] 
----------------------------------------------------------------------------------------------------------------------------------------------------------------------------
Additional information about run 1 in:/home/academic/toliu/af/autofolio_asc/train_out/CSP-Minizinc-Time-2016_8/smac-output/autofolio
----------------------------------------------------------------------------------------------------------------------------------------------------------------------------
