[INFO ] Logging to: /home/academic/toliu/af/autofolio_asc/train_out/CSP-Minizinc-Time-2016_9/smac-output/autofolio/log-run1.txt
[INFO ] Version of SMAC is v2.08.00-master-731 (0e43c26c3d1f), running on OpenJDK 64-Bit Server VM (11.0.11) and Linux 4.15.0-143-generic (amd64) 
[INFO ] Call String: smac --scenarioFile train_out/CSP-Minizinc-Time-2016_9/autofolio.scen --seed 1 --always-run-initial-config True --validation False --output-dir train_out/CSP-Minizinc-Time-2016_9/smac-output 
[INFO ] SMAC started at: May 29, 2021, 3:24:10 AM. Minimizing mean runtime.
WARNING: An illegal reflective access operation has occurred
WARNING: Illegal reflective access by ca.ubc.cs.beta.aeatk.targetalgorithmevaluator.base.cli.CommandLineAlgorithmRun (file:/home/academic/toliu/af/autofolio_asc/configurators/smac-v2.08.00-master-731/lib/aeatk.jar) to field java.lang.ProcessImpl.pid
WARNING: Please consider reporting this to the maintainers of ca.ubc.cs.beta.aeatk.targetalgorithmevaluator.base.cli.CommandLineAlgorithmRun
WARNING: Use --illegal-access=warn to enable warnings of further illegal reflective access operations
WARNING: All illegal access operations will be denied in a future release
[INFO ] First incumbent: config 1 (internal ID: 0x000D), with mean runtime: 5.0; estimate based on 1 runs.
[INFO ] Sample call for new incumbent config 1 (internal ID: 0x000D): 
cd /home/academic/toliu/af/autofolio_asc/.; python wrappers/flexfolio/ff_wrapper.py train_out/CSP-Minizinc-Time-2016_9/config_wrapper.json 5 0 1800.0 2147483647 -1 -@1:F:aspeed-opt 'no' -@1:approach 'CLASSVOTER' -@1:approx-weights 'None' -@1:aslib-dir 'autofolio_arff/train/CSP-Minizinc-Time-2016_9' -@1:aspeed:time-limit '100' -@1:classifier 'RANDOMFOREST' -@1:impute 'mean' -@1:mem-limit '2048' -@1:normalize 'zscore' -@1:performance_trans 'None' -@1:separator 'W' -@1:solver 'selectors/flexfolio/src/flexfolio_train.py' -@1:voting:rf-criterion 'entropy' -@1:voting:rf-max_features 'sqrt' -@1:voting:rf-min_samples_leaf '10'  
[INFO ] Updated estimated mean runtime of the same incumbent: 5.0; estimate now based on 2 runs.
[INFO ] Incumbent changed to: config 2 (internal ID: 0x41B2), with mean runtime: 2.0; estimate based on 2 runs.
[INFO ] Sample call for new incumbent config 2 (internal ID: 0x41B2): 
cd /home/academic/toliu/af/autofolio_asc/.; python wrappers/flexfolio/ff_wrapper.py train_out/CSP-Minizinc-Time-2016_9/config_wrapper.json 3 0 1800.0 2147483647 -1 -@1:F:aspeed-opt 'yes' -@1:F:concentrate 'yes' -@1:approach 'SBS' -@1:approx-weights 'nrmsd' -@1:aslib-dir 'autofolio_arff/train/CSP-Minizinc-Time-2016_9' -@1:aspeed:time-limit '100' -@1:impute 'median' -@1:max-solver '36' -@1:mem-limit '2048' -@1:normalize 'dec' -@1:opt-mode '4' -@1:performance_trans 'None' -@1:separator 'W' -@1:solver 'selectors/flexfolio/src/flexfolio_train.py' -@1:time-pre-solvers '1'  
[INFO ] Updated estimated mean runtime of the same incumbent: 2.0; estimate now based on 3 runs.
[INFO ] Incumbent changed to: config 3 (internal ID: 0x755C), with mean runtime: 1.3333333333333333; estimate based on 3 runs.
[INFO ] Sample call for new incumbent config 3 (internal ID: 0x755C): 
cd /home/academic/toliu/af/autofolio_asc/.; python wrappers/flexfolio/ff_wrapper.py train_out/CSP-Minizinc-Time-2016_9/config_wrapper.json 3 0 1800.0 2147483647 -1 -@1:F:aspeed-opt 'yes' -@1:F:concentrate 'no' -@1:approach 'CLASSVOTER' -@1:approx-weights 'None' -@1:aslib-dir 'autofolio_arff/train/CSP-Minizinc-Time-2016_9' -@1:aspeed:time-limit '100' -@1:classifier 'SVM' -@1:impute 'none' -@1:max-solver '69' -@1:mem-limit '2048' -@1:normalize 'linear' -@1:opt-mode '4' -@1:performance_trans 'None' -@1:separator 'W' -@1:solver 'selectors/flexfolio/src/flexfolio_train.py' -@1:time-pre-solvers '17' -@1:voting:svm-C '2.5963420995289663' -@1:voting:svm-gamma '0.6742444893376904'  
[INFO ] Updated estimated mean runtime of the same incumbent: 1.25; estimate now based on 4 runs.
[INFO ] Updated estimated mean runtime of the same incumbent: 1.4; estimate now based on 5 runs.
[INFO ] Updated estimated mean runtime of the same incumbent: 1.5; estimate now based on 6 runs.
[INFO ] Updated estimated mean runtime of the same incumbent: 1.4285714285714286; estimate now based on 7 runs.
[WARN ] Algorithm Run Result reported a runtime of 4.0 (secs) that exceeded it's cutoff time of 1.0104007351875306 (secs) by 2.9895992648124694 (secs). Next warning at 3.9895992648124694 (secs)  
[INFO ] Updated estimated mean runtime of the same incumbent: 1.375; estimate now based on 8 runs.
[INFO ] Updated estimated mean runtime of the same incumbent: 1.3333333333333333; estimate now based on 9 runs.
[INFO ] Incumbent changed to: config 8 (internal ID: 0x1D8F5), with mean runtime: 1.0; estimate based on 9 runs.
[INFO ] Sample call for new incumbent config 8 (internal ID: 0x1D8F5): 
cd /home/academic/toliu/af/autofolio_asc/.; python wrappers/flexfolio/ff_wrapper.py train_out/CSP-Minizinc-Time-2016_9/config_wrapper.json 1 0 1800.0 2147483647 -1 -@1:F:aspeed-opt 'no' -@1:approach 'CLASSVOTER' -@1:approx-weights 'rmsd' -@1:aslib-dir 'autofolio_arff/train/CSP-Minizinc-Time-2016_9' -@1:aspeed:time-limit '100' -@1:classifier 'SVM' -@1:impute 'mean' -@1:mem-limit '2048' -@1:normalize 'zscore' -@1:performance_trans 'log' -@1:separator 'W' -@1:solver 'selectors/flexfolio/src/flexfolio_train.py' -@1:voting:svm-C '0.1905930500257477' -@1:voting:svm-gamma '0.03549754199112527'  
[INFO ] Updated estimated mean runtime of the same incumbent: 1.0; estimate now based on 10 runs.
[INFO ] Incumbent changed to: config 12 (internal ID: 0x2CB0F), with mean runtime: 0.6; estimate based on 10 runs.
[INFO ] Sample call for new incumbent config 12 (internal ID: 0x2CB0F): 
cd /home/academic/toliu/af/autofolio_asc/.; python wrappers/flexfolio/ff_wrapper.py train_out/CSP-Minizinc-Time-2016_9/config_wrapper.json 1 0 1800.0 2147483647 -1 -@1:F:aspeed-opt 'no' -@1:approach 'SBS' -@1:approx-weights 'nrmsd' -@1:aslib-dir 'autofolio_arff/train/CSP-Minizinc-Time-2016_9' -@1:aspeed:time-limit '100' -@1:impute 'mean' -@1:mem-limit '2048' -@1:normalize 'linear' -@1:performance_trans 'zscore' -@1:separator 'W' -@1:solver 'selectors/flexfolio/src/flexfolio_train.py'  
[INFO ] Incumbent changed to: config 16 (internal ID: 0x3BF15), with mean runtime: 0.5; estimate based on 10 runs.
[INFO ] Sample call for new incumbent config 16 (internal ID: 0x3BF15): 
cd /home/academic/toliu/af/autofolio_asc/.; python wrappers/flexfolio/ff_wrapper.py train_out/CSP-Minizinc-Time-2016_9/config_wrapper.json 1 0 1800.0 2147483647 -1 -@1:F:aspeed-opt 'no' -@1:approach 'SBS' -@1:approx-weights 'nrmsd' -@1:aslib-dir 'autofolio_arff/train/CSP-Minizinc-Time-2016_9' -@1:aspeed:time-limit '100' -@1:impute 'mean' -@1:mem-limit '2048' -@1:normalize 'dec' -@1:performance_trans 'None' -@1:separator 'W' -@1:solver 'selectors/flexfolio/src/flexfolio_train.py'  
[INFO ] Incumbent changed to: config 102 (internal ID: 0x1D52D9), with mean runtime: 0.39999999999999997; estimate based on 10 runs.
[INFO ] Sample call for new incumbent config 102 (internal ID: 0x1D52D9): 
cd /home/academic/toliu/af/autofolio_asc/.; python wrappers/flexfolio/ff_wrapper.py train_out/CSP-Minizinc-Time-2016_9/config_wrapper.json 1 0 1800.0 2147483647 -1 -@1:F:aspeed-opt 'no' -@1:approach 'SBS' -@1:approx-weights 'nrmsd' -@1:aslib-dir 'autofolio_arff/train/CSP-Minizinc-Time-2016_9' -@1:aspeed:time-limit '100' -@1:impute 'most_frequent' -@1:mem-limit '2048' -@1:normalize 'none' -@1:performance_trans 'None' -@1:separator 'W' -@1:solver 'selectors/flexfolio/src/flexfolio_train.py'  
[WARN ] Configuration 549 (0xCAE133) which has been selected to replace the current incumbent 102 (0x1D52D9) has 1 early censored runs. Future versions of SMAC will handle this case properly. For now we will simply repair the invariant manually by running all capped runs up to kappaMax. This warning can be safely ignored, it exists only so that this condition has some visibility (as SMAC could be improved by fixing this)
[INFO ] Incumbent changed to: config 801 (internal ID: 0x12ADDDA), with mean runtime: 0.3; estimate based on 10 runs.
[INFO ] Sample call for new incumbent config 801 (internal ID: 0x12ADDDA): 
cd /home/academic/toliu/af/autofolio_asc/.; python wrappers/flexfolio/ff_wrapper.py train_out/CSP-Minizinc-Time-2016_9/config_wrapper.json 1 0 1800.0 2147483647 -1 -@1:F:aspeed-opt 'no' -@1:approach 'SBS' -@1:approx-weights 'None' -@1:aslib-dir 'autofolio_arff/train/CSP-Minizinc-Time-2016_9' -@1:aspeed:time-limit '100' -@1:impute 'median' -@1:mem-limit '2048' -@1:normalize 'linear' -@1:performance_trans 'log' -@1:separator 'W' -@1:solver 'selectors/flexfolio/src/flexfolio_train.py'  
[INFO ] Incumbent changed to: config 3660 (internal ID: 0x521F3BC), with mean runtime: 0.2; estimate based on 10 runs.
[INFO ] Sample call for new incumbent config 3660 (internal ID: 0x521F3BC): 
cd /home/academic/toliu/af/autofolio_asc/.; python wrappers/flexfolio/ff_wrapper.py train_out/CSP-Minizinc-Time-2016_9/config_wrapper.json 1 0 1800.0 2147483647 -1 -@1:F:aspeed-opt 'yes' -@1:F:concentrate 'yes' -@1:approach 'CLASSVOTER' -@1:approx-weights 'None' -@1:aslib-dir 'autofolio_arff/train/CSP-Minizinc-Time-2016_9' -@1:aspeed:time-limit '100' -@1:classifier 'GRADIENTBOOSTING' -@1:impute 'median' -@1:max-solver '28' -@1:mem-limit '2048' -@1:normalize 'pca' -@1:opt-mode '1' -@1:pca-dims '4' -@1:performance_trans 'None' -@1:separator 'W' -@1:solver 'selectors/flexfolio/src/flexfolio_train.py' -@1:time-pre-solvers '156' -@1:voting:gb-max_depth '15' -@1:voting:gb-max_features 'sqrt' -@1:voting:gb-min_samples_leaf '17'  
[INFO ] Incumbent changed to: config 3678 (internal ID: 0x5287F90), with mean runtime: 0.0; estimate based on 10 runs.
[INFO ] Sample call for new incumbent config 3678 (internal ID: 0x5287F90): 
cd /home/academic/toliu/af/autofolio_asc/.; python wrappers/flexfolio/ff_wrapper.py train_out/CSP-Minizinc-Time-2016_9/config_wrapper.json 1 0 1800.0 2147483647 -1 -@1:F:aspeed-opt 'no' -@1:approach 'CLASSVOTER' -@1:approx-weights 'None' -@1:aslib-dir 'autofolio_arff/train/CSP-Minizinc-Time-2016_9' -@1:aspeed:time-limit '100' -@1:classifier 'SVM' -@1:impute 'mean' -@1:mem-limit '2048' -@1:normalize 'zscore' -@1:performance_trans 'None' -@1:separator 'W' -@1:solver 'selectors/flexfolio/src/flexfolio_train.py' -@1:voting:svm-C '10.248427282895527' -@1:voting:svm-gamma '0.004110378330669125'  
[WARN ] Killed run <Instance:8, Seed:-1, Config:0x5EA867E, Kappa:1.0026010390102864, Execution Config: 0x0001> at 10.48 for exceeding 10.0 times its cutoff time of 1.0026010390102864 (secs)
[WARN ] Algorithm Run Result reported a runtime of 10.48 (secs) that exceeded it's cutoff time of 1.0026010390102864 (secs) by 9.477398960989714 (secs). Next warning at 10.477398960989714 (secs)  
[WARN ] Killed run <Instance:3, Seed:-1, Config:0x5F17D44, Kappa:1.0026010390102864, Execution Config: 0x0001> at 10.08 for exceeding 10.0 times its cutoff time of 1.0026010390102864 (secs)
[WARN ] Killed run <Instance:2, Seed:-1, Config:0x609A11A, Kappa:1.0026010390102864, Execution Config: 0x0001> at 10.440001 for exceeding 10.0 times its cutoff time of 1.0026010390102864 (secs)
[WARN ] Killed run <Instance:7, Seed:-1, Config:0x638F9D9, Kappa:1.0026010390102864, Execution Config: 0x0001> at 10.16 for exceeding 10.0 times its cutoff time of 1.0026010390102864 (secs)
[INFO ] 
=======================================================================================
SMAC has finished. Reason: wall-clock time limit (35885.602 s) has been reached.   
Total number of runs performed: 27542, total configurations tried: 6853.
Total CPU time used: 17603 s, total wallclock time used: 35886 s.
SMAC's final incumbent: config 3678 (internal ID: 0x5287F90), with estimated mean runtime: 0.0, based on 10 run(s) on 10 training instance(s).
Sample call for this final incumbent:
cd /home/academic/toliu/af/autofolio_asc/.; python wrappers/flexfolio/ff_wrapper.py train_out/CSP-Minizinc-Time-2016_9/config_wrapper.json 1 0 1800.0 2147483647 -1 -@1:F:aspeed-opt 'no' -@1:approach 'CLASSVOTER' -@1:approx-weights 'None' -@1:aslib-dir 'autofolio_arff/train/CSP-Minizinc-Time-2016_9' -@1:aspeed:time-limit '100' -@1:classifier 'SVM' -@1:impute 'mean' -@1:mem-limit '2048' -@1:normalize 'zscore' -@1:performance_trans 'None' -@1:separator 'W' -@1:solver 'selectors/flexfolio/src/flexfolio_train.py' -@1:voting:svm-C '10.248427282895527' -@1:voting:svm-gamma '0.004110378330669125'
=======================================================================================
[INFO ] 
----------------------------------------------------------------------------------------------------------------------------------------------------------------------------
Additional information about run 1 in:/home/academic/toliu/af/autofolio_asc/train_out/CSP-Minizinc-Time-2016_9/smac-output/autofolio
----------------------------------------------------------------------------------------------------------------------------------------------------------------------------
