[INFO ] Logging to: /home/academic/toliu/af/autofolio_asc/train_out/TSP-LION2015_2/smac-output/autofolio/log-run1.txt
[INFO ] Version of SMAC is v2.08.00-master-731 (0e43c26c3d1f), running on OpenJDK 64-Bit Server VM (11.0.11) and Linux 4.15.0-143-generic (amd64) 
[INFO ] Call String: smac --scenarioFile train_out/TSP-LION2015_2/autofolio.scen --seed 1 --always-run-initial-config True --validation False --output-dir train_out/TSP-LION2015_2/smac-output 
[INFO ] Found previous run data in state output folder: /home/academic/toliu/af/autofolio_asc/train_out/TSP-LION2015_2/smac-output/autofolio , renamed to: old-state-state-run1-1622865253844
[INFO ] SMAC started at: Jun 5, 2021, 5:54:14 AM. Minimizing mean runtime.
WARNING: An illegal reflective access operation has occurred
WARNING: Illegal reflective access by ca.ubc.cs.beta.aeatk.targetalgorithmevaluator.base.cli.CommandLineAlgorithmRun (file:/home/academic/toliu/af/autofolio_asc/configurators/smac-v2.08.00-master-731/lib/aeatk.jar) to field java.lang.ProcessImpl.pid
WARNING: Please consider reporting this to the maintainers of ca.ubc.cs.beta.aeatk.targetalgorithmevaluator.base.cli.CommandLineAlgorithmRun
WARNING: Use --illegal-access=warn to enable warnings of further illegal reflective access operations
WARNING: All illegal access operations will be denied in a future release
[INFO ] First incumbent: config 1 (internal ID: 0x000D), with mean runtime: 10.0; estimate based on 1 runs.
[INFO ] Sample call for new incumbent config 1 (internal ID: 0x000D): 
cd /home/academic/toliu/af/autofolio_asc/.; python wrappers/flexfolio/ff_wrapper.py train_out/TSP-LION2015_2/config_wrapper.json 5 0 1800.0 2147483647 -1 -@1:F:aspeed-opt 'no' -@1:approach 'CLASSVOTER' -@1:approx-weights 'None' -@1:aslib-dir 'autofolio_arff/train/TSP-LION2015_2' -@1:aspeed:time-limit '100' -@1:classifier 'RANDOMFOREST' -@1:impute 'mean' -@1:mem-limit '2048' -@1:normalize 'zscore' -@1:performance_trans 'None' -@1:separator 'W' -@1:solver 'selectors/flexfolio/src/flexfolio_train.py' -@1:voting:rf-criterion 'entropy' -@1:voting:rf-max_features 'sqrt' -@1:voting:rf-min_samples_leaf '10'  
[INFO ] Updated estimated mean runtime of the same incumbent: 10.0; estimate now based on 2 runs.
[INFO ] Updated estimated mean runtime of the same incumbent: 9.666666666666666; estimate now based on 3 runs.
[INFO ] Updated estimated mean runtime of the same incumbent: 9.75; estimate now based on 4 runs.
[INFO ] Updated estimated mean runtime of the same incumbent: 9.8; estimate now based on 5 runs.
[WARN ] Algorithm Run Result reported a runtime of 14.0 (secs) that exceeded it's cutoff time of 8.803900087597967 (secs) by 5.196099912402033 (secs). Next warning at 6.196099912402033 (secs)  
[INFO ] Updated estimated mean runtime of the same incumbent: 9.833333333333334; estimate now based on 6 runs.
[INFO ] Updated estimated mean runtime of the same incumbent: 9.857142857142858; estimate now based on 7 runs.
[WARN ] Algorithm Run Result reported a runtime of 20.0 (secs) that exceeded it's cutoff time of 12.702600777494908 (secs) by 7.297399222505092 (secs). Next warning at 8.297399222505092 (secs)  
[INFO ] Updated estimated mean runtime of the same incumbent: 9.875; estimate now based on 8 runs.
[INFO ] Incumbent changed to: config 7 (internal ID: 0x1AA0F), with mean runtime: 9.625; estimate based on 8 runs.
[INFO ] Sample call for new incumbent config 7 (internal ID: 0x1AA0F): 
cd /home/academic/toliu/af/autofolio_asc/.; python wrappers/flexfolio/ff_wrapper.py train_out/TSP-LION2015_2/config_wrapper.json 1 0 1800.0 2147483647 -1 -@1:F:aspeed-opt 'no' -@1:approach 'CLASSVOTER' -@1:approx-weights 'nrmsd' -@1:aslib-dir 'autofolio_arff/train/TSP-LION2015_2' -@1:aspeed:time-limit '100' -@1:classifier 'RANDOMFOREST' -@1:impute 'mean' -@1:mem-limit '2048' -@1:normalize 'zscore' -@1:performance_trans 'zscore' -@1:separator 'W' -@1:solver 'selectors/flexfolio/src/flexfolio_train.py' -@1:voting:rf-criterion 'gini' -@1:voting:rf-max_features 'sqrt' -@1:voting:rf-min_samples_leaf '1'  
[INFO ] Updated estimated mean runtime of the same incumbent: 9.666666666666666; estimate now based on 9 runs.
[INFO ] Updated estimated mean runtime of the same incumbent: 9.7; estimate now based on 10 runs.
[INFO ] Incumbent changed to: config 11 (internal ID: 0x28E71), with mean runtime: 8.5; estimate based on 10 runs.
[INFO ] Sample call for new incumbent config 11 (internal ID: 0x28E71): 
cd /home/academic/toliu/af/autofolio_asc/.; python wrappers/flexfolio/ff_wrapper.py train_out/TSP-LION2015_2/config_wrapper.json 1 0 1800.0 2147483647 -1 -@1:F:aspeed-opt 'no' -@1:approach 'CLASSVOTER' -@1:approx-weights 'nrmsd' -@1:aslib-dir 'autofolio_arff/train/TSP-LION2015_2' -@1:aspeed:time-limit '100' -@1:classifier 'GRADIENTBOOSTING' -@1:impute 'mean' -@1:mem-limit '2048' -@1:normalize 'dec' -@1:performance_trans 'zscore' -@1:separator 'W' -@1:solver 'selectors/flexfolio/src/flexfolio_train.py' -@1:voting:gb-max_depth '2' -@1:voting:gb-max_features 'sqrt' -@1:voting:gb-min_samples_leaf '2'  
[INFO ] Incumbent changed to: config 12 (internal ID: 0x2C8C4), with mean runtime: 6.6; estimate based on 10 runs.
[INFO ] Sample call for new incumbent config 12 (internal ID: 0x2C8C4): 
cd /home/academic/toliu/af/autofolio_asc/.; python wrappers/flexfolio/ff_wrapper.py train_out/TSP-LION2015_2/config_wrapper.json 1 0 1800.0 2147483647 -1 -@1:F:aspeed-opt 'no' -@1:approach 'SBS' -@1:approx-weights 'nrmsd' -@1:aslib-dir 'autofolio_arff/train/TSP-LION2015_2' -@1:aspeed:time-limit '100' -@1:impute 'mean' -@1:mem-limit '2048' -@1:normalize 'linear' -@1:performance_trans 'zscore' -@1:separator 'W' -@1:solver 'selectors/flexfolio/src/flexfolio_train.py'  
[INFO ] Incumbent changed to: config 16 (internal ID: 0x3B88D), with mean runtime: 6.5; estimate based on 10 runs.
[INFO ] Sample call for new incumbent config 16 (internal ID: 0x3B88D): 
cd /home/academic/toliu/af/autofolio_asc/.; python wrappers/flexfolio/ff_wrapper.py train_out/TSP-LION2015_2/config_wrapper.json 1 0 1800.0 2147483647 -1 -@1:F:aspeed-opt 'no' -@1:approach 'SBS' -@1:approx-weights 'nrmsd' -@1:aslib-dir 'autofolio_arff/train/TSP-LION2015_2' -@1:aspeed:time-limit '100' -@1:impute 'mean' -@1:mem-limit '2048' -@1:normalize 'dec' -@1:performance_trans 'None' -@1:separator 'W' -@1:solver 'selectors/flexfolio/src/flexfolio_train.py'  
[INFO ] Incumbent changed to: config 19 (internal ID: 0x482A7), with mean runtime: 6.3; estimate based on 10 runs.
[INFO ] Sample call for new incumbent config 19 (internal ID: 0x482A7): 
cd /home/academic/toliu/af/autofolio_asc/.; python wrappers/flexfolio/ff_wrapper.py train_out/TSP-LION2015_2/config_wrapper.json 1 0 1800.0 2147483647 -1 -@1:F:aspeed-opt 'no' -@1:approach 'SBS' -@1:approx-weights 'rmsd' -@1:aslib-dir 'autofolio_arff/train/TSP-LION2015_2' -@1:aspeed:time-limit '100' -@1:impute 'mean' -@1:mem-limit '2048' -@1:normalize 'dec' -@1:performance_trans 'None' -@1:separator 'W' -@1:solver 'selectors/flexfolio/src/flexfolio_train.py'  
[INFO ] Incumbent changed to: config 21 (internal ID: 0x4F1FB), with mean runtime: 6.2; estimate based on 10 runs.
[INFO ] Sample call for new incumbent config 21 (internal ID: 0x4F1FB): 
cd /home/academic/toliu/af/autofolio_asc/.; python wrappers/flexfolio/ff_wrapper.py train_out/TSP-LION2015_2/config_wrapper.json 1 0 1800.0 2147483647 -1 -@1:F:aspeed-opt 'no' -@1:approach 'SBS' -@1:approx-weights 'rmsd' -@1:aslib-dir 'autofolio_arff/train/TSP-LION2015_2' -@1:aspeed:time-limit '100' -@1:impute 'mean' -@1:mem-limit '2048' -@1:normalize 'dec' -@1:performance_trans 'log' -@1:separator 'W' -@1:solver 'selectors/flexfolio/src/flexfolio_train.py'  
[INFO ] Incumbent changed to: config 70 (internal ID: 0x1139EE), with mean runtime: 6.1; estimate based on 10 runs.
[INFO ] Sample call for new incumbent config 70 (internal ID: 0x1139EE): 
cd /home/academic/toliu/af/autofolio_asc/.; python wrappers/flexfolio/ff_wrapper.py train_out/TSP-LION2015_2/config_wrapper.json 1 0 1800.0 2147483647 -1 -@1:F:aspeed-opt 'no' -@1:approach 'SBS' -@1:approx-weights 'rmsd' -@1:aslib-dir 'autofolio_arff/train/TSP-LION2015_2' -@1:aspeed:time-limit '100' -@1:impute 'none' -@1:mem-limit '2048' -@1:normalize 'none' -@1:performance_trans 'log' -@1:separator 'W' -@1:solver 'selectors/flexfolio/src/flexfolio_train.py'  
[INFO ] Incumbent changed to: config 72 (internal ID: 0x11B0BA), with mean runtime: 6.0; estimate based on 10 runs.
[INFO ] Sample call for new incumbent config 72 (internal ID: 0x11B0BA): 
cd /home/academic/toliu/af/autofolio_asc/.; python wrappers/flexfolio/ff_wrapper.py train_out/TSP-LION2015_2/config_wrapper.json 1 0 1800.0 2147483647 -1 -@1:F:aspeed-opt 'no' -@1:approach 'SBS' -@1:approx-weights 'max' -@1:aslib-dir 'autofolio_arff/train/TSP-LION2015_2' -@1:aspeed:time-limit '100' -@1:impute 'none' -@1:mem-limit '2048' -@1:normalize 'none' -@1:performance_trans 'log' -@1:separator 'W' -@1:solver 'selectors/flexfolio/src/flexfolio_train.py'  
[INFO ] Incumbent changed to: config 184 (internal ID: 0x2E9620), with mean runtime: 4.5; estimate based on 10 runs.
[INFO ] Sample call for new incumbent config 184 (internal ID: 0x2E9620): 
cd /home/academic/toliu/af/autofolio_asc/.; python wrappers/flexfolio/ff_wrapper.py train_out/TSP-LION2015_2/config_wrapper.json 1 0 1800.0 2147483647 -1 -@1:F:aspeed-opt 'no' -@1:approach 'SBS' -@1:approx-weights 'None' -@1:aslib-dir 'autofolio_arff/train/TSP-LION2015_2' -@1:aspeed:time-limit '100' -@1:impute 'most_frequent' -@1:mem-limit '2048' -@1:normalize 'none' -@1:performance_trans 'log' -@1:separator 'W' -@1:solver 'selectors/flexfolio/src/flexfolio_train.py'  
[INFO ] Incumbent changed to: config 194 (internal ID: 0x331B2A), with mean runtime: 3.3; estimate based on 10 runs.
[INFO ] Sample call for new incumbent config 194 (internal ID: 0x331B2A): 
cd /home/academic/toliu/af/autofolio_asc/.; python wrappers/flexfolio/ff_wrapper.py train_out/TSP-LION2015_2/config_wrapper.json 1 0 1800.0 2147483647 -1 -@1:F:aspeed-opt 'no' -@1:approach 'SBS' -@1:approx-weights 'max' -@1:aslib-dir 'autofolio_arff/train/TSP-LION2015_2' -@1:aspeed:time-limit '100' -@1:impute 'mean' -@1:mem-limit '2048' -@1:normalize 'zscore' -@1:performance_trans 'zscore' -@1:separator 'W' -@1:solver 'selectors/flexfolio/src/flexfolio_train.py'  
[INFO ] Incumbent changed to: config 197 (internal ID: 0x339309), with mean runtime: 3.0; estimate based on 10 runs.
[INFO ] Sample call for new incumbent config 197 (internal ID: 0x339309): 
cd /home/academic/toliu/af/autofolio_asc/.; python wrappers/flexfolio/ff_wrapper.py train_out/TSP-LION2015_2/config_wrapper.json 1 0 1800.0 2147483647 -1 -@1:F:aspeed-opt 'no' -@1:approach 'SBS' -@1:approx-weights 'max' -@1:aslib-dir 'autofolio_arff/train/TSP-LION2015_2' -@1:aspeed:time-limit '100' -@1:impute 'mean' -@1:mem-limit '2048' -@1:normalize 'zscore' -@1:performance_trans 'None' -@1:separator 'W' -@1:solver 'selectors/flexfolio/src/flexfolio_train.py'  
[INFO ] 
=======================================================================================
SMAC has finished. Reason: wall-clock time limit (34594.833 s) has been reached.   
Total number of runs performed: 4453, total configurations tried: 3270.
Total CPU time used: 32010 s, total wallclock time used: 34595 s.
SMAC's final incumbent: config 197 (internal ID: 0x339309), with estimated mean runtime: 3.0, based on 10 run(s) on 10 training instance(s).
Sample call for this final incumbent:
cd /home/academic/toliu/af/autofolio_asc/.; python wrappers/flexfolio/ff_wrapper.py train_out/TSP-LION2015_2/config_wrapper.json 1 0 1800.0 2147483647 -1 -@1:F:aspeed-opt 'no' -@1:approach 'SBS' -@1:approx-weights 'max' -@1:aslib-dir 'autofolio_arff/train/TSP-LION2015_2' -@1:aspeed:time-limit '100' -@1:impute 'mean' -@1:mem-limit '2048' -@1:normalize 'zscore' -@1:performance_trans 'None' -@1:separator 'W' -@1:solver 'selectors/flexfolio/src/flexfolio_train.py'
=======================================================================================
[INFO ] 
----------------------------------------------------------------------------------------------------------------------------------------------------------------------------
Additional information about run 1 in:/home/academic/toliu/af/autofolio_asc/train_out/TSP-LION2015_2/smac-output/autofolio
----------------------------------------------------------------------------------------------------------------------------------------------------------------------------
