[INFO ] Logging to: /home/academic/toliu/af/autofolio_asc/train_out/GRAPHS-2015_2/smac-output/autofolio/log-run1.txt
[INFO ] Version of SMAC is v2.08.00-master-731 (0e43c26c3d1f), running on OpenJDK 64-Bit Server VM (11.0.11) and Linux 4.15.0-143-generic (amd64) 
[INFO ] Call String: smac --scenarioFile train_out/GRAPHS-2015_2/autofolio.scen --seed 1 --always-run-initial-config True --validation False --output-dir train_out/GRAPHS-2015_2/smac-output 
[INFO ] SMAC started at: Jun 2, 2021, 11:41:20 AM. Minimizing mean runtime.
WARNING: An illegal reflective access operation has occurred
WARNING: Illegal reflective access by ca.ubc.cs.beta.aeatk.targetalgorithmevaluator.base.cli.CommandLineAlgorithmRun (file:/home/academic/toliu/af/autofolio_asc/configurators/smac-v2.08.00-master-731/lib/aeatk.jar) to field java.lang.ProcessImpl.pid
WARNING: Please consider reporting this to the maintainers of ca.ubc.cs.beta.aeatk.targetalgorithmevaluator.base.cli.CommandLineAlgorithmRun
WARNING: Use --illegal-access=warn to enable warnings of further illegal reflective access operations
WARNING: All illegal access operations will be denied in a future release
[INFO ] First incumbent: config 1 (internal ID: 0x000D), with mean runtime: 31.0; estimate based on 1 runs.
[INFO ] Sample call for new incumbent config 1 (internal ID: 0x000D): 
cd /home/academic/toliu/af/autofolio_asc/.; python wrappers/flexfolio/ff_wrapper.py train_out/GRAPHS-2015_2/config_wrapper.json 5 0 1800.0 2147483647 -1 -@1:F:aspeed-opt 'no' -@1:approach 'CLASSVOTER' -@1:approx-weights 'None' -@1:aslib-dir 'autofolio_arff/train/GRAPHS-2015_2' -@1:aspeed:time-limit '100' -@1:classifier 'RANDOMFOREST' -@1:impute 'mean' -@1:mem-limit '2048' -@1:normalize 'zscore' -@1:performance_trans 'None' -@1:separator 'W' -@1:solver 'selectors/flexfolio/src/flexfolio_train.py' -@1:voting:rf-criterion 'entropy' -@1:voting:rf-max_features 'sqrt' -@1:voting:rf-min_samples_leaf '10'  
[INFO ] Updated estimated mean runtime of the same incumbent: 31.0; estimate now based on 2 runs.
[WARN ] Algorithm Run Result reported a runtime of 46.0 (secs) that exceeded it's cutoff time of 41.30260038037896 (secs) by 4.697399619621038 (secs). Next warning at 5.697399619621038 (secs)  
[INFO ] Updated estimated mean runtime of the same incumbent: 30.666666666666668; estimate now based on 3 runs.
[WARN ] Algorithm Run Result reported a runtime of 67.0 (secs) that exceeded it's cutoff time of 41.30260038037896 (secs) by 25.697399619621038 (secs). Next warning at 26.697399619621038 (secs)  
[WARN ] Algorithm Run Result reported wallclock time of 67.62 (secs) that exceeded it's cutoff time of 41.30260038037896 (secs) by 26.317399619621042 (secs). Next warning at 27.317399619621042 (secs)  
[INFO ] Updated estimated mean runtime of the same incumbent: 30.25; estimate now based on 4 runs.
[INFO ] Incumbent changed to: config 4 (internal ID: 0xA1C2), with mean runtime: 24.25; estimate based on 4 runs.
[INFO ] Sample call for new incumbent config 4 (internal ID: 0xA1C2): 
cd /home/academic/toliu/af/autofolio_asc/.; python wrappers/flexfolio/ff_wrapper.py train_out/GRAPHS-2015_2/config_wrapper.json 3 0 1800.0 2147483647 -1 -@1:F:aspeed-opt 'no' -@1:approach 'SBS' -@1:approx-weights 'None' -@1:aslib-dir 'autofolio_arff/train/GRAPHS-2015_2' -@1:aspeed:time-limit '100' -@1:impute 'none' -@1:mem-limit '2048' -@1:normalize 'zscore' -@1:performance_trans 'zscore' -@1:separator 'W' -@1:solver 'selectors/flexfolio/src/flexfolio_train.py'  
[INFO ] Updated estimated mean runtime of the same incumbent: 23.8; estimate now based on 5 runs.
[INFO ] Updated estimated mean runtime of the same incumbent: 24.166666666666668; estimate now based on 6 runs.
[INFO ] Updated estimated mean runtime of the same incumbent: 24.142857142857142; estimate now based on 7 runs.
[WARN ] Algorithm Run Result reported a runtime of 53.0 (secs) that exceeded it's cutoff time of 25.710400788459186 (secs) by 27.289599211540814 (secs). Next warning at 28.289599211540814 (secs)  
[WARN ] Algorithm Run Result reported wallclock time of 53.464 (secs) that exceeded it's cutoff time of 25.710400788459186 (secs) by 27.753599211540813 (secs). Next warning at 28.753599211540813 (secs)  
[INFO ] Updated estimated mean runtime of the same incumbent: 24.25; estimate now based on 8 runs.
[INFO ] Incumbent changed to: config 7 (internal ID: 0x19F7D), with mean runtime: 23.25; estimate based on 8 runs.
[INFO ] Sample call for new incumbent config 7 (internal ID: 0x19F7D): 
cd /home/academic/toliu/af/autofolio_asc/.; python wrappers/flexfolio/ff_wrapper.py train_out/GRAPHS-2015_2/config_wrapper.json 1 0 1800.0 2147483647 -1 -@1:F:aspeed-opt 'no' -@1:approach 'SBS' -@1:approx-weights 'max' -@1:aslib-dir 'autofolio_arff/train/GRAPHS-2015_2' -@1:aspeed:time-limit '100' -@1:impute 'none' -@1:mem-limit '2048' -@1:normalize 'linear' -@1:performance_trans 'zscore' -@1:separator 'W' -@1:solver 'selectors/flexfolio/src/flexfolio_train.py'  
[INFO ] Updated estimated mean runtime of the same incumbent: 23.22222222222222; estimate now based on 9 runs.
[INFO ] Updated estimated mean runtime of the same incumbent: 23.3; estimate now based on 10 runs.
[WARN ] Algorithm Run Result reported a runtime of 60.0 (secs) that exceeded it's cutoff time of 30.90260012854934 (secs) by 29.09739987145066 (secs). Next warning at 30.09739987145066 (secs)  
[WARN ] Algorithm Run Result reported wallclock time of 60.06 (secs) that exceeded it's cutoff time of 30.90260012854934 (secs) by 29.15739987145066 (secs). Next warning at 30.15739987145066 (secs)  
[WARN ] Algorithm Run Result reported a runtime of 64.0 (secs) that exceeded it's cutoff time of 33.502600191506744 (secs) by 30.497399808493256 (secs). Next warning at 31.497399808493256 (secs)  
[WARN ] Algorithm Run Result reported wallclock time of 64.535 (secs) that exceeded it's cutoff time of 33.502600191506744 (secs) by 31.032399808493253 (secs). Next warning at 32.03239980849325 (secs)  
[INFO ] Incumbent changed to: config 201 (internal ID: 0x39B680), with mean runtime: 23.1; estimate based on 10 runs.
[INFO ] Sample call for new incumbent config 201 (internal ID: 0x39B680): 
cd /home/academic/toliu/af/autofolio_asc/.; python wrappers/flexfolio/ff_wrapper.py train_out/GRAPHS-2015_2/config_wrapper.json 1 0 1800.0 2147483647 -1 -@1:F:aspeed-opt 'no' -@1:approach 'SBS' -@1:approx-weights 'max' -@1:aslib-dir 'autofolio_arff/train/GRAPHS-2015_2' -@1:aspeed:time-limit '100' -@1:impute 'none' -@1:mem-limit '2048' -@1:normalize 'none' -@1:performance_trans 'log' -@1:separator 'W' -@1:solver 'selectors/flexfolio/src/flexfolio_train.py'  
[INFO ] Incumbent changed to: config 309 (internal ID: 0x6370FB), with mean runtime: 22.9; estimate based on 10 runs.
[INFO ] Sample call for new incumbent config 309 (internal ID: 0x6370FB): 
cd /home/academic/toliu/af/autofolio_asc/.; python wrappers/flexfolio/ff_wrapper.py train_out/GRAPHS-2015_2/config_wrapper.json 1 0 1800.0 2147483647 -1 -@1:F:aspeed-opt 'no' -@1:approach 'SBS' -@1:approx-weights 'max' -@1:aslib-dir 'autofolio_arff/train/GRAPHS-2015_2' -@1:aspeed:time-limit '100' -@1:impute 'mean' -@1:mem-limit '2048' -@1:normalize 'dec' -@1:performance_trans 'None' -@1:separator 'W' -@1:solver 'selectors/flexfolio/src/flexfolio_train.py'  
[INFO ] Incumbent changed to: config 422 (internal ID: 0x93622C), with mean runtime: 22.8; estimate based on 10 runs.
[INFO ] Sample call for new incumbent config 422 (internal ID: 0x93622C): 
cd /home/academic/toliu/af/autofolio_asc/.; python wrappers/flexfolio/ff_wrapper.py train_out/GRAPHS-2015_2/config_wrapper.json 1 0 1800.0 2147483647 -1 -@1:F:aspeed-opt 'no' -@1:approach 'SBS' -@1:approx-weights 'max' -@1:aslib-dir 'autofolio_arff/train/GRAPHS-2015_2' -@1:aspeed:time-limit '100' -@1:impute 'most_frequent' -@1:mem-limit '2048' -@1:normalize 'linear' -@1:performance_trans 'None' -@1:separator 'W' -@1:solver 'selectors/flexfolio/src/flexfolio_train.py'  
[INFO ] Incumbent changed to: config 213 (internal ID: 0xA60FB3), with mean runtime: 21.1; estimate based on 10 runs.
[INFO ] Sample call for new incumbent config 213 (internal ID: 0xA60FB3): 
cd /home/academic/toliu/af/autofolio_asc/.; python wrappers/flexfolio/ff_wrapper.py train_out/GRAPHS-2015_2/config_wrapper.json 1 0 1800.0 2147483647 -1 -@1:F:aspeed-opt 'no' -@1:approach 'SBS' -@1:approx-weights 'None' -@1:aslib-dir 'autofolio_arff/train/GRAPHS-2015_2' -@1:aspeed:time-limit '100' -@1:impute 'most_frequent' -@1:mem-limit '2048' -@1:normalize 'zscore' -@1:performance_trans 'zscore' -@1:separator 'W' -@1:solver 'selectors/flexfolio/src/flexfolio_train.py'  
[INFO ] 
=======================================================================================
SMAC has finished. Reason: wall-clock time limit (35078.741 s) has been reached.   
Total number of runs performed: 1096, total configurations tried: 460.
Total CPU time used: 34576 s, total wallclock time used: 35079 s.
SMAC's final incumbent: config 213 (internal ID: 0xA60FB3), with estimated mean runtime: 21.1, based on 10 run(s) on 10 training instance(s).
Sample call for this final incumbent:
cd /home/academic/toliu/af/autofolio_asc/.; python wrappers/flexfolio/ff_wrapper.py train_out/GRAPHS-2015_2/config_wrapper.json 1 0 1800.0 2147483647 -1 -@1:F:aspeed-opt 'no' -@1:approach 'SBS' -@1:approx-weights 'None' -@1:aslib-dir 'autofolio_arff/train/GRAPHS-2015_2' -@1:aspeed:time-limit '100' -@1:impute 'most_frequent' -@1:mem-limit '2048' -@1:normalize 'zscore' -@1:performance_trans 'zscore' -@1:separator 'W' -@1:solver 'selectors/flexfolio/src/flexfolio_train.py'
=======================================================================================
[INFO ] 
----------------------------------------------------------------------------------------------------------------------------------------------------------------------------
Additional information about run 1 in:/home/academic/toliu/af/autofolio_asc/train_out/GRAPHS-2015_2/smac-output/autofolio
----------------------------------------------------------------------------------------------------------------------------------------------------------------------------
