[INFO ] Logging to: /home/academic/toliu/af/autofolio_asc/train_out/MAXSAT-PMS-2016_1/smac-output/autofolio/log-run1.txt
[INFO ] Version of SMAC is v2.08.00-master-731 (0e43c26c3d1f), running on OpenJDK 64-Bit Server VM (11.0.11) and Linux 4.15.0-143-generic (amd64) 
[INFO ] Call String: smac --scenarioFile train_out/MAXSAT-PMS-2016_1/autofolio.scen --seed 1 --always-run-initial-config True --validation False --output-dir train_out/MAXSAT-PMS-2016_1/smac-output 
[INFO ] SMAC started at: May 24, 2021, 7:35:51 PM. Minimizing mean runtime.
WARNING: An illegal reflective access operation has occurred
WARNING: Illegal reflective access by ca.ubc.cs.beta.aeatk.targetalgorithmevaluator.base.cli.CommandLineAlgorithmRun (file:/home/academic/toliu/af/autofolio_asc/configurators/smac-v2.08.00-master-731/lib/aeatk.jar) to field java.lang.ProcessImpl.pid
WARNING: Please consider reporting this to the maintainers of ca.ubc.cs.beta.aeatk.targetalgorithmevaluator.base.cli.CommandLineAlgorithmRun
WARNING: Use --illegal-access=warn to enable warnings of further illegal reflective access operations
WARNING: All illegal access operations will be denied in a future release
[INFO ] First incumbent: config 1 (internal ID: 0x000D), with mean runtime: 11.0; estimate based on 1 runs.
[INFO ] Sample call for new incumbent config 1 (internal ID: 0x000D): 
cd /home/academic/toliu/af/autofolio_asc/.; python wrappers/flexfolio/ff_wrapper.py train_out/MAXSAT-PMS-2016_1/config_wrapper.json 5 0 1800.0 2147483647 -1 -@1:F:aspeed-opt 'no' -@1:approach 'CLASSVOTER' -@1:approx-weights 'None' -@1:aslib-dir 'autofolio_arff/train/MAXSAT-PMS-2016_1' -@1:aspeed:time-limit '100' -@1:classifier 'RANDOMFOREST' -@1:impute 'mean' -@1:mem-limit '2048' -@1:normalize 'zscore' -@1:performance_trans 'None' -@1:separator 'W' -@1:solver 'selectors/flexfolio/src/flexfolio_train.py' -@1:voting:rf-criterion 'entropy' -@1:voting:rf-max_features 'sqrt' -@1:voting:rf-min_samples_leaf '10'  
[INFO ] Updated estimated mean runtime of the same incumbent: 11.0; estimate now based on 2 runs.
[INFO ] Incumbent changed to: config 2 (internal ID: 0x41B2), with mean runtime: 3.0; estimate based on 2 runs.
[INFO ] Sample call for new incumbent config 2 (internal ID: 0x41B2): 
cd /home/academic/toliu/af/autofolio_asc/.; python wrappers/flexfolio/ff_wrapper.py train_out/MAXSAT-PMS-2016_1/config_wrapper.json 3 0 1800.0 2147483647 -1 -@1:F:aspeed-opt 'yes' -@1:F:concentrate 'yes' -@1:approach 'SBS' -@1:approx-weights 'nrmsd' -@1:aslib-dir 'autofolio_arff/train/MAXSAT-PMS-2016_1' -@1:aspeed:time-limit '100' -@1:impute 'median' -@1:max-solver '36' -@1:mem-limit '2048' -@1:normalize 'dec' -@1:opt-mode '4' -@1:performance_trans 'None' -@1:separator 'W' -@1:solver 'selectors/flexfolio/src/flexfolio_train.py' -@1:time-pre-solvers '1'  
[INFO ] Updated estimated mean runtime of the same incumbent: 3.0; estimate now based on 3 runs.
[WARN ] Algorithm Run Result reported a runtime of 7.0 (secs) that exceeded it's cutoff time of 4.90260058862269 (secs) by 2.0973994113773102 (secs). Next warning at 3.0973994113773102 (secs)  
[INFO ] Updated estimated mean runtime of the same incumbent: 3.25; estimate now based on 4 runs.
[INFO ] Incumbent changed to: config 4 (internal ID: 0xA1C2), with mean runtime: 1.5; estimate based on 4 runs.
[INFO ] Sample call for new incumbent config 4 (internal ID: 0xA1C2): 
cd /home/academic/toliu/af/autofolio_asc/.; python wrappers/flexfolio/ff_wrapper.py train_out/MAXSAT-PMS-2016_1/config_wrapper.json 3 0 1800.0 2147483647 -1 -@1:F:aspeed-opt 'no' -@1:approach 'SBS' -@1:approx-weights 'None' -@1:aslib-dir 'autofolio_arff/train/MAXSAT-PMS-2016_1' -@1:aspeed:time-limit '100' -@1:impute 'none' -@1:mem-limit '2048' -@1:normalize 'zscore' -@1:performance_trans 'zscore' -@1:separator 'W' -@1:solver 'selectors/flexfolio/src/flexfolio_train.py'  
[INFO ] Updated estimated mean runtime of the same incumbent: 1.4; estimate now based on 5 runs.
[INFO ] Updated estimated mean runtime of the same incumbent: 1.3333333333333333; estimate now based on 6 runs.
[INFO ] Updated estimated mean runtime of the same incumbent: 1.2857142857142858; estimate now based on 7 runs.
[WARN ] Algorithm Run Result reported a runtime of 6.0 (secs) that exceeded it's cutoff time of 2.302600525665283 (secs) by 3.697399474334717 (secs). Next warning at 4.697399474334717 (secs)  
[INFO ] Updated estimated mean runtime of the same incumbent: 1.25; estimate now based on 8 runs.
[INFO ] Updated estimated mean runtime of the same incumbent: 1.2222222222222223; estimate now based on 9 runs.
[INFO ] Updated estimated mean runtime of the same incumbent: 1.2; estimate now based on 10 runs.
[WARN ] Algorithm Run Result reported a runtime of 6.0 (secs) that exceeded it's cutoff time of 1.0078008364617825 (secs) by 4.992199163538217 (secs). Next warning at 5.992199163538217 (secs)  
[WARN ] Algorithm Run Result reported a runtime of 7.0 (secs) that exceeded it's cutoff time of 1.0052009377360345 (secs) by 5.994799062263965 (secs). Next warning at 6.994799062263965 (secs)  
[INFO ] 
=======================================================================================
SMAC has finished. Reason: wall-clock time limit (35791.126 s) has been reached.   
Total number of runs performed: 6054, total configurations tried: 4736.
Total CPU time used: 32544 s, total wallclock time used: 35791 s.
SMAC's final incumbent: config 4 (internal ID: 0xA1C2), with estimated mean runtime: 1.2, based on 10 run(s) on 10 training instance(s).
Sample call for this final incumbent:
cd /home/academic/toliu/af/autofolio_asc/.; python wrappers/flexfolio/ff_wrapper.py train_out/MAXSAT-PMS-2016_1/config_wrapper.json 1 0 1800.0 2147483647 -1 -@1:F:aspeed-opt 'no' -@1:approach 'SBS' -@1:approx-weights 'None' -@1:aslib-dir 'autofolio_arff/train/MAXSAT-PMS-2016_1' -@1:aspeed:time-limit '100' -@1:impute 'none' -@1:mem-limit '2048' -@1:normalize 'zscore' -@1:performance_trans 'zscore' -@1:separator 'W' -@1:solver 'selectors/flexfolio/src/flexfolio_train.py'
=======================================================================================
[INFO ] 
----------------------------------------------------------------------------------------------------------------------------------------------------------------------------
Additional information about run 1 in:/home/academic/toliu/af/autofolio_asc/train_out/MAXSAT-PMS-2016_1/smac-output/autofolio
----------------------------------------------------------------------------------------------------------------------------------------------------------------------------
