[INFO ] Logging to: /home/academic/toliu/af/autofolio_asc/train_out/MIP-2016_3/smac-output/autofolio/log-run1.txt
[INFO ] Version of SMAC is v2.08.00-master-731 (0e43c26c3d1f), running on OpenJDK 64-Bit Server VM (11.0.11) and Linux 4.15.0-143-generic (amd64) 
[INFO ] Call String: smac --scenarioFile train_out/MIP-2016_3/autofolio.scen --seed 1 --always-run-initial-config True --validation False --output-dir train_out/MIP-2016_3/smac-output 
[INFO ] SMAC started at: May 25, 2021, 3:41:17 PM. Minimizing mean runtime.
WARNING: An illegal reflective access operation has occurred
WARNING: Illegal reflective access by ca.ubc.cs.beta.aeatk.targetalgorithmevaluator.base.cli.CommandLineAlgorithmRun (file:/home/academic/toliu/af/autofolio_asc/configurators/smac-v2.08.00-master-731/lib/aeatk.jar) to field java.lang.ProcessImpl.pid
WARNING: Please consider reporting this to the maintainers of ca.ubc.cs.beta.aeatk.targetalgorithmevaluator.base.cli.CommandLineAlgorithmRun
WARNING: Use --illegal-access=warn to enable warnings of further illegal reflective access operations
WARNING: All illegal access operations will be denied in a future release
[INFO ] First incumbent: config 1 (internal ID: 0x000D), with mean runtime: 0.0; estimate based on 1 runs.
[INFO ] Sample call for new incumbent config 1 (internal ID: 0x000D): 
cd /home/academic/toliu/af/autofolio_asc/.; python wrappers/flexfolio/ff_wrapper.py train_out/MIP-2016_3/config_wrapper.json 5 0 1800.0 2147483647 -1 -@1:F:aspeed-opt 'no' -@1:approach 'CLASSVOTER' -@1:approx-weights 'None' -@1:aslib-dir 'autofolio_arff/train/MIP-2016_3' -@1:aspeed:time-limit '100' -@1:classifier 'RANDOMFOREST' -@1:impute 'mean' -@1:mem-limit '2048' -@1:normalize 'zscore' -@1:performance_trans 'None' -@1:separator 'W' -@1:solver 'selectors/flexfolio/src/flexfolio_train.py' -@1:voting:rf-criterion 'entropy' -@1:voting:rf-max_features 'sqrt' -@1:voting:rf-min_samples_leaf '10'  
[INFO ] Updated estimated mean runtime of the same incumbent: 0.0; estimate now based on 2 runs.
[INFO ] Updated estimated mean runtime of the same incumbent: 0.0; estimate now based on 3 runs.
[WARN ] Algorithm Run Result reported a runtime of 3.0 (secs) that exceeded it's cutoff time of 1.0026010390102864 (secs) by 1.9973989609897136 (secs). Next warning at 2.9973989609897136 (secs)  
[INFO ] Updated estimated mean runtime of the same incumbent: 0.0; estimate now based on 4 runs.
[INFO ] Updated estimated mean runtime of the same incumbent: 0.0; estimate now based on 5 runs.
[INFO ] Updated estimated mean runtime of the same incumbent: 0.0; estimate now based on 6 runs.
[INFO ] Updated estimated mean runtime of the same incumbent: 0.0; estimate now based on 7 runs.
[INFO ] Updated estimated mean runtime of the same incumbent: 0.0; estimate now based on 8 runs.
[INFO ] Updated estimated mean runtime of the same incumbent: 0.0; estimate now based on 9 runs.
[INFO ] Updated estimated mean runtime of the same incumbent: 0.0; estimate now based on 10 runs.
[WARN ] Killed run <Instance:2, Seed:-1, Config:0xA94293, Kappa:1.0026010390102864, Execution Config: 0x0001> at 10.23 for exceeding 10.0 times its cutoff time of 1.0026010390102864 (secs)
[WARN ] Algorithm Run Result reported a runtime of 10.23 (secs) that exceeded it's cutoff time of 1.0026010390102864 (secs) by 9.227398960989714 (secs). Next warning at 10.227398960989714 (secs)  
[INFO ] 
=======================================================================================
SMAC has finished. Reason: wall-clock time limit (35979.412 s) has been reached.   
Total number of runs performed: 28665, total configurations tried: 6949.
Total CPU time used: 15283 s, total wallclock time used: 35979 s.
SMAC's final incumbent: config 1 (internal ID: 0x000D), with estimated mean runtime: 0.0, based on 10 run(s) on 10 training instance(s).
Sample call for this final incumbent:
cd /home/academic/toliu/af/autofolio_asc/.; python wrappers/flexfolio/ff_wrapper.py train_out/MIP-2016_3/config_wrapper.json 1 0 1800.0 2147483647 -1 -@1:F:aspeed-opt 'no' -@1:approach 'CLASSVOTER' -@1:approx-weights 'None' -@1:aslib-dir 'autofolio_arff/train/MIP-2016_3' -@1:aspeed:time-limit '100' -@1:classifier 'RANDOMFOREST' -@1:impute 'mean' -@1:mem-limit '2048' -@1:normalize 'zscore' -@1:performance_trans 'None' -@1:separator 'W' -@1:solver 'selectors/flexfolio/src/flexfolio_train.py' -@1:voting:rf-criterion 'entropy' -@1:voting:rf-max_features 'sqrt' -@1:voting:rf-min_samples_leaf '10'
=======================================================================================
[INFO ] 
----------------------------------------------------------------------------------------------------------------------------------------------------------------------------
Additional information about run 1 in:/home/academic/toliu/af/autofolio_asc/train_out/MIP-2016_3/smac-output/autofolio
----------------------------------------------------------------------------------------------------------------------------------------------------------------------------
