[INFO ] Logging to: /home/academic/toliu/af/autofolio_asc/train_out/CSP-Minizinc-Time-2016_7/smac-output/autofolio/log-run1.txt
[INFO ] Version of SMAC is v2.08.00-master-731 (0e43c26c3d1f), running on OpenJDK 64-Bit Server VM (11.0.11) and Linux 4.15.0-143-generic (amd64) 
[INFO ] Call String: smac --scenarioFile train_out/CSP-Minizinc-Time-2016_7/autofolio.scen --seed 1 --always-run-initial-config True --validation False --output-dir train_out/CSP-Minizinc-Time-2016_7/smac-output 
[INFO ] SMAC started at: May 27, 2021, 11:18:45 AM. Minimizing mean runtime.
WARNING: An illegal reflective access operation has occurred
WARNING: Illegal reflective access by ca.ubc.cs.beta.aeatk.targetalgorithmevaluator.base.cli.CommandLineAlgorithmRun (file:/home/academic/toliu/af/autofolio_asc/configurators/smac-v2.08.00-master-731/lib/aeatk.jar) to field java.lang.ProcessImpl.pid
WARNING: Please consider reporting this to the maintainers of ca.ubc.cs.beta.aeatk.targetalgorithmevaluator.base.cli.CommandLineAlgorithmRun
WARNING: Use --illegal-access=warn to enable warnings of further illegal reflective access operations
WARNING: All illegal access operations will be denied in a future release
[INFO ] First incumbent: config 1 (internal ID: 0x000D), with mean runtime: 3.0; estimate based on 1 runs.
[INFO ] Sample call for new incumbent config 1 (internal ID: 0x000D): 
cd /home/academic/toliu/af/autofolio_asc/.; python wrappers/flexfolio/ff_wrapper.py train_out/CSP-Minizinc-Time-2016_7/config_wrapper.json 5 0 1800.0 2147483647 -1 -@1:F:aspeed-opt 'no' -@1:approach 'CLASSVOTER' -@1:approx-weights 'None' -@1:aslib-dir 'autofolio_arff/train/CSP-Minizinc-Time-2016_7' -@1:aspeed:time-limit '100' -@1:classifier 'RANDOMFOREST' -@1:impute 'mean' -@1:mem-limit '2048' -@1:normalize 'zscore' -@1:performance_trans 'None' -@1:separator 'W' -@1:solver 'selectors/flexfolio/src/flexfolio_train.py' -@1:voting:rf-criterion 'entropy' -@1:voting:rf-max_features 'sqrt' -@1:voting:rf-min_samples_leaf '10'  
[INFO ] Updated estimated mean runtime of the same incumbent: 3.5; estimate now based on 2 runs.
[INFO ] Incumbent changed to: config 2 (internal ID: 0x41B2), with mean runtime: 1.0; estimate based on 2 runs.
[INFO ] Sample call for new incumbent config 2 (internal ID: 0x41B2): 
cd /home/academic/toliu/af/autofolio_asc/.; python wrappers/flexfolio/ff_wrapper.py train_out/CSP-Minizinc-Time-2016_7/config_wrapper.json 3 0 1800.0 2147483647 -1 -@1:F:aspeed-opt 'yes' -@1:F:concentrate 'yes' -@1:approach 'SBS' -@1:approx-weights 'nrmsd' -@1:aslib-dir 'autofolio_arff/train/CSP-Minizinc-Time-2016_7' -@1:aspeed:time-limit '100' -@1:impute 'median' -@1:max-solver '36' -@1:mem-limit '2048' -@1:normalize 'dec' -@1:opt-mode '4' -@1:performance_trans 'None' -@1:separator 'W' -@1:solver 'selectors/flexfolio/src/flexfolio_train.py' -@1:time-pre-solvers '1'  
[INFO ] Updated estimated mean runtime of the same incumbent: 1.0; estimate now based on 3 runs.
[INFO ] Updated estimated mean runtime of the same incumbent: 1.0; estimate now based on 4 runs.
[INFO ] Updated estimated mean runtime of the same incumbent: 1.0; estimate now based on 5 runs.
[INFO ] Updated estimated mean runtime of the same incumbent: 1.0; estimate now based on 6 runs.
[INFO ] Incumbent changed to: config 5 (internal ID: 0x1250B), with mean runtime: 0.0; estimate based on 6 runs.
[INFO ] Sample call for new incumbent config 5 (internal ID: 0x1250B): 
cd /home/academic/toliu/af/autofolio_asc/.; python wrappers/flexfolio/ff_wrapper.py train_out/CSP-Minizinc-Time-2016_7/config_wrapper.json 3 0 1800.0 2147483647 -1 -@1:F:aspeed-opt 'no' -@1:approach 'CLASSVOTER' -@1:approx-weights 'rmsd' -@1:aslib-dir 'autofolio_arff/train/CSP-Minizinc-Time-2016_7' -@1:aspeed:time-limit '100' -@1:classifier 'SVM' -@1:impute 'median' -@1:mem-limit '2048' -@1:normalize 'none' -@1:performance_trans 'None' -@1:separator 'W' -@1:solver 'selectors/flexfolio/src/flexfolio_train.py' -@1:voting:svm-C '30.418261466447845' -@1:voting:svm-gamma '0.006339593081633245'  
[INFO ] Updated estimated mean runtime of the same incumbent: 0.0; estimate now based on 7 runs.
[WARN ] Algorithm Run Result reported a runtime of 3.0 (secs) that exceeded it's cutoff time of 1.0026010390102864 (secs) by 1.9973989609897136 (secs). Next warning at 2.9973989609897136 (secs)  
[INFO ] Updated estimated mean runtime of the same incumbent: 0.0; estimate now based on 8 runs.
[INFO ] Updated estimated mean runtime of the same incumbent: 0.0; estimate now based on 9 runs.
[INFO ] Updated estimated mean runtime of the same incumbent: 0.0; estimate now based on 10 runs.
[WARN ] Killed run <Instance:8, Seed:-1, Config:0x3514FA, Kappa:1.0026010390102864, Execution Config: 0x0001> at 10.110001 for exceeding 10.0 times its cutoff time of 1.0026010390102864 (secs)
[WARN ] Algorithm Run Result reported a runtime of 10.110001 (secs) that exceeded it's cutoff time of 1.0026010390102864 (secs) by 9.107399960989714 (secs). Next warning at 10.107399960989714 (secs)  
[WARN ] Killed run <Instance:7, Seed:-1, Config:0x5E5E35, Kappa:1.0026010390102864, Execution Config: 0x0001> at 10.16 for exceeding 10.0 times its cutoff time of 1.0026010390102864 (secs)
[WARN ] Killed run <Instance:7, Seed:-1, Config:0x5E5E35, Kappa:1.0026010390102864, Execution Config: 0x0001> at 10.16 for exceeding 10.0 times its cutoff time of 1.0026010390102864 (secs)
[WARN ] Killed run <Instance:3, Seed:-1, Config:0xD8D456, Kappa:1.0026010390102864, Execution Config: 0x0001> at 10.21 for exceeding 10.0 times its cutoff time of 1.0026010390102864 (secs)
[WARN ] Killed run <Instance:7, Seed:-1, Config:0x125C01B, Kappa:1.0026010390102864, Execution Config: 0x0001> at 10.4 for exceeding 10.0 times its cutoff time of 1.0026010390102864 (secs)
[WARN ] Killed run <Instance:6, Seed:-1, Config:0x2432707, Kappa:1.0026010390102864, Execution Config: 0x0001> at 10.030001 for exceeding 10.0 times its cutoff time of 1.0026010390102864 (secs)
[WARN ] Killed run <Instance:6, Seed:-1, Config:0x541A1FC, Kappa:1.0026010390102864, Execution Config: 0x0001> at 10.17 for exceeding 10.0 times its cutoff time of 1.0026010390102864 (secs)
[WARN ] Killed run <Instance:6, Seed:-1, Config:0x541A1FC, Kappa:1.0026010390102864, Execution Config: 0x0001> at 10.17 for exceeding 10.0 times its cutoff time of 1.0026010390102864 (secs)
[WARN ] Killed run <Instance:10, Seed:-1, Config:0x5A93B3F, Kappa:1.0026010390102864, Execution Config: 0x0001> at 10.16 for exceeding 10.0 times its cutoff time of 1.0026010390102864 (secs)
[WARN ] Killed run <Instance:6, Seed:-1, Config:0x5CCAD55, Kappa:1.0026010390102864, Execution Config: 0x0001> at 10.12 for exceeding 10.0 times its cutoff time of 1.0026010390102864 (secs)
[WARN ] Killed run <Instance:7, Seed:-1, Config:0x60704D2, Kappa:1.0026010390102864, Execution Config: 0x0001> at 10.21 for exceeding 10.0 times its cutoff time of 1.0026010390102864 (secs)
[WARN ] Killed run <Instance:8, Seed:-1, Config:0x60C9B0C, Kappa:1.0026010390102864, Execution Config: 0x0001> at 10.24 for exceeding 10.0 times its cutoff time of 1.0026010390102864 (secs)
[WARN ] Killed run <Instance:6, Seed:-1, Config:0x6742801, Kappa:1.0026010390102864, Execution Config: 0x0001> at 10.37 for exceeding 10.0 times its cutoff time of 1.0026010390102864 (secs)
[WARN ] Killed run <Instance:9, Seed:-1, Config:0x678D2B9, Kappa:1.0026010390102864, Execution Config: 0x0001> at 10.139999 for exceeding 10.0 times its cutoff time of 1.0026010390102864 (secs)
[WARN ] Killed run <Instance:2, Seed:-1, Config:0x6EF4045, Kappa:1.0026010390102864, Execution Config: 0x0001> at 10.09 for exceeding 10.0 times its cutoff time of 1.0026010390102864 (secs)
[WARN ] Killed run <Instance:2, Seed:-1, Config:0x6EF4045, Kappa:1.0026010390102864, Execution Config: 0x0001> at 10.09 for exceeding 10.0 times its cutoff time of 1.0026010390102864 (secs)
[WARN ] Killed run <Instance:10, Seed:-1, Config:0x7C92224, Kappa:1.0026010390102864, Execution Config: 0x0001> at 10.08 for exceeding 10.0 times its cutoff time of 1.0026010390102864 (secs)
[WARN ] Killed run <Instance:10, Seed:-1, Config:0x7C92224, Kappa:1.0026010390102864, Execution Config: 0x0001> at 10.08 for exceeding 10.0 times its cutoff time of 1.0026010390102864 (secs)
[WARN ] Killed run <Instance:7, Seed:-1, Config:0x7FA0374, Kappa:1.0026010390102864, Execution Config: 0x0001> at 10.41 for exceeding 10.0 times its cutoff time of 1.0026010390102864 (secs)
[WARN ] Killed run <Instance:1, Seed:-1, Config:0x89AD7F1, Kappa:1.0026010390102864, Execution Config: 0x0001> at 10.15 for exceeding 10.0 times its cutoff time of 1.0026010390102864 (secs)
[WARN ] Killed run <Instance:1, Seed:-1, Config:0x89AD7F1, Kappa:1.0026010390102864, Execution Config: 0x0001> at 10.15 for exceeding 10.0 times its cutoff time of 1.0026010390102864 (secs)
[WARN ] Killed run <Instance:7, Seed:-1, Config:0x89D2CAD, Kappa:1.0026010390102864, Execution Config: 0x0001> at 10.280001 for exceeding 10.0 times its cutoff time of 1.0026010390102864 (secs)
[WARN ] Killed run <Instance:1, Seed:-1, Config:0x96C3649, Kappa:1.0026010390102864, Execution Config: 0x0001> at 10.07 for exceeding 10.0 times its cutoff time of 1.0026010390102864 (secs)
[INFO ] 
=======================================================================================
SMAC has finished. Reason: wall-clock time limit (35919.288 s) has been reached.   
Total number of runs performed: 25394, total configurations tried: 12005.
Total CPU time used: 23174 s, total wallclock time used: 35919 s.
SMAC's final incumbent: config 5 (internal ID: 0x1250B), with estimated mean runtime: 0.0, based on 10 run(s) on 10 training instance(s).
Sample call for this final incumbent:
cd /home/academic/toliu/af/autofolio_asc/.; python wrappers/flexfolio/ff_wrapper.py train_out/CSP-Minizinc-Time-2016_7/config_wrapper.json 1 0 1800.0 2147483647 -1 -@1:F:aspeed-opt 'no' -@1:approach 'CLASSVOTER' -@1:approx-weights 'rmsd' -@1:aslib-dir 'autofolio_arff/train/CSP-Minizinc-Time-2016_7' -@1:aspeed:time-limit '100' -@1:classifier 'SVM' -@1:impute 'median' -@1:mem-limit '2048' -@1:normalize 'none' -@1:performance_trans 'None' -@1:separator 'W' -@1:solver 'selectors/flexfolio/src/flexfolio_train.py' -@1:voting:svm-C '30.418261466447845' -@1:voting:svm-gamma '0.006339593081633245'
=======================================================================================
[INFO ] 
----------------------------------------------------------------------------------------------------------------------------------------------------------------------------
Additional information about run 1 in:/home/academic/toliu/af/autofolio_asc/train_out/CSP-Minizinc-Time-2016_7/smac-output/autofolio
----------------------------------------------------------------------------------------------------------------------------------------------------------------------------
