[INFO ] Logging to: /home/academic/toliu/af/autofolio_asc/train_out/MAXSAT19-UCMS_6/smac-output/autofolio/log-run1.txt
[INFO ] Version of SMAC is v2.08.00-master-731 (0e43c26c3d1f), running on OpenJDK 64-Bit Server VM (11.0.11) and Linux 4.15.0-143-generic (amd64) 
[INFO ] Call String: smac --scenarioFile train_out/MAXSAT19-UCMS_6/autofolio.scen --seed 1 --always-run-initial-config True --validation False --output-dir train_out/MAXSAT19-UCMS_6/smac-output 
[INFO ] SMAC started at: May 27, 2021, 8:03:56 AM. Minimizing mean runtime.
WARNING: An illegal reflective access operation has occurred
WARNING: Illegal reflective access by ca.ubc.cs.beta.aeatk.targetalgorithmevaluator.base.cli.CommandLineAlgorithmRun (file:/home/academic/toliu/af/autofolio_asc/configurators/smac-v2.08.00-master-731/lib/aeatk.jar) to field java.lang.ProcessImpl.pid
WARNING: Please consider reporting this to the maintainers of ca.ubc.cs.beta.aeatk.targetalgorithmevaluator.base.cli.CommandLineAlgorithmRun
WARNING: Use --illegal-access=warn to enable warnings of further illegal reflective access operations
WARNING: All illegal access operations will be denied in a future release
[INFO ] First incumbent: config 1 (internal ID: 0x000D), with mean runtime: 1.0; estimate based on 1 runs.
[INFO ] Sample call for new incumbent config 1 (internal ID: 0x000D): 
cd /home/academic/toliu/af/autofolio_asc/.; python wrappers/flexfolio/ff_wrapper.py train_out/MAXSAT19-UCMS_6/config_wrapper.json 5 0 1800.0 2147483647 -1 -@1:F:aspeed-opt 'no' -@1:approach 'CLASSVOTER' -@1:approx-weights 'None' -@1:aslib-dir 'autofolio_arff/train/MAXSAT19-UCMS_6' -@1:aspeed:time-limit '100' -@1:classifier 'RANDOMFOREST' -@1:impute 'mean' -@1:mem-limit '2048' -@1:normalize 'zscore' -@1:performance_trans 'None' -@1:separator 'W' -@1:solver 'selectors/flexfolio/src/flexfolio_train.py' -@1:voting:rf-criterion 'entropy' -@1:voting:rf-max_features 'sqrt' -@1:voting:rf-min_samples_leaf '10'  
[INFO ] Updated estimated mean runtime of the same incumbent: 1.0; estimate now based on 2 runs.
[INFO ] Updated estimated mean runtime of the same incumbent: 1.0; estimate now based on 3 runs.
[WARN ] Algorithm Run Result reported a runtime of 4.0 (secs) that exceeded it's cutoff time of 2.302600525665283 (secs) by 1.6973994743347172 (secs). Next warning at 2.697399474334717 (secs)  
[INFO ] Updated estimated mean runtime of the same incumbent: 1.0; estimate now based on 4 runs.
[INFO ] Incumbent changed to: config 4 (internal ID: 0xA1C2), with mean runtime: 0.0; estimate based on 4 runs.
[INFO ] Sample call for new incumbent config 4 (internal ID: 0xA1C2): 
cd /home/academic/toliu/af/autofolio_asc/.; python wrappers/flexfolio/ff_wrapper.py train_out/MAXSAT19-UCMS_6/config_wrapper.json 3 0 1800.0 2147483647 -1 -@1:F:aspeed-opt 'no' -@1:approach 'SBS' -@1:approx-weights 'None' -@1:aslib-dir 'autofolio_arff/train/MAXSAT19-UCMS_6' -@1:aspeed:time-limit '100' -@1:impute 'none' -@1:mem-limit '2048' -@1:normalize 'zscore' -@1:performance_trans 'zscore' -@1:separator 'W' -@1:solver 'selectors/flexfolio/src/flexfolio_train.py'  
[INFO ] Updated estimated mean runtime of the same incumbent: 0.0; estimate now based on 5 runs.
[INFO ] Updated estimated mean runtime of the same incumbent: 0.0; estimate now based on 6 runs.
[INFO ] Updated estimated mean runtime of the same incumbent: 0.0; estimate now based on 7 runs.
[INFO ] Updated estimated mean runtime of the same incumbent: 0.0; estimate now based on 8 runs.
[INFO ] Updated estimated mean runtime of the same incumbent: 0.0; estimate now based on 9 runs.
[INFO ] Updated estimated mean runtime of the same incumbent: 0.0; estimate now based on 10 runs.
[WARN ] Killed run <Instance:7, Seed:-1, Config:0x5306BF, Kappa:1.0026010390102864, Execution Config: 0x0001> at 10.13 for exceeding 10.0 times its cutoff time of 1.0026010390102864 (secs)
[WARN ] Algorithm Run Result reported a runtime of 10.13 (secs) that exceeded it's cutoff time of 1.0026010390102864 (secs) by 9.127398960989714 (secs). Next warning at 10.127398960989714 (secs)  
[WARN ] Killed run <Instance:2, Seed:-1, Config:0x64C6BD, Kappa:1.0026010390102864, Execution Config: 0x0001> at 10.22 for exceeding 10.0 times its cutoff time of 1.0026010390102864 (secs)
[WARN ] Killed run <Instance:1, Seed:-1, Config:0x69E95A, Kappa:1.0026010390102864, Execution Config: 0x0001> at 10.17 for exceeding 10.0 times its cutoff time of 1.0026010390102864 (secs)
[WARN ] Killed run <Instance:1, Seed:-1, Config:0x9DA1B6, Kappa:1.0026010390102864, Execution Config: 0x0001> at 10.1 for exceeding 10.0 times its cutoff time of 1.0026010390102864 (secs)
[WARN ] Killed run <Instance:1, Seed:-1, Config:0xDA940C, Kappa:1.0026010390102864, Execution Config: 0x0001> at 10.280001 for exceeding 10.0 times its cutoff time of 1.0026010390102864 (secs)
[WARN ] Killed run <Instance:1, Seed:-1, Config:0xDA940C, Kappa:1.0026010390102864, Execution Config: 0x0001> at 10.280001 for exceeding 10.0 times its cutoff time of 1.0026010390102864 (secs)
[WARN ] Killed run <Instance:5, Seed:-1, Config:0xEADC32, Kappa:1.0026010390102864, Execution Config: 0x0001> at 10.1 for exceeding 10.0 times its cutoff time of 1.0026010390102864 (secs)
[WARN ] Killed run <Instance:6, Seed:-1, Config:0x1013009, Kappa:1.0026010390102864, Execution Config: 0x0001> at 10.1 for exceeding 10.0 times its cutoff time of 1.0026010390102864 (secs)
[WARN ] Killed run <Instance:3, Seed:-1, Config:0x1098E59, Kappa:1.0026010390102864, Execution Config: 0x0001> at 10.16 for exceeding 10.0 times its cutoff time of 1.0026010390102864 (secs)
[WARN ] Killed run <Instance:4, Seed:-1, Config:0x1876A53, Kappa:1.0026010390102864, Execution Config: 0x0001> at 10.17 for exceeding 10.0 times its cutoff time of 1.0026010390102864 (secs)
[WARN ] Killed run <Instance:10, Seed:-1, Config:0x1929017, Kappa:1.0026010390102864, Execution Config: 0x0001> at 10.190001 for exceeding 10.0 times its cutoff time of 1.0026010390102864 (secs)
[WARN ] Killed run <Instance:3, Seed:-1, Config:0x1B919D8, Kappa:1.0026010390102864, Execution Config: 0x0001> at 10.200001 for exceeding 10.0 times its cutoff time of 1.0026010390102864 (secs)
[WARN ] Killed run <Instance:1, Seed:-1, Config:0x313F77A, Kappa:1.0026010390102864, Execution Config: 0x0001> at 10.29 for exceeding 10.0 times its cutoff time of 1.0026010390102864 (secs)
[WARN ] Killed run <Instance:1, Seed:-1, Config:0x35AB667, Kappa:1.0026010390102864, Execution Config: 0x0001> at 10.33 for exceeding 10.0 times its cutoff time of 1.0026010390102864 (secs)
[WARN ] Killed run <Instance:10, Seed:-1, Config:0x3A2D0A4, Kappa:1.0026010390102864, Execution Config: 0x0001> at 10.27 for exceeding 10.0 times its cutoff time of 1.0026010390102864 (secs)
[WARN ] Killed run <Instance:10, Seed:-1, Config:0x3A2D0A4, Kappa:1.0026010390102864, Execution Config: 0x0001> at 10.27 for exceeding 10.0 times its cutoff time of 1.0026010390102864 (secs)
[WARN ] Killed run <Instance:9, Seed:-1, Config:0x3DF5A9A, Kappa:1.0026010390102864, Execution Config: 0x0001> at 10.360001 for exceeding 10.0 times its cutoff time of 1.0026010390102864 (secs)
[WARN ] Killed run <Instance:5, Seed:-1, Config:0x3EF10BF, Kappa:1.0026010390102864, Execution Config: 0x0001> at 10.26 for exceeding 10.0 times its cutoff time of 1.0026010390102864 (secs)
[WARN ] Killed run <Instance:9, Seed:-1, Config:0x41E33FF, Kappa:1.0026010390102864, Execution Config: 0x0001> at 10.12 for exceeding 10.0 times its cutoff time of 1.0026010390102864 (secs)
[WARN ] Killed run <Instance:7, Seed:-1, Config:0x42FC2DE, Kappa:1.0026010390102864, Execution Config: 0x0001> at 10.37 for exceeding 10.0 times its cutoff time of 1.0026010390102864 (secs)
[WARN ] Killed run <Instance:5, Seed:-1, Config:0x44E41CC, Kappa:1.0026010390102864, Execution Config: 0x0001> at 10.19 for exceeding 10.0 times its cutoff time of 1.0026010390102864 (secs)
[WARN ] Killed run <Instance:4, Seed:-1, Config:0x4931CAF, Kappa:1.0026010390102864, Execution Config: 0x0001> at 10.28 for exceeding 10.0 times its cutoff time of 1.0026010390102864 (secs)
[WARN ] Killed run <Instance:4, Seed:-1, Config:0x4931CAF, Kappa:1.0026010390102864, Execution Config: 0x0001> at 10.28 for exceeding 10.0 times its cutoff time of 1.0026010390102864 (secs)
[WARN ] Killed run <Instance:10, Seed:-1, Config:0x4C48E34, Kappa:1.0026010390102864, Execution Config: 0x0001> at 10.12 for exceeding 10.0 times its cutoff time of 1.0026010390102864 (secs)
[WARN ] Killed run <Instance:3, Seed:-1, Config:0x4FD62F7, Kappa:1.0026010390102864, Execution Config: 0x0001> at 10.21 for exceeding 10.0 times its cutoff time of 1.0026010390102864 (secs)
[WARN ] Killed run <Instance:3, Seed:-1, Config:0x4FD62F7, Kappa:1.0026010390102864, Execution Config: 0x0001> at 10.21 for exceeding 10.0 times its cutoff time of 1.0026010390102864 (secs)
[WARN ] Killed run <Instance:4, Seed:-1, Config:0x5216CC1, Kappa:1.0026010390102864, Execution Config: 0x0001> at 10.39 for exceeding 10.0 times its cutoff time of 1.0026010390102864 (secs)
[WARN ] Killed run <Instance:2, Seed:-1, Config:0x5AF4289, Kappa:1.0026010390102864, Execution Config: 0x0001> at 10.190001 for exceeding 10.0 times its cutoff time of 1.0026010390102864 (secs)
[WARN ] Killed run <Instance:7, Seed:-1, Config:0x5BE81CA, Kappa:1.0026010390102864, Execution Config: 0x0001> at 10.26 for exceeding 10.0 times its cutoff time of 1.0026010390102864 (secs)
[WARN ] Killed run <Instance:7, Seed:-1, Config:0x5BE81CA, Kappa:1.0026010390102864, Execution Config: 0x0001> at 10.26 for exceeding 10.0 times its cutoff time of 1.0026010390102864 (secs)
[WARN ] Killed run <Instance:3, Seed:-1, Config:0x684B0AB, Kappa:1.0026010390102864, Execution Config: 0x0001> at 10.09 for exceeding 10.0 times its cutoff time of 1.0026010390102864 (secs)
[WARN ] Killed run <Instance:6, Seed:-1, Config:0x6C047F4, Kappa:1.0026010390102864, Execution Config: 0x0001> at 10.190001 for exceeding 10.0 times its cutoff time of 1.0026010390102864 (secs)
[WARN ] Killed run <Instance:6, Seed:-1, Config:0x6C047F4, Kappa:1.0026010390102864, Execution Config: 0x0001> at 10.190001 for exceeding 10.0 times its cutoff time of 1.0026010390102864 (secs)
[WARN ] Killed run <Instance:6, Seed:-1, Config:0x6F98F0A, Kappa:1.0026010390102864, Execution Config: 0x0001> at 10.08 for exceeding 10.0 times its cutoff time of 1.0026010390102864 (secs)
[WARN ] Killed run <Instance:6, Seed:-1, Config:0x7145AF3, Kappa:1.0026010390102864, Execution Config: 0x0001> at 10.15 for exceeding 10.0 times its cutoff time of 1.0026010390102864 (secs)
[WARN ] Killed run <Instance:1, Seed:-1, Config:0x71FE6C9, Kappa:1.0026010390102864, Execution Config: 0x0001> at 10.19 for exceeding 10.0 times its cutoff time of 1.0026010390102864 (secs)
[WARN ] Killed run <Instance:8, Seed:-1, Config:0x758B84D, Kappa:1.0026010390102864, Execution Config: 0x0001> at 10.13 for exceeding 10.0 times its cutoff time of 1.0026010390102864 (secs)
[WARN ] Killed run <Instance:8, Seed:-1, Config:0x76C1EAA, Kappa:1.0026010390102864, Execution Config: 0x0001> at 10.1 for exceeding 10.0 times its cutoff time of 1.0026010390102864 (secs)
[WARN ] Killed run <Instance:6, Seed:-1, Config:0x7A22B28, Kappa:1.0026010390102864, Execution Config: 0x0001> at 10.2 for exceeding 10.0 times its cutoff time of 1.0026010390102864 (secs)
[WARN ] Killed run <Instance:10, Seed:-1, Config:0x7B0F342, Kappa:1.0026010390102864, Execution Config: 0x0001> at 10.150001 for exceeding 10.0 times its cutoff time of 1.0026010390102864 (secs)
[WARN ] Killed run <Instance:2, Seed:-1, Config:0x7C88172, Kappa:1.0026010390102864, Execution Config: 0x0001> at 10.09 for exceeding 10.0 times its cutoff time of 1.0026010390102864 (secs)
[INFO ] 
=======================================================================================
SMAC has finished. Reason: wall-clock time limit (35956.945 s) has been reached.   
Total number of runs performed: 20641, total configurations tried: 9836.
Total CPU time used: 22829 s, total wallclock time used: 35957 s.
SMAC's final incumbent: config 4 (internal ID: 0xA1C2), with estimated mean runtime: 0.0, based on 10 run(s) on 10 training instance(s).
Sample call for this final incumbent:
cd /home/academic/toliu/af/autofolio_asc/.; python wrappers/flexfolio/ff_wrapper.py train_out/MAXSAT19-UCMS_6/config_wrapper.json 1 0 1800.0 2147483647 -1 -@1:F:aspeed-opt 'no' -@1:approach 'SBS' -@1:approx-weights 'None' -@1:aslib-dir 'autofolio_arff/train/MAXSAT19-UCMS_6' -@1:aspeed:time-limit '100' -@1:impute 'none' -@1:mem-limit '2048' -@1:normalize 'zscore' -@1:performance_trans 'zscore' -@1:separator 'W' -@1:solver 'selectors/flexfolio/src/flexfolio_train.py'
=======================================================================================
[INFO ] 
----------------------------------------------------------------------------------------------------------------------------------------------------------------------------
Additional information about run 1 in:/home/academic/toliu/af/autofolio_asc/train_out/MAXSAT19-UCMS_6/smac-output/autofolio
----------------------------------------------------------------------------------------------------------------------------------------------------------------------------
