[INFO ] Logging to: /home/academic/toliu/af/autofolio_asc/train_out/SAT03-16_INDU_7/smac-output/autofolio/log-run1.txt
[INFO ] Version of SMAC is v2.08.00-master-731 (0e43c26c3d1f), running on OpenJDK 64-Bit Server VM (11.0.11) and Linux 4.15.0-143-generic (amd64) 
[INFO ] Call String: smac --scenarioFile train_out/SAT03-16_INDU_7/autofolio.scen --seed 1 --always-run-initial-config True --validation False --output-dir train_out/SAT03-16_INDU_7/smac-output 
[INFO ] SMAC started at: May 28, 2021, 4:06:59 AM. Minimizing mean runtime.
WARNING: An illegal reflective access operation has occurred
WARNING: Illegal reflective access by ca.ubc.cs.beta.aeatk.targetalgorithmevaluator.base.cli.CommandLineAlgorithmRun (file:/home/academic/toliu/af/autofolio_asc/configurators/smac-v2.08.00-master-731/lib/aeatk.jar) to field java.lang.ProcessImpl.pid
WARNING: Please consider reporting this to the maintainers of ca.ubc.cs.beta.aeatk.targetalgorithmevaluator.base.cli.CommandLineAlgorithmRun
WARNING: Use --illegal-access=warn to enable warnings of further illegal reflective access operations
WARNING: All illegal access operations will be denied in a future release
[INFO ] First incumbent: config 1 (internal ID: 0x000D), with mean runtime: 23.0; estimate based on 1 runs.
[INFO ] Sample call for new incumbent config 1 (internal ID: 0x000D): 
cd /home/academic/toliu/af/autofolio_asc/.; python wrappers/flexfolio/ff_wrapper.py train_out/SAT03-16_INDU_7/config_wrapper.json 5 0 1800.0 2147483647 -1 -@1:F:aspeed-opt 'no' -@1:approach 'CLASSVOTER' -@1:approx-weights 'None' -@1:aslib-dir 'autofolio_arff/train/SAT03-16_INDU_7' -@1:aspeed:time-limit '100' -@1:classifier 'RANDOMFOREST' -@1:impute 'mean' -@1:mem-limit '2048' -@1:normalize 'zscore' -@1:performance_trans 'None' -@1:separator 'W' -@1:solver 'selectors/flexfolio/src/flexfolio_train.py' -@1:voting:rf-criterion 'entropy' -@1:voting:rf-max_features 'sqrt' -@1:voting:rf-min_samples_leaf '10'  
[INFO ] Updated estimated mean runtime of the same incumbent: 23.0; estimate now based on 2 runs.
[INFO ] Incumbent changed to: config 2 (internal ID: 0x41B2), with mean runtime: 22.0; estimate based on 2 runs.
[INFO ] Sample call for new incumbent config 2 (internal ID: 0x41B2): 
cd /home/academic/toliu/af/autofolio_asc/.; python wrappers/flexfolio/ff_wrapper.py train_out/SAT03-16_INDU_7/config_wrapper.json 3 0 1800.0 2147483647 -1 -@1:F:aspeed-opt 'yes' -@1:F:concentrate 'yes' -@1:approach 'SBS' -@1:approx-weights 'nrmsd' -@1:aslib-dir 'autofolio_arff/train/SAT03-16_INDU_7' -@1:aspeed:time-limit '100' -@1:impute 'median' -@1:max-solver '36' -@1:mem-limit '2048' -@1:normalize 'dec' -@1:opt-mode '4' -@1:performance_trans 'None' -@1:separator 'W' -@1:solver 'selectors/flexfolio/src/flexfolio_train.py' -@1:time-pre-solvers '1'  
[INFO ] Updated estimated mean runtime of the same incumbent: 22.333333333333332; estimate now based on 3 runs.
[WARN ] Algorithm Run Result reported a runtime of 42.0 (secs) that exceeded it's cutoff time of 29.602600641894345 (secs) by 12.397399358105655 (secs). Next warning at 13.397399358105655 (secs)  
[WARN ] Algorithm Run Result reported wallclock time of 42.066 (secs) that exceeded it's cutoff time of 29.602600641894345 (secs) by 12.463399358105658 (secs). Next warning at 13.463399358105658 (secs)  
[INFO ] Updated estimated mean runtime of the same incumbent: 22.25; estimate now based on 4 runs.
[INFO ] Incumbent changed to: config 4 (internal ID: 0xA1C2), with mean runtime: 11.25; estimate based on 4 runs.
[INFO ] Sample call for new incumbent config 4 (internal ID: 0xA1C2): 
cd /home/academic/toliu/af/autofolio_asc/.; python wrappers/flexfolio/ff_wrapper.py train_out/SAT03-16_INDU_7/config_wrapper.json 3 0 1800.0 2147483647 -1 -@1:F:aspeed-opt 'no' -@1:approach 'SBS' -@1:approx-weights 'None' -@1:aslib-dir 'autofolio_arff/train/SAT03-16_INDU_7' -@1:aspeed:time-limit '100' -@1:impute 'none' -@1:mem-limit '2048' -@1:normalize 'zscore' -@1:performance_trans 'zscore' -@1:separator 'W' -@1:solver 'selectors/flexfolio/src/flexfolio_train.py'  
[INFO ] Updated estimated mean runtime of the same incumbent: 11.2; estimate now based on 5 runs.
[INFO ] Updated estimated mean runtime of the same incumbent: 11.166666666666666; estimate now based on 6 runs.
[INFO ] Updated estimated mean runtime of the same incumbent: 11.142857142857142; estimate now based on 7 runs.
[INFO ] Updated estimated mean runtime of the same incumbent: 11.125; estimate now based on 8 runs.
[INFO ] Updated estimated mean runtime of the same incumbent: 11.11111111111111; estimate now based on 9 runs.
[INFO ] Updated estimated mean runtime of the same incumbent: 11.1; estimate now based on 10 runs.
[INFO ] Incumbent changed to: config 9 (internal ID: 0x1D97F), with mean runtime: 11.0; estimate based on 10 runs.
[INFO ] Sample call for new incumbent config 9 (internal ID: 0x1D97F): 
cd /home/academic/toliu/af/autofolio_asc/.; python wrappers/flexfolio/ff_wrapper.py train_out/SAT03-16_INDU_7/config_wrapper.json 1 0 1800.0 2147483647 -1 -@1:F:aspeed-opt 'no' -@1:approach 'SBS' -@1:approx-weights 'None' -@1:aslib-dir 'autofolio_arff/train/SAT03-16_INDU_7' -@1:aspeed:time-limit '100' -@1:impute 'none' -@1:mem-limit '2048' -@1:normalize 'linear' -@1:performance_trans 'None' -@1:separator 'W' -@1:solver 'selectors/flexfolio/src/flexfolio_train.py'  
[WARN ] Algorithm Run Result reported wallclock time of 28.832 (secs) that exceeded it's cutoff time of 15.302600840452314 (secs) by 13.529399159547687 (secs). Next warning at 14.529399159547687 (secs)  
[WARN ] Algorithm Run Result reported a runtime of 29.0 (secs) that exceeded it's cutoff time of 15.302600840452314 (secs) by 13.697399159547686 (secs). Next warning at 14.697399159547686 (secs)  
[WARN ] Algorithm Run Result reported wallclock time of 30.364 (secs) that exceeded it's cutoff time of 15.302600840452314 (secs) by 15.061399159547687 (secs). Next warning at 16.061399159547687 (secs)  
[WARN ] Algorithm Run Result reported a runtime of 29.0 (secs) that exceeded it's cutoff time of 14.002600264149905 (secs) by 14.997399735850095 (secs). Next warning at 15.997399735850095 (secs)  
[INFO ] Incumbent changed to: config 252 (internal ID: 0x63B468), with mean runtime: 7.4; estimate based on 10 runs.
[INFO ] Sample call for new incumbent config 252 (internal ID: 0x63B468): 
cd /home/academic/toliu/af/autofolio_asc/.; python wrappers/flexfolio/ff_wrapper.py train_out/SAT03-16_INDU_7/config_wrapper.json 1 0 1800.0 2147483647 -1 -@1:F:aspeed-opt 'no' -@1:approach 'SBS' -@1:approx-weights 'nrmsd' -@1:aslib-dir 'autofolio_arff/train/SAT03-16_INDU_7' -@1:aspeed:time-limit '100' -@1:impute 'mean' -@1:mem-limit '2048' -@1:normalize 'linear' -@1:performance_trans 'None' -@1:separator 'W' -@1:solver 'selectors/flexfolio/src/flexfolio_train.py'  
[INFO ] Incumbent changed to: config 325 (internal ID: 0x6DC054), with mean runtime: 7.0; estimate based on 10 runs.
[INFO ] Sample call for new incumbent config 325 (internal ID: 0x6DC054): 
cd /home/academic/toliu/af/autofolio_asc/.; python wrappers/flexfolio/ff_wrapper.py train_out/SAT03-16_INDU_7/config_wrapper.json 1 0 1800.0 2147483647 -1 -@1:F:aspeed-opt 'no' -@1:approach 'SBS' -@1:approx-weights 'rmsd' -@1:aslib-dir 'autofolio_arff/train/SAT03-16_INDU_7' -@1:aspeed:time-limit '100' -@1:impute 'median' -@1:mem-limit '2048' -@1:normalize 'none' -@1:performance_trans 'log' -@1:separator 'W' -@1:solver 'selectors/flexfolio/src/flexfolio_train.py'  
[INFO ] Incumbent changed to: config 663 (internal ID: 0x10943A4), with mean runtime: 6.7; estimate based on 10 runs.
[INFO ] Sample call for new incumbent config 663 (internal ID: 0x10943A4): 
cd /home/academic/toliu/af/autofolio_asc/.; python wrappers/flexfolio/ff_wrapper.py train_out/SAT03-16_INDU_7/config_wrapper.json 1 0 1800.0 2147483647 -1 -@1:F:aspeed-opt 'no' -@1:approach 'SBS' -@1:approx-weights 'max' -@1:aslib-dir 'autofolio_arff/train/SAT03-16_INDU_7' -@1:aspeed:time-limit '100' -@1:impute 'mean' -@1:mem-limit '2048' -@1:normalize 'none' -@1:performance_trans 'zscore' -@1:separator 'W' -@1:solver 'selectors/flexfolio/src/flexfolio_train.py'  
[INFO ] Incumbent changed to: config 666 (internal ID: 0x10C4332), with mean runtime: 6.5; estimate based on 10 runs.
[INFO ] Sample call for new incumbent config 666 (internal ID: 0x10C4332): 
cd /home/academic/toliu/af/autofolio_asc/.; python wrappers/flexfolio/ff_wrapper.py train_out/SAT03-16_INDU_7/config_wrapper.json 1 0 1800.0 2147483647 -1 -@1:F:aspeed-opt 'no' -@1:approach 'SBS' -@1:approx-weights 'max' -@1:aslib-dir 'autofolio_arff/train/SAT03-16_INDU_7' -@1:aspeed:time-limit '100' -@1:impute 'median' -@1:mem-limit '2048' -@1:normalize 'none' -@1:performance_trans 'zscore' -@1:separator 'W' -@1:solver 'selectors/flexfolio/src/flexfolio_train.py'  
[WARN ] Killed run <Instance:8, Seed:-1, Config:0x10D6A80, Kappa:1.0078008364617825, Execution Config: 0x0001> at 10.32 for exceeding 10.0 times its cutoff time of 1.0078008364617825 (secs)
[INFO ] 
=======================================================================================
SMAC has finished. Reason: wall-clock time limit (35031.224 s) has been reached.   
Total number of runs performed: 2549, total configurations tried: 1555.
Total CPU time used: 33800 s, total wallclock time used: 35031 s.
SMAC's final incumbent: config 666 (internal ID: 0x10C4332), with estimated mean runtime: 6.5, based on 10 run(s) on 10 training instance(s).
Sample call for this final incumbent:
cd /home/academic/toliu/af/autofolio_asc/.; python wrappers/flexfolio/ff_wrapper.py train_out/SAT03-16_INDU_7/config_wrapper.json 1 0 1800.0 2147483647 -1 -@1:F:aspeed-opt 'no' -@1:approach 'SBS' -@1:approx-weights 'max' -@1:aslib-dir 'autofolio_arff/train/SAT03-16_INDU_7' -@1:aspeed:time-limit '100' -@1:impute 'median' -@1:mem-limit '2048' -@1:normalize 'none' -@1:performance_trans 'zscore' -@1:separator 'W' -@1:solver 'selectors/flexfolio/src/flexfolio_train.py'
=======================================================================================
[INFO ] 
----------------------------------------------------------------------------------------------------------------------------------------------------------------------------
Additional information about run 1 in:/home/academic/toliu/af/autofolio_asc/train_out/SAT03-16_INDU_7/smac-output/autofolio
----------------------------------------------------------------------------------------------------------------------------------------------------------------------------
