[INFO ] Logging to: /home/academic/toliu/af/autofolio_asc/train_out/SAT12-ALL_1/smac-output/autofolio/log-run1.txt
[INFO ] Version of SMAC is v2.08.00-master-731 (0e43c26c3d1f), running on OpenJDK 64-Bit Server VM (11.0.11) and Linux 4.15.0-143-generic (amd64) 
[INFO ] Call String: smac --scenarioFile train_out/SAT12-ALL_1/autofolio.scen --seed 1 --always-run-initial-config True --validation False --output-dir train_out/SAT12-ALL_1/smac-output 
[INFO ] SMAC started at: May 24, 2021, 8:01:53 PM. Minimizing mean runtime.
WARNING: An illegal reflective access operation has occurred
WARNING: Illegal reflective access by ca.ubc.cs.beta.aeatk.targetalgorithmevaluator.base.cli.CommandLineAlgorithmRun (file:/home/academic/toliu/af/autofolio_asc/configurators/smac-v2.08.00-master-731/lib/aeatk.jar) to field java.lang.ProcessImpl.pid
WARNING: Please consider reporting this to the maintainers of ca.ubc.cs.beta.aeatk.targetalgorithmevaluator.base.cli.CommandLineAlgorithmRun
WARNING: Use --illegal-access=warn to enable warnings of further illegal reflective access operations
WARNING: All illegal access operations will be denied in a future release
[INFO ] First incumbent: config 1 (internal ID: 0x000D), with mean runtime: 86.0; estimate based on 1 runs.
[INFO ] Sample call for new incumbent config 1 (internal ID: 0x000D): 
cd /home/academic/toliu/af/autofolio_asc/.; python wrappers/flexfolio/ff_wrapper.py train_out/SAT12-ALL_1/config_wrapper.json 5 0 1800.0 2147483647 -1 -@1:F:aspeed-opt 'no' -@1:approach 'CLASSVOTER' -@1:approx-weights 'None' -@1:aslib-dir 'autofolio_arff/train/SAT12-ALL_1' -@1:aspeed:time-limit '100' -@1:classifier 'RANDOMFOREST' -@1:impute 'mean' -@1:mem-limit '2048' -@1:normalize 'zscore' -@1:performance_trans 'None' -@1:separator 'W' -@1:solver 'selectors/flexfolio/src/flexfolio_train.py' -@1:voting:rf-criterion 'entropy' -@1:voting:rf-max_features 'sqrt' -@1:voting:rf-min_samples_leaf '10'  
[INFO ] Updated estimated mean runtime of the same incumbent: 87.0; estimate now based on 2 runs.
[INFO ] Incumbent changed to: config 2 (internal ID: 0x41B2), with mean runtime: 52.0; estimate based on 2 runs.
[INFO ] Sample call for new incumbent config 2 (internal ID: 0x41B2): 
cd /home/academic/toliu/af/autofolio_asc/.; python wrappers/flexfolio/ff_wrapper.py train_out/SAT12-ALL_1/config_wrapper.json 3 0 1800.0 2147483647 -1 -@1:F:aspeed-opt 'yes' -@1:F:concentrate 'yes' -@1:approach 'SBS' -@1:approx-weights 'nrmsd' -@1:aslib-dir 'autofolio_arff/train/SAT12-ALL_1' -@1:aspeed:time-limit '100' -@1:impute 'median' -@1:max-solver '36' -@1:mem-limit '2048' -@1:normalize 'dec' -@1:opt-mode '4' -@1:performance_trans 'None' -@1:separator 'W' -@1:solver 'selectors/flexfolio/src/flexfolio_train.py' -@1:time-pre-solvers '1'  
[INFO ] Updated estimated mean runtime of the same incumbent: 52.0; estimate now based on 3 runs.
[WARN ] Algorithm Run Result reported a runtime of 95.0 (secs) that exceeded it's cutoff time of 68.60260049660802 (secs) by 26.39739950339198 (secs). Next warning at 27.39739950339198 (secs)  
[WARN ] Algorithm Run Result reported wallclock time of 95.932 (secs) that exceeded it's cutoff time of 68.60260049660802 (secs) by 27.329399503391983 (secs). Next warning at 28.329399503391983 (secs)  
[INFO ] Updated estimated mean runtime of the same incumbent: 52.0; estimate now based on 4 runs.
[WARN ] Algorithm Run Result reported a runtime of 73.0 (secs) that exceeded it's cutoff time of 45.2065008677274 (secs) by 27.7934991322726 (secs). Next warning at 28.7934991322726 (secs)  
[WARN ] Algorithm Run Result reported wallclock time of 73.825 (secs) that exceeded it's cutoff time of 45.2065008677274 (secs) by 28.618499132272603 (secs). Next warning at 29.618499132272603 (secs)  
[INFO ] Incumbent changed to: config 4 (internal ID: 0xA1C2), with mean runtime: 25.75; estimate based on 4 runs.
[INFO ] Sample call for new incumbent config 4 (internal ID: 0xA1C2): 
cd /home/academic/toliu/af/autofolio_asc/.; python wrappers/flexfolio/ff_wrapper.py train_out/SAT12-ALL_1/config_wrapper.json 3 0 1800.0 2147483647 -1 -@1:F:aspeed-opt 'no' -@1:approach 'SBS' -@1:approx-weights 'None' -@1:aslib-dir 'autofolio_arff/train/SAT12-ALL_1' -@1:aspeed:time-limit '100' -@1:impute 'none' -@1:mem-limit '2048' -@1:normalize 'zscore' -@1:performance_trans 'zscore' -@1:separator 'W' -@1:solver 'selectors/flexfolio/src/flexfolio_train.py'  
[INFO ] Updated estimated mean runtime of the same incumbent: 25.6; estimate now based on 5 runs.
[INFO ] Updated estimated mean runtime of the same incumbent: 25.5; estimate now based on 6 runs.
[INFO ] Updated estimated mean runtime of the same incumbent: 25.428571428571427; estimate now based on 7 runs.
[INFO ] Updated estimated mean runtime of the same incumbent: 25.375; estimate now based on 8 runs.
[INFO ] Updated estimated mean runtime of the same incumbent: 25.444444444444443; estimate now based on 9 runs.
[INFO ] Updated estimated mean runtime of the same incumbent: 25.5; estimate now based on 10 runs.
[INFO ] Incumbent changed to: config 9 (internal ID: 0x20324), with mean runtime: 25.4; estimate based on 10 runs.
[INFO ] Sample call for new incumbent config 9 (internal ID: 0x20324): 
cd /home/academic/toliu/af/autofolio_asc/.; python wrappers/flexfolio/ff_wrapper.py train_out/SAT12-ALL_1/config_wrapper.json 1 0 1800.0 2147483647 -1 -@1:F:aspeed-opt 'no' -@1:approach 'SBS' -@1:approx-weights 'None' -@1:aslib-dir 'autofolio_arff/train/SAT12-ALL_1' -@1:aspeed:time-limit '100' -@1:impute 'mean' -@1:mem-limit '2048' -@1:normalize 'zscore' -@1:performance_trans 'zscore' -@1:separator 'W' -@1:solver 'selectors/flexfolio/src/flexfolio_train.py'  
[WARN ] Algorithm Run Result reported a runtime of 66.0 (secs) that exceeded it's cutoff time of 36.10260025446415 (secs) by 29.89739974553585 (secs). Next warning at 30.89739974553585 (secs)  
[WARN ] Algorithm Run Result reported wallclock time of 66.514 (secs) that exceeded it's cutoff time of 36.10260025446415 (secs) by 30.411399745535846 (secs). Next warning at 31.411399745535846 (secs)  
[WARN ] Algorithm Run Result reported a runtime of 63.0 (secs) that exceeded it's cutoff time of 19.21040008624196 (secs) by 43.78959991375804 (secs). Next warning at 44.78959991375804 (secs)  
[WARN ] Algorithm Run Result reported wallclock time of 63.637 (secs) that exceeded it's cutoff time of 19.21040008624196 (secs) by 44.42659991375804 (secs). Next warning at 45.42659991375804 (secs)  
[WARN ] Algorithm Run Result reported a runtime of 80.0 (secs) that exceeded it's cutoff time of 33.502600191506744 (secs) by 46.497399808493256 (secs). Next warning at 47.497399808493256 (secs)  
[WARN ] Algorithm Run Result reported wallclock time of 80.364 (secs) that exceeded it's cutoff time of 33.502600191506744 (secs) by 46.86139980849326 (secs). Next warning at 47.86139980849326 (secs)  
[INFO ] 
=======================================================================================
SMAC has finished. Reason: wall-clock time limit (34375.2 s) has been reached.   
Total number of runs performed: 726, total configurations tried: 384.
Total CPU time used: 34046 s, total wallclock time used: 34375 s.
SMAC's final incumbent: config 9 (internal ID: 0x20324), with estimated mean runtime: 25.4, based on 10 run(s) on 10 training instance(s).
Sample call for this final incumbent:
cd /home/academic/toliu/af/autofolio_asc/.; python wrappers/flexfolio/ff_wrapper.py train_out/SAT12-ALL_1/config_wrapper.json 1 0 1800.0 2147483647 -1 -@1:F:aspeed-opt 'no' -@1:approach 'SBS' -@1:approx-weights 'None' -@1:aslib-dir 'autofolio_arff/train/SAT12-ALL_1' -@1:aspeed:time-limit '100' -@1:impute 'mean' -@1:mem-limit '2048' -@1:normalize 'zscore' -@1:performance_trans 'zscore' -@1:separator 'W' -@1:solver 'selectors/flexfolio/src/flexfolio_train.py'
=======================================================================================
[INFO ] 
----------------------------------------------------------------------------------------------------------------------------------------------------------------------------
Additional information about run 1 in:/home/academic/toliu/af/autofolio_asc/train_out/SAT12-ALL_1/smac-output/autofolio
----------------------------------------------------------------------------------------------------------------------------------------------------------------------------
