[INFO ] Logging to: /home/academic/toliu/af/autofolio_asc/train_out/smac-output/autofolio/log-run1.txt
[INFO ] Version of SMAC is v2.08.00-master-731 (0e43c26c3d1f), running on OpenJDK 64-Bit Server VM (11.0.11) and Linux 4.15.0-143-generic (amd64) 
[INFO ] Call String: smac --scenarioFile train_out/autofolio.scen --seed 1 --always-run-initial-config True --validation False --output-dir train_out/smac-output 
[INFO ] Found previous run data in state output folder: /home/academic/toliu/af/autofolio_asc/train_out/smac-output/autofolio , renamed to: old-state-state-run1-1622820634997
[INFO ] SMAC started at: Jun 4, 2021, 5:30:35 PM. Minimizing mean runtime.
WARNING: An illegal reflective access operation has occurred
WARNING: Illegal reflective access by ca.ubc.cs.beta.aeatk.targetalgorithmevaluator.base.cli.CommandLineAlgorithmRun (file:/home/academic/toliu/af/autofolio_asc/configurators/smac-v2.08.00-master-731/lib/aeatk.jar) to field java.lang.ProcessImpl.pid
WARNING: Please consider reporting this to the maintainers of ca.ubc.cs.beta.aeatk.targetalgorithmevaluator.base.cli.CommandLineAlgorithmRun
WARNING: Use --illegal-access=warn to enable warnings of further illegal reflective access operations
WARNING: All illegal access operations will be denied in a future release
[INFO ] First incumbent: config 1 (internal ID: 0x000D), with mean runtime: 6.0; estimate based on 1 runs.
[INFO ] Sample call for new incumbent config 1 (internal ID: 0x000D): 
cd /home/academic/toliu/af/autofolio_asc/.; python wrappers/flexfolio/ff_wrapper.py train_out/config_wrapper.json 5 0 1800.0 2147483647 -1 -@1:F:aspeed-opt 'no' -@1:approach 'CLASSVOTER' -@1:approx-weights 'None' -@1:aslib-dir 'autofolio_arff/train/TSP-LION2015_10' -@1:aspeed:time-limit '100' -@1:classifier 'RANDOMFOREST' -@1:impute 'mean' -@1:mem-limit '2048' -@1:normalize 'zscore' -@1:performance_trans 'None' -@1:separator 'W' -@1:solver 'selectors/flexfolio/src/flexfolio_train.py' -@1:voting:rf-criterion 'entropy' -@1:voting:rf-max_features 'sqrt' -@1:voting:rf-min_samples_leaf '10'  
[INFO ] Updated estimated mean runtime of the same incumbent: 5.5; estimate now based on 2 runs.[[INFO ] Updated estimated mean runtime of the same incumbent: 5.333333333333333; estimate now based on 3 runs.[Error occurred while running SMAC
>Error Message:File: /home/academic/toliu/af/autofolio_asc/tra[WARN ] Algorithm Run Result reported a runtime of 7.0 (secs) that exceeded it's cutoff time of 4.905200487348438 (secs) by 2.094799512651562 (secs). Next warning at 3.094799512651562 (secs)  
[INFO ] Updated estimated mean runtime of the same incumbent: 5.4; estimate now based on 5 runs.
[INFO ] Updated estimated mean runtime of the same incumbent: 5.333333333333333; estimate now based on 6 runs.
[INFO ] Updated estimated mean runtime of the same incumbent: 5.285714285714286; estimate now based on 7 runs.
[WARN ] Algorithm Run Result reported a runtime of 13.0 (secs) that exceeded it's cutoff time of 8.802600138235093 (secs) by 4.197399861764907 (secs). Next warning at 5.197399861764907 (secs)  
[INFO ] Updated estimated mean runtime of the same incumbent: 5.25; estimate now based on 8 runs.
[INFO ] Updated estimated mean runtime of the same incumbent: 5.222222222222222; estimate now based on 9 runs.
Error occurred while running SMAC
>Error Message:File: /home/academic/toliu/af/autofolio_asc/train_out/smac-output/autofolio/state-run1/java_obj_dump-v2-it4.obj already exists 
>Encountered Exception:IllegalStateException
>Error Log Location: /home/academic/toliu/af/autofolio_asc/train_out/smac-output/autofolio/log-run1.txt
[ERROR] Message: File: /home/academic/toliu/af/autofolio_asc/train_out/smac-output/autofolio/state-run1/java_obj_dump-v2-it4.obj already exists 
[INFO ] Maybe try running in DEBUG mode if you are missing information
[ERROR] Exception:java.lang.IllegalStateException
[ERROR] StackTrace:java.lang.IllegalStateException: File: /home/academic/toliu/af/autofolio_aError occurred while running SMAC
>Error Message:File: /home/academic/toliu/af/autofolio_asc/train_out/smac-output/autofolio/state-run1/java_obj_dump-v2-it16.obj already exists 
>Encountered Exception:IllegalStateException
>Error Log Location: /home/academic/toliu/af/autofolio_asc/train_out/smac-output/autofolio/log-run1.txt
[ERROR] Message: File: /home/academic/toliu/af/autofolio_asc/train_out/smac-output/autofolio/state-run1/java_obj_dump-v2-it16.obj already exists 
[INFO ] Maybe try running in DEBUG mode if you are missing information
[ERROR] Exception:java.lang.IllegalStateException
[ERROR] StackTrace:java.lang.IllegalStateException: File: /home/academic/toliu/af/autofolio_asc/train_out/smac-output/autofolio/state-run1/java_obj_dump-v2-it16.obj already exists 
	at c[INFO ] Incumbent changed to: config 73 (internal ID: 0x111F52), with mean runtime: 2.9; estimate based on 10 runs.
[INFO ] Sample call for new incumbent config 73 (internal ID: 0x111F52): 
cd /home/academic/toliu/af/autofolio_asc/.; python wrappers/flexfolio/ff_wrapper.py train_out/config_wrapper.json 1 0 1800.0 2147483647 -1 -@1:F:aspeed-opt 'no' -@1:approach 'SBS' -@1:approx-weights 'max' -@1:aslib-dir 'autofolio_arff/train/TSP-LION2015_1' -@1:aspeed:time-limit '100' -@1:impute 'none' -@1:mem-limit '2048' -@1:normalize 'none' -@1:performance_trans 'log' -@1:separator 'W' -@1:solver 'selectors/flexfolio/src/flexfolio_train.py'  
[WARN ] Killed run <Instance:10, Seed:-1, Config:0x4E53B8, Kappa:1.0065008870989085, Execution Config: 0x0001> at 10.84 for exceeding 10.0 times its cutoff time of 1.0065008870989085 (secs)
[WARN ] Algorithm Run Result reported a runtime of 10.84 (secs) that exceeded it's cutoff time of 1.0065008870989085 (secs) by 9.833499112901091 (secs). Next warning at 10.833499112901091 (secs)  
[WARN ] Killed run <Instance:5, Seed:-1, Config:0x57C2E4, Kappa:1.0065008870989085, Execution Config: 0x0001> at 10.76 for exceeding 10.0 times its cutoff time of 1.0065008870989085 (secs)
[WARN ] Killed run <Instance:2, Seed:-1, Config:0x3BAB6E, Kappa:1.0104007351875306, Execution Config: 0x0001> at 10.13 for exceeding 10.0 times its cutoff time of 1.0104007351875306 (secs)
[WARN ] Killed run <Instance:6, Seed:-1, Config:0xD681D8, Kappa:1.0117006845504046, Execution Config: 0x0001> at 10.29 for exceeding 10.0 times its cutoff time of 1.0117006845504046 (secs)
[WARN ] Killed run <Instance:1, Seed:-1, Config:0x19E0946, Kappa:1.0078008364617825, Execution Config: 0x0001> at 10.22 for exceeding 10.0 times its cutoff time of 1.0078008364617825 (secs)
[WARN ] Killed run <Instance:8, Seed:-1, Config:0x265D8AA, Kappa:1.0052009377360345, Execution Config: 0x0001> at 10.43 for exceeding 10.0 times its cutoff time of 1.0052009377360345 (secs)
[WARN ] Killed run <Instance:10, Seed:-1, Config:0x278BCAC, Kappa:1.0065008870989085, Execution Config: 0x0001> at 10.56 for exceeding 10.0 times its cutoff time of 1.0065008870989085 (secs)
[WARN ] Killed run <Instance:2, Seed:-1, Config:0x41F40FC, Kappa:1.0065008870989085, Execution Config: 0x0001> at 10.79 for exceeding 10.0 times its cutoff time of 1.0065008870989085 (secs)
[INFO ] 
=======================================================================================
SMAC has finished. Reason: wall-clock time limit (35290.588 s) has been reached.   
Total number of runs performed: 5421, total configurations tried: 3253.
Total CPU time used: 32882 s, total wallclock time used: 35291 s.
SMAC's final incumbent: config 73 (internal ID: 0x111F52), with estimated mean runtime: 2.9, based on 10 run(s) on 10 training instance(s).
Sample call for this final incumbent:
cd /home/academic/toliu/af/autofolio_asc/.; python wrappers/flexfolio/ff_wrapper.py train_out/config_wrapper.json 1 0 1800.0 2147483647 -1 -@1:F:aspeed-opt 'no' -@1:approach 'SBS' -@1:approx-weights 'max' -@1:aslib-dir 'autofolio_arff/train/TSP-LION2015_1' -@1:aspeed:time-limit '100' -@1:impute 'none' -@1:mem-limit '2048' -@1:normalize 'none' -@1:performance_trans 'log' -@1:separator 'W' -@1:solver 'selectors/flexfolio/src/flexfolio_train.py'
=======================================================================================
[INFO ] 
----------------------------------------------------------------------------------------------------------------------------------------------------------------------------
Additional information about run 1 in:/home/academic/toliu/af/autofolio_asc/train_out/smac-output/autofolio
----------------------------------------------------------------------------------------------------------------------------------------------------------------------------
 Manual (doc/manual.pdf) contains detailed information on file format semantics.
[INFO ] If you are stuck, please ask a question in the SMAC forum: https://groups.google.com/forum/#!forum/smac-forum
[INFO ] Making best attempt to save state. This state may be dirty, in that it was taken in the middle of an iteration and consequently may not be restorable. It may also be corrupt depending on the exact reason we are shutting down.
